1719937063.3285186,3
1719937067.502988,3
1719937071.7006326,3
1719937075.9199305,3
1719937080.2181034,3
1719937084.2578537,3
1719937088.4042804,3
1719937092.5689697,3
1719937096.795024,3
1719937101.0079331,3
1719937105.4341586,3
1719937109.5670526,3
1719937113.7070436,3
1719937117.832997,3
1719937122.2147667,3
1719937126.7068272,3
1719937130.8967197,3
1719937135.0696044,3
1719937139.2948678,3
1719937143.6899977,3
1719937147.9451945,3
1719937152.0225794,3
1719937156.1949198,3
1719937160.2260528,3
1719937164.452381,3
1719937168.42721,3
1719937172.6765077,3
1719937177.1755474,3
1719937181.3138409,3
1719937185.4924746,3
1719937189.5970812,3
1719937193.8856914,3
1719937197.9877179,3
1719937202.2516003,3
1719937206.4625337,3
1719937210.5774314,3
1719937214.7305446,3
1719937218.9457607,3
1719937223.178317,3
1719937227.3167472,3
1719937231.4564917,3
1719937235.7665637,3
1719937239.8773513,3
1719937244.1169527,3
1719937248.2661507,3
1719937252.4213972,3
1719937256.6056185,3
1719937260.7186096,3
1719937264.9085019,3
1719937269.0747166,3
1719937273.2642999,3
1719937277.3859076,3
1719937281.5184422,3
1719937285.6970022,3
1719937289.876177,3
1719937294.0277197,3
1719937298.2460608,3
1719937302.404852,3
1719937306.5734887,3
1719937310.7789726,3
1719937314.9856837,3
1719937319.3194008,3
1719937323.426062,3
1719937327.6644003,3
1719937332.0412025,3
1719937336.1612737,3
1719937340.348061,3
1719937344.6237013,3
1719937348.737943,3
1719937353.0955822,3
1719937357.207784,3
1719937361.308229,3
1719937365.3850422,3
1719937369.5235343,3
1719937373.7893796,3
1719937377.934118,3
1719937382.10234,3
1719937386.3695269,3
1719937390.512612,3
1719937394.764913,3
1719937399.0147915,3
1719937403.241892,3
1719937407.3493316,3
1719937411.6147566,3
1719937416.0625055,3
1719937420.4370058,3
1719937424.3524325,3
1719937428.5920863,3
1719937432.8417246,3
1719937437.2313478,3
1719937441.5358024,3
1719937445.7524052,3
1719937449.8451161,3
1719937454.0392036,3
1719937458.2944648,3
1719937462.5364687,3
1719937466.7415013,3
1719937470.984494,3
1719937475.111163,3
1719937479.398443,3
1719937483.5310252,3
1719937487.6062577,3
1719937491.804619,3
1719937496.0365376,3
1719937500.3537562,3
1719937504.4742978,3
1719937508.6453393,3
1719937512.9032612,3
1719937517.1479118,3
1719937521.4305158,3
1719937525.6994703,3
1719937529.9054215,3
1719937534.0075893,3
1719937538.2064717,3
1719937542.3979292,3
1719937546.6339548,3
1719937550.8347373,3
1719937555.3150258,3
1719937559.6591485,3
1719937563.9646873,3
1719937568.2418892,3
1719937572.4639232,3
1719937576.6549296,3
1719937581.1835032,3
1719937585.4512196,3
1719937589.6904879,3
1719937593.8034282,3
1719937597.9165158,3
1719937602.0144558,3
1719937606.144023,3
1719937610.3935108,3
1719937614.653027,3
1719937618.8583102,3
1719937623.0469813,3
1719937627.472549,3
1719937631.568967,3
1719937635.7486935,3
1719937639.9322777,3
1719937644.0589554,3
1719937648.1930614,3
1719937652.433119,3
1719937656.5467029,3
1719937660.6920235,3
1719937664.794351,3
1719937668.912668,3
1719937673.309138,3
1719937677.4533308,3
1719937681.7470963,3
1719937685.9070253,3
1719937690.0638657,3
1719937694.23039,3
1719937698.4275587,3
1719937702.6772568,3
1719937706.8571923,3
1719937710.9962711,3
1719937715.1263502,3
1719937719.2901912,3
1719937723.3913896,3
1719937727.5759766,3
1719937731.8120267,3
1719937735.8998804,3
1719937740.1200442,3
1719937744.269051,3
1719937748.3362682,3
1719937752.3609498,3
1719937756.485049,3
1719937760.6762593,3
1719937764.7746062,3
1719937768.9181013,3
1719937773.0020914,3
1719937777.2057924,3
1719937781.388012,3
1719937785.5518749,3
1719937789.49087,3
1719937793.612527,3
1719937797.8275766,3
1719937801.9472404,3
1719937806.014696,3
1719937810.1463244,3
1719937814.4849305,3
1719937818.56686,3
1719937822.728228,3
1719937826.9931145,3
1719937831.2016382,3
1719937835.3326764,3
1719937839.5454662,3
1719937843.6592505,3
1719937847.8577912,3
1719937852.0463197,3
1719937856.2385457,3
1719937860.379832,3
1719937864.5435662,3
1719937868.7391648,3
1719937872.9504879,3
1719937877.119931,3
1719937881.0313346,3
1719937885.165291,3
1719937889.494723,3
1719937893.461121,3
1719937897.7253509,3
1719937901.6685448,3
1719937905.8835292,3
1719937910.0461643,3
1719937914.1699984,3
1719937918.3235555,3
1719937922.5766115,3
1719937926.9122934,3
1719937931.0955362,3
1719937935.1598003,3
1719937939.3055727,3
1719937943.4852757,3
1719937947.594328,3
1719937951.7621639,3
1719937955.8517392,3
1719937960.0276184,3
1719937964.1975763,3
1719937968.4554403,3
1719937972.5724373,3
1719937976.789906,3
1719937980.8891997,3
1719937985.1137435,3
1719937989.3025925,3
1719937993.4941177,3
1719937997.267245,3
1719938001.4194343,3
1719938005.5918572,3
1719938009.792369,3
1719938014.039193,3
1719938018.2024345,3
1719938022.3967922,3
1719938026.5796678,3
1719938030.66909,3
1719938034.8674905,3
1719938039.1439724,3
1719938043.2699208,3
1719938047.4452972,3
1719938051.654291,3
1719938055.8365812,3
1719938059.9667633,3
1719938064.0806406,3
1719938068.225085,3
1719938072.326748,3
1719938076.492855,3
1719938080.5690506,3
1719938084.7808442,3
1719938089.0081816,3
1719938093.0665336,3
1719938097.274439,3
1719938101.2571228,3
1719938105.4823368,3
1719938109.732726,3
1719938113.9146662,3
1719938118.0396972,3
1719938122.2640958,3
1719938126.4144475,3
1719938130.4993129,3
1719938134.6703296,3
1719938138.7925115,3
1719938142.8976114,3
1719938147.0418022,3
1719938151.1725967,3
1719938155.368167,3
1719938159.4180133,3
1719938163.4875867,3
1719938167.6170762,3
1719938171.9121475,3
1719938175.98021,3
1719938180.1773279,3
1719938184.3792853,3
1719938188.5726388,3
1719938192.7135692,3
1719938196.9561262,3
1719938201.1054099,3
1719938205.2975976,3
1719938209.3864625,3
1719938213.4910696,3
1719938217.5671568,3
1719938221.7452533,3
1719938225.8533466,3
1719938230.045862,3
1719938234.150391,3
1719938238.2940469,3
1719938242.4429154,3
1719938246.7503972,3
1719938250.921201,3
1719938255.2527115,3
1719938259.2415738,3
1719938263.3500705,3
1719938267.6139965,3
1719938271.8179235,3
1719938275.9406579,3
1719938280.113194,3
1719938284.2201898,3
1719938288.523764,3
1719938292.677589,3
1719938296.8728354,3
1719938301.0315042,3
1719938305.1137285,3
1719938309.2191093,3
1719938313.574076,3
1719938317.648598,3
1719938321.8298542,3
1719938326.0672135,3
1719938330.2166722,3
1719938334.2584834,3
1719938338.3482296,3
1719938342.5400212,3
1719938346.9369035,3
1719938351.0334234,3
1719938355.2889729,3
1719938359.3671622,3
1719938363.7154016,3
1719938367.9061258,3
1719938372.2171893,3
1719938376.350294,3
1719938380.4901905,3
1719938384.6596544,3
1719938388.8896,3
1719938393.0649574,3
1719938397.1936002,3
1719938401.32281,3
1719938405.4689436,3
1719938409.580718,3
1719938413.918444,3
1719938417.9515479,3
1719938422.0743086,3
1719938426.2176285,3
1719938430.3203366,3
1719938434.4411683,3
1719938438.7513285,3
1719938442.867586,3
1719938447.0564306,3
1719938451.213786,3
1719938455.5519063,3
1719938459.741973,3
1719938463.9078567,3
1719938468.0306277,3
1719938472.1163454,3
1719938476.2818584,3
1719938480.5052397,3
1719938484.9304411,3
1719938489.3382723,3
1719938493.5549543,3
1719938497.7909014,3
1719938501.9164357,3
1719938506.1489346,3
1719938510.3438358,3
1719938514.577803,3
1719938518.8125596,3
1719938522.9524372,3
1719938527.1468012,3
1719938531.3676054,3
1719938535.612988,3
1719938539.7200801,3
1719938543.861296,3
1719938548.079878,3
1719938552.0247848,3
1719938556.1584115,3
1719938560.2873895,3
1719938564.4961183,3
1719938568.644029,3
1719938572.7907107,3
1719938576.8773248,3
1719938581.1584396,3
1719938585.2338567,3
1719938589.321229,3
1719938593.4160159,3
1719938597.519216,3
1719938601.7658002,3
1719938606.0355396,3
1719938610.5215104,3
1719938614.6804154,3
1719938618.7526205,3
1719938623.0425694,3
1719938627.1918297,3
1719938631.3784673,3
1719938635.6859715,3
1719938639.992563,3
1719938644.0965536,3
1719938648.3890686,3
1719938652.545012,3
1719938656.887177,3
1719938661.0122278,3
1719938665.2519846,3
1719938669.6936796,3
1719938673.913477,3
1719938678.1280913,3
1719938682.1392949,3
1719938686.2515426,3
1719938690.5785081,3
1719938694.8294802,3
1719938698.892916,3
1719938702.9726748,3
1719938707.172662,3
1719938711.317271,3
1719938715.7771344,3
1719938719.7944293,3
1719938723.9818988,3
1719938728.1834896,3
1719938732.3613937,3
1719938736.5571468,3
1719938740.833874,3
1719938745.0306187,3
1719938749.098665,3
1719938753.34482,3
1719938757.4603758,3
1719938761.6316185,3
1719938765.7561076,3
1719938770.0081332,3
1719938774.3483155,3
1719938778.5333931,3
1719938782.743309,3
1719938786.8455417,3
1719938791.1039364,3
1719938795.1999564,3
1719938799.4068272,3
1719938803.6603718,3
1719938807.8797016,3
1719938811.907402,3
1719938816.064914,3
1719938820.2348368,3
1719938824.5179727,3
1719938828.612507,3
1719938832.7959535,3
1719938836.9585564,3
1719938841.147955,3
1719938845.317853,3
