1719326404.990972,2
1719326409.1913052,2
1719326413.343643,2
1719326417.4121926,2
1719326421.3697038,2
1719326425.4033744,2
1719326429.316231,2
1719326433.349144,2
1719326437.3215876,2
1719326441.3143995,2
1719326445.324638,2
1719326449.2123182,2
1719326453.327936,2
1719326457.4269395,2
1719326461.4767377,2
1719326465.5004983,2
1719326469.574911,2
1719326473.565656,2
1719326477.6373014,2
1719326481.722017,2
1719326485.7051003,2
1719326489.7657773,2
1719326493.732389,2
1719326497.8489547,2
1719326501.912514,2
1719326505.9777062,2
1719326509.8129923,2
1719326513.816738,2
1719326517.7794309,2
1719326521.7789028,2
1719326525.8283374,2
1719326529.8586645,2
1719326533.924217,2
1719326537.9588575,2
1719326541.9365923,2
1719326546.029556,2
1719326550.0334582,2
1719326554.1017005,2
1719326558.1623282,2
1719326562.203694,2
1719326566.204034,2
1719326570.4531484,2
1719326574.3182065,2
1719326578.3358412,2
1719326582.480952,2
1719326586.455598,2
1719326590.4355252,2
1719326594.5864108,2
1719326598.6031656,2
1719326602.6504843,2
1719326606.6186833,2
1719326610.6630075,2
1719326614.586217,2
1719326618.6809635,2
1719326622.656495,2
1719326626.8238237,2
1719326630.7586155,2
1719326634.7825544,2
1719326638.676446,2
1719326642.6989758,2
1719326646.8128998,2
1719326650.8294713,2
1719326654.8115275,2
1719326658.8379064,2
1719326662.8377106,2
1719326666.9718897,2
1719326670.8978949,2
1719326674.9517522,2
1719326679.0262775,2
1719326683.180207,2
1719326687.1299608,2
1719326691.142192,2
1719326695.3734884,2
1719326699.2428513,2
1719326703.1962078,2
1719326707.3666403,2
1719326711.4400256,2
1719326715.6342983,2
1719326719.4352765,2
1719326723.550518,2
1719326727.6582632,2
1719326731.6565888,2
1719326735.7569485,2
1719326739.802626,2
1719326743.8829615,2
1719326747.9211829,2
1719326751.925796,2
1719326756.058825,2
1719326759.981494,2
1719326764.0780907,2
1719326768.014117,2
1719326772.1005082,2
1719326776.1252742,2
1719326780.120847,2
1719326784.013381,2
1719326788.0039954,2
1719326792.0433362,2
1719326796.1052463,2
1719326800.168128,2
1719326804.6259525,2
1719326808.626979,2
1719326812.6954913,2
1719326816.737091,2
1719326820.8199074,2
1719326824.8969452,2
1719326828.8877823,2
1719326832.883252,2
1719326836.9533012,2
1719326840.943545,2
1719326844.9370828,2
1719326849.0608294,2
1719326853.162407,2
1719326857.1515641,2
1719326861.1713736,2
1719326865.1725059,2
1719326869.2349641,2
1719326873.2177973,2
1719326877.342082,2
1719326881.3683856,2
1719326885.2085612,2
1719326889.1203003,2
1719326893.1199765,2
1719326897.0234063,2
1719326901.0189593,2
1719326904.8809118,2
1719326908.8936243,2
1719326912.8787985,2
1719326917.0474873,2
1719326920.9878626,2
1719326925.0107224,2
1719326929.0845747,2
1719326933.0989687,2
1719326937.0111418,2
1719326941.1808276,2
1719326945.363967,2
1719326949.4752264,2
1719326953.530491,2
1719326957.446882,2
1719326961.4788961,2
1719326965.4122283,2
1719326969.4015396,2
1719326973.4208512,2
1719326977.3958228,2
1719326981.428397,2
1719326985.3557022,2
1719326989.4519029,2
1719326993.3880625,2
1719326997.3977888,2
1719327001.4670398,2
1719327005.4741235,2
1719327009.2328734,2
1719327013.2494104,2
1719327017.2465293,2
1719327021.25931,2
1719327025.2039037,2
1719327029.3705888,2
1719327033.2975874,2
1719327037.413243,2
1719327041.3392603,2
1719327045.2915938,2
1719327049.277183,2
1719327053.2258186,2
1719327056.9216943,2
1719327060.9579763,2
1719327064.864755,2
1719327068.869659,2
1719327072.8782465,2
1719327076.9758248,2
1719327080.9496102,2
1719327084.9894338,2
1719327088.8978062,2
1719327092.8994913,2
1719327096.9480674,2
1719327100.987788,2
1719327104.8957577,2
1719327108.9160194,2
1719327112.6964808,2
1719327116.645501,2
1719327120.5703678,2
1719327124.6784437,2
1719327128.618698,2
1719327132.5979593,2
1719327136.485622,2
1719327140.509374,2
1719327144.503033,2
1719327148.540728,2
1719327152.4693913,2
1719327156.5169775,2
1719327160.5786483,2
1719327164.6047883,2
1719327168.667117,2
1719327172.7064996,2
1719327176.4666412,2
1719327180.5089808,2
1719327184.4806523,2
1719327188.5138562,2
1719327192.4542806,2
1719327196.2719047,2
1719327200.2369561,2
1719327204.2908564,2
1719327208.2337005,2
1719327212.3648558,2
1719327216.3852372,2
1719327220.3686595,2
1719327224.401718,2
1719327228.5139766,2
1719327232.4036527,2
1719327236.3753996,2
1719327240.2894132,2
1719327244.3848658,2
1719327248.3348448,2
1719327252.542359,2
1719327256.5222173,2
1719327260.519233,2
1719327264.5876234,2
1719327268.6377568,2
1719327272.8148458,2
1719327276.8265276,2
1719327280.913818,2
1719327284.918756,2
1719327288.926337,2
1719327292.9202693,2
1719327296.9396951,2
1719327301.0334141,2
1719327305.0371342,2
1719327309.0732603,2
1719327312.9895291,2
1719327316.934808,2
1719327320.654418,2
1719327324.6951787,2
1719327328.8026583,2
1719327332.7414408,2
1719327336.7876618,2
1719327340.7886705,2
1719327344.8688447,2
1719327348.978525,2
1719327352.8569326,2
1719327356.7934208,2
1719327360.8805368,2
1719327364.8335803,2
1719327368.7808745,2
1719327372.897607,2
1719327376.9669127,2
1719327380.9220517,2
1719327384.9229193,2
1719327389.0078444,2
1719327392.912259,2
1719327396.9145448,2
1719327401.0060298,2
1719327405.0707874,2
1719327409.1450896,2
1719327413.2525785,2
1719327417.3986747,2
1719327421.2918246,2
1719327425.1900566,2
1719327429.293334,2
1719327433.2628124,2
1719327437.3039474,2
1719327441.2835999,2
1719327445.1094606,2
1719327449.182541,2
1719327453.2917511,2
1719327457.2411458,2
1719327461.2782137,2
1719327465.3347354,2
1719327469.3398135,2
1719327473.4201763,2
1719327477.4751742,2
1719327481.4816437,2
1719327485.5076141,2
1719327489.5786176,2
1719327493.625098,2
1719327497.590297,2
1719327501.598535,2
1719327505.5183916,2
1719327509.6036422,2
1719327513.6739228,2
1719327517.6084447,2
1719327521.6848147,2
1719327525.5788352,2
1719327529.4921677,2
1719327533.4573019,2
1719327537.3799253,2
1719327541.5001,2
1719327545.5315304,2
1719327549.451848,2
1719327553.1981826,2
1719327557.3450646,2
1719327561.2534153,2
1719327565.2128458,2
1719327568.9949882,2
1719327572.9632177,2
1719327576.969613,2
1719327581.0381079,2
1719327585.041575,2
1719327589.000347,2
1719327592.9697547,2
1719327597.0398653,2
1719327600.9450247,2
1719327604.884339,2
1719327608.8354554,2
1719327612.8903162,2
1719327616.9061337,2
1719327620.9563508,2
1719327624.9761007,2
1719327629.0799017,2
1719327633.0972288,2
1719327637.08774,2
1719327641.0623736,2
1719327645.056978,2
1719327648.9641767,2
1719327653.0742528,2
1719327657.0117016,2
1719327661.0986772,2
1719327665.1102707,2
1719327669.0094082,2
1719327672.8048697,2
1719327676.7753642,2
1719327680.7067347,2
1719327684.710234,2
1719327688.6383317,2
1719327692.605523,2
1719327696.5811496,2
1719327700.659806,2
1719327704.6148868,2
1719327708.6750762,2
1719327712.6790042,2
1719327716.8041182,2
1719327720.7320716,2
1719327724.718994,2
1719327728.6484702,2
1719327732.6947496,2
1719327736.6460254,2
1719327740.693714,2
1719327744.7295265,2
1719327748.8426154,2
1719327752.818571,2
1719327756.6382296,2
1719327760.6619675,2
1719327764.6574898,2
1719327768.5883799,2
1719327772.666993,2
1719327776.6937048,2
1719327780.6906679,2
1719327784.6127126,2
1719327788.6172721,2
1719327792.6384795,2
1719327796.7192225,2
1719327800.7134314,2
1719327804.7537837,2
1719327808.6765344,2
1719327812.716484,2
1719327816.6864743,2
1719327820.8531942,2
1719327824.6510248,2
1719327828.6667173,2
1719327832.7970753,2
1719327836.8130708,2
1719327840.8230445,2
1719327844.8349748,2
1719327848.7970698,2
1719327852.8002808,2
1719327856.7477906,2
1719327860.5608523,2
1719327864.5317402,2
1719327868.5101683,2
1719327872.572636,2
1719327876.5947945,2
1719327880.518382,2
1719327884.5883496,2
1719327888.6339595,2
1719327892.6246805,2
1719327896.605682,2
1719327900.5395935,2
1719327904.4046462,2
1719327908.3824897,2
1719327912.3519175,2
1719327916.3704364,2
1719327920.3254108,2
1719327924.345125,2
1719327928.3327708,2
1719327932.2482195,2
1719327936.2716863,2
1719327940.3832345,2
1719327944.3758519,2
1719327948.4542522,2
1719327952.489218,2
1719327956.5769844,2
1719327960.4984837,2
1719327964.4122748,2
1719327968.302523,2
1719327972.0740933,2
1719327976.020261,2
1719327980.038857,2
1719327983.9909465,2
1719327988.1760604,2
1719327992.0911264,2
1719327996.041577,2
1719328000.126813,2
1719328004.1950598,2
1719328008.1962302,2
1719328012.1823385,2
1719328016.2960105,2
1719328020.4050765,2
1719328024.3326082,2
1719328028.5327485,2
1719328032.4904523,2
1719328036.5100853,2
1719328040.505078,2
1719328044.4460194,2
1719328048.3559473,2
1719328052.0877728,2
1719328056.1754959,2
1719328060.293111,2
1719328064.3169048,2
1719328068.3922203,2
1719328072.3049455,2
1719328076.3909798,2
1719328080.3268998,2
1719328084.293205,2
1719328088.0740104,2
1719328092.0668163,2
1719328095.988158,2
1719328099.9605837,2
1719328103.9928207,2
1719328107.9820392,2
1719328111.9220061,2
1719328115.9916322,2
1719328119.8914149,2
1719328123.9589794,2
1719328127.9893577,2
1719328132.065201,2
1719328136.0775123,2
1719328140.1651175,2
1719328144.0820186,2
1719328148.2027652,2
1719328151.964272,2
1719328155.9548295,2
1719328159.9554214,2
1719328163.984887,2
1719328167.9668846,2
1719328172.0706444,2
1719328176.0371428,2
1719328180.098357,2
1719328184.1414275,2
1719328188.1937253,2
1719328192.1494777,2
1719328196.1402962,2
1719328200.2182457,2
1719328204.2744193,2
1719328208.2873802,2
1719328212.1854043,2
1719328216.1493201,2
1719328219.9663548,2
1719328223.9522967,2
1719328228.0192485,2
1719328231.916226,2
1719328236.0236106,2
1719328240.1025977,2
1719328244.0751882,2
1719328248.1366565,2
1719328252.1398208,2
1719328255.96267,2
1719328259.9179697,2
1719328263.9096754,2
1719328267.9278467,2
1719328271.958465,2
1719328275.941331,2
1719328279.8502126,2
1719328284.0081856,2
1719328288.0935566,2
1719328292.1325865,2
1719328295.9892492,2
1719328300.0875576,2
1719328303.9781435,2
1719328308.0849597,2
1719328311.941164,2
1719328316.0439944,2
1719328320.07263,2
1719328324.1811266,2
1719328328.0787485,2
1719328332.1111438,2
1719328335.9417088,2
1719328339.987002,2
1719328344.0354528,2
1719328348.0706427,2
1719328352.0694313,2
1719328356.1950912,2
1719328360.1730037,2
1719328364.1964393,2
1719328368.1165516,2
1719328372.2089446,2
1719328376.1503448,2
1719328380.2008405,2
1719328384.2205393,2
1719328388.095962,2
1719328392.0356536,2
1719328395.9012253,2
1719328399.8521152,2
1719328403.832043,2
1719328408.0651584,2
1719328412.1828187,2
1719328416.2355337,2
1719328420.2804732,2
1719328424.2176244,2
1719328428.2429316,2
1719328432.1803608,2
1719328436.236507,2
1719328440.0677595,2
1719328443.9649155,2
1719328447.737338,2
1719328451.592653,2
1719328455.4090228,2
1719328459.489748,2
1719328463.5991523,2
1719328467.6197371,2
1719328471.6662254,2
1719328475.6661942,2
1719328479.6743603,2
1719328483.6985524,2
1719328487.6580834,2
1719328491.675531,2
1719328495.688691,2
1719328499.5525773,2
1719328503.398323,2
1719328507.2634745,2
1719328511.0651026,2
1719328515.0478418,2
1719328518.892033,2
1719328523.0640092,2
1719328527.063975,2
1719328531.0648644,2
1719328535.027817,2
1719328539.1421223,2
1719328543.0833442,2
1719328546.9293053,2
1719328550.7498546,2
1719328554.785687,2
1719328558.8359056,2
1719328562.8436167,2
1719328566.7366164,2
1719328570.6164408,2
1719328574.4155793,2
1719328578.4221535,2
1719328582.4530122,2
1719328586.6273985,2
1719328590.6403103,2
1719328594.682388,2
1719328598.654689,2
1719328602.6435068,2
1719328606.7905333,2
1719328610.925799,2
1719328615.0700846,2
1719328619.2230177,2
1719328623.3052053,2
1719328627.3534584,2
1719328631.29324,2
1719328635.404581,2
1719328639.4198172,2
1719328643.5627553,2
1719328647.526048,2
1719328651.40794,2
1719328655.2250102,2
1719328659.2580295,2
1719328663.174082,2
1719328667.03877,2
1719328670.7840471,2
1719328674.6527803,2
1719328678.6015403,2
1719328682.6107416,2
1719328686.6111102,2
1719328690.7253706,2
1719328694.8117294,2
1719328698.8133304,2
1719328702.8155012,2
1719328706.8303313,2
1719328711.031057,2
1719328715.161022,2
1719328719.1395261,2
1719328723.2757704,2
1719328727.203249,2
1719328731.4053068,2
1719328735.5965962,2
1719328739.769298,2
1719328743.6875432,2
1719328747.7878144,2
1719328751.8654172,2
1719328755.8364477,2
1719328759.9729018,2
1719328764.0839996,2
1719328768.0530515,2
1719328772.0436673,2
1719328775.9738035,2
1719328780.1130195,2
1719328784.0566823,2
1719328787.934991,2
1719328791.8202972,2
1719328795.7420983,2
1719328799.529232,2
1719328803.426987,2
1719328807.380081,2
1719328811.422653,2
1719328815.42708,2
1719328819.6045296,2
1719328823.4708273,2
1719328827.4610565,2
1719328831.3741198,2
1719328835.5676877,2
1719328839.4144819,2
1719328843.583717,2
1719328847.697475,2
1719328851.813879,2
1719328855.7864902,2
1719328859.638655,2
1719328863.6960416,2
1719328867.7963495,2
1719328871.865344,2
1719328875.7310302,2
1719328879.5186975,2
1719328883.623374,2
1719328887.6347897,2
1719328891.669544,2
1719328895.7158802,2
1719328899.647903,2
1719328903.6993847,2
1719328907.7169356,2
1719328911.8008149,2
1719328915.812051,2
1719328919.6663756,2
1719328923.6027515,2
1719328927.533945,2
1719328931.6413841,2
1719328935.4372015,2
1719328939.2878811,2
1719328943.2353656,2
1719328947.2247524,2
1719328951.2805882,2
1719328955.3052776,2
1719328959.2673838,2
1719328963.3267813,2
1719328967.4234207,2
1719328971.3936203,2
1719328975.206775,2
1719328979.1008418,2
1719328983.164718,2
1719328987.2256484,2
1719328990.9054906,2
1719328994.9968839,2
1719328998.817947,2
1719329002.8944032,2
1719329006.9320793,2
1719329010.9273531,2
1719329014.9901352,2
1719329019.018619,2
1719329022.9418335,2
1719329027.1877308,2
1719329031.1440783,2
1719329035.1584969,2
1719329039.2044537,2
1719329043.1632435,2
1719329047.1511364,2
1719329051.0187206,2
1719329054.7754593,2
1719329058.62492,2
1719329062.4547281,2
1719329066.3674514,2
1719329070.1622674,2
1719329074.0269368,2
1719329078.0384102,2
1719329082.0737646,2
1719329086.0313613,2
1719329090.1307318,2
1719329094.6251779,2
1719329098.6462326,2
1719329102.5941856,2
1719329106.564034,2
1719329110.5029244,2
1719329114.4367347,2
1719329118.4726124,2
1719329122.6371086,2
1719329126.5310204,2
1719329130.546606,2
1719329134.3152435,2
1719329138.1879425,2
1719329142.030341,2
1719329145.8933084,2
1719329149.6952624,2
1719329153.6072292,2
1719329157.529123,2
1719329161.6175635,2
1719329165.5428734,2
1719329169.6275897,2
1719329173.5927043,2
1719329177.7562103,2
1719329181.8471255,2
1719329185.9898741,2
1719329189.9702108,2
1719329194.093996,2
1719329198.0583417,2
1719329202.0721762,2
1719329206.0182543,2
1719329209.9605076,2
1719329213.8740761,2
1719329217.95309,2
1719329222.007104,2
1719329225.8535907,2
1719329229.6189215,2
1719329233.4354682,2
1719329237.2084115,2
1719329241.453761,2
1719329245.4219522,2
1719329249.509959,2
1719329253.5322149,2
1719329257.7347653,2
1719329261.876602,2
1719329265.9410028,2
1719329269.8487937,2
1719329273.908007,2
1719329277.922903,2
1719329281.9897137,2
1719329285.7982433,2
1719329289.7819035,2
1719329293.387531,2
1719329297.3436797,2
1719329301.1330683,2
1719329305.0710256,2
1719329309.0576477,2
1719329313.0720336,2
1719329317.1667986,2
1719329321.2177498,2
1719329325.098354,2
1719329329.2341483,2
1719329333.1840074,2
1719329337.2516236,2
1719329341.1741776,2
1719329345.3020124,2
1719329349.2402072,2
1719329353.2363856,2
1719329357.122644,2
1719329361.2404394,2
1719329365.2301831,2
1719329369.2603483,2
1719329373.2794988,2
1719329377.1258583,2
1719329380.9325466,2
1719329384.844636,2
1719329388.8233068,2
1719329392.873751,2
1719329396.611812,2
1719329400.6876047,2
1719329404.6334362,2
1719329408.6952345,2
1719329412.6314566,2
1719329416.5502343,2
1719329420.7747014,2
1719329424.8948119,2
1719329429.031691,2
1719329433.0458825,2
1719329437.1216824,2
1719329441.1866727,2
1719329445.2649758,2
1719329449.490867,2
1719329453.4207218,2
1719329457.4611115,2
1719329461.4239855,2
1719329465.5112684,2
1719329469.6536407,2
1719329473.7843325,2
1719329477.7583265,2
1719329481.93905,2
1719329486.0387242,2
1719329490.086208,2
1719329493.9047837,2
1719329497.7641127,2
1719329501.5353198,2
1719329505.3919072,2
1719329509.29233,2
1719329513.22915,2
1719329517.2248852,2
1719329521.3708677,2
1719329525.5082479,2
1719329529.5367906,2
1719329533.5639703,2
1719329537.5126169,2
1719329541.4720395,2
1719329545.4650276,2
1719329549.455137,2
1719329553.5767405,2
1719329557.4951894,2
1719329561.5030904,2
1719329565.5960891,2
1719329569.643842,2
1719329573.7850301,2
1719329577.7574852,2
1719329581.6823058,2
1719329585.542564,2
1719329589.350531,2
1719329593.0467618,2
1719329597.09697,2
1719329601.1678524,2
1719329605.200004,2
1719329609.0708327,2
1719329613.1490376,2
1719329617.0976815,2
1719329621.1383517,2
1719329624.9744842,2
1719329628.796604,2
1719329632.7492008,2
1719329636.5738287,2
1719329640.6886199,2
1719329644.6674929,2
1719329648.6829956,2
1719329652.5201106,2
1719329656.5503128,2
1719329660.5643528,2
1719329664.552509,2
1719329668.5966258,2
1719329672.8102427,2
1719329676.8087697,2
1719329680.9099703,2
1719329684.969408,2
1719329688.9808724,2
1719329692.9520633,2
1719329696.9727795,2
1719329701.0531895,2
1719329705.0553124,2
1719329709.0747783,2
1719329713.0611486,2
1719329716.8404343,2
1719329720.9436045,2
1719329724.7199683,2
1719329728.592114,2
1719329732.210145,2
1719329736.2077286,2
1719329740.1962733,2
1719329744.2868643,2
1719329748.2836516,2
1719329752.0856843,2
1719329756.0635285,2
1719329760.1997678,2
1719329764.1990378,2
1719329768.2716715,2
1719329772.3130858,2
1719329776.3786838,2
1719329780.346452,2
1719329784.351902,2
1719329788.1990058,2
1719329792.0637696,2
1719329795.977038,2
1719329799.8892322,2
1719329803.7333066,2
1719329807.5627418,2
1719329811.353632,2
1719329815.305281,2
1719329819.2790866,2
1719329823.4288108,2
1719329827.3592517,2
1719329831.314866,2
1719329835.2395573,2
1719329839.330465,2
1719329843.362362,2
1719329847.4270585,2
1719329851.5061066,2
1719329855.625028,2
1719329859.595818,2
1719329863.7578645,2
1719329867.7508197,2
1719329871.84615,2
1719329875.8743765,2
1719329880.0424428,2
1719329884.0304463,2
1719329887.881376,2
1719329891.9471462,2
1719329896.0809412,2
1719329900.095289,2
1719329904.1098683,2
1719329908.147676,2
1719329912.2895691,2
1719329916.3595304,2
1719329920.3768797,2
1719329924.4535635,2
1719329928.4372072,2
1719329932.4256458,2
1719329936.452484,2
1719329940.3975298,2
1719329944.4332385,2
1719329948.3442128,2
1719329952.3720467,2
1719329956.318668,2
1719329960.3538563,2
1719329964.3022451,2
1719329968.1705701,2
1719329972.2364058,2
1719329976.060038,2
1719329979.9216945,2
1719329983.8022935,2
1719329987.600393,2
1719329991.4463081,2
1719329995.3045352,2
1719329999.3928926,2
1719330003.2612398,2
1719330007.3666484,2
1719330011.3429089,2
1719330015.4308603,2
1719330019.464701,2
1719330023.6046276,2
1719330027.6498668,2
1719330031.7069576,2
1719330035.6447268,2
1719330039.6285744,2
1719330043.5469673,2
1719330047.502141,2
1719330051.3061001,2
1719330055.1267881,2
1719330058.968298,2
1719330062.850241,2
1719330066.6851609,2
1719330070.6603932,2
1719330074.697742,2
1719330078.8925793,2
1719330082.851917,2
1719330086.900057,2
1719330090.8841977,2
1719330094.953492,2
1719330099.067679,2
1719330103.150379,2
1719330107.1569266,2
1719330111.1984203,2
1719330115.224203,2
1719330119.2255054,2
1719330123.0414233,2
1719330127.0436676,2
1719330131.0805717,2
1719330134.961828,2
1719330138.8062234,2
1719330142.837332,2
1719330146.9063673,2
1719330150.7800674,2
1719330154.7412565,2
1719330158.7388031,2
1719330162.7754235,2
1719330166.7566373,2
1719330170.5478764,2
1719330174.4014046,2
1719330178.3095634,2
1719330182.3835893,2
1719330186.3822312,2
1719330190.2522104,2
1719330194.0860093,2
1719330198.2501202,2
1719330202.2765312,2
1719330206.2379315,2
1719330210.311613,2
1719330214.5012586,2
1719330218.5069132,2
1719330222.6443405,2
1719330226.5651531,2
1719330230.6203592,2
1719330234.578908,2
1719330238.5281463,2
1719330242.6297476,2
1719330246.3432462,2
1719330250.393703,2
1719330254.4144404,2
1719330258.1921275,2
1719330262.079783,2
1719330266.0872848,2
