1719258648.154773,1
1719258652.38649,1
1719258656.494748,1
1719258660.7077672,1
1719258664.808532,1
1719258669.1109653,1
1719258673.3325083,1
1719258677.6928296,1
1719258681.9644225,1
1719258686.1538005,1
1719258690.4179766,1
1719258694.5938005,1
1719258698.7752519,1
1719258702.9281483,1
1719258707.1053047,1
1719258711.2986143,1
1719258715.4118185,1
1719258719.6463711,1
1719258723.7287767,1
1719258727.856747,1
1719258731.98844,1
1719258736.1476045,1
1719258740.3993673,1
1719258744.6222157,1
1719258748.8789506,1
1719258753.0084546,1
1719258757.1678667,1
1719258761.258847,1
1719258765.3433623,1
1719258769.45362,1
1719258773.6507702,1
1719258777.6371238,1
1719258781.763227,1
1719258785.971322,1
1719258790.2303555,1
1719258794.3302405,1
1719258798.5099347,1
1719258802.677246,1
1719258806.7387757,1
1719258810.8798113,1
1719258815.037079,1
1719258819.0405617,1
1719258823.2755246,1
1719258827.4316463,1
1719258831.5940213,1
1719258835.7177517,1
1719258839.7589493,1
1719258844.006992,1
1719258848.07356,1
1719258852.2618024,1
1719258856.6326742,1
1719258860.8418207,1
1719258864.9613016,1
1719258869.0517023,1
1719258873.1029196,1
1719258877.232856,1
1719258881.606547,1
1719258885.7168503,1
1719258889.836697,1
1719258893.9505906,1
1719258898.1983037,1
1719258902.3406792,1
1719258906.461779,1
1719258910.6308157,1
1719258914.7978475,1
1719258918.9161375,1
1719258922.9844775,1
1719258927.1689692,1
1719258931.3749404,1
1719258935.4730473,1
1719258939.625441,1
1719258943.797901,1
1719258947.8100016,1
1719258951.907374,1
1719258956.059503,1
1719258960.3006938,1
1719258964.431156,1
1719258968.6057036,1
1719258972.7751641,1
1719258976.9167218,1
1719258981.1213512,1
1719258985.3514674,1
1719258989.3174024,1
1719258993.5235348,1
1719258997.6186228,1
1719259001.8268263,1
1719259005.9752007,1
1719259010.039058,1
1719259014.2316809,1
1719259018.3610156,1
1719259022.5579455,1
1719259026.8085034,1
1719259030.89419,1
1719259035.2611394,1
1719259039.434447,1
1719259043.6032286,1
1719259048.1122832,1
1719259052.3511436,1
1719259056.5243793,1
1719259060.6043582,1
1719259064.461556,1
1719259068.6211128,1
1719259072.8175528,1
1719259076.945299,1
1719259081.0151565,1
1719259085.1681266,1
1719259089.307862,1
1719259093.2893124,1
1719259097.3682098,1
1719259101.5563843,1
1719259105.6429272,1
1719259109.7459118,1
1719259113.636712,1
1719259117.8549793,1
1719259121.9625552,1
1719259126.2698092,1
1719259130.3175888,1
1719259134.47085,1
1719259138.8077517,1
1719259143.0849235,1
1719259147.2187934,1
1719259151.36949,1
1719259155.4265735,1
1719259159.5441196,1
1719259163.73505,1
1719259167.8486478,1
1719259172.0596843,1
1719259176.1777313,1
1719259180.3967888,1
1719259184.5679278,1
1719259188.6654313,1
1719259192.8880072,1
1719259196.930498,1
1719259200.9854627,1
1719259205.1577926,1
1719259209.2962167,1
1719259213.4692218,1
1719259217.6681216,1
1719259221.958119,1
1719259226.1268828,1
1719259230.2800539,1
1719259234.4462025,1
1719259238.5746973,1
1719259242.7768297,1
1719259246.9930143,1
1719259251.2212567,1
1719259255.2617614,1
1719259259.3216684,1
1719259263.3964028,1
1719259267.577824,1
1719259271.689063,1
1719259276.1268063,1
1719259280.3018806,1
1719259284.371109,1
1719259288.4701557,1
1719259292.6482854,1
1719259296.8525949,1
1719259301.1140792,1
1719259305.307153,1
1719259309.472496,1
1719259313.5480833,1
1719259317.6393836,1
1719259321.9881213,1
1719259326.051534,1
1719259330.2164428,1
1719259334.3685555,1
1719259338.391438,1
1719259342.7106524,1
1719259346.7994103,1
1719259350.962512,1
1719259355.1724045,1
1719259359.319773,1
1719259363.4589243,1
1719259367.4944098,1
1719259371.7159176,1
1719259375.8564987,1
1719259379.9943602,1
1719259384.1227627,1
1719259388.2369382,1
1719259392.3099952,1
1719259396.4417958,1
1719259400.7793887,1
1719259404.867267,1
1719259408.8624446,1
1719259412.9292345,1
1719259417.172081,1
1719259421.3591926,1
1719259425.5164776,1
1719259429.6566403,1
1719259433.7302847,1
1719259437.9724944,1
1719259442.031536,1
1719259446.3006494,1
1719259450.4959009,1
1719259454.64673,1
1719259458.8619726,1
1719259463.066057,1
1719259467.1129603,1
1719259471.1913083,1
1719259475.3451805,1
1719259479.4188654,1
1719259483.576446,1
1719259487.7065678,1
1719259491.6168633,1
1719259495.69408,1
1719259499.8078454,1
1719259503.921478,1
1719259507.995029,1
1719259512.2606316,1
1719259516.4363077,1
1719259520.547179,1
1719259524.560212,1
1719259528.7240803,1
1719259532.7446036,1
1719259536.883105,1
1719259541.000665,1
1719259545.1171522,1
1719259549.4047506,1
1719259553.7373242,1
1719259557.9702058,1
1719259562.0718799,1
1719259566.1433764,1
1719259570.2699196,1
1719259574.3442767,1
1719259578.5034513,1
1719259582.6610577,1
1719259586.7079258,1
1719259590.8731318,1
1719259594.9969435,1
1719259599.1398742,1
1719259603.38709,1
1719259607.473968,1
1719259611.5339036,1
1719259615.4648654,1
1719259619.6203444,1
1719259623.6945772,1
1719259627.9240446,1
1719259632.1073055,1
1719259636.279679,1
1719259640.47962,1
1719259644.7497177,1
1719259648.7590652,1
1719259652.9658267,1
1719259657.1663785,1
1719259661.2476208,1
1719259665.370184,1
1719259669.535404,1
1719259673.7140675,1
1719259677.82064,1
1719259681.887289,1
1719259686.0417511,1
1719259690.1758184,1
1719259694.391705,1
1719259698.4335446,1
1719259702.6128712,1
1719259706.822072,1
1719259711.021019,1
1719259715.1730077,1
1719259719.3545353,1
1719259723.371109,1
1719259727.5361927,1
1719259731.5174332,1
1719259735.588147,1
1719259739.6574197,1
1719259743.5668695,1
1719259747.672416,1
1719259751.7724767,1
1719259755.9996579,1
1719259760.1742842,1
1719259764.220168,1
1719259768.3180745,1
1719259772.5005882,1
1719259776.6781137,1
1719259780.7645311,1
1719259784.9343977,1
1719259788.9965608,1
1719259793.0695753,1
1719259797.1603816,1
1719259801.293703,1
1719259805.5883248,1
1719259809.464592,1
1719259813.413374,1
1719259817.5762396,1
1719259821.6742742,1
1719259825.8019152,1
1719259829.8788843,1
1719259834.027083,1
1719259838.1598248,1
1719259842.308097,1
1719259846.384996,1
1719259850.4310126,1
1719259854.573633,1
1719259858.598908,1
1719259862.7259424,1
1719259866.838238,1
1719259871.0336118,1
1719259875.081519,1
1719259879.2405825,1
1719259883.3651385,1
1719259887.532389,1
1719259891.5437357,1
1719259895.5913463,1
1719259899.8239865,1
1719259904.1251106,1
1719259908.2765281,1
1719259912.2991767,1
1719259916.4609187,1
1719259920.531742,1
1719259924.53572,1
1719259928.7499812,1
1719259932.8061256,1
1719259937.1087387,1
1719259941.1429255,1
1719259945.3538704,1
1719259949.4649594,1
1719259953.4673593,1
1719259957.604313,1
1719259961.7670968,1
1719259965.926816,1
1719259970.2139864,1
1719259974.301228,1
1719259978.599479,1
1719259982.7282786,1
1719259986.8480206,1
1719259990.8154614,1
1719259994.9203324,1
1719259998.890894,1
1719260003.0366468,1
1719260007.08715,1
1719260011.23596,1
1719260015.3173442,1
1719260019.3860705,1
1719260023.5222192,1
1719260027.575764,1
1719260031.6690502,1
1719260035.9006393,1
1719260039.9519064,1
1719260044.0350296,1
1719260048.1203406,1
1719260052.338931,1
1719260056.3897555,1
1719260060.557666,1
1719260064.73509,1
1719260068.8768647,1
1719260072.916807,1
1719260077.0645678,1
1719260081.1924498,1
1719260085.5123405,1
1719260089.5829997,1
1719260093.724677,1
1719260097.8817399,1
1719260101.985607,1
1719260106.1204326,1
1719260110.2073834,1
1719260114.4635787,1
1719260118.6459723,1
1719260122.7399797,1
1719260126.9021418,1
1719260131.1226573,1
1719260135.23847,1
1719260139.390541,1
