2024-02-12 17:07:58.260301: I tensorflow/stream_executor/platform/default/dso_loader.cc:44] Successfully opened dynamic library libcuda.so.1
2024-02-12 17:07:58.308011: I tensorflow/stream_executor/platform/default/dso_loader.cc:44] Successfully opened dynamic library libcuda.so.1
2024-02-12 17:07:58.440328: I tensorflow/core/common_runtime/gpu/gpu_device.cc:1561] Found device 0 with properties: 
pciBusID: 0000:21:00.0 name: NVIDIA A40 computeCapability: 8.6
coreClock: 1.74GHz coreCount: 84 deviceMemorySize: 44.35GiB deviceMemoryBandwidth: 648.29GiB/s
2024-02-12 17:07:58.444211: I tensorflow/stream_executor/platform/default/dso_loader.cc:44] Successfully opened dynamic library libcudart.so.10.1
2024-02-12 17:07:58.488588: I tensorflow/stream_executor/platform/default/dso_loader.cc:44] Successfully opened dynamic library libcublas.so.10
2024-02-12 17:07:58.512765: I tensorflow/stream_executor/platform/default/dso_loader.cc:44] Successfully opened dynamic library libcufft.so.10
2024-02-12 17:07:58.518002: I tensorflow/stream_executor/platform/default/dso_loader.cc:44] Successfully opened dynamic library libcurand.so.10
2024-02-12 17:07:58.532531: I tensorflow/core/common_runtime/gpu/gpu_device.cc:1561] Found device 0 with properties: 
pciBusID: 0000:81:00.0 name: NVIDIA A40 computeCapability: 8.6
coreClock: 1.74GHz coreCount: 84 deviceMemorySize: 44.35GiB deviceMemoryBandwidth: 648.29GiB/s
2024-02-12 17:07:58.533060: I tensorflow/stream_executor/platform/default/dso_loader.cc:44] Successfully opened dynamic library libcudart.so.10.1
2024-02-12 17:07:58.535854: I tensorflow/stream_executor/platform/default/dso_loader.cc:44] Successfully opened dynamic library libcublas.so.10
2024-02-12 17:07:58.539143: I tensorflow/stream_executor/platform/default/dso_loader.cc:44] Successfully opened dynamic library libcufft.so.10
2024-02-12 17:07:58.539745: I tensorflow/stream_executor/platform/default/dso_loader.cc:44] Successfully opened dynamic library libcurand.so.10
2024-02-12 17:07:58.552128: I tensorflow/stream_executor/platform/default/dso_loader.cc:44] Successfully opened dynamic library libcusolver.so.10
2024-02-12 17:07:58.552130: I tensorflow/stream_executor/platform/default/dso_loader.cc:44] Successfully opened dynamic library libcusolver.so.10
2024-02-12 17:07:58.557318: I tensorflow/stream_executor/platform/default/dso_loader.cc:44] Successfully opened dynamic library libcusparse.so.10
2024-02-12 17:07:58.557325: I tensorflow/stream_executor/platform/default/dso_loader.cc:44] Successfully opened dynamic library libcusparse.so.10
2024-02-12 17:07:58.615458: I tensorflow/stream_executor/platform/default/dso_loader.cc:44] Successfully opened dynamic library libcudnn.so.7
2024-02-12 17:07:58.615496: I tensorflow/stream_executor/platform/default/dso_loader.cc:44] Successfully opened dynamic library libcudnn.so.7
2024-02-12 17:07:58.622555: I tensorflow/core/common_runtime/gpu/gpu_device.cc:1703] Adding visible gpu devices: 0
2024-02-12 17:07:58.622594: I tensorflow/core/common_runtime/gpu/gpu_device.cc:1703] Adding visible gpu devices: 0
2024-02-12 17:07:58.622867: I tensorflow/core/platform/cpu_feature_guard.cc:143] Your CPU supports instructions that this TensorFlow binary was not compiled to use: SSE4.1 SSE4.2 AVX AVX2 FMA
2024-02-12 17:07:58.622883: I tensorflow/core/platform/cpu_feature_guard.cc:143] Your CPU supports instructions that this TensorFlow binary was not compiled to use: SSE4.1 SSE4.2 AVX AVX2 FMA
2024-02-12 17:07:58.635339: I tensorflow/core/platform/profile_utils/cpu_utils.cc:102] CPU Frequency: 1996275000 Hz
2024-02-12 17:07:58.635359: I tensorflow/core/platform/profile_utils/cpu_utils.cc:102] CPU Frequency: 1996275000 Hz
2024-02-12 17:07:58.636247: I tensorflow/compiler/xla/service/service.cc:168] XLA service 0x888a400 initialized for platform Host (this does not guarantee that XLA will be used). Devices:
2024-02-12 17:07:58.636264: I tensorflow/compiler/xla/service/service.cc:176]   StreamExecutor device (0): Host, Default Version
2024-02-12 17:07:58.636277: I tensorflow/compiler/xla/service/service.cc:168] XLA service 0x8f84d30 initialized for platform Host (this does not guarantee that XLA will be used). Devices:
2024-02-12 17:07:58.636298: I tensorflow/compiler/xla/service/service.cc:176]   StreamExecutor device (0): Host, Default Version
2024-02-12 17:07:58.840804: I tensorflow/compiler/xla/service/service.cc:168] XLA service 0x870ca10 initialized for platform CUDA (this does not guarantee that XLA will be used). Devices:
2024-02-12 17:07:58.840850: I tensorflow/compiler/xla/service/service.cc:176]   StreamExecutor device (0): NVIDIA A40, Compute Capability 8.6
2024-02-12 17:07:58.841352: I tensorflow/compiler/xla/service/service.cc:168] XLA service 0x8e099c0 initialized for platform CUDA (this does not guarantee that XLA will be used). Devices:
2024-02-12 17:07:58.841405: I tensorflow/compiler/xla/service/service.cc:176]   StreamExecutor device (0): NVIDIA A40, Compute Capability 8.6
2024-02-12 17:07:58.843590: I tensorflow/core/common_runtime/gpu/gpu_device.cc:1561] Found device 0 with properties: 
pciBusID: 0000:21:00.0 name: NVIDIA A40 computeCapability: 8.6
coreClock: 1.74GHz coreCount: 84 deviceMemorySize: 44.35GiB deviceMemoryBandwidth: 648.29GiB/s
2024-02-12 17:07:58.843642: I tensorflow/stream_executor/platform/default/dso_loader.cc:44] Successfully opened dynamic library libcudart.so.10.1
2024-02-12 17:07:58.843653: I tensorflow/stream_executor/platform/default/dso_loader.cc:44] Successfully opened dynamic library libcublas.so.10
2024-02-12 17:07:58.843662: I tensorflow/stream_executor/platform/default/dso_loader.cc:44] Successfully opened dynamic library libcufft.so.10
2024-02-12 17:07:58.843670: I tensorflow/stream_executor/platform/default/dso_loader.cc:44] Successfully opened dynamic library libcurand.so.10
2024-02-12 17:07:58.843678: I tensorflow/stream_executor/platform/default/dso_loader.cc:44] Successfully opened dynamic library libcusolver.so.10
2024-02-12 17:07:58.843685: I tensorflow/stream_executor/platform/default/dso_loader.cc:44] Successfully opened dynamic library libcusparse.so.10
2024-02-12 17:07:58.843694: I tensorflow/stream_executor/platform/default/dso_loader.cc:44] Successfully opened dynamic library libcudnn.so.7
2024-02-12 17:07:58.843768: I tensorflow/core/common_runtime/gpu/gpu_device.cc:1561] Found device 0 with properties: 
pciBusID: 0000:81:00.0 name: NVIDIA A40 computeCapability: 8.6
coreClock: 1.74GHz coreCount: 84 deviceMemorySize: 44.35GiB deviceMemoryBandwidth: 648.29GiB/s
2024-02-12 17:07:58.843830: I tensorflow/stream_executor/platform/default/dso_loader.cc:44] Successfully opened dynamic library libcudart.so.10.1
2024-02-12 17:07:58.843843: I tensorflow/stream_executor/platform/default/dso_loader.cc:44] Successfully opened dynamic library libcublas.so.10
2024-02-12 17:07:58.843855: I tensorflow/stream_executor/platform/default/dso_loader.cc:44] Successfully opened dynamic library libcufft.so.10
2024-02-12 17:07:58.843864: I tensorflow/stream_executor/platform/default/dso_loader.cc:44] Successfully opened dynamic library libcurand.so.10
2024-02-12 17:07:58.843874: I tensorflow/stream_executor/platform/default/dso_loader.cc:44] Successfully opened dynamic library libcusolver.so.10
2024-02-12 17:07:58.843882: I tensorflow/stream_executor/platform/default/dso_loader.cc:44] Successfully opened dynamic library libcusparse.so.10
2024-02-12 17:07:58.843891: I tensorflow/stream_executor/platform/default/dso_loader.cc:44] Successfully opened dynamic library libcudnn.so.7
2024-02-12 17:07:58.847842: I tensorflow/core/common_runtime/gpu/gpu_device.cc:1703] Adding visible gpu devices: 0
2024-02-12 17:07:58.848199: I tensorflow/core/common_runtime/gpu/gpu_device.cc:1703] Adding visible gpu devices: 0
2024-02-12 17:07:58.848282: I tensorflow/stream_executor/platform/default/dso_loader.cc:44] Successfully opened dynamic library libcudart.so.10.1
2024-02-12 17:07:58.848284: I tensorflow/stream_executor/platform/default/dso_loader.cc:44] Successfully opened dynamic library libcudart.so.10.1
2024-02-12 17:07:58.850830: I tensorflow/core/common_runtime/gpu/gpu_device.cc:1102] Device interconnect StreamExecutor with strength 1 edge matrix:
2024-02-12 17:07:58.769994: I tensorflow/core/common_runtime/gpu/gpu_device.cc:1102] Device interconnect StreamExecutor with strength 1 edge matrix:
2024-02-12 17:07:58.770000: I tensorflow/core/common_runtime/gpu/gpu_device.cc:1108]      0 
2024-02-12 17:07:58.770012: I tensorflow/core/common_runtime/gpu/gpu_device.cc:1108]      0 
2024-02-12 17:07:58.770015: I tensorflow/core/common_runtime/gpu/gpu_device.cc:1121] 0:   N 
2024-02-12 17:07:58.770018: I tensorflow/core/common_runtime/gpu/gpu_device.cc:1121] 0:   N 
2024-02-12 17:07:58.774330: I tensorflow/core/common_runtime/gpu/gpu_device.cc:1247] Created TensorFlow device (/job:localhost/replica:0/task:0/device:GPU:0 with 42422 MB memory) -> physical GPU (device: 0, name: NVIDIA A40, pci bus id: 0000:81:00.0, compute capability: 8.6)
2024-02-12 17:07:58.774451: I tensorflow/core/common_runtime/gpu/gpu_device.cc:1247] Created TensorFlow device (/job:localhost/replica:0/task:0/device:GPU:0 with 42422 MB memory) -> physical GPU (device: 0, name: NVIDIA A40, pci bus id: 0000:21:00.0, compute capability: 8.6)
2024-02-12 17:08:04.776291: I tensorflow/stream_executor/platform/default/dso_loader.cc:44] Successfully opened dynamic library libcublas.so.10
2024-02-12 17:08:04.837629: I tensorflow/stream_executor/platform/default/dso_loader.cc:44] Successfully opened dynamic library libcublas.so.10
2024-02-12 17:09:48.767432: I tensorflow/stream_executor/platform/default/dso_loader.cc:44] Successfully opened dynamic library libcudnn.so.7
2024-02-12 17:09:49.069348: I tensorflow/stream_executor/platform/default/dso_loader.cc:44] Successfully opened dynamic library libcudnn.so.7
