1719415149.0655935,9
1719415153.2055259,9
1719415157.3977733,9
1719415161.5475667,9
1719415165.680552,9
1719415169.7637522,9
1719415173.8510656,9
1719415178.0419605,9
1719415182.1217,9
1719415186.378037,9
1719415190.3492637,9
1719415194.5258183,9
1719415198.6523263,9
1719415202.81659,9
1719415206.964514,9
1719415211.3526227,9
1719415215.5227141,9
1719415219.613651,9
1719415223.9588807,9
1719415228.219973,9
1719415232.148781,9
1719415236.2333384,9
1719415240.479545,9
1719415244.6232224,9
1719415248.7358277,9
1719415253.0354295,9
1719415257.1067638,9
1719415261.2393227,9
1719415265.5518408,9
1719415269.7036226,9
1719415273.856485,9
1719415277.9915586,9
1719415281.9960175,9
1719415286.1881244,9
1719415290.3198965,9
1719415294.6052518,9
1719415298.7932348,9
1719415302.880833,9
1719415306.988332,9
1719415311.235698,9
1719415315.3255963,9
1719415319.5561457,9
1719415323.7378597,9
1719415327.9918523,9
1719415332.057645,9
1719415336.3124297,9
1719415340.4804957,9
1719415344.6183457,9
1719415348.7000673,9
1719415352.7965028,9
1719415357.1587555,9
1719415361.2448618,9
1719415365.4974825,9
1719415369.6152997,9
1719415373.8123949,9
1719415377.9358735,9
1719415382.2467222,9
1719415386.3658257,9
1719415390.4992526,9
1719415394.637301,9
1719415398.7097025,9
1719415403.1811526,9
1719415407.3094091,9
1719415411.3780863,9
1719415415.5881937,9
1719415419.6924024,9
1719415423.8248549,9
1719415428.0819838,9
1719415432.345619,9
1719415436.5292838,9
1719415440.6508777,9
1719415444.8998046,9
1719415449.1677132,9
1719415453.4715838,9
1719415457.639344,9
1719415461.859062,9
1719415466.0249574,9
1719415470.2121623,9
1719415474.3233438,9
1719415478.491846,9
1719415482.625882,9
1719415486.7473419,9
1719415490.8869019,9
1719415495.0310884,9
1719415499.1543229,9
1719415503.361223,9
1719415507.3976917,9
1719415511.6066616,9
1719415515.7507622,9
1719415520.0305583,9
1719415524.2267444,9
1719415528.4272826,9
1719415532.513854,9
1719415536.6612515,9
1719415540.760761,9
1719415544.9288254,9
1719415549.0538259,9
1719415553.2201705,9
1719415557.3709497,9
1719415561.6802914,9
1719415565.8595853,9
1719415570.0904071,9
1719415574.3031056,9
1719415578.4971926,9
1719415582.7497766,9
1719415586.872412,9
1719415590.9652462,9
1719415595.080595,9
1719415599.1652462,9
1719415603.137311,9
1719415607.292998,9
1719415611.5432463,9
1719415615.9214222,9
1719415620.28829,9
1719415624.4395206,9
1719415628.5240633,9
1719415632.6226885,9
1719415636.866797,9
1719415640.9003186,9
1719415644.9846008,9
1719415649.0344286,9
1719415653.1345558,9
1719415657.2843392,9
1719415661.4702375,9
1719415665.5539997,9
1719415669.8026338,9
1719415673.811835,9
1719415677.7030807,9
1719415681.8289695,9
1719415685.903608,9
1719415689.957672,9
1719415694.1826887,9
1719415698.2581534,9
1719415702.5012803,9
1719415706.6309273,9
1719415710.8272166,9
1719415714.9910195,9
1719415719.2137458,9
1719415723.2895775,9
1719415727.43548,9
1719415731.4176495,9
1719415735.5641575,9
1719415739.6016839,9
1719415743.9456518,9
1719415748.1191816,9
1719415752.2893217,9
1719415756.4631777,9
1719415760.578571,9
1719415764.5435915,9
1719415768.7231488,9
1719415772.86892,9
1719415777.0264983,9
1719415781.2619472,9
1719415785.3872957,9
1719415789.5061114,9
1719415793.6869361,9
1719415797.8301716,9
1719415801.864553,9
1719415805.903289,9
1719415810.0561097,9
1719415814.1476798,9
1719415818.4080656,9
1719415822.6240342,9
1719415826.7887518,9
1719415830.879031,9
1719415834.954837,9
1719415839.373224,9
1719415843.4642189,9
1719415847.5755403,9
1719415851.706549,9
1719415855.7610824,9
1719415859.7096334,9
1719415863.9516633,9
1719415868.1830115,9
1719415872.317017,9
1719415876.7299037,9
1719415880.9228897,9
1719415884.8572838,9
1719415889.0808706,9
1719415893.112117,9
1719415897.3349814,9
1719415901.3734891,9
1719415905.4242344,9
1719415909.6814928,9
1719415913.7570593,9
1719415917.850958,9
1719415921.9639652,9
1719415926.1430845,9
1719415930.3699203,9
1719415934.4979815,9
1719415938.4757724,9
1719415942.6727133,9
1719415946.7793946,9
1719415951.09684,9
1719415955.1969953,9
1719415959.244347,9
1719415963.3945038,9
1719415967.585438,9
1719415971.7424843,9
1719415975.910864,9
1719415980.067162,9
1719415984.0061362,9
1719415988.167798,9
1719415992.346622,9
1719415996.4760153,9
1719416000.5984483,9
1719416004.73481,9
1719416008.8238115,9
1719416012.9463375,9
1719416017.1133504,9
1719416021.2083576,9
1719416025.1842525,9
1719416029.3922079,9
1719416033.5957797,9
1719416037.8294857,9
1719416041.941563,9
1719416046.0056164,9
1719416050.2318475,9
1719416054.2660813,9
1719416058.4882603,9
1719416062.5793755,9
1719416066.5962005,9
1719416070.831778,9
1719416074.9139304,9
1719416079.2252235,9
1719416083.472359,9
1719416087.6816633,9
1719416091.854962,9
1719416095.9632263,9
1719416100.2339694,9
1719416104.4232643,9
1719416108.4140334,9
1719416112.6818678,9
1719416116.9290383,9
1719416120.8841827,9
1719416125.0244665,9
1719416129.1951559,9
1719416133.353057,9
1719416137.426435,9
1719416141.4782598,9
1719416145.7809012,9
1719416149.7360578,9
1719416153.8383338,9
1719416158.093854,9
1719416162.239704,9
1719416166.3567631,9
1719416170.6191976,9
1719416174.9403353,9
1719416179.0586128,9
1719416183.2246666,9
1719416187.2482264,9
1719416191.3893776,9
1719416195.4877534,9
1719416199.7559345,9
1719416203.9906416,9
1719416208.2031405,9
1719416212.3500974,9
1719416216.5195541,9
1719416220.6168354,9
1719416224.8034918,9
1719416228.9660685,9
1719416233.137857,9
1719416237.3243763,9
1719416241.4265761,9
1719416245.6736872,9
1719416249.8288007,9
1719416253.9905517,9
1719416258.0774565,9
1719416262.298559,9
1719416266.437423,9
1719416270.6247303,9
1719416274.682468,9
1719416278.7137523,9
1719416282.8559806,9
1719416286.9063947,9
1719416290.9972887,9
1719416295.1919043,9
1719416299.2784166,9
1719416303.3067787,9
1719416307.4213452,9
1719416311.5569553,9
1719416315.7301202,9
1719416319.8717556,9
1719416324.0339997,9
1719416328.2801237,9
1719416332.5044074,9
1719416336.4250684,9
1719416340.523632,9
1719416344.6284182,9
1719416348.6444426,9
1719416352.8655965,9
1719416357.077142,9
1719416361.1805227,9
1719416365.516799,9
1719416369.617892,9
1719416373.6456258,9
1719416377.7837515,9
1719416381.8353612,9
1719416385.9886425,9
1719416390.0174766,9
1719416394.1859713,9
1719416398.27824,9
1719416402.3943994,9
1719416406.4522917,9
1719416410.6657076,9
1719416414.7340565,9
1719416418.8361115,9
1719416422.9662354,9
1719416427.1872978,9
1719416431.2630382,9
1719416435.3733943,9
1719416439.5147753,9
1719416443.601346,9
1719416447.6895227,9
1719416451.7534513,9
1719416455.8050594,9
1719416459.8967545,9
1719416464.042004,9
1719416468.1392958,9
1719416472.3008711,9
1719416476.3610322,9
1719416480.5322814,9
1719416484.8540776,9
1719416488.8982184,9
1719416493.0356014,9
1719416497.097827,9
1719416501.2024808,9
1719416505.2763336,9
1719416509.471766,9
1719416513.5268362,9
1719416517.6464174,9
1719416521.6944747,9
1719416525.858626,9
1719416529.9579303,9
1719416534.1752121,9
1719416538.3446987,9
1719416542.5034556,9
1719416546.649632,9
1719416550.7854612,9
1719416554.7383354,9
1719416558.8556228,9
1719416562.9635441,9
1719416567.2153075,9
1719416571.484637,9
1719416575.564817,9
1719416579.7960813,9
1719416583.9296038,9
1719416587.967302,9
1719416592.1223614,9
1719416596.2361386,9
1719416600.335952,9
1719416604.465205,9
1719416608.669814,9
1719416612.8364897,9
1719416616.8978229,9
1719416621.1045876,9
1719416625.229242,9
1719416629.4179327,9
1719416633.5204406,9
1719416637.7583358,9
1719416641.9070194,9
1719416646.1659205,9
1719416650.3410308,9
1719416654.4236913,9
1719416658.4998515,9
1719416662.5508265,9
1719416666.6994414,9
1719416670.877709,9
1719416675.0237868,9
1719416679.2226512,9
1719416683.400085,9
1719416687.3258684,9
1719416691.261297,9
1719416695.4226282,9
1719416699.519301,9
1719416703.6326478,9
1719416707.8576906,9
1719416712.056417,9
1719416716.162377,9
1719416720.2874327,9
1719416724.5337472,9
1719416728.713071,9
1719416732.6876457,9
1719416736.9797668,9
1719416741.1619165,9
1719416745.3326497,9
1719416749.548787,9
1719416753.6070058,9
1719416757.725071,9
1719416761.8971627,9
1719416765.9356952,9
1719416770.143667,9
1719416774.0628712,9
1719416778.220986,9
1719416782.330633,9
1719416786.4421742,9
1719416790.5689144,9
1719416794.8047426,9
1719416799.024585,9
1719416803.268508,9
1719416807.3724952,9
1719416811.5190485,9
1719416815.7083676,9
1719416819.799569,9
1719416823.8895206,9
1719416828.0285087,9
1719416832.2308135,9
1719416836.472588,9
1719416840.6433835,9
1719416844.7230213,9
1719416848.9142253,9
1719416853.0284147,9
1719416857.0221648,9
1719416861.0707622,9
1719416865.2087247,9
1719416869.4004781,9
1719416873.507107,9
1719416877.6564147,9
1719416881.8009617,9
1719416885.9921718,9
1719416890.1474054,9
1719416894.3604608,9
1719416898.5115895,9
1719416902.7160225,9
1719416906.8868263,9
1719416911.0417087,9
1719416915.2525313,9
1719416919.2317288,9
1719416923.4634755,9
1719416927.530209,9
1719416931.7585652,9
1719416935.8550622,9
1719416939.970094,9
1719416944.1172686,9
1719416948.168652,9
1719416952.2961245,9
1719416956.479127,9
1719416960.606937,9
1719416964.637357,9
1719416968.728676,9
1719416972.977201,9
1719416977.0520556,9
1719416981.1510878,9
1719416985.3164353,9
1719416989.443551,9
1719416993.620303,9
1719416997.6840978,9
1719417001.8355792,9
1719417006.2135248,9
1719417010.3840475,9
1719417014.5579998,9
1719417018.7971075,9
1719417022.9533105,9
1719417026.9937708,9
1719417031.084935,9
1719417035.254092,9
1719417039.331586,9
1719417043.4599156,9
1719417047.5840354,9
1719417051.6669238,9
1719417055.8715339,9
1719417060.1023207,9
1719417064.199137,9
1719417068.5810146,9
1719417072.6765144,9
1719417076.6801505,9
1719417080.7459576,9
1719417084.9451494,9
1719417089.1265986,9
1719417093.2320983,9
1719417097.4549663,9
1719417101.599912,9
1719417105.782832,9
1719417109.7378123,9
1719417114.0045888,9
1719417118.2260063,9
1719417122.3335454,9
1719417126.6395216,9
1719417130.8272057,9
1719417134.7606108,9
1719417138.9184744,9
1719417143.1115925,9
1719417147.3751314,9
1719417151.2663257,9
1719417155.3598373,9
1719417159.535026,9
1719417163.7789166,9
1719417168.0994608,9
1719417172.3521006,9
1719417176.570288,9
1719417180.8424957,9
1719417184.9663289,9
1719417189.0911498,9
1719417193.0458348,9
1719417197.0761766,9
1719417201.160235,9
1719417205.2011018,9
1719417209.3604732,9
1719417213.5992763,9
1719417217.524449,9
1719417221.5965965,9
1719417225.8173418,9
1719417229.8962264,9
1719417233.9619238,9
1719417238.1739402,9
1719417242.3594077,9
1719417246.5682578,9
1719417250.6578224,9
1719417254.8258092,9
1719417258.8873339,9
1719417263.1510625,9
1719417267.319965,9
1719417271.4429607,9
1719417275.846101,9
1719417279.8964264,9
1719417284.0413604,9
1719417288.2818353,9
1719417292.5518267,9
1719417296.690387,9
1719417300.8091342,9
1719417304.942785,9
1719417309.1437812,9
1719417313.2276516,9
1719417317.356601,9
1719417321.4216723,9
1719417325.6027045,9
1719417329.7299278,9
1719417333.9767184,9
1719417338.085665,9
1719417342.1816282,9
1719417346.353074,9
1719417350.5871224,9
1719417354.7155068,9
1719417358.9339304,9
1719417363.0800724,9
1719417367.229032,9
1719417371.1837175,9
1719417375.2721927,9
1719417379.4461079,9
1719417383.6753385,9
1719417387.5743637,9
1719417391.5740745,9
1719417395.7454653,9
1719417399.8955002,9
1719417403.8797925,9
1719417408.0084326,9
1719417412.2882276,9
1719417416.4816904,9
1719417420.5736878,9
1719417424.7542882,9
1719417428.963982,9
1719417433.1551168,9
1719417437.309677,9
1719417441.4858878,9
1719417445.3899179,9
1719417449.5146332,9
1719417453.6850111,9
1719417457.7749925,9
1719417461.9192765,9
1719417466.1121106,9
1719417470.2295053,9
1719417474.292731,9
1719417478.4748864,9
1719417482.76973,9
1719417486.7752705,9
1719417490.9216628,9
1719417495.0288632,9
1719417499.2536075,9
1719417503.471603,9
1719417507.5846896,9
1719417511.6632338,9
1719417515.8034165,9
1719417520.129486,9
1719417524.217287,9
1719417528.3908136,9
1719417532.6787362,9
1719417536.7765446,9
1719417540.7304406,9
1719417544.7910573,9
1719417548.8484905,9
1719417553.0534449,9
1719417557.2705946,9
1719417561.4783883,9
1719417565.6712074,9
1719417569.8159604,9
1719417574.0747528,9
1719417578.1949599,9
1719417582.4654045,9
1719417586.492792,9
1719417590.6316164,9
1719417594.8323936,9
1719417598.9864304,9
1719417603.053317,9
1719417607.197266,9
1719417611.3986154,9
1719417615.515048,9
1719417619.6806893,9
1719417623.8502133,9
1719417628.0054076,9
1719417632.2678268,9
1719417636.3391633,9
1719417640.500223,9
1719417644.5052032,9
1719417648.6806362,9
1719417652.730979,9
1719417656.8326542,9
1719417661.0336502,9
1719417665.0777729,9
1719417669.2211244,9
1719417673.3073332,9
1719417677.4191968,9
1719417681.5919228,9
1719417685.8028378,9
1719417689.9276006,9
1719417694.0200624,9
1719417697.9676697,9
1719417702.1339426,9
1719417706.3203924,9
1719417710.3825703,9
1719417714.5063298,9
1719417718.608383,9
1719417722.712977,9
1719417726.8122928,9
1719417730.942614,9
1719417735.063073,9
1719417739.0508826,9
1719417743.080621,9
1719417747.2683544,9
1719417751.3969033,9
1719417755.484655,9
1719417759.64485,9
1719417763.7294834,9
1719417767.8581011,9
1719417772.0696855,9
1719417776.1996644,9
1719417780.4445057,9
1719417784.6327596,9
1719417788.723242,9
1719417792.9830174,9
1719417797.1941226,9
1719417801.3899937,9
1719417805.4800782,9
1719417809.5573993,9
1719417813.6885276,9
1719417817.9307864,9
1719417821.9938893,9
1719417826.142049,9
1719417830.2572935,9
1719417834.2366743,9
1719417838.279929,9
1719417842.4549587,9
1719417846.6320024,9
1719417850.8038173,9
1719417854.9729528,9
1719417859.0563087,9
1719417863.2344935,9
1719417867.392766,9
1719417871.5092492,9
1719417875.6622844,9
1719417879.8154464,9
1719417883.919874,9
1719417888.055437,9
1719417892.3421533,9
1719417896.381594,9
1719417900.4892783,9
1719417904.6844807,9
1719417908.8347535,9
1719417912.948694,9
1719417917.1596575,9
1719417921.2741005,9
1719417925.5213828,9
1719417929.696436,9
1719417933.8555312,9
1719417937.9961839,9
1719417942.1547253,9
1719417946.2000635,9
1719417950.3715982,9
1719417954.445994,9
1719417958.6118977,9
1719417962.7755768,9
1719417966.9070976,9
1719417970.9831448,9
1719417975.0401368,9
1719417979.1849203,9
1719417983.2292356,9
1719417987.3289115,9
1719417991.2673028,9
1719417995.4745913,9
1719417999.569595,9
1719418003.648683,9
1719418007.7705824,9
1719418011.9350605,9
1719418016.0282092,9
1719418020.2476594,9
1719418024.4338634,9
1719418028.5423534,9
1719418032.8295534,9
1719418037.00803,9
1719418041.1718292,9
1719418045.3675864,9
1719418049.524412,9
1719418053.717642,9
1719418057.8467355,9
1719418061.7889965,9
1719418065.9604785,9
1719418070.1022034,9
1719418074.376331,9
1719418078.5256362,9
1719418082.7085757,9
1719418086.9467435,9
1719418091.2292447,9
1719418095.377103,9
1719418099.4784458,9
1719418103.5498497,9
1719418107.6094828,9
1719418111.7430804,9
1719418115.7350729,9
1719418119.8524165,9
1719418124.0171127,9
1719418127.9744291,9
1719418132.076193,9
1719418136.1227505,9
1719418140.2217884,9
1719418144.4839234,9
1719418148.6671984,9
1719418152.8166518,9
1719418157.037589,9
1719418161.156373,9
1719418165.3360052,9
1719418169.5554862,9
1719418173.8131416,9
1719418177.682286,9
1719418182.046619,9
1719418186.1889794,9
1719418190.4481015,9
1719418194.5041525,9
1719418198.6772673,9
1719418202.6090558,9
1719418206.8276734,9
1719418210.9951327,9
1719418215.1237233,9
1719418219.2940354,9
1719418223.4051,9
1719418227.6076539,9
1719418231.947832,9
1719418236.0671282,9
1719418240.2139986,9
1719418244.1532106,9
1719418248.2837718,9
1719418252.3817718,9
1719418256.515879,9
1719418260.6894407,9
1719418264.9934685,9
1719418269.1310427,9
1719418273.2777808,9
1719418277.5567782,9
1719418281.7419193,9
1719418285.8366673,9
1719418289.943609,9
1719418294.1244352,9
1719418298.3794117,9
1719418302.6844652,9
1719418306.8121305,9
1719418310.9717855,9
1719418314.9476283,9
1719418319.072919,9
1719418323.196677,9
1719418327.349939,9
1719418331.5140977,9
1719418335.6467667,9
1719418339.8398504,9
1719418343.9855795,9
1719418348.1049812,9
1719418352.3164697,9
1719418356.555913,9
1719418360.6423895,9
1719418364.799178,9
1719418368.9200406,9
1719418373.0448132,9
1719418377.15443,9
1719418381.3623254,9
1719418385.6114585,9
1719418389.6565108,9
1719418393.7804794,9
1719418397.936709,9
1719418402.010765,9
1719418406.1844928,9
1719418410.0761135,9
1719418414.2282832,9
1719418418.675535,9
1719418422.8387458,9
1719418426.9978166,9
1719418431.200142,9
1719418435.412234,9
1719418439.5457509,9
1719418443.7346494,9
1719418447.8534691,9
1719418451.9511635,9
1719418456.2192833,9
1719418460.3123014,9
1719418464.5127175,9
1719418468.8085492,9
1719418472.9405668,9
1719418476.9814823,9
1719418481.1749735,9
1719418485.2528265,9
1719418489.4167144,9
1719418493.625519,9
1719418497.7270184,9
1719418501.9055834,9
1719418506.1295705,9
1719418510.314572,9
1719418514.3740768,9
1719418518.682049,9
1719418522.8468645,9
1719418527.0231829,9
1719418531.223464,9
1719418535.34162,9
1719418539.4735436,9
1719418543.666755,9
1719418547.785515,9
1719418551.881329,9
1719418555.9822538,9
1719418560.1522624,9
1719418564.345097,9
1719418568.4729524,9
1719418572.7007651,9
1719418576.9223697,9
1719418581.1413715,9
1719418585.1791809,9
1719418589.291563,9
1719418593.3473833,9
1719418597.552712,9
1719418601.6789598,9
1719418605.8853414,9
1719418610.0574055,9
1719418614.2469573,9
1719418618.3515532,9
1719418622.5422013,9
1719418626.6291761,9
1719418630.71669,9
1719418634.8163948,9
1719418639.0928214,9
1719418643.4180212,9
1719418647.5622258,9
1719418651.7115726,9
1719418655.7507305,9
1719418659.8964028,9
1719418663.9726295,9
1719418668.0910826,9
1719418672.1885593,9
1719418676.4399536,9
1719418680.5797377,9
1719418684.6561887,9
1719418688.9680157,9
1719418693.0614078,9
1719418697.1927352,9
1719418701.4708493,9
1719418705.648376,9
1719418709.8226767,9
1719418713.940575,9
1719418718.142455,9
1719418722.3201137,9
1719418726.4248033,9
1719418730.649945,9
1719418734.7992587,9
1719418738.9834645,9
1719418743.1323085,9
1719418747.0801253,9
1719418751.3270407,9
1719418755.3868947,9
1719418759.4676461,9
1719418763.534778,9
1719418767.6895897,9
1719418771.8836195,9
1719418776.1206114,9
1719418780.385554,9
1719418784.5868142,9
1719418788.5542657,9
1719418792.759392,9
1719418797.022282,9
1719418801.2755873,9
1719418805.4996247,9
1719418809.6836133,9
1719418813.8020768,9
1719418817.8510544,9
1719418822.0609741,9
1719418826.245656,9
1719418830.3945599,9
1719418834.4446218,9
1719418838.4925158,9
1719418842.664721,9
1719418846.8888047,9
1719418850.796427,9
1719418854.9229817,9
1719418859.0129635,9
1719418863.1077743,9
1719418867.3210368,9
1719418871.4561977,9
1719418875.6076093,9
1719418879.6552672,9
1719418883.740681,9
1719418887.8540416,9
1719418892.0571363,9
1719418896.1800575,9
1719418900.352045,9
1719418904.5514798,9
1719418908.7534664,9
1719418912.9348328,9
1719418917.1708736,9
1719418921.218535,9
1719418925.289221,9
1719418929.4559119,9
1719418933.6722245,9
1719418937.7624447,9
1719418941.8829174,9
1719418946.024247,9
1719418950.1020892,9
1719418954.2593207,9
1719418958.3507037,9
1719418962.3317318,9
1719418966.4523284,9
1719418970.4932733,9
1719418974.545134,9
1719418978.6333141,9
1719418982.7750287,9
1719418986.8483891,9
1719418990.953877,9
1719418994.9214523,9
1719418998.9973123,9
1719419003.1406252,9
1719419007.2454653,9
1719419011.3914092,9
1719419015.4733756,9
1719419019.44142,9
1719419023.5750797,9
1719419027.5630708,9
1719419031.73154,9
1719419035.846338,9
1719419039.9212625,9
1719419044.027881,9
1719419048.189467,9
1719419052.580942,9
1719419056.7532988,9
1719419060.9170885,9
1719419065.0208201,9
1719419069.1168692,9
1719419073.2234306,9
1719419077.463981,9
1719419081.4875984,9
1719419085.6592515,9
1719419089.7465644,9
1719419093.9581115,9
1719419098.1218367,9
1719419102.1811352,9
1719419106.4498656,9
1719419110.6276164,9
1719419114.830131,9
1719419119.0523407,9
1719419123.2456808,9
1719419127.490002,9
1719419131.5714164,9
1719419135.7474737,9
1719419140.0004153,9
1719419144.2627075,9
1719419148.4373832,9
1719419152.6972077,9
1719419156.86397,9
1719419161.0187862,9
1719419165.2487037,9
1719419169.5261831,9
1719419173.6289182,9
1719419177.779714,9
1719419181.8208926,9
1719419186.0058508,9
1719419190.1223679,9
1719419194.2143397,9
1719419198.341828,9
1719419202.5213916,9
1719419206.821097,9
1719419210.9360733,9
1719419215.1458592,9
1719419219.2840152,9
1719419223.4660885,9
1719419227.6194913,9
1719419231.6946948,9
1719419235.9123373,9
1719419239.9737,9
1719419244.1319356,9
1719419248.3074212,9
1719419252.506472,9
1719419256.6314723,9
1719419260.877017,9
1719419264.9820817,9
1719419269.1650655,9
1719419273.2570913,9
1719419277.385845,9
1719419281.6065845,9
1719419285.7468204,9
1719419289.8227048,9
1719419293.8500617,9
1719419297.9067254,9
1719419302.2189813,9
1719419306.354361,9
1719419310.4435012,9
1719419314.5303333,9
1719419318.578364,9
1719419322.7914498,9
1719419326.898244,9
1719419331.0343971,9
1719419335.1419485,9
1719419339.2381701,9
1719419343.3400757,9
1719419347.529512,9
1719419351.654292,9
1719419355.927354,9
1719419360.1163037,9
1719419364.242208,9
1719419368.3478918,9
1719419372.5166328,9
1719419376.7705696,9
1719419380.898079,9
1719419385.0818534,9
1719419389.3155553,9
1719419393.380446,9
1719419397.4730237,9
1719419401.6004658,9
1719419405.7282884,9
1719419409.889767,9
1719419413.8476562,9
1719419417.9020245,9
1719419421.9552925,9
1719419426.089037,9
1719419430.2490196,9
1719419434.4744737,9
1719419438.5752811,9
1719419442.6896129,9
1719419446.9526396,9
1719419451.2884488,9
1719419455.2503867,9
1719419459.48006,9
1719419463.6842508,9
1719419467.9068677,9
1719419472.0213943,9
1719419476.106245,9
1719419480.1833317,9
1719419484.3661475,9
1719419488.5136166,9
1719419492.6198864,9
1719419496.704713,9
1719419500.8696988,9
1719419504.9696593,9
1719419509.1767626,9
1719419513.345876,9
1719419517.5519793,9
1719419521.7369595,9
1719419525.844384,9
1719419529.9221978,9
1719419533.9904258,9
1719419538.102204,9
1719419542.0517762,9
1719419546.2257204,9
1719419550.3473306,9
1719419554.512093,9
1719419558.4636655,9
1719419562.5837803,9
1719419566.810213,9
1719419570.9602513,9
1719419575.138898,9
1719419579.2491026,9
1719419583.2383869,9
1719419587.3436258,9
1719419591.4563847,9
1719419595.5730639,9
1719419599.6782806,9
1719419603.7273698,9
1719419607.7716658,9
1719419611.8772485,9
1719419616.0061302,9
1719419620.2297552,9
1719419624.1379173,9
1719419628.2245994,9
1719419632.3133647,9
1719419636.439411,9
1719419640.508148,9
1719419644.5867324,9
1719419648.7523813,9
1719419652.9872649,9
1719419657.160267,9
1719419661.3676915,9
1719419665.5268812,9
1719419669.6826696,9
1719419673.8150275,9
1719419677.9429314,9
1719419682.0375428,9
1719419686.0069568,9
1719419690.196379,9
1719419694.2923303,9
1719419698.4444153,9
1719419702.6069386,9
1719419706.7798314,9
1719419710.937679,9
1719419715.0892642,9
1719419719.082346,9
1719419723.1631362,9
1719419727.2747858,9
1719419731.583092,9
1719419735.7126162,9
1719419739.8739927,9
1719419743.928285,9
1719419748.142028,9
1719419752.2892647,9
1719419756.5593276,9
1719419760.7033808,9
1719419764.8640146,9
1719419768.9379337,9
1719419773.1855597,9
1719419777.3526819,9
1719419781.3283894,9
1719419785.5726447,9
1719419789.710037,9
1719419793.8212419,9
1719419798.124147,9
1719419802.2246625,9
1719419806.3416789,9
1719419810.721013,9
1719419814.7744591,9
1719419818.8711638,9
1719419823.0018964,9
1719419827.1541975,9
1719419831.3394892,9
1719419835.3936648,9
1719419839.4167633,9
1719419843.63848,9
1719419847.8967083,9
1719419852.089586,9
1719419856.2495503,9
1719419860.4610217,9
1719419864.5745807,9
1719419868.7187707,9
1719419872.8489168,9
1719419876.9503632,9
1719419881.1613529,9
1719419885.3487816,9
1719419889.5798907,9
1719419893.7644699,9
1719419897.8837273,9
1719419902.2917113,9
1719419906.3632667,9
1719419910.4634852,9
1719419914.5491476,9
1719419918.7353926,9
1719419922.8011732,9
1719419926.916334,9
1719419930.9496667,9
1719419935.083051,9
1719419939.2852693,9
1719419943.5555995,9
1719419947.6873343,9
1719419951.8308084,9
1719419955.9824507,9
1719419960.1923292,9
1719419964.2559407,9
1719419968.3197143,9
1719419972.41061,9
1719419976.5678966,9
1719419980.6861062,9
1719419984.7225623,9
1719419988.8946388,9
1719419993.0052981,9
1719419997.2763834,9
1719420001.376409,9
1719420005.5553312,9
1719420009.8105657,9
1719420013.7601078,9
1719420017.9681723,9
1719420022.3192153,9
1719420026.595801,9
1719420030.8972766,9
1719420035.1207466,9
1719420039.2081532,9
1719420043.3838935,9
1719420047.4032876,9
1719420051.563533,9
1719420055.6276774,9
1719420059.6702578,9
1719420063.8112464,9
1719420067.806148,9
1719420071.9191751,9
1719420076.1028988,9
1719420080.2744658,9
1719420084.2522414,9
1719420088.3248563,9
1719420092.5061562,9
1719420096.645652,9
1719420100.7818153,9
1719420104.9063303,9
1719420109.019644,9
1719420113.1134744,9
1719420117.3401592,9
1719420121.5517936,9
1719420125.69031,9
1719420129.7688653,9
1719420133.8595324,9
1719420138.1247644,9
1719420142.273056,9
1719420146.3682015,9
1719420150.4858088,9
1719420154.5837028,9
1719420158.7337127,9
1719420163.1195164,9
1719420167.2117174,9
1719420171.3482301,9
1719420175.476882,9
1719420179.6453745,9
1719420183.803753,9
1719420188.0114477,9
1719420192.052555,9
1719420196.232997,9
1719420200.2703288,9
1719420204.6967502,9
1719420208.728287,9
1719420212.8147292,9
1719420217.0806718,9
1719420221.2607572,9
1719420225.3190663,9
1719420229.515153,9
1719420233.8657887,9
1719420238.0833626,9
1719420242.1168716,9
1719420246.406083,9
1719420250.645983,9
1719420254.8358245,9
1719420258.9232368,9
1719420263.0220969,9
1719420267.0409458,9
1719420271.2470615,9
1719420275.2559054,9
1719420279.5916789,9
1719420283.6963096,9
1719420287.906426,9
1719420292.0091739,9
1719420296.1234386,9
1719420300.389979,9
1719420304.5618546,9
1719420308.7643213,9
1719420312.9107938,9
1719420316.9093752,9
1719420321.166838,9
1719420325.2774746,9
1719420329.4601388,9
1719420333.6217883,9
1719420337.7395666,9
1719420341.866994,9
1719420346.090038,9
1719420350.0547056,9
1719420354.187209,9
1719420358.4155645,9
1719420362.5616834,9
1719420366.7248702,9
1719420370.8604138,9
1719420374.7735817,9
1719420378.9401436,9
1719420383.050138,9
1719420387.1682744,9
1719420391.2212842,9
1719420395.2620108,9
1719420399.4431665,9
1719420403.6892173,9
1719420407.7324672,9
1719420411.857676,9
1719420416.0386152,9
1719420420.1426623,9
1719420424.1991255,9
1719420428.232351,9
1719420432.443829,9
1719420436.6349497,9
1719420440.8534021,9
1719420445.0342505,9
1719420449.2848551,9
1719420453.4000075,9
1719420457.5264435,9
1719420461.6798427,9
1719420465.773418,9
1719420469.991145,9
1719420474.1093936,9
1719420478.2684455,9
1719420482.4101384,9
1719420486.5587163,9
1719420490.6104898,9
1719420494.7064517,9
1719420498.6833246,9
1719420502.765633,9
1719420506.809115,9
1719420510.9249039,9
1719420515.0720234,9
1719420519.279589,9
1719420523.3886871,9
1719420527.6804276,9
1719420531.836517,9
1719420536.0548553,9
1719420540.233616,9
1719420544.4206212,9
1719420548.4829557,9
1719420552.6417925,9
1719420556.7729151,9
1719420560.9035668,9
1719420565.0973263,9
1719420569.2981174,9
1719420573.5071037,9
1719420577.6410992,9
1719420581.629811,9
1719420585.8708527,9
1719420590.0526226,9
1719420594.1255724,9
1719420598.2043068,9
1719420602.2946784,9
1719420606.4613526,9
1719420610.650549,9
1719420614.707752,9
1719420618.9190433,9
1719420622.9913414,9
1719420627.1257908,9
1719420631.3399706,9
1719420635.4494848,9
1719420639.6434348,9
1719420643.555856,9
1719420647.7098563,9
1719420651.9160166,9
1719420655.999145,9
1719420660.139386,9
1719420664.2358508,9
1719420668.3361707,9
1719420672.4030628,9
1719420676.5468423,9
1719420680.7359147,9
1719420684.801698,9
1719420689.0643778,9
1719420693.3313656,9
1719420697.431272,9
1719420701.6830783,9
1719420705.8383276,9
1719420710.1050208,9
1719420714.3124063,9
1719420718.3690677,9
1719420722.3884785,9
1719420726.7786777,9
1719420730.7236083,9
1719420734.8922498,9
1719420738.9837174,9
1719420743.070963,9
1719420747.136164,9
1719420751.196329,9
1719420755.301397,9
1719420759.4303212,9
1719420763.5426042,9
1719420767.6403143,9
1719420771.896039,9
1719420776.0690315,9
1719420780.2721584,9
1719420784.3380198,9
1719420788.4289887,9
1719420792.4009867,9
1719420796.600128,9
1719420800.7920625,9
1719420804.8728437,9
1719420809.0022912,9
1719420813.267609,9
1719420817.4789145,9
1719420821.6499362,9
1719420825.8000605,9
1719420829.897316,9
1719420833.8756757,9
1719420838.0453644,9
1719420842.2976875,9
1719420846.460822,9
1719420850.5951269,9
1719420854.6499352,9
1719420858.720556,9
1719420862.922028,9
1719420866.9856267,9
1719420871.1372209,9
1719420875.3098364,9
1719420879.46217,9
1719420883.5848222,9
1719420887.680792,9
1719420891.78113,9
1719420895.9482276,9
1719420900.1602924,9
1719420904.2534027,9
1719420908.4225206,9
1719420912.4607532,9
1719420916.4371362,9
1719420920.5090055,9
1719420924.6237738,9
1719420928.720138,9
1719420932.9381416,9
1719420937.1192565,9
1719420941.2290308,9
1719420945.3223393,9
1719420949.427889,9
1719420953.4740124,9
1719420957.445195,9
1719420961.4905915,9
1719420965.709864,9
1719420969.8766582,9
1719420973.9775283,9
1719420978.0993986,9
1719420982.248139,9
1719420986.3665912,9
1719420990.5009975,9
1719420994.6089337,9
1719420998.6912189,9
1719421002.739752,9
1719421006.802228,9
1719421010.8986728,9
1719421014.9996967,9
1719421019.088678,9
1719421023.1862254,9
1719421027.3383229,9
1719421031.4122505,9
1719421035.5144143,9
1719421039.6565564,9
1719421043.6707602,9
1719421047.6692135,9
1719421051.6985712,9
1719421055.9063184,9
1719421060.0028791,9
1719421064.1682425,9
1719421068.2384572,9
1719421072.3761296,9
1719421076.414864,9
1719421080.5470717,9
1719421084.472172,9
1719421088.5705552,9
1719421092.6853027,9
1719421096.8317232,9
1719421100.8987749,9
1719421105.014525,9
1719421109.0770876,9
1719421113.16807,9
1719421117.3358002,9
1719421121.4720707,9
1719421125.41624,9
1719421129.3221743,9
1719421133.3806758,9
1719421137.6821575,9
1719421141.9412227,9
1719421146.001274,9
1719421150.1736279,9
1719421154.2501125,9
1719421158.3267345,9
1719421162.5571768,9
1719421166.5512455,9
1719421170.726136,9
1719421174.8523993,9
1719421179.018844,9
1719421183.444804,9
1719421187.5597215,9
1719421191.6270242,9
1719421195.6988006,9
1719421199.7827363,9
1719421203.9970393,9
1719421208.0893385,9
1719421212.2759995,9
1719421216.3589473,9
1719421220.4068215,9
1719421224.6164596,9
1719421228.7891712,9
1719421233.0408118,9
1719421237.135987,9
1719421241.2911282,9
1719421245.4231613,9
1719421249.5067444,9
1719421253.7051182,9
1719421257.8750787,9
1719421262.0901408,9
1719421266.2352016,9
1719421270.3758047,9
1719421274.5384934,9
1719421278.7094119,9
1719421282.8142774,9
1719421286.9298754,9
1719421291.0229137,9
1719421295.228764,9
1719421299.338281,9
1719421303.4234402,9
1719421307.5314634,9
1719421311.6648228,9
1719421315.7584572,9
1719421319.824971,9
1719421323.9134152,9
1719421327.9998693,9
1719421332.0737882,9
1719421336.0547042,9
1719421340.1234982,9
1719421344.2173953,9
1719421348.4093542,9
1719421352.590178,9
1719421356.6658583,9
1719421360.7624362,9
1719421364.8110325,9
1719421368.933208,9
1719421373.0834873,9
1719421376.8472857,9
1719421380.8825982,9
1719421385.13801,9
1719421389.3613172,9
1719421393.5357096,9
1719421397.6065648,9
1719421401.6573393,9
1719421405.7555757,9
1719421409.915464,9
1719421414.1184077,9
1719421418.126672,9
1719421422.2451289,9
1719421426.436973,9
1719421430.5953746,9
1719421434.7632737,9
1719421438.8667989,9
1719421443.1067827,9
1719421447.1533513,9
1719421451.2707217,9
1719421455.412506,9
1719421459.6780388,9
1719421463.7588723,9
1719421468.0248997,9
1719421472.113024,9
1719421476.273792,9
1719421480.3733363,9
1719421484.2903185,9
1719421488.4867895,9
1719421492.6219022,9
1719421496.669754,9
1719421500.8433216,9
1719421505.166452,9
1719421509.2211874,9
1719421513.2763658,9
1719421517.3425293,9
1719421521.4579673,9
1719421525.643836,9
1719421529.792924,9
1719421533.9459727,9
1719421537.9849617,9
1719421541.944034,9
1719421546.042052,9
1719421550.3821902,9
1719421554.5855556,9
1719421558.8002017,9
1719421562.9276304,9
1719421567.054574,9
1719421571.1435893,9
1719421575.334663,9
1719421579.4379013,9
1719421583.495565,9
1719421587.6012294,9
1719421591.7744415,9
1719421595.9425728,9
1719421600.1153643,9
1719421604.2812474,9
1719421608.4776497,9
1719421612.5732226,9
1719421616.6909842,9
1719421620.8038905,9
1719421624.9056363,9
1719421628.983704,9
1719421633.053976,9
1719421637.243379,9
1719421641.4715192,9
1719421645.6886775,9
1719421649.8503718,9
1719421653.8659706,9
1719421658.0579083,9
1719421662.1108325,9
1719421666.2580125,9
1719421670.413257,9
1719421674.434384,9
1719421678.5218892,9
1719421682.679331,9
1719421686.8165336,9
1719421691.0202093,9
1719421695.1278749,9
1719421699.365091,9
1719421703.5645537,9
1719421707.6340017,9
1719421711.7872107,9
1719421715.9435384,9
1719421719.984246,9
1719421724.131196,9
1719421728.3567426,9
1719421732.4819515,9
1719421736.6288223,9
1719421740.6992166,9
1719421744.8078792,9
1719421748.895266,9
1719421752.9654717,9
1719421757.0360155,9
1719421761.1818457,9
1719421765.242806,9
1719421769.2870927,9
1719421773.4319158,9
1719421777.5987148,9
1719421781.7397368,9
1719421785.79567,9
1719421789.9026635,9
1719421793.7920084,9
1719421797.8530695,9
1719421801.9317944,9
1719421806.0497384,9
1719421810.1293848,9
1719421814.271967,9
1719421818.3979976,9
1719421822.4784634,9
1719421826.5734851,9
1719421830.6780164,9
1719421834.6425524,9
1719421838.8336298,9
1719421842.8985155,9
1719421847.1025994,9
1719421851.1230955,9
1719421855.314463,9
1719421859.396058,9
1719421863.4694564,9
1719421867.6713028,9
1719421871.959836,9
1719421876.0778759,9
1719421880.2332308,9
1719421884.282312,9
1719421888.2422566,9
1719421892.4537628,9
1719421896.5489411,9
1719421900.6995964,9
1719421904.9349837,9
1719421908.998517,9
1719421913.1635625,9
1719421917.3898723,9
1719421921.5741284,9
1719421925.8243423,9
1719421929.9122212,9
1719421934.1448667,9
1719421938.2998366,9
1719421942.2679255,9
1719421946.46779,9
1719421950.564363,9
1719421954.7180073,9
1719421958.870098,9
1719421963.0206046,9
1719421967.2132964,9
1719421971.2824812,9
1719421975.3604448,9
1719421979.5609202,9
1719421983.593845,9
1719421987.6366973,9
1719421991.7308025,9
1719421995.9013324,9
1719421999.7409854,9
1719422003.7083313,9
1719422007.922462,9
1719422012.0160813,9
1719422015.9214814,9
1719422019.990107,9
1719422024.1506295,9
1719422028.2964642,9
1719422032.4159014,9
1719422036.5539277,9
1719422040.6728315,9
1719422044.6168625,9
1719422048.8055887,9
1719422052.880106,9
1719422057.0099294,9
1719422061.0700133,9
1719422065.1897914,9
1719422069.262877,9
1719422073.4527595,9
1719422077.5595167,9
1719422081.604166,9
1719422085.5720067,9
1719422089.75475,9
1719422093.929322,9
1719422098.0533721,9
1719422102.1157646,9
1719422106.2858818,9
1719422110.4863832,9
1719422114.5627909,9
1719422118.6712966,9
1719422122.871743,9
1719422127.084637,9
1719422131.205001,9
1719422135.4262123,9
1719422139.593059,9
1719422143.7650287,9
1719422147.8491971,9
1719422151.9320729,9
1719422156.1137414,9
1719422160.3327494,9
1719422164.5064886,9
1719422168.6705856,9
1719422172.755739,9
1719422176.6987703,9
1719422180.8599288,9
1719422184.9946978,9
1719422189.0408015,9
1719422193.234466,9
1719422197.4181747,9
1719422201.5208433,9
1719422205.746356,9
1719422209.91691,9
1719422214.086449,9
1719422218.2627711,9
1719422222.3159628,9
1719422226.4230902,9
1719422230.6826334,9
1719422234.6055477,9
1719422238.7055893,9
1719422242.8924277,9
1719422247.0407393,9
1719422251.2214456,9
1719422255.3356857,9
1719422259.5253112,9
1719422263.6491506,9
1719422267.7232177,9
1719422271.7855608,9
1719422275.9555612,9
1719422280.173387,9
1719422284.4214318,9
1719422288.5294118,9
1719422292.6491442,9
1719422296.5671353,9
1719422300.6482873,9
1719422304.7627208,9
1719422308.9056876,9
1719422312.9962306,9
1719422317.180132,9
1719422321.2739565,9
1719422325.4257717,9
1719422329.5681767,9
1719422333.844103,9
1719422338.046567,9
1719422342.2669287,9
1719422346.461374,9
1719422350.4271998,9
1719422354.656515,9
1719422358.583367,9
1719422362.6945233,9
1719422366.9322283,9
1719422371.0979247,9
1719422375.290474,9
1719422379.2133474,9
1719422383.4872384,9
1719422387.6178186,9
1719422391.8330417,9
1719422396.0113428,9
1719422400.1200922,9
1719422404.330992,9
1719422408.4237297,9
1719422412.5907898,9
1719422416.6642034,9
1719422420.6245518,9
1719422424.733366,9
1719422428.9475484,9
1719422433.138055,9
1719422437.2542598,9
1719422441.4614797,9
1719422445.6369736,9
1719422449.7969208,9
1719422453.9401329,9
1719422458.1550045,9
1719422462.108819,9
1719422466.2033508,9
1719422470.5801866,9
1719422474.7869213,9
1719422478.8953393,9
1719422483.014361,9
1719422487.1141913,9
1719422491.2464645,9
1719422495.3916793,9
1719422499.4726708,9
1719422503.5347543,9
1719422507.6857262,9
1719422511.8338368,9
1719422515.9812262,9
1719422520.0801785,9
1719422524.230269,9
1719422528.4157064,9
1719422532.5956724,9
1719422536.7904694,9
1719422541.013888,9
1719422545.1260889,9
1719422549.4382145,9
1719422553.5826392,9
1719422557.7124763,9
1719422561.8979976,9
1719422566.0176654,9
1719422570.0597048,9
1719422574.1546614,9
1719422578.296731,9
1719422582.518706,9
1719422586.6799493,9
1719422590.8363912,9
1719422595.1081505,9
1719422599.235047,9
1719422603.399586,9
1719422607.6574402,9
1719422611.6977715,9
1719422615.8455074,9
1719422619.8995235,9
1719422623.9595866,9
1719422628.1102355,9
1719422632.2473507,9
1719422636.3762863,9
1719422640.5251021,9
1719422644.5824232,9
1719422648.611443,9
1719422652.6275342,9
1719422656.6784372,9
1719422660.8804474,9
1719422664.9078894,9
1719422669.2704315,9
1719422673.5035274,9
1719422677.5827897,9
1719422681.6923847,9
1719422685.7736742,9
1719422690.0895698,9
1719422694.1914854,9
1719422698.314696,9
1719422702.412459,9
1719422706.5719867,9
1719422710.6854753,9
1719422714.7587168,9
1719422718.8488781,9
1719422723.004482,9
1719422727.1131809,9
1719422731.2344968,9
1719422735.5544596,9
1719422739.7058125,9
1719422743.7533054,9
1719422747.8503368,9
1719422751.9036424,9
1719422755.9693942,9
1719422760.2268312,9
1719422764.3924396,9
1719422768.4703574,9
1719422772.7796235,9
1719422776.9693713,9
1719422781.1117013,9
1719422785.1101415,9
1719422789.3905523,9
1719422793.3388371,9
1719422797.6785033,9
1719422801.7354972,9
1719422805.8276358,9
1719422810.061712,9
1719422814.1603405,9
1719422818.3221493,9
1719422822.5974276,9
1719422826.8118787,9
1719422831.0888605,9
1719422835.3013363,9
1719422839.451176,9
1719422843.5761566,9
1719422847.670608,9
1719422851.8467488,9
1719422855.9121358,9
1719422860.1050928,9
1719422864.325475,9
1719422868.4034889,9
1719422872.468802,9
1719422876.6914356,9
1719422880.7546046,9
1719422884.9291737,9
1719422889.14156,9
1719422893.4154928,9
1719422897.4973726,9
1719422901.7690094,9
1719422905.9212155,9
1719422909.9522617,9
1719422914.055366,9
1719422918.0979078,9
1719422922.1614237,9
1719422926.2142613,9
1719422930.41968,9
1719422934.506342,9
1719422938.6032326,9
1719422942.7649033,9
1719422946.937622,9
1719422950.9309103,9
1719422955.0139809,9
1719422959.052443,9
1719422963.039812,9
1719422967.151396,9
1719422971.205862,9
1719422975.295878,9
1719422979.4990356,9
1719422983.6165643,9
1719422987.759914,9
1719422991.9375014,9
1719422996.137065,9
1719423000.249041,9
1719423004.0752218,9
1719423008.1254137,9
1719423012.3352273,9
1719423016.269897,9
1719423020.450833,9
1719423024.5249264,9
1719423028.6481712,9
1719423032.7609818,9
1719423036.9989727,9
1719423041.134756,9
1719423045.2126126,9
1719423049.3486688,9
1719423053.527443,9
1719423057.6410258,9
1719423061.869713,9
1719423065.9980547,9
1719423070.0310504,9
1719423074.2578099,9
1719423078.3375885,9
1719423082.5351264,9
1719423086.6497035,9
1719423090.7227523,9
1719423094.800601,9
1719423098.8642886,9
1719423102.9373882,9
1719423107.0732574,9
1719423111.2768102,9
1719423115.38786,9
1719423119.6036956,9
1719423123.7944512,9
1719423127.8877509,9
1719423132.0259469,9
1719423136.1150339,9
1719423140.2959013,9
1719423144.3203197,9
1719423148.3905091,9
1719423152.6407106,9
1719423156.6825495,9
1719423160.7937093,9
1719423164.9105992,9
1719423169.1567867,9
1719423172.9183757,9
1719423176.9698713,9
1719423181.0899801,9
1719423185.2312207,9
1719423189.3618755,9
1719423193.522696,9
1719423197.702338,9
1719423201.8407626,9
1719423206.0242672,9
1719423210.1282613,9
1719423214.0605855,9
1719423218.1305037,9
1719423222.2907472,9
1719423226.4352524,9
1719423230.5435266,9
1719423234.6162767,9
1719423239.0351171,9
1719423243.1487103,9
1719423247.2432292,9
1719423251.2213414,9
1719423255.497449,9
1719423259.70602,9
1719423264.0639734,9
1719423268.2627451,9
1719423272.4341004,9
1719423276.6097822,9
1719423280.747253,9
1719423284.7133217,9
1719423288.804157,9
1719423293.0459518,9
1719423297.234219,9
1719423301.5022323,9
1719423305.5761728,9
1719423309.547971,9
1719423313.6646674,9
1719423317.8242333,9
1719423321.8907669,9
1719423326.0204713,9
1719423330.122843,9
1719423334.2864428,9
1719423338.374627,9
1719423342.5718553,9
1719423346.760806,9
1719423350.8308196,9
1719423355.0015914,9
1719423359.1602137,9
1719423363.3679235,9
1719423367.4986892,9
1719423371.623749,9
1719423375.7711482,9
1719423379.8900185,9
1719423384.003208,9
1719423388.2249784,9
1719423392.315849,9
1719423396.3292587,9
1719423400.436554,9
1719423404.6504958,9
1719423408.7807078,9
1719423412.91796,9
1719423417.0355248,9
1719423421.2424984,9
1719423425.4580574,9
1719423429.6909177,9
1719423433.922584,9
1719423438.0146508,9
1719423442.2131019,9
1719423446.3012068,9
1719423450.4769704,9
1719423454.6576555,9
1719423458.8505518,9
1719423462.7680156,9
1719423466.8655794,9
1719423471.0276704,9
1719423475.2281425,9
1719423479.4251218,9
1719423483.6428802,9
1719423487.8017962,9
1719423491.8780992,9
1719423495.8680675,9
1719423500.016108,9
1719423503.9574223,9
1719423508.0733945,9
1719423512.2151096,9
1719423516.374969,9
1719423520.5153036,9
1719423524.6520884,9
1719423529.0086627,9
1719423533.1053522,9
1719423537.3445892,9
1719423541.482124,9
1719423545.6260817,9
1719423549.7140021,9
1719423553.9340496,9
1719423558.100995,9
1719423562.2044475,9
1719423566.4504075,9
1719423570.5016518,9
1719423574.6631353,9
1719423578.8398125,9
1719423583.0725737,9
1719423587.269903,9
1719423591.6709526,9
1719423595.637524,9
1719423599.7917097,9
1719423603.9336195,9
1719423607.9001586,9
1719423612.1204615,9
1719423616.2842655,9
1719423620.4665937,9
1719423624.4904218,9
1719423628.4205492,9
1719423632.7478874,9
1719423636.8633833,9
1719423641.1200914,9
1719423645.159004,9
1719423649.2904704,9
1719423653.4650304,9
1719423657.6224046,9
1719423661.7023935,9
1719423665.859377,9
1719423669.8928583,9
1719423674.0235531,9
1719423678.166961,9
1719423682.2197256,9
1719423686.27087,9
1719423690.424587,9
1719423694.5819528,9
1719423698.802055,9
1719423702.8965228,9
1719423707.0450346,9
1719423711.1876497,9
1719423715.3301625,9
1719423719.51866,9
1719423723.6391394,9
1719423727.8048723,9
1719423732.007538,9
1719423736.0685573,9
1719423740.260218,9
1719423744.420134,9
1719423748.527661,9
1719423752.7811544,9
1719423756.9995687,9
1719423761.3188431,9
1719423765.3814561,9
1719423769.4949903,9
1719423773.6069002,9
1719423777.739734,9
1719423781.9053366,9
1719423786.0964258,9
1719423790.3572457,9
1719423794.4821117,9
1719423798.7907574,9
1719423802.8299687,9
1719423807.040089,9
1719423811.2948823,9
1719423815.1911342,9
1719423819.4877431,9
1719423823.603723,9
1719423827.687864,9
1719423831.762825,9
1719423835.909828,9
1719423839.936786,9
1719423843.9772186,9
1719423848.1143723,9
1719423852.2074337,9
1719423856.3427212,9
1719423860.4879768,9
1719423864.5581756,9
1719423868.8407462,9
1719423872.91215,9
1719423877.0208821,9
1719423881.2141323,9
1719423885.4455304,9
1719423889.619161,9
1719423893.7571952,9
1719423897.8461843,9
1719423902.004643,9
1719423906.123169,9
1719423910.1733298,9
1719423914.2487361,9
1719423918.4463532,9
1719423922.3531773,9
1719423926.5450876,9
1719423930.6746624,9
1719423934.90711,9
1719423939.019503,9
1719423943.3038552,9
1719423947.5324438,9
1719423951.6442764,9
1719423955.8682284,9
1719423959.9963512,9
1719423963.9483588,9
1719423968.0953152,9
1719423972.2338514,9
1719423976.3401523,9
1719423980.4539711,9
1719423984.5877125,9
1719423988.7083433,9
1719423992.8230917,9
1719423996.8939214,9
1719424001.1035504,9
1719424005.019927,9
1719424009.125855,9
1719424013.2870562,9
1719424017.4200907,9
1719424021.5104194,9
1719424025.7333028,9
1719424029.8209753,9
1719424033.8841543,9
1719424037.9672105,9
1719424042.0761504,9
1719424046.2210655,9
1719424050.2874813,9
1719424054.4461532,9
1719424058.619578,9
1719424062.751698,9
1719424066.8494895,9
1719424071.0446596,9
1719424075.268379,9
1719424079.5243394,9
1719424083.5561666,9
1719424087.737243,9
1719424091.9208763,9
1719424096.0795915,9
1719424100.2713766,9
1719424104.671469,9
1719424108.8778942,9
1719424113.0493097,9
1719424117.236097,9
1719424121.4224064,9
1719424125.502855,9
1719424129.5919073,9
1719424133.6125295,9
1719424137.8809547,9
1719424142.0565336,9
1719424146.2129567,9
1719424150.3022907,9
1719424154.362304,9
1719424158.5204685,9
1719424162.559083,9
1719424166.7064111,9
1719424170.8023162,9
1719424174.9844866,9
1719424179.2880259,9
1719424183.4159508,9
1719424187.7003584,9
1719424191.798027,9
1719424195.8676589,9
1719424199.8500206,9
1719424203.9566715,9
1719424208.0690525,9
1719424212.1224205,9
1719424216.092713,9
1719424220.2385745,9
1719424224.3802667,9
1719424228.6083572,9
1719424232.6551936,9
1719424236.6869211,9
1719424240.8338172,9
1719424244.854719,9
1719424249.038234,9
1719424253.2606137,9
1719424257.230893,9
1719424261.3258772,9
1719424265.4632094,9
1719424269.5530515,9
1719424273.6267722,9
1719424277.651267,9
1719424281.809508,9
1719424285.9371648,9
1719424290.0061893,9
1719424294.2695823,9
1719424298.1706443,9
1719424302.3217554,9
1719424306.4487596,9
1719424310.6669693,9
1719424314.8603115,9
1719424318.9737263,9
1719424323.095141,9
1719424327.2288356,9
1719424331.2362187,9
1719424335.3948784,9
1719424339.3392994,9
1719424343.4237247,9
1719424347.5332398,9
1719424351.58812,9
1719424355.6811492,9
1719424359.950765,9
1719424364.0953972,9
1719424368.139214,9
1719424372.267847,9
1719424376.4708602,9
1719424380.4274094,9
1719424384.6010373,9
1719424388.7537858,9
1719424392.7222772,9
1719424396.8297713,9
1719424400.9049542,9
1719424404.98376,9
1719424409.0809093,9
1719424413.1280434,9
1719424417.0975192,9
1719424421.1603596,9
1719424425.2710664,9
1719424429.3699236,9
1719424433.4657187,9
1719424437.6618757,9
1719424441.881699,9
1719424446.0192428,9
1719424450.0780616,9
1719424454.3949442,9
1719424458.6763034,9
1719424462.7695541,9
1719424466.735926,9
1719424470.9735744,9
1719424475.1342475,9
1719424479.3109012,9
1719424483.4671311,9
1719424487.5632262,9
1719424491.7760332,9
1719424495.8513458,9
1719424499.9361882,9
1719424504.156269,9
1719424508.0901177,9
1719424512.2576766,9
1719424516.349806,9
1719424520.4935522,9
1719424524.565317,9
1719424528.669188,9
1719424532.730058,9
1719424536.8983107,9
1719424541.014713,9
1719424545.2289014,9
1719424549.4042287,9
1719424553.6103556,9
1719424557.7212656,9
1719424561.8792436,9
1719424566.1211522,9
1719424570.2261794,9
1719424574.369361,9
1719424578.4812734,9
1719424582.646252,9
1719424586.879343,9
1719424590.9473224,9
1719424595.1527636,9
1719424599.2406642,9
1719424603.3129747,9
1719424607.386018,9
1719424611.4593995,9
1719424615.2661717,9
1719424619.493689,9
1719424623.5905807,9
1719424627.6066914,9
1719424631.721794,9
1719424635.9181054,9
1719424640.016166,9
1719424644.2224007,9
1719424648.1794596,9
1719424652.2862651,9
1719424656.2841473,9
1719424660.6543646,9
1719424664.7693684,9
1719424669.038843,9
1719424673.2203462,9
1719424677.293984,9
1719424681.4206212,9
1719424685.4504204,9
1719424689.6341841,9
1719424693.7604747,9
1719424697.6849031,9
1719424701.8404014,9
1719424706.0952425,9
1719424710.3358097,9
1719424714.5240993,9
1719424718.4872599,9
1719424722.6096742,9
1719424726.7442565,9
1719424730.9692378,9
1719424735.15697,9
1719424739.2937253,9
1719424743.4116216,9
1719424747.4437783,9
1719424751.5405655,9
1719424755.7167506,9
1719424759.9668903,9
1719424764.1980662,9
1719424768.4127355,9
1719424772.6116142,9
1719424776.8145537,9
1719424780.896919,9
1719424785.0550663,9
1719424789.232388,9
1719424793.384731,9
1719424797.4851758,9
1719424801.8046608,9
1719424805.9642394,9
1719424810.1200507,9
1719424814.2957582,9
1719424818.3511653,9
1719424822.375376,9
1719424826.4717782,9
1719424830.5398836,9
1719424834.477996,9
1719424838.643276,9
1719424842.732188,9
1719424846.8591611,9
1719424851.0347095,9
1719424855.1148195,9
1719424859.2221818,9
1719424863.3036516,9
1719424867.4952924,9
1719424871.544707,9
1719424875.7279592,9
1719424879.9128137,9
1719424884.053251,9
1719424888.2779667,9
1719424892.4560938,9
1719424896.573468,9
1719424900.665748,9
1719424904.916492,9
1719424908.995116,9
1719424913.0634325,9
1719424917.153694,9
1719424921.3520164,9
1719424925.448693,9
1719424929.5653205,9
1719424933.7636504,9
1719424937.8942173,9
1719424941.9740908,9
1719424946.0935376,9
1719424950.2326834,9
1719424954.4454484,9
1719424958.511844,9
1719424962.8044748,9
1719424967.0545828,9
1719424971.1584692,9
1719424975.322119,9
1719424979.4879222,9
1719424983.603501,9
1719424987.705787,9
1719424991.8553007,9
1719424995.9284651,9
1719425000.0991344,9
1719425004.184342,9
1719425008.3463733,9
1719425012.5143197,9
1719425016.6033447,9
1719425020.7941744,9
1719425025.0115376,9
1719425029.0963233,9
1719425033.310976,9
1719425037.3186054,9
1719425041.5341198,9
1719425045.5739176,9
1719425049.6692543,9
1719425053.827418,9
1719425057.9492276,9
1719425062.1140063,9
1719425066.2370608,9
1719425070.3203745,9
1719425074.3727412,9
1719425078.4315712,9
1719425082.567854,9
1719425086.7203615,9
1719425090.788916,9
1719425094.684565,9
1719425098.7722502,9
1719425102.8712895,9
1719425107.0601037,9
1719425111.1633,9
1719425115.2404816,9
1719425119.2698345,9
1719425123.4736168,9
1719425127.5614052,9
1719425131.6868398,9
1719425135.5757124,9
1719425139.7012095,9
1719425144.0135827,9
1719425148.1183367,9
1719425152.2634373,9
1719425156.417639,9
1719425160.4270635,9
1719425164.6636753,9
1719425168.7417502,9
1719425172.9091692,9
1719425176.9772503,9
1719425181.0900557,9
1719425185.1761537,9
1719425189.3764691,9
1719425193.5367336,9
1719425197.609438,9
1719425201.7411013,9
1719425205.8257751,9
1719425209.7915428,9
1719425213.825799,9
1719425217.9595168,9
1719425222.055699,9
1719425226.3146768,9
1719425230.3918664,9
1719425234.5305338,9
1719425238.8931813,9
1719425242.9755254,9
1719425247.1927135,9
1719425251.4486716,9
1719425255.517346,9
1719425259.5799263,9
1719425263.7176592,9
1719425267.8785436,9
1719425272.2315316,9
1719425276.7099726,9
1719425280.7959778,9
1719425284.9129093,9
1719425289.0945764,9
1719425293.318419,9
1719425297.6070676,9
1719425301.4816546,9
1719425305.5512521,9
1719425309.652894,9
1719425313.7251353,9
1719425317.8272088,9
1719425322.0455253,9
1719425326.167527,9
1719425330.3761725,9
1719425334.6063004,9
1719425338.5629737,9
1719425342.680589,9
1719425346.8311288,9
1719425350.966998,9
1719425355.067917,9
1719425359.1288722,9
1719425363.3159492,9
1719425367.4685395,9
1719425371.739437,9
1719425375.9083738,9
1719425380.1085892,9
1719425384.260163,9
1719425388.475504,9
1719425392.752985,9
1719425397.007782,9
1719425401.3509831,9
1719425405.3359888,9
1719425409.4108717,9
1719425413.5694485,9
1719425417.6679852,9
1719425421.7320776,9
1719425425.8240733,9
1719425429.9335341,9
1719425434.056677,9
1719425438.1005104,9
1719425442.2705514,9
1719425446.3435006,9
1719425450.472535,9
1719425454.8147073,9
1719425458.8645139,9
1719425462.9543664,9
1719425467.1038578,9
1719425471.2383301,9
1719425475.3682435,9
1719425479.5346467,9
1719425483.63015,9
1719425487.8716528,9
1719425491.964976,9
1719425496.1249735,9
1719425500.229228,9
1719425504.3175282,9
1719425508.4117067,9
1719425512.5038924,9
1719425516.5345972,9
1719425520.6641922,9
1719425524.7342906,9
1719425528.8666365,9
1719425532.9107552,9
1719425537.0017898,9
1719425541.0086157,9
1719425545.2332032,9
1719425549.2668138,9
1719425553.1765115,9
1719425557.1628332,9
1719425561.3950467,9
1719425565.662651,9
1719425569.7758243,9
1719425573.9453738,9
1719425578.1404326,9
1719425582.2705278,9
1719425586.3354902,9
1719425590.2568922,9
1719425594.2168586,9
1719425598.3215914,9
1719425602.4874823,9
1719425606.5856764,9
1719425610.699987,9
1719425614.7835543,9
1719425618.971406,9
1719425623.020619,9
1719425627.2656922,9
1719425631.5449133,9
1719425635.8986604,9
1719425639.9592009,9
1719425644.1250782,9
1719425648.209419,9
1719425652.3544016,9
1719425656.3490515,9
1719425660.4477975,9
1719425664.5298464,9
1719425668.5816765,9
1719425672.6385164,9
1719425676.7280083,9
1719425680.8242896,9
1719425684.933974,9
1719425689.0011685,9
1719425693.43195,9
1719425697.5161521,9
1719425701.8106377,9
1719425705.9275215,9
1719425709.821611,9
1719425714.0130367,9
1719425718.2540472,9
1719425722.326893,9
1719425726.264906,9
1719425730.3568366,9
1719425734.415121,9
1719425738.490797,9
1719425742.5466795,9
1719425746.6730747,9
1719425750.785936,9
1719425754.9343657,9
1719425758.9776824,9
1719425763.0462863,9
1719425767.1446602,9
1719425771.172386,9
1719425775.2371638,9
1719425779.3973114,9
1719425783.9127364,9
1719425787.953221,9
1719425792.1056824,9
1719425796.1658053,9
1719425800.3385336,9
1719425804.2339797,9
1719425808.4171507,9
1719425812.4924853,9
1719425816.58443,9
1719425820.7548587,9
1719425824.8402393,9
1719425828.9525068,9
1719425833.070539,9
1719425837.2627172,9
1719425841.3392663,9
1719425845.559627,9
1719425849.5869906,9
1719425853.7382016,9
1719425857.8139892,9
1719425861.9067416,9
1719425865.9540818,9
1719425870.063352,9
1719425874.140157,9
1719425878.1588628,9
1719425882.4359229,9
1719425886.6420224,9
1719425890.7361495,9
1719425894.900516,9
1719425899.0146718,9
1719425903.20713,9
1719425907.5876544,9
1719425911.8115048,9
1719425915.9184427,9
1719425920.0872915,9
1719425924.025438,9
1719425928.2625816,9
1719425932.5045521,9
1719425936.5606215,9
1719425940.7672331,9
1719425944.8161793,9
1719425948.8581223,9
1719425952.9372756,9
1719425956.947785,9
1719425961.0311048,9
1719425965.1242914,9
1719425969.42786,9
1719425973.5075881,9
1719425977.6597075,9
1719425981.8751757,9
1719425986.0339804,9
1719425990.2347188,9
1719425994.2958825,9
1719425998.3711343,9
1719426002.2748098,9
1719426006.3593123,9
1719426010.3742938,9
1719426014.6898525,9
1719426018.672703,9
1719426022.866643,9
1719426027.0024114,9
1719426031.0849342,9
1719426035.1445956,9
1719426039.1992707,9
1719426043.2563639,9
1719426047.5160627,9
1719426051.568399,9
1719426055.669224,9
1719426059.6792965,9
1719426063.7999535,9
1719426067.8138154,9
1719426071.875384,9
1719426075.9238732,9
1719426080.0409856,9
1719426084.095437,9
1719426088.3194308,9
1719426092.4366164,9
1719426096.3745203,9
1719426100.493124,9
1719426104.709888,9
1719426108.8362138,9
1719426112.9970021,9
1719426117.2014642,9
1719426121.2593665,9
1719426125.2860804,9
1719426129.476079,9
1719426133.6409404,9
1719426137.5719008,9
1719426141.6223993,9
1719426145.7031028,9
1719426149.7980354,9
1719426154.0177457,9
1719426158.1835842,9
1719426162.3454583,9
1719426166.4217403,9
1719426170.3764935,9
1719426174.462816,9
1719426178.673818,9
1719426182.7967658,9
1719426187.0167656,9
1719426191.164719,9
1719426195.4067407,9
1719426199.4405363,9
1719426203.5815659,9
1719426207.5819292,9
1719426211.7470975,9
1719426215.969112,9
1719426220.1519902,9
1719426224.21616,9
1719426228.3945417,9
1719426232.4617558,9
1719426236.4139452,9
1719426240.6526508,9
1719426244.804169,9
1719426248.8779905,9
1719426253.1205325,9
1719426257.3093185,9
1719426261.4209924,9
1719426265.6102962,9
1719426269.7127273,9
1719426273.8131287,9
1719426277.9597685,9
1719426282.1481106,9
1719426286.2157443,9
1719426290.2711933,9
1719426294.4115365,9
1719426298.4551258,9
1719426302.5949984,9
1719426306.5658598,9
1719426310.59433,9
1719426314.641646,9
1719426318.7284973,9
1719426322.7499888,9
1719426326.8253675,9
1719426330.8158207,9
1719426334.9060984,9
1719426338.9229212,9
1719426343.0692713,9
1719426347.1865792,9
1719426351.2706153,9
1719426355.2249293,9
1719426359.6579673,9
1719426363.729228,9
1719426367.84756,9
1719426371.8719373,9
1719426376.13914,9
1719426380.209192,9
1719426384.459903,9
1719426388.6041155,9
1719426392.685069,9
1719426396.7618194,9
1719426400.9240339,9
1719426404.9615605,9
1719426409.1220107,9
1719426413.187615,9
1719426417.3874905,9
1719426421.5856564,9
1719426425.78442,9
1719426429.9598815,9
1719426434.1695957,9
1719426438.2521167,9
1719426442.3481266,9
1719426446.7913573,9
1719426450.9066596,9
1719426455.0596483,9
1719426459.2460744,9
1719426463.3073125,9
1719426467.4474916,9
1719426471.82899,9
1719426476.0208707,9
1719426480.0976377,9
1719426484.4863458,9
1719426488.6401553,9
1719426492.7182186,9
1719426496.8288176,9
1719426501.093878,9
1719426505.1223233,9
1719426509.2658556,9
1719426513.248214,9
1719426517.1799698,9
1719426521.3734276,9
1719426525.4835324,9
1719426529.679924,9
1719426533.8218598,9
1719426537.9835944,9
1719426542.1504917,9
1719426546.3738348,9
1719426550.495416,9
1719426554.6947837,9
1719426558.6826382,9
1719426562.6977034,9
1719426566.8417666,9
1719426570.939829,9
1719426575.0350208,9
1719426579.0960305,9
1719426583.2534668,9
1719426587.4655304,9
1719426591.536222,9
1719426595.5858948,9
1719426599.604801,9
1719426603.6782844,9
1719426607.7484303,9
1719426611.861028,9
1719426615.9581726,9
1719426619.9696608,9
1719426624.1209514,9
1719426628.1051085,9
1719426632.1897204,9
1719426636.2044904,9
1719426640.3731475,9
1719426644.450494,9
1719426648.5887122,9
1719426652.6687105,9
1719426656.8571875,9
1719426660.9607928,9
1719426665.1244557,9
1719426669.214434,9
1719426673.4847345,9
1719426677.3585246,9
1719426681.4572847,9
1719426685.3513014,9
1719426689.5443516,9
1719426693.6663651,9
1719426697.9293437,9
1719426702.075693,9
1719426706.1596656,9
1719426710.4562597,9
1719426714.5613945,9
1719426718.6272564,9
1719426722.689654,9
1719426726.6110315,9
1719426730.6890507,9
1719426734.7481637,9
1719426738.7651381,9
1719426742.6482503,9
1719426746.8317378,9
1719426750.9976807,9
1719426755.0634809,9
1719426759.1228545,9
1719426763.1470773,9
1719426767.26889,9
1719426771.342486,9
1719426775.4696772,9
1719426779.6127913,9
1719426783.6111217,9
1719426787.6827786,9
1719426791.7204733,9
1719426795.8278446,9
1719426799.9128397,9
1719426804.0343256,9
1719426808.1098154,9
1719426812.2625542,9
1719426816.3335211,9
1719426820.4993947,9
1719426824.6595597,9
1719426828.7545984,9
1719426832.797653,9
1719426836.996858,9
1719426840.97882,9
1719426845.0811281,9
1719426849.089114,9
1719426853.0052118,9
1719426857.1361654,9
1719426861.2557607,9
1719426865.3496811,9
1719426869.5414171,9
1719426873.6848552,9
1719426877.7285125,9
1719426881.8063943,9
1719426885.9075208,9
1719426890.022392,9
1719426893.9739604,9
1719426898.0209055,9
1719426902.185436,9
1719426906.2499135,9
1719426910.3515217,9
1719426914.5184808,9
1719426918.6264045,9
1719426922.7356124,9
1719426926.9080637,9
1719426931.0358865,9
1719426935.1585758,9
1719426939.275767,9
1719426943.3630846,9
1719426947.4085047,9
1719426951.5797555,9
1719426955.7982717,9
1719426959.8449917,9
1719426964.0044556,9
1719426968.1488469,9
1719426972.2266793,9
1719426976.3848448,9
1719426980.4921691,9
1719426984.6766026,9
1719426988.785748,9
1719426993.0763378,9
1719426997.0638454,9
1719427001.145199,9
1719427005.273314,9
1719427009.4684718,9
1719427013.5363967,9
1719427017.6786196,9
1719427021.8366342,9
1719427026.1945934,9
1719427030.2163737,9
1719427034.4182274,9
1719427038.5677016,9
1719427042.7628765,9
1719427046.9764967,9
1719427051.0847456,9
1719427055.2768602,9
1719427059.411628,9
1719427063.3458726,9
1719427067.5887527,9
1719427071.690505,9
1719427075.792142,9
1719427080.0518494,9
1719427084.06883,9
1719427088.2331827,9
1719427092.439818,9
1719427096.583321,9
1719427100.6273584,9
1719427104.5410173,9
1719427108.8142061,9
1719427113.0048697,9
1719427117.0886807,9
1719427121.1938024,9
1719427125.4628756,9
1719427129.5711286,9
1719427133.8487215,9
1719427137.9642162,9
1719427142.073692,9
1719427145.9868364,9
1719427150.234272,9
1719427154.306797,9
1719427158.3447423,9
1719427162.406325,9
1719427166.603748,9
1719427170.8603492,9
1719427174.9403644,9
1719427179.0918696,9
1719427183.3295708,9
1719427187.4327803,9
1719427191.624698,9
1719427195.7196648,9
1719427199.8976183,9
1719427204.0198052,9
1719427208.1985056,9
1719427212.3728282,9
1719427216.4592478,9
1719427220.6658607,9
1719427224.7788181,9
1719427228.9244134,9
1719427233.0291927,9
1719427237.2312427,9
1719427241.4071515,9
1719427245.6680462,9
1719427249.8590982,9
1719427253.7685788,9
1719427257.877836,9
1719427262.1020982,9
1719427266.3232896,9
1719427270.3703194,9
1719427274.4741817,9
1719427278.6174908,9
1719427282.8331656,9
1719427286.9570398,9
1719427291.2849808,9
1719427295.400262,9
1719427299.526865,9
1719427303.64851,9
1719427307.809096,9
1719427311.8918424,9
1719427315.8056655,9
1719427319.935812,9
1719427324.04259,9
1719427328.2129586,9
1719427332.4412231,9
1719427336.6064532,9
1719427340.7979872,9
1719427344.9662247,9
1719427349.0789945,9
1719427353.1648195,9
1719427357.1466818,9
1719427361.214753,9
1719427365.3630662,9
1719427369.4327219,9
1719427373.6495032,9
1719427378.0004942,9
1719427382.1328008,9
1719427386.2778325,9
1719427390.4840608,9
1719427394.6283286,9
1719427398.7784035,9
1719427402.8650107,9
1719427406.9923193,9
1719427411.249315,9
1719427415.3198435,9
1719427419.397488,9
1719427423.695013,9
1719427427.7712886,9
1719427431.8078215,9
1719427435.9949572,9
1719427440.1221812,9
1719427444.2569366,9
1719427448.4317918,9
1719427452.4622974,9
1719427456.6449227,9
1719427460.6776412,9
1719427464.7104497,9
1719427468.8174505,9
1719427472.971704,9
1719427477.1003122,9
1719427481.354233,9
1719427485.410792,9
1719427490.004474,9
1719427494.1357064,9
1719427498.3103654,9
1719427502.4230251,9
1719427506.6097755,9
1719427510.759063,9
1719427514.858118,9
1719427519.0741627,9
1719427523.3503337,9
1719427527.5335424,9
1719427531.698357,9
1719427536.2260559,9
1719427540.436789,9
1719427544.5193784,9
1719427548.685314,9
1719427552.6810896,9
1719427556.7613168,9
1719427560.9624038,9
1719427565.1822224,9
1719427569.4470806,9
1719427573.6693697,9
1719427577.7954266,9
1719427581.8537621,9
1719427586.0657656,9
1719427590.0651755,9
1719427593.9691458,9
1719427598.1046855,9
1719427602.1951497,9
1719427606.2911882,9
1719427610.244788,9
1719427614.3874626,9
1719427618.5327554,9
1719427622.7337105,9
1719427626.8212397,9
1719427630.9573693,9
1719427635.1104038,9
1719427639.2248716,9
1719427643.35292,9
1719427647.3826983,9
1719427651.513385,9
1719427655.7281005,9
1719427659.8920143,9
1719427664.0885286,9
1719427668.0105891,9
1719427672.136344,9
1719427676.1251836,9
1719427680.224117,9
1719427684.3541937,9
1719427688.5257244,9
1719427692.6293094,9
1719427696.8294241,9
1719427700.962173,9
1719427705.1665077,9
1719427709.2623663,9
1719427713.4209545,9
1719427717.5183253,9
1719427721.7607512,9
1719427725.9091885,9
1719427730.0728405,9
1719427734.184248,9
1719427738.2855868,9
1719427742.44515,9
1719427746.7026772,9
1719427750.7186,9
1719427754.9120176,9
1719427759.129675,9
1719427763.2500865,9
1719427767.3231225,9
1719427771.458846,9
1719427775.5613744,9
1719427779.7776237,9
1719427783.979127,9
1719427788.109599,9
1719427792.2654567,9
1719427796.4035485,9
1719427800.5183012,9
1719427804.7276797,9
1719427808.7822268,9
1719427813.0094485,9
1719427817.1303885,9
1719427821.232652,9
1719427825.4003851,9
1719427829.4944818,9
1719427833.8744903,9
1719427837.7644691,9
1719427841.8543267,9
1719427845.9116442,9
1719427850.075892,9
1719427854.1804893,9
1719427858.26634,9
1719427862.179854,9
1719427866.2460086,9
1719427870.422595,9
1719427874.4455898,9
1719427878.6607966,9
1719427882.7657378,9
1719427886.8534906,9
1719427890.9694858,9
1719427894.9855995,9
1719427899.011235,9
1719427902.9910595,9
1719427907.0186367,9
1719427910.9546974,9
1719427914.9718416,9
1719427919.1594136,9
1719427923.260609,9
1719427927.3305547,9
1719427931.3755577,9
1719427935.4867275,9
1719427939.545515,9
1719427943.739546,9
1719427947.8887186,9
1719427952.0568328,9
1719427956.1770918,9
1719427960.3192005,9
1719427964.5379326,9
1719427969.007631,9
1719427973.1419356,9
1719427977.3081503,9
1719427981.3146293,9
1719427985.5366967,9
1719427989.4103904,9
1719427993.610343,9
1719427997.7328537,9
1719428001.8426895,9
1719428005.8952162,9
1719428009.968927,9
1719428014.0983765,9
1719428018.157872,9
1719428022.24166,9
1719428026.3044674,9
1719428030.3513527,9
1719428034.5080926,9
1719428038.657649,9
1719428042.8956628,9
1719428047.0468097,9
1719428051.2031648,9
1719428055.1046896,9
1719428059.2566593,9
1719428063.4062726,9
1719428067.4592764,9
1719428071.541557,9
1719428075.6265638,9
1719428079.6342113,9
1719428083.7114253,9
1719428087.8002586,9
1719428092.010973,9
1719428096.008671,9
1719428100.1439745,9
1719428104.1855135,9
1719428108.3386047,9
1719428112.431686,9
1719428116.6039276,9
1719428120.7340004,9
1719428124.8278515,9
1719428128.9074562,9
1719428133.0594687,9
1719428137.1262898,9
1719428141.3419108,9
1719428145.4609716,9
1719428149.597111,9
1719428153.9419446,9
1719428158.1104548,9
1719428162.2309115,9
1719428166.35697,9
1719428170.535441,9
1719428174.7195807,9
1719428178.7832954,9
1719428182.8714812,9
1719428186.9903831,9
1719428191.1723356,9
1719428195.1849344,9
1719428199.311805,9
1719428203.3801594,9
1719428207.5342312,9
1719428211.618588,9
1719428215.6359668,9
1719428219.6770835,9
1719428223.8731592,9
1719428227.882793,9
1719428232.08761,9
1719428236.0102966,9
1719428240.239465,9
1719428244.2597775,9
1719428248.3917506,9
1719428252.5124898,9
1719428256.5196974,9
1719428260.6250997,9
1719428264.6944058,9
1719428268.8955984,9
1719428272.8453104,9
1719428276.7791715,9
1719428280.883245,9
1719428284.9322248,9
1719428289.2693005,9
1719428293.41769,9
1719428297.651056,9
1719428301.835273,9
1719428306.010629,9
1719428310.2729285,9
1719428314.4445198,9
1719428318.5558298,9
1719428322.7412045,9
1719428326.8756304,9
1719428330.978282,9
1719428334.91182,9
1719428339.0040576,9
1719428343.17561,9
1719428347.2932706,9
1719428351.32979,9
1719428355.3825707,9
1719428359.406961,9
1719428363.5156224,9
1719428367.580305,9
1719428371.8352795,9
1719428376.0059354,9
1719428380.27752,9
1719428384.339837,9
1719428388.5629277,9
1719428392.7561285,9
1719428396.8230681,9
1719428400.9646974,9
1719428405.1341352,9
1719428409.1533635,9
1719428413.2483594,9
1719428417.2910664,9
1719428421.4204843,9
1719428425.6507742,9
1719428429.7793803,9
1719428433.9264107,9
1719428438.1071775,9
1719428442.2197006,9
1719428446.1422913,9
1719428450.2235181,9
1719428454.425608,9
1719428458.5221462,9
1719428462.5913887,9
1719428466.7729092,9
1719428470.7956884,9
1719428474.6555085,9
1719428478.7984684,9
1719428482.8760476,9
1719428487.0107052,9
1719428491.112028,9
1719428495.1915774,9
1719428499.291581,9
1719428503.4012184,9
1719428507.4155385,9
1719428511.630079,9
1719428515.773008,9
1719428519.8696532,9
1719428523.961828,9
1719428528.0172894,9
1719428532.1097562,9
1719428536.2534845,9
1719428540.3455248,9
1719428544.4414103,9
1719428548.6731205,9
1719428552.8678489,9
1719428556.8590171,9
1719428560.9957666,9
1719428565.1438293,9
1719428569.2128026,9
1719428573.2885778,9
1719428577.3883584,9
1719428581.5114467,9
1719428585.5913918,9
1719428589.664461,9
1719428593.8008811,9
1719428597.8813407,9
1719428602.0223095,9
1719428606.0504625,9
1719428610.1105697,9
1719428613.9554827,9
1719428618.060672,9
1719428622.1726422,9
1719428626.2750945,9
1719428630.3510165,9
1719428634.5866134,9
1719428638.6560998,9
1719428642.7003534,9
1719428646.7575614,9
1719428650.9481506,9
1719428654.8573828,9
1719428658.9884787,9
1719428663.0551307,9
1719428667.193649,9
1719428671.398654,9
1719428675.6380656,9
1719428679.802671,9
1719428684.0668278,9
1719428688.1211514,9
1719428692.4115882,9
1719428696.3580549,9
1719428700.4862947,9
1719428704.637732,9
1719428708.7979362,9
1719428712.9113126,9
1719428717.106016,9
1719428721.2360122,9
1719428725.3373954,9
1719428729.4212668,9
1719428733.6348226,9
1719428737.746974,9
1719428741.852574,9
1719428746.0087123,9
1719428750.109605,9
1719428754.181973,9
1719428758.3305397,9
1719428762.405959,9
1719428766.7746704,9
1719428770.8427372,9
1719428774.951018,9
1719428779.042623,9
1719428783.1036348,9
1719428787.1257427,9
1719428791.2252934,9
1719428795.317902,9
1719428799.445209,9
1719428803.5588129,9
1719428807.761728,9
1719428811.8107758,9
1719428815.9084475,9
1719428819.9534948,9
1719428823.9510849,9
1719428828.003679,9
1719428832.1425698,9
1719428836.2148387,9
1719428840.1024404,9
1719428844.4909666,9
1719428848.5711327,9
1719428852.7460165,9
1719428856.8864765,9
1719428861.082824,9
1719428865.289213,9
1719428869.215034,9
1719428873.3736668,9
1719428877.5447035,9
1719428881.6306322,9
1719428885.622463,9
1719428889.7283278,9
1719428893.9321525,9
1719428898.0425024,9
1719428902.1087117,9
1719428906.3192458,9
1719428910.503587,9
1719428914.6210983,9
1719428918.8354294,9
1719428923.0314534,9
1719428927.14684,9
1719428931.2389982,9
1719428935.4054196,9
1719428939.4710205,9
1719428943.596619,9
1719428947.6589866,9
1719428951.7698267,9
1719428955.8928478,9
1719428959.8918908,9
1719428963.9791837,9
1719428968.131998,9
1719428972.1952875,9
1719428976.2321858,9
1719428980.4428155,9
1719428984.5288756,9
1719428988.6466,9
1719428992.6637328,9
1719428996.7079973,9
1719429000.8269746,9
1719429004.9450521,9
1719429009.01182,9
1719429013.1092026,9
1719429017.1611395,9
1719429021.125563,9
1719429025.2174387,9
1719429029.317467,9
1719429033.2167451,9
1719429037.1642356,9
1719429041.3218377,9
1719429045.413139,9
1719429049.5880926,9
1719429053.8661602,9
1719429057.9153607,9
1719429061.9838545,9
1719429066.0597546,9
1719429070.2612813,9
1719429074.2193613,9
1719429078.2972999,9
1719429082.3495347,9
1719429086.4445817,9
1719429090.6330013,9
1719429094.7148645,9
1719429098.8605397,9
1719429102.9404476,9
1719429107.0197408,9
1719429111.0927832,9
1719429115.1730518,9
1719429119.3465157,9
1719429123.419068,9
1719429127.4335232,9
1719429131.5567534,9
1719429135.7829716,9
1719429139.866634,9
1719429144.0168288,9
1719429148.0856519,9
1719429152.3385098,9
1719429156.5100648,9
1719429160.644576,9
1719429164.8895974,9
1719429169.0831757,9
1719429173.282559,9
1719429177.4890082,9
1719429181.5106833,9
1719429185.7173374,9
1719429189.8746111,9
1719429194.0412714,9
1719429198.2472699,9
1719429202.31405,9
1719429206.534065,9
1719429210.6561568,9
1719429214.7872913,9
1719429218.8969223,9
1719429222.9956112,9
1719429226.9047322,9
1719429231.0112803,9
1719429235.110228,9
1719429239.453128,9
1719429243.3831182,9
1719429247.7335298,9
1719429251.8177114,9
1719429255.9775906,9
1719429260.073838,9
1719429264.1125593,9
1719429268.1352677,9
1719429272.1492665,9
1719429276.336448,9
1719429280.5185666,9
1719429284.6284451,9
1719429288.776861,9
1719429292.832991,9
1719429296.8840203,9
1719429301.0511954,9
1719429305.1850042,9
1719429309.3363154,9
1719429313.430002,9
1719429317.6593559,9
1719429321.818511,9
1719429325.931417,9
1719429330.0498722,9
1719429334.1682353,9
1719429338.258669,9
1719429342.3153136,9
1719429346.3878374,9
1719429350.4869928,9
1719429354.5333495,9
1719429358.66902,9
1719429362.847977,9
1719429367.0664544,9
1719429371.3105595,9
1719429375.6568305,9
1719429379.8886137,9
1719429384.0615265,9
1719429388.3255384,9
1719429392.4051588,9
1719429396.388362,9
1719429400.5423818,9
1719429404.617359,9
1719429408.7953749,9
1719429412.902725,9
1719429416.9662795,9
1719429421.0235748,9
1719429425.2533054,9
1719429429.3553715,9
1719429433.4004593,9
1719429437.5403268,9
1719429441.6254234,9
1719429445.7583067,9
1719429449.98068,9
1719429454.1411273,9
1719429458.2887037,9
1719429462.4884963,9
1719429466.58281,9
1719429470.7469912,9
1719429474.942673,9
1719429478.9988475,9
1719429483.0492015,9
1719429487.1191034,9
1719429491.1695216,9
1719429495.3162444,9
1719429499.4472327,9
1719429503.5223708,9
1719429507.6802306,9
1719429511.8536906,9
1719429515.992001,9
1719429520.2111397,9
1719429524.3035176,9
1719429528.4182782,9
1719429532.5014904,9
1719429536.2787719,9
1719429540.404355,9
1719429544.448278,9
1719429548.5661023,9
1719429552.7686281,9
1719429556.9080527,9
1719429560.9760656,9
1719429565.192146,9
1719429569.3632746,9
1719429573.5317993,9
1719429577.5217328,9
1719429581.6912074,9
1719429585.7050679,9
1719429589.8084733,9
1719429593.9860375,9
1719429598.022831,9
1719429602.1965659,9
1719429606.2713532,9
1719429610.445831,9
1719429614.5454016,9
1719429618.7362847,9
1719429622.9358978,9
1719429627.0595737,9
1719429631.1022477,9
1719429635.1914895,9
1719429639.3704202,9
1719429643.554341,9
1719429647.737865,9
1719429651.97504,9
1719429656.1100225,9
1719429660.4369988,9
1719429664.6238487,9
1719429668.7277281,9
1719429672.9620583,9
1719429677.0363781,9
1719429681.208126,9
1719429685.4850802,9
1719429689.5641418,9
1719429693.5582807,9
1719429697.8248715,9
1719429702.0398765,9
1719429706.0605397,9
1719429710.266395,9
1719429714.3025076,9
1719429718.3529024,9
1719429722.3445034,9
1719429726.5509274,9
1719429730.6135366,9
1719429734.76168,9
1719429738.9514053,9
1719429743.146696,9
1719429747.2282288,9
1719429751.3642623,9
1719429755.4961421,9
1719429759.7440026,9
1719429763.9014618,9
1719429768.1965435,9
1719429772.3854637,9
1719429776.469074,9
1719429780.6552978,9
1719429784.8166373,9
1719429788.9241703,9
1719429793.2088656,9
1719429797.3762455,9
1719429801.5108984,9
1719429805.6119132,9
1719429809.7065327,9
1719429813.7379806,9
1719429817.9225924,9
1719429821.997458,9
1719429826.0916572,9
1719429830.2005165,9
1719429834.5664105,9
1719429838.6310644,9
1719429842.8172574,9
1719429847.0016775,9
1719429851.3444867,9
1719429855.521118,9
1719429859.6702144,9
1719429863.8229313,9
1719429867.7968574,9
1719429871.9523687,9
1719429876.053304,9
1719429880.2084136,9
1719429884.331466,9
1719429888.5100374,9
1719429892.665003,9
1719429896.858763,9
1719429901.0257263,9
1719429905.2016537,9
1719429909.1284711,9
1719429913.3342776,9
1719429917.5439494,9
1719429921.6200027,9
1719429925.7548337,9
1719429929.8347518,9
1719429934.197014,9
1719429938.4404323,9
1719429942.6796513,9
1719429946.8937142,9
1719429950.970416,9
1719429955.2332485,9
1719429959.4122539,9
1719429963.472708,9
1719429967.673612,9
1719429971.812039,9
1719429975.9251707,9
1719429980.0296135,9
1719429984.2119954,9
1719429988.2504764,9
1719429992.491061,9
1719429996.6447659,9
1719430000.6650035,9
1719430004.8986297,9
1719430009.1169658,9
1719430013.1990578,9
1719430017.1338007,9
1719430021.258231,9
1719430025.4096823,9
1719430029.5613658,9
1719430033.6806724,9
1719430037.8008738,9
1719430041.9403512,9
1719430046.0789049,9
1719430050.199561,9
1719430054.274813,9
1719430058.3778524,9
1719430062.543106,9
1719430066.777133,9
1719430071.0365186,9
1719430075.0610275,9
1719430079.1749537,9
1719430083.3626182,9
1719430087.4496763,9
1719430091.6131387,9
1719430095.7444472,9
1719430099.9190288,9
1719430104.09568,9
1719430108.2727184,9
1719430112.36011,9
1719430116.473577,9
1719430120.613259,9
1719430124.7367818,9
1719430128.8508148,9
1719430132.9553542,9
1719430136.9774458,9
1719430141.0203145,9
1719430144.9456248,9
1719430149.013035,9
1719430153.1641097,9
1719430157.2880855,9
1719430161.4668186,9
1719430165.5669327,9
1719430169.6997817,9
1719430173.7056358,9
1719430177.771361,9
1719430181.918165,9
1719430186.0079439,9
1719430190.1923711,9
1719430194.4038343,9
1719430198.5555127,9
1719430202.4231088,9
1719430206.686088,9
1719430210.8595407,9
1719430215.0076976,9
1719430219.1081617,9
1719430223.5011003,9
1719430227.5535154,9
1719430231.77872,9
1719430235.9239748,9
1719430240.2479258,9
1719430244.1659453,9
1719430248.5756352,9
1719430252.5682313,9
1719430256.7996829,9
1719430260.9995606,9
1719430265.31232,9
1719430269.482784,9
1719430273.8377001,9
1719430278.0415864,9
1719430282.3138928,9
1719430286.2623725,9
1719430290.58539,9
1719430294.6300068,9
1719430298.8880754,9
1719430303.0361807,9
1719430307.2497742,9
1719430311.4367366,9
1719430315.6856763,9
1719430319.7372208,9
1719430323.8983235,9
1719430327.809451,9
1719430331.986623,9
1719430336.1095362,9
1719430340.2828703,9
1719430344.410011,9
1719430348.6789384,9
1719430352.679379,9
1719430356.9200497,9
1719430361.0587761,9
1719430365.4141715,9
1719430369.40268,9
1719430373.5604959,9
1719430377.6703877,9
1719430381.9942853,9
1719430386.0776465,9
1719430390.3398688,9
1719430394.4054859,9
1719430398.5750608,9
1719430402.7884257,9
1719430406.970281,9
1719430411.1895232,9
1719430415.4957345,9
1719430419.4510798,9
1719430423.786015,9
1719430428.0171504,9
1719430432.2678423,9
1719430436.4815862,9
1719430440.825883,9
1719430445.0911214,9
1719430449.3194168,9
1719430453.4367182,9
1719430457.621284,9
1719430461.7921143,9
1719430466.0288973,9
1719430470.1524773,9
1719430474.3665376,9
1719430478.3804767,9
1719430482.5748296,9
1719430486.7433224,9
1719430491.0394988,9
1719430495.1071563,9
1719430499.3451352,9
1719430503.470347,9
1719430507.6903594,9
1719430512.0545855,9
1719430516.3409069,9
1719430520.3938572,9
1719430524.5562618,9
1719430528.719021,9
1719430532.856676,9
1719430537.0345864,9
1719430541.1597562,9
1719430545.2700531,9
1719430549.3881257,9
1719430553.495536,9
1719430557.550808,9
1719430561.6503017,9
1719430565.702408,9
1719430570.004801,9
1719430574.0259504,9
1719430578.152974,9
1719430582.2809834,9
1719430586.3902786,9
1719430590.5310404,9
1719430594.787394,9
1719430598.9107804,9
1719430603.2075915,9
1719430607.4120522,9
1719430611.4811437,9
1719430615.622765,9
1719430619.861637,9
1719430623.9530118,9
1719430628.0464973,9
1719430632.1421337,9
1719430636.3221421,9
1719430640.4133706,9
1719430644.4865432,9
1719430648.6355634,9
1719430652.8032737,9
1719430656.9959543,9
1719430661.1772215,9
1719430665.3809924,9
1719430669.5258439,9
1719430673.7573142,9
1719430677.842192,9
1719430682.1322668,9
1719430686.239302,9
1719430690.2897587,9
1719430694.473777,9
1719430698.484315,9
1719430702.5811455,9
1719430706.6739144,9
1719430710.8788698,9
1719430714.9916306,9
1719430719.121408,9
1719430723.2820544,9
1719430727.5545833,9
1719430731.646345,9
1719430735.726048,9
1719430739.9498885,9
1719430744.0189013,9
1719430748.0047412,9
1719430752.1524935,9
1719430756.403536,9
1719430760.5657418,9
1719430764.7031562,9
1719430768.8766248,9
1719430773.1036067,9
1719430777.0940497,9
1719430781.2128599,9
1719430785.3731596,9
1719430789.329143,9
1719430793.4545405,9
1719430797.6227746,9
1719430801.7297685,9
1719430805.6836329,9
1719430809.8576076,9
1719430813.9761736,9
1719430818.196056,9
1719430822.368667,9
1719430826.557077,9
1719430830.56749,9
1719430834.731679,9
1719430838.9580271,9
1719430843.0084639,9
1719430847.12912,9
1719430851.2377777,9
1719430855.224802,9
1719430859.332354,9
1719430863.477818,9
1719430867.6070495,9
1719430871.5882988,9
1719430875.7225735,9
1719430879.856954,9
1719430883.9246867,9
1719430888.1606038,9
1719430892.2520049,9
1719430896.3074312,9
1719430900.5000458,9
1719430904.621572,9
1719430908.7945411,9
1719430912.8389418,9
1719430916.993876,9
1719430921.1219146,9
1719430925.2585847,9
1719430929.3451023,9
1719430933.5963583,9
1719430937.7236388,9
1719430941.9152691,9
1719430946.1235652,9
1719430950.4119458,9
1719430954.758659,9
1719430959.011818,9
1719430963.1327205,9
1719430967.2649686,9
1719430971.382764,9
1719430975.5368807,9
1719430979.6359322,9
1719430983.791272,9
1719430987.928216,9
1719430992.1075196,9
1719430996.2661862,9
1719431000.4525144,9
1719431004.6890967,9
1719431008.9728096,9
1719431013.2009854,9
1719431017.0778828,9
1719431021.1642506,9
1719431025.3057945,9
1719431029.7218556,9
1719431033.9255056,9
1719431038.0432334,9
1719431042.111616,9
1719431046.2986803,9
1719431050.4222944,9
1719431054.5637486,9
1719431058.683658,9
1719431062.7609484,9
1719431066.8366241,9
1719431070.9164958,9
1719431075.1521916,9
1719431079.2932231,9
1719431083.477107,9
1719431087.6973598,9
1719431091.8298106,9
1719431095.9449143,9
1719431100.160103,9
1719431104.2068737,9
1719431108.3138366,9
1719431112.5364296,9
1719431116.7192004,9
1719431120.8766532,9
1719431125.1057222,9
1719431129.246229,9
1719431133.3906815,9
1719431137.431875,9
1719431141.5819044,9
1719431145.6427238,9
