1719415148.3452446,4
1719415152.600143,4
1719415156.764483,4
1719415160.9623077,4
1719415165.082437,4
1719415169.253587,4
1719415173.5537083,4
1719415177.8274794,4
1719415181.9482186,4
1719415186.215185,4
1719415190.3208804,4
1719415194.449342,4
1719415198.5667799,4
1719415202.782785,4
1719415206.945771,4
1719415211.375651,4
1719415215.4896538,4
1719415219.6572886,4
1719415223.772851,4
1719415227.98541,4
1719415232.1427088,4
1719415236.3024325,4
1719415240.4485428,4
1719415244.6859374,4
1719415248.8640375,4
1719415252.9738898,4
1719415257.0410812,4
1719415261.163233,4
1719415265.4492733,4
1719415269.5646942,4
1719415273.690233,4
1719415277.9013276,4
1719415282.0145524,4
1719415285.9722385,4
1719415290.054248,4
1719415294.0740907,4
1719415298.2217808,4
1719415302.3389945,4
1719415306.4081726,4
1719415310.611293,4
1719415314.7346406,4
1719415318.8320086,4
1719415322.978203,4
1719415327.1459453,4
1719415331.3894682,4
1719415335.5080616,4
1719415339.4850004,4
1719415343.6155207,4
1719415347.8417056,4
1719415352.1066892,4
1719415356.169158,4
1719415360.2221777,4
1719415364.359503,4
1719415368.4619648,4
1719415372.619206,4
1719415376.661144,4
1719415380.7763305,4
1719415384.8765817,4
1719415388.9829714,4
1719415393.1296923,4
1719415397.072747,4
1719415401.1829777,4
1719415405.235646,4
1719415409.4186711,4
1719415413.592528,4
1719415417.5722978,4
1719415421.5282571,4
1719415425.732072,4
1719415429.7921343,4
1719415434.0068243,4
1719415438.1300733,4
1719415442.04078,4
1719415446.2309475,4
1719415450.4078465,4
1719415454.4931717,4
1719415458.5751383,4
1719415462.6921797,4
1719415466.8406827,4
1719415470.9489496,4
1719415475.0202308,4
1719415479.0541804,4
1719415483.1724672,4
1719415487.2166245,4
1719415491.3281522,4
1719415495.3768284,4
1719415499.4211154,4
1719415503.5362508,4
1719415507.6831853,4
1719415511.959414,4
1719415516.0579607,4
1719415520.238471,4
1719415524.396653,4
1719415528.463996,4
1719415532.6374857,4
1719415536.812354,4
1719415541.028696,4
1719415545.1267781,4
1719415549.401714,4
1719415553.4394708,4
1719415557.6334267,4
1719415561.6445813,4
1719415565.9776807,4
1719415570.1293502,4
1719415574.5637336,4
1719415578.5464463,4
1719415582.7054749,4
1719415586.7853613,4
1719415590.9379144,4
1719415594.8268785,4
1719415598.9585817,4
1719415603.0353792,4
1719415607.2564056,4
1719415611.4294257,4
1719415615.73676,4
1719415619.981489,4
1719415624.31134,4
1719415628.3822086,4
1719415632.475571,4
1719415636.5575566,4
1719415640.7510886,4
1719415644.8140097,4
1719415648.8803895,4
1719415652.9908097,4
1719415657.3507476,4
1719415661.647029,4
1719415665.7904484,4
1719415669.8818688,4
1719415673.950718,4
1719415678.1327758,4
1719415682.3542838,4
1719415686.4285989,4
1719415690.6280863,4
1719415694.7831688,4
1719415699.02627,4
1719415703.2150686,4
1719415707.3033245,4
1719415711.4015718,4
1719415715.522385,4
1719415719.8084178,4
1719415723.9770494,4
1719415728.2719822,4
1719415732.428374,4
1719415736.6796546,4
1719415740.9453413,4
1719415745.080465,4
1719415749.3811347,4
1719415753.6561134,4
1719415757.6993573,4
1719415761.9059293,4
1719415765.990093,4
1719415770.1479552,4
1719415774.1598437,4
1719415778.2901025,4
1719415782.5394971,4
1719415786.7908309,4
1719415790.997256,4
1719415795.1533558,4
1719415799.2761211,4
1719415803.3062594,4
1719415807.3720508,4
1719415811.4832144,4
1719415815.6825058,4
1719415819.874829,4
1719415824.0141482,4
1719415828.2014735,4
1719415832.3127813,4
1719415836.3869002,4
1719415840.550577,4
1719415844.6249568,4
1719415848.6973414,4
1719415852.8550858,4
1719415856.9965124,4
1719415861.2151754,4
1719415865.4958177,4
1719415869.6792495,4
1719415873.8553035,4
1719415878.0107014,4
1719415882.189736,4
1719415886.3138041,4
1719415890.300006,4
1719415894.421621,4
1719415898.6301517,4
1719415902.7307105,4
1719415906.924012,4
1719415911.0759456,4
1719415915.2945685,4
1719415919.3083284,4
1719415923.3662367,4
1719415927.3684232,4
1719415931.584001,4
1719415935.7359285,4
1719415939.9438121,4
1719415943.8902733,4
1719415947.9797127,4
1719415952.2630777,4
1719415956.3440528,4
1719415960.6050317,4
1719415964.9530046,4
1719415968.9543636,4
1719415973.019674,4
1719415977.1962094,4
1719415981.4334743,4
1719415985.6094997,4
1719415989.8805118,4
1719415993.9816446,4
1719415998.1228664,4
1719416002.3218253,4
1719416006.444267,4
1719416010.5127337,4
1719416014.63585,4
1719416018.8012009,4
1719416022.9799564,4
1719416027.1539443,4
1719416031.328052,4
1719416035.4419422,4
1719416039.3916516,4
1719416043.2707179,4
1719416047.3106985,4
1719416051.4751823,4
1719416055.470083,4
1719416059.6001909,4
1719416063.8979428,4
1719416068.1041956,4
1719416072.2973201,4
1719416076.4079285,4
1719416080.446724,4
1719416084.6347544,4
1719416088.761162,4
1719416092.9206367,4
1719416096.9932828,4
1719416101.2058115,4
1719416105.6230316,4
1719416109.5021396,4
1719416113.6095583,4
1719416117.8104184,4
1719416121.949406,4
1719416126.0657232,4
1719416130.326619,4
1719416134.3856165,4
1719416138.5847328,4
1719416142.6554034,4
1719416146.7752597,4
1719416150.6898885,4
1719416154.940129,4
1719416159.0748596,4
1719416163.2583168,4
1719416167.3845901,4
1719416171.5171416,4
1719416175.4974227,4
1719416179.6011775,4
1719416183.7156074,4
1719416187.886435,4
1719416191.8049884,4
1719416195.9354112,4
1719416200.1120176,4
1719416204.2149165,4
1719416208.2483675,4
1719416212.5141594,4
1719416216.549335,4
1719416220.827765,4
1719416225.110352,4
1719416229.2882528,4
1719416233.292128,4
1719416237.421787,4
1719416241.4861228,4
1719416245.5996678,4
1719416249.6148102,4
1719416253.8023586,4
1719416257.851233,4
1719416261.9976962,4
1719416266.1396708,4
1719416270.2817392,4
1719416274.2986572,4
1719416278.4219294,4
1719416282.5765305,4
1719416286.7614367,4
1719416290.944174,4
1719416294.9836779,4
1719416299.1489685,4
1719416303.3286774,4
1719416307.4774492,4
1719416311.5689092,4
1719416315.9084814,4
1719416320.0094628,4
1719416324.2250488,4
1719416328.2994397,4
1719416332.443925,4
1719416336.6818466,4
1719416340.8660932,4
1719416345.227127,4
1719416349.3681293,4
1719416353.4543865,4
1719416357.3494575,4
1719416361.6095233,4
1719416365.8113158,4
1719416369.9952464,4
1719416374.2265995,4
1719416378.3796942,4
1719416382.4570544,4
1719416386.6283598,4
1719416390.6550226,4
1719416394.8601203,4
1719416398.9648778,4
1719416403.1378958,4
1719416407.2203357,4
1719416411.4259436,4
1719416415.5320919,4
1719416419.6295033,4
1719416423.7789912,4
1719416427.8059921,4
1719416431.920921,4
1719416436.1262672,4
1719416440.4390187,4
1719416444.626863,4
1719416448.7507882,4
1719416453.246236,4
1719416457.406454,4
1719416461.5077488,4
1719416465.7248757,4
1719416469.8657532,4
1719416474.1785202,4
1719416478.5284483,4
1719416482.413237,4
1719416486.512688,4
1719416490.6601155,4
1719416494.6112936,4
1719416498.873325,4
1719416503.0859764,4
1719416507.1765375,4
1719416511.3412397,4
1719416515.4369848,4
1719416519.4344728,4
1719416523.4794116,4
1719416527.6147604,4
1719416531.6944003,4
1719416535.8309152,4
1719416539.9088597,4
1719416544.272145,4
1719416548.4337442,4
1719416552.5339055,4
1719416556.6822553,4
1719416560.98509,4
1719416564.9018357,4
1719416568.9905126,4
1719416573.0535395,4
1719416577.0627975,4
1719416581.1040235,4
1719416585.332916,4
1719416589.4087973,4
1719416593.7695854,4
1719416597.8915594,4
1719416602.0008025,4
1719416606.0704327,4
1719416610.306199,4
1719416614.3768659,4
1719416618.563943,4
1719416622.6358066,4
1719416626.8043368,4
1719416630.945063,4
1719416635.3368845,4
1719416639.4512718,4
1719416643.6078756,4
1719416647.7939847,4
1719416651.926991,4
1719416655.8466387,4
1719416659.905542,4
1719416664.0139923,4
1719416668.1653595,4
1719416672.312097,4
1719416676.44573,4
1719416680.506078,4
1719416684.809454,4
1719416688.9313161,4
1719416693.0724065,4
1719416697.2335184,4
1719416701.365262,4
1719416705.5016572,4
1719416709.64891,4
1719416713.7043717,4
1719416717.9521625,4
1719416722.0373356,4
1719416726.0971076,4
1719416730.2768533,4
1719416734.5765362,4
1719416738.751319,4
1719416742.9134257,4
1719416746.9341059,4
1719416751.1025534,4
1719416755.2833877,4
1719416759.4105494,4
1719416763.830048,4
1719416768.0053988,4
1719416772.1511114,4
1719416776.2696726,4
1719416780.4246628,4
1719416784.5554967,4
1719416788.6758454,4
1719416792.7695432,4
1719416796.91522,4
1719416800.9898958,4
1719416805.0931818,4
1719416809.3310683,4
1719416813.4286778,4
1719416817.47688,4
1719416821.632769,4
1719416825.7350636,4
1719416829.6915572,4
1719416834.0181084,4
1719416838.165961,4
1719416842.2324142,4
1719416846.3613653,4
1719416850.4753878,4
1719416854.4978135,4
1719416858.566332,4
1719416862.6407864,4
1719416866.7569983,4
1719416870.9347703,4
1719416875.1098785,4
1719416879.3302498,4
1719416883.2734828,4
1719416887.4623504,4
1719416891.5372474,4
1719416895.570362,4
1719416899.6774733,4
1719416904.0091102,4
1719416908.195095,4
1719416912.2351232,4
1719416916.4575171,4
1719416920.6040819,4
1719416924.5776646,4
1719416928.6961136,4
1719416932.7609773,4
1719416936.7735176,4
1719416940.8948967,4
1719416944.9537814,4
1719416949.1032481,4
1719416953.2551036,4
1719416957.5327842,4
1719416961.650367,4
1719416966.108018,4
1719416970.1315155,4
1719416974.225369,4
1719416978.272191,4
1719416982.3275461,4
1719416986.3493226,4
1719416990.446408,4
1719416994.5078065,4
1719416998.8958912,4
1719417002.922322,4
1719417007.1186018,4
1719417011.1293423,4
1719417015.3553677,4
1719417019.3561451,4
1719417023.6307974,4
1719417027.5304558,4
1719417031.6910794,4
1719417035.7996209,4
1719417039.9222417,4
1719417044.107911,4
1719417048.2936842,4
1719417052.4964194,4
1719417056.7352588,4
1719417060.8696392,4
1719417065.1565735,4
1719417069.3091323,4
1719417073.5534096,4
1719417077.6182535,4
1719417081.7720103,4
1719417085.8707538,4
1719417089.9809806,4
1719417094.0993426,4
1719417098.3480933,4
1719417102.3837938,4
1719417106.5601485,4
1719417110.663209,4
1719417114.8580275,4
1719417119.0079002,4
1719417123.1698222,4
1719417127.3877115,4
1719417131.5034335,4
1719417135.6936827,4
1719417139.860576,4
1719417144.1044724,4
1719417148.2257497,4
1719417151.9396348,4
1719417156.2280476,4
1719417160.2879527,4
1719417164.4071085,4
1719417168.5028214,4
1719417172.6958034,4
1719417176.7568352,4
1719417180.8692122,4
1719417184.938399,4
1719417189.0362983,4
1719417192.9195576,4
1719417197.0901525,4
1719417201.280856,4
1719417205.3379054,4
1719417209.542566,4
1719417213.7294307,4
1719417218.0250926,4
1719417222.1922433,4
1719417226.247867,4
1719417230.4605546,4
1719417234.6084788,4
1719417238.8690488,4
1719417242.9154797,4
1719417247.1778173,4
1719417251.238101,4
1719417255.4418502,4
1719417259.5731773,4
1719417263.6846454,4
1719417267.7215405,4
1719417271.7358646,4
1719417275.9014564,4
1719417280.065919,4
1719417284.2617052,4
1719417288.4152172,4
1719417292.5404289,4
1719417296.8082116,4
1719417300.8845208,4
1719417305.173178,4
1719417309.3521278,4
1719417313.425243,4
1719417317.5773745,4
1719417321.5352633,4
1719417325.6048,4
1719417329.6484828,4
1719417333.7061598,4
1719417337.866163,4
1719417341.943359,4
1719417346.002026,4
1719417350.2434661,4
1719417354.4078672,4
1719417358.5576708,4
1719417362.5471869,4
1719417366.4545224,4
1719417370.622122,4
1719417374.6883428,4
1719417378.8725824,4
1719417382.9735386,4
1719417387.1772974,4
1719417391.3246553,4
1719417395.5307145,4
1719417399.60299,4
1719417403.5238273,4
1719417407.8131697,4
1719417411.8661604,4
1719417415.9320662,4
1719417420.1498854,4
1719417424.2080388,4
1719417428.3180847,4
1719417432.7081664,4
1719417436.8437467,4
1719417440.978865,4
1719417445.1813352,4
1719417449.221138,4
1719417453.3182254,4
1719417457.3622072,4
1719417461.813792,4
1719417466.0131483,4
1719417470.1401963,4
1719417474.3691216,4
1719417478.4946873,4
1719417482.7019317,4
1719417486.901594,4
1719417491.1599097,4
1719417495.296735,4
1719417499.523185,4
1719417503.7796662,4
1719417507.892372,4
1719417512.178318,4
1719417516.28053,4
1719417520.396346,4
1719417524.502849,4
1719417528.4387133,4
1719417532.5432515,4
1719417536.713639,4
1719417540.8340547,4
1719417545.0780532,4
1719417549.1500509,4
1719417553.4562838,4
1719417557.6909692,4
1719417561.814273,4
1719417565.921852,4
1719417570.132204,4
1719417574.1197555,4
1719417578.2464302,4
1719417582.417083,4
1719417586.6504724,4
1719417590.8664715,4
1719417595.0843534,4
1719417599.1445632,4
1719417603.335746,4
1719417607.552672,4
1719417611.7434523,4
1719417615.8085935,4
1719417620.0351894,4
1719417624.1883013,4
1719417628.3745177,4
1719417632.439962,4
1719417636.7380357,4
1719417640.5902646,4
1719417644.6948202,4
1719417648.794958,4
1719417653.0814764,4
1719417657.2576337,4
1719417661.427231,4
1719417665.621469,4
1719417669.7621348,4
1719417674.0080361,4
1719417678.1756759,4
1719417682.1630507,4
1719417686.2354717,4
1719417690.3898602,4
1719417694.5375175,4
1719417698.637687,4
1719417702.7422593,4
1719417706.7477672,4
1719417710.9685676,4
1719417715.112468,4
1719417719.1604881,4
1719417723.2268949,4
1719417727.3745887,4
1719417731.4586496,4
1719417735.5737116,4
1719417739.4990265,4
1719417743.6096802,4
1719417747.8437016,4
1719417752.0320795,4
1719417756.253095,4
1719417760.3758118,4
1719417764.5474334,4
1719417768.8683481,4
1719417773.0201168,4
1719417777.0970213,4
1719417781.0166454,4
1719417785.295412,4
1719417789.3328183,4
1719417793.5553908,4
1719417797.6661851,4
1719417801.7697518,4
1719417805.9348595,4
1719417810.0204496,4
1719417814.140179,4
1719417818.343192,4
1719417822.2256486,4
1719417826.328448,4
1719417830.425116,4
1719417834.5241601,4
1719417838.7027524,4
1719417842.9845555,4
1719417847.0369332,4
1719417851.129668,4
1719417855.1508858,4
1719417859.3670352,4
1719417863.406905,4
1719417867.5499203,4
1719417871.7228925,4
1719417875.8304265,4
1719417879.8511832,4
1719417884.0299423,4
1719417888.0913253,4
1719417892.2211897,4
1719417896.4011004,4
1719417900.6214597,4
1719417904.717821,4
1719417908.8808315,4
1719417913.0002208,4
1719417917.1885552,4
1719417921.240305,4
1719417925.5249941,4
1719417929.91152,4
1719417934.0129488,4
1719417938.0990632,4
1719417942.2712588,4
1719417946.3524163,4
1719417950.548742,4
1719417954.6394622,4
1719417958.696942,4
1719417962.86516,4
1719417966.9615734,4
1719417971.0429273,4
1719417975.1435184,4
1719417979.211021,4
1719417983.3499784,4
1719417987.4105296,4
1719417991.4578855,4
1719417995.7193775,4
1719417999.8893144,4
1719418004.0704117,4
1719418008.2698576,4
1719418012.463364,4
1719418016.5529816,4
1719418020.6549308,4
1719418024.793657,4
1719418029.0193324,4
1719418032.9647498,4
1719418037.122884,4
1719418041.1842651,4
1719418045.588157,4
1719418049.7104309,4
1719418053.866295,4
1719418058.0232797,4
1719418062.1477828,4
1719418066.3049495,4
1719418070.554892,4
1719418074.5968113,4
1719418078.6550083,4
1719418082.7872338,4
1719418087.0577462,4
1719418091.1615458,4
1719418095.2581613,4
1719418099.4688911,4
1719418103.5640178,4
1719418107.7424366,4
1719418111.8871906,4
1719418116.0894492,4
1719418120.4733186,4
1719418124.6096416,4
1719418128.8461254,4
1719418133.02004,4
1719418137.058225,4
1719418141.1778123,4
1719418145.2551088,4
1719418149.4655218,4
1719418153.5565686,4
1719418157.6495056,4
1719418161.9513485,4
1719418166.0009058,4
1719418170.2338808,4
1719418174.3045633,4
1719418178.3828194,4
1719418182.4204226,4
1719418186.483376,4
1719418190.6172202,4
1719418194.9403815,4
1719418199.0165079,4
1719418202.79704,4
1719418206.833184,4
1719418210.8935895,4
1719418215.0073605,4
1719418218.9939368,4
1719418223.054079,4
1719418227.1270816,4
1719418231.2435079,4
1719418235.3379261,4
1719418239.374493,4
1719418243.5525315,4
1719418247.7168376,4
1719418251.7363763,4
1719418255.909499,4
1719418260.1511016,4
1719418264.2732224,4
1719418268.5034018,4
1719418272.5967746,4
1719418276.7808464,4
1719418280.9023712,4
1719418284.9128795,4
1719418289.068252,4
1719418293.3050385,4
1719418297.5518692,4
1719418301.5794275,4
1719418305.7498815,4
1719418309.850053,4
1719418313.9295976,4
1719418317.9671316,4
1719418322.1432128,4
1719418326.2013638,4
1719418330.3065958,4
1719418334.4549007,4
1719418338.5292108,4
1719418342.4913716,4
1719418346.6072881,4
1719418350.783393,4
1719418354.8970525,4
1719418358.9983377,4
1719418363.1304338,4
1719418367.0166342,4
1719418370.9458787,4
1719418375.015686,4
1719418379.0733986,4
1719418383.3356624,4
1719418387.3196366,4
1719418391.3472083,4
1719418395.5402834,4
1719418399.5832963,4
1719418403.7317402,4
1719418407.7858493,4
1719418411.7505987,4
1719418415.886536,4
1719418420.1238935,4
1719418424.3031588,4
1719418428.5130396,4
1719418432.635467,4
1719418436.857968,4
1719418441.0087316,4
1719418445.3683822,4
1719418449.5594683,4
1719418453.7148533,4
1719418457.7480328,4
1719418461.9870412,4
1719418465.942072,4
1719418470.1304696,4
1719418474.1780207,4
1719418478.4306312,4
1719418482.614271,4
1719418486.6939366,4
1719418490.8337207,4
1719418494.9612882,4
1719418499.0668259,4
1719418503.271707,4
1719418507.3397439,4
1719418511.6510851,4
1719418515.822411,4
1719418519.9751256,4
1719418524.0215352,4
1719418528.2134588,4
1719418532.4182494,4
1719418536.6562307,4
1719418540.8910794,4
1719418545.1700585,4
1719418549.2197814,4
1719418553.2776678,4
1719418557.3711662,4
1719418561.5240057,4
1719418565.5591786,4
1719418569.875116,4
1719418573.9686997,4
1719418578.2491562,4
1719418582.356342,4
1719418586.5109625,4
1719418590.7447715,4
1719418594.7369528,4
1719418598.9280636,4
1719418603.0471494,4
1719418607.1601157,4
1719418611.2949228,4
1719418615.5516696,4
1719418619.6183414,4
1719418623.752056,4
1719418627.9531302,4
1719418632.0576708,4
1719418636.3250017,4
1719418640.4065707,4
1719418644.5851457,4
1719418648.712595,4
1719418652.9389174,4
1719418656.9130542,4
1719418660.8883321,4
1719418665.029402,4
1719418669.1433945,4
1719418673.3149965,4
1719418677.5198226,4
1719418681.5697975,4
1719418685.7177992,4
1719418689.7714133,4
1719418693.8770788,4
1719418697.955795,4
1719418702.1359196,4
1719418706.3782864,4
1719418710.6354113,4
1719418714.7865853,4
1719418718.9015317,4
1719418723.103186,4
1719418727.3192513,4
1719418731.661119,4
1719418735.8148425,4
1719418739.836001,4
1719418744.0239604,4
1719418748.2113123,4
1719418752.2947426,4
1719418756.3956861,4
1719418760.5154338,4
1719418764.5531447,4
1719418768.7628617,4
1719418772.867601,4
1719418777.076292,4
1719418781.2772422,4
1719418785.4273832,4
1719418789.4613235,4
1719418793.7350085,4
1719418797.9238226,4
1719418802.1680906,4
1719418806.0100574,4
1719418810.1618068,4
1719418814.337403,4
1719418818.247671,4
1719418822.419534,4
1719418826.523031,4
1719418830.4292212,4
1719418834.499794,4
1719418838.642838,4
1719418842.8716178,4
1719418846.9540029,4
1719418851.2720406,4
1719418855.3665714,4
1719418859.5831833,4
1719418863.755512,4
1719418867.855939,4
1719418871.9982464,4
1719418876.1510615,4
1719418880.294959,4
1719418884.3693278,4
1719418888.438317,4
1719418892.636838,4
1719418896.7973847,4
1719418900.9342842,4
1719418905.0254064,4
1719418909.275157,4
1719418913.611349,4
1719418917.7404432,4
1719418922.1050324,4
1719418926.3276742,4
1719418930.4022985,4
1719418934.7138834,4
1719418938.9593186,4
1719418943.0569384,4
1719418947.2746487,4
1719418951.3614142,4
1719418955.4787598,4
1719418959.568398,4
1719418963.7757087,4
1719418967.8737707,4
1719418972.112154,4
1719418976.3441703,4
1719418980.5112205,4
1719418984.7180045,4
1719418988.9392343,4
1719418993.0529594,4
1719418997.2815032,4
1719419001.7025774,4
1719419005.9100583,4
1719419010.0787323,4
1719419014.1874104,4
1719419018.3562586,4
1719419022.4657786,4
1719419026.5335972,4
1719419030.5631466,4
1719419034.718405,4
1719419038.8304389,4
1719419043.0838711,4
1719419047.1618207,4
1719419051.4389167,4
1719419055.5990703,4
1719419059.809499,4
1719419063.9233294,4
1719419068.015586,4
1719419072.0848684,4
1719419076.2435098,4
1719419080.3760576,4
1719419084.4880898,4
1719419088.6162288,4
1719419092.7092755,4
1719419096.8972006,4
1719419100.9948215,4
1719419105.1519158,4
1719419109.3981004,4
1719419113.5993876,4
1719419117.7489784,4
1719419121.638526,4
1719419125.7688444,4
1719419129.800341,4
1719419133.8818245,4
1719419137.9105017,4
1719419142.0267131,4
1719419146.082149,4
1719419150.1523838,4
1719419154.251905,4
1719419158.5690854,4
1719419162.5348766,4
1719419166.7454972,4
1719419170.8397684,4
1719419174.9885619,4
1719419179.042072,4
1719419183.3255055,4
1719419187.4774616,4
1719419191.893573,4
1719419196.0646467,4
1719419200.1403687,4
1719419204.0683248,4
1719419208.2988644,4
1719419212.518974,4
1719419216.6667426,4
1719419220.7007625,4
1719419224.8529499,4
1719419229.0263133,4
1719419233.2775376,4
1719419237.354435,4
1719419241.4399986,4
1719419245.3501267,4
1719419249.5095983,4
1719419253.3944364,4
1719419257.5243437,4
1719419261.6105614,4
1719419265.7086546,4
1719419269.8976655,4
1719419274.1371439,4
1719419278.1780488,4
1719419282.2685559,4
1719419286.4221826,4
1719419290.5156257,4
1719419294.8093715,4
1719419299.0229847,4
1719419303.1459858,4
1719419307.518701,4
1719419311.642464,4
1719419315.8372293,4
1719419319.9485164,4
1719419324.0281613,4
1719419328.271908,4
1719419332.4143345,4
1719419336.5045109,4
1719419340.7234468,4
1719419344.8474286,4
1719419349.0544074,4
1719419353.1478312,4
1719419357.3377588,4
1719419361.4550326,4
1719419365.5403564,4
1719419369.5736911,4
1719419373.7193122,4
1719419377.7876992,4
1719419381.979077,4
1719419386.205299,4
1719419390.4074981,4
1719419394.4704192,4
1719419398.6789105,4
1719419402.7449138,4
1719419407.0097663,4
1719419411.2220464,4
1719419415.3195074,4
1719419419.400865,4
1719419423.3217888,4
1719419427.5011318,4
1719419431.7001715,4
1719419435.698615,4
1719419439.7945862,4
1719419444.022545,4
1719419448.163698,4
1719419452.2687912,4
1719419456.2122855,4
1719419460.4761314,4
1719419464.5150867,4
1719419468.721283,4
1719419473.0724764,4
1719419477.186934,4
1719419481.3668652,4
1719419485.4637463,4
1719419489.5099516,4
1719419493.5207536,4
1719419497.7520602,4
1719419501.8768857,4
1719419506.015569,4
1719419510.0908206,4
1719419514.4307485,4
1719419518.4915054,4
1719419522.5512166,4
1719419526.7757585,4
1719419531.0133984,4
1719419535.096905,4
1719419539.2309372,4
1719419543.3495235,4
1719419547.7271354,4
1719419551.760716,4
1719419555.9179895,4
1719419560.060843,4
1719419564.154375,4
1719419568.5115988,4
1719419572.6518195,4
1719419576.7263227,4
1719419580.9622133,4
1719419585.0677013,4
1719419589.141512,4
1719419593.167953,4
1719419597.2898161,4
1719419601.389167,4
1719419605.5399377,4
1719419609.6430247,4
1719419613.7308965,4
1719419617.8381062,4
1719419622.0328841,4
1719419625.9484503,4
1719419630.0851166,4
1719419634.1838434,4
1719419638.406731,4
1719419642.5756905,4
1719419646.6782227,4
1719419650.798937,4
1719419654.8239608,4
1719419658.9017138,4
1719419663.0960772,4
1719419667.0095677,4
1719419671.36161,4
1719419675.3770528,4
1719419679.5179644,4
1719419683.7963302,4
1719419687.9735265,4
1719419692.1402087,4
1719419696.3184996,4
1719419700.34453,4
1719419704.616227,4
1719419708.7164605,4
1719419712.8711934,4
1719419716.8900387,4
1719419721.1875026,4
1719419725.4009368,4
1719419729.5202556,4
1719419733.552763,4
1719419737.6374567,4
1719419741.7236445,4
1719419745.8069108,4
1719419749.7138257,4
1719419753.9803264,4
1719419758.0824418,4
1719419762.1800299,4
1719419766.2992747,4
1719419770.4918964,4
1719419774.5675116,4
1719419778.8547893,4
1719419782.9226754,4
1719419787.1235726,4
1719419791.1295717,4
1719419795.5317872,4
1719419799.60819,4
1719419803.8174253,4
1719419807.7624726,4
1719419811.887606,4
1719419815.9582586,4
1719419820.0740483,4
1719419824.1674812,4
1719419828.2779074,4
1719419832.3413446,4
1719419836.4202437,4
1719419840.4102926,4
1719419844.5701962,4
1719419848.590574,4
1719419852.8109179,4
1719419856.9922197,4
1719419861.167567,4
1719419865.3090909,4
1719419869.4792068,4
1719419873.4852886,4
1719419877.4588537,4
1719419881.504518,4
1719419885.6006827,4
1719419889.6233828,4
1719419893.9149067,4
1719419897.9424698,4
1719419902.2602634,4
1719419906.284219,4
1719419910.4620235,4
1719419914.5851798,4
1719419918.7424953,4
1719419922.7173977,4
1719419926.8847737,4
1719419930.9943104,4
1719419935.2773256,4
1719419939.5588953,4
1719419943.6016393,4
1719419947.793937,4
1719419951.865202,4
1719419955.9296234,4
1719419960.0509682,4
1719419964.2523832,4
1719419968.4624138,4
1719419972.5540514,4
1719419976.6987886,4
1719419980.8664167,4
1719419985.0064964,4
1719419989.0423834,4
1719419993.2925887,4
1719419997.467524,4
1719420001.6721473,4
1719420005.8433444,4
1719420010.0014532,4
1719420014.203951,4
1719420018.2983263,4
1719420022.4285967,4
1719420026.487616,4
1719420030.3767774,4
1719420034.5695214,4
1719420038.6572607,4
1719420042.594099,4
1719420046.7329273,4
1719420050.9399645,4
1719420055.0257015,4
1719420059.1603498,4
1719420063.2517083,4
1719420067.5970323,4
1719420071.7679777,4
1719420075.9539242,4
1719420080.0621972,4
1719420084.0057218,4
1719420088.145206,4
1719420092.2973115,4
1719420096.6423318,4
1719420100.9204075,4
1719420105.256198,4
1719420109.4782474,4
1719420113.6298416,4
1719420117.6288493,4
1719420121.8293831,4
1719420125.795841,4
1719420130.1500862,4
1719420134.3126543,4
1719420138.4010084,4
1719420142.5385766,4
1719420146.5721953,4
1719420150.6976748,4
1719420154.7863376,4
1719420158.978822,4
1719420163.1549776,4
1719420167.4484198,4
1719420171.6344018,4
1719420175.7355363,4
1719420179.895974,4
1719420183.9678783,4
1719420188.0582814,4
1719420192.161273,4
1719420196.1491497,4
1719420200.4734418,4
1719420204.520343,4
1719420208.776622,4
1719420212.8464315,4
1719420217.0743942,4
1719420221.1922164,4
1719420225.320662,4
1719420229.4663477,4
1719420233.7727869,4
1719420237.8654256,4
1719420241.967827,4
1719420246.0895393,4
1719420250.2426713,4
1719420254.3683329,4
1719420258.554162,4
1719420262.6812322,4
1719420266.7892168,4
1719420271.0194814,4
1719420275.1349475,4
1719420279.2256107,4
1719420283.389121,4
1719420287.457071,4
1719420291.5120366,4
1719420295.5145195,4
1719420299.7377796,4
1719420303.803332,4
1719420307.8780289,4
1719420312.0248713,4
1719420316.351385,4
1719420320.4311416,4
1719420324.5404694,4
1719420328.6384377,4
1719420332.7548795,4
1719420336.9439504,4
1719420341.0565004,4
1719420345.2340763,4
1719420349.415679,4
1719420353.6659043,4
1719420357.9195437,4
1719420362.10503,4
1719420366.2396102,4
1719420370.3108413,4
1719420374.4939244,4
1719420378.5837972,4
1719420382.7011738,4
1719420386.8120704,4
1719420390.7163947,4
1719420394.8477337,4
1719420398.931719,4
1719420403.0124328,4
1719420407.0917318,4
1719420411.3403485,4
1719420415.3539836,4
1719420419.493535,4
1719420423.815555,4
1719420427.8441362,4
1719420431.9198632,4
1719420436.0501678,4
1719420439.9328842,4
1719420444.446979,4
1719420448.5658138,4
1719420452.677695,4
1719420456.810837,4
1719420460.9131703,4
1719420465.080599,4
1719420469.3644645,4
1719420473.5161383,4
1719420477.631636,4
1719420481.7953427,4
1719420485.9250793,4
1719420490.020066,4
1719420494.05411,4
1719420498.1387115,4
1719420502.1782408,4
1719420506.355907,4
1719420510.56869,4
1719420514.8827393,4
1719420519.0230486,4
1719420523.3335187,4
1719420527.439571,4
1719420531.6153972,4
1719420535.725068,4
1719420539.9042387,4
1719420544.0618439,4
1719420548.3035688,4
1719420552.6794865,4
1719420556.8918884,4
1719420560.775348,4
1719420565.0224688,4
1719420569.083089,4
1719420573.1815171,4
1719420577.2454183,4
1719420581.4752371,4
1719420585.9031184,4
1719420590.070569,4
1719420594.1390426,4
1719420598.2252293,4
1719420602.1055055,4
1719420606.278576,4
1719420610.3429093,4
1719420614.5746973,4
1719420618.7158525,4
1719420622.868548,4
1719420626.9451096,4
1719420631.1167903,4
1719420635.3327038,4
1719420639.5804803,4
1719420643.8329003,4
1719420647.8963342,4
1719420651.9712284,4
1719420656.041966,4
1719420660.0684752,4
1719420664.2392128,4
1719420668.3338964,4
1719420672.3924117,4
1719420676.4380004,4
1719420680.5323982,4
1719420684.6518872,4
1719420688.861556,4
1719420693.0043492,4
1719420697.0967603,4
1719420701.1707766,4
1719420705.3223162,4
1719420709.3418036,4
1719420713.4394279,4
1719420717.551032,4
1719420721.6492662,4
1719420725.7477908,4
1719420729.928408,4
1719420734.067015,4
1719420738.1974354,4
1719420742.2118883,4
1719420746.1950529,4
1719420750.0836082,4
1719420754.1603644,4
1719420758.344004,4
1719420762.5052319,4
1719420766.654824,4
1719420770.7990584,4
1719420774.845328,4
1719420778.8182054,4
1719420783.008295,4
1719420787.1172993,4
1719420791.0579767,4
1719420795.255219,4
1719420799.4435654,4
1719420803.7060301,4
1719420807.890133,4
1719420812.1275177,4
1719420816.4080348,4
1719420820.6605418,4
1719420824.7912724,4
1719420829.0178473,4
1719420832.9503644,4
1719420837.1440318,4
1719420841.249406,4
1719420845.3967555,4
1719420849.49397,4
1719420853.8734949,4
1719420857.9467175,4
1719420862.300566,4
1719420866.4641275,4
1719420870.6382694,4
1719420874.8418424,4
1719420878.8041718,4
1719420882.903128,4
1719420887.0276234,4
1719420891.2381873,4
1719420895.3006616,4
1719420899.3758974,4
1719420903.6660073,4
1719420907.8736668,4
1719420912.078759,4
1719420916.1649315,4
1719420920.405757,4
1719420924.554185,4
1719420928.8874254,4
1719420933.1709404,4
1719420937.321257,4
1719420941.4578235,4
1719420945.6663072,4
1719420949.7150147,4
1719420953.8522544,4
1719420957.7624645,4
1719420961.958589,4
1719420966.1730568,4
1719420970.103571,4
1719420974.3038101,4
1719420978.399516,4
1719420982.5227807,4
1719420986.7089133,4
1719420990.8536568,4
1719420994.9403684,4
1719420998.7170486,4
1719421002.7831426,4
1719421006.9404006,4
1719421011.1177309,4
1719421015.2918828,4
1719421019.398059,4
1719421023.5242724,4
1719421027.6935554,4
1719421031.8508244,4
1719421035.9602742,4
1719421040.0117166,4
1719421044.1028507,4
1719421048.1376503,4
1719421052.2363524,4
1719421056.291709,4
1719421060.4146183,4
1719421064.4711428,4
1719421068.673812,4
1719421072.7210114,4
1719421076.75702,4
1719421080.9059165,4
1719421085.0853565,4
1719421089.2239685,4
1719421093.2698128,4
1719421097.4472265,4
1719421101.599081,4
1719421105.8222096,4
1719421109.9415693,4
1719421114.0697558,4
1719421118.1221433,4
1719421122.1735427,4
1719421126.1768198,4
1719421130.2433083,4
1719421134.3779852,4
1719421138.2630522,4
1719421142.4437246,4
1719421146.6018908,4
1719421150.815063,4
1719421155.0339048,4
1719421159.0877268,4
1719421163.255576,4
1719421167.3761868,4
1719421171.433361,4
1719421175.4939008,4
1719421179.8253508,4
1719421183.9591362,4
1719421188.046335,4
1719421192.2207341,4
1719421196.3012142,4
1719421200.4435337,4
1719421204.5163853,4
1719421208.708037,4
1719421212.7745264,4
1719421216.9686549,4
1719421220.9976578,4
1719421225.1474261,4
1719421229.2616975,4
1719421233.399653,4
1719421237.6918004,4
1719421241.8979113,4
1719421246.0394008,4
1719421249.9338107,4
1719421254.0914466,4
1719421257.9964066,4
1719421262.0474172,4
1719421266.1782146,4
1719421270.1572924,4
1719421274.2473102,4
1719421278.2980258,4
1719421282.3810532,4
1719421286.4705606,4
1719421290.6200888,4
1719421294.8595734,4
1719421299.409494,4
1719421303.401039,4
1719421307.6103845,4
1719421311.590763,4
1719421315.7319372,4
1719421319.8307202,4
1719421323.9481337,4
1719421327.9292247,4
1719421332.0484238,4
1719421335.957127,4
1719421340.0355773,4
1719421344.1683109,4
1719421348.3379316,4
1719421352.4057293,4
1719421356.6172347,4
1719421360.7816963,4
1719421364.9114602,4
1719421369.0320053,4
1719421373.3319075,4
1719421377.2663355,4
1719421381.5032392,4
1719421385.7074962,4
1719421389.6308813,4
1719421393.6753674,4
1719421397.8290224,4
1719421402.1024535,4
1719421406.2098007,4
1719421410.342568,4
1719421414.4025698,4
1719421418.576163,4
1719421422.7042742,4
1719421426.784375,4
1719421430.9202738,4
1719421435.0727847,4
1719421439.1892185,4
1719421443.2922673,4
1719421447.4165256,4
1719421451.6403377,4
1719421455.7277527,4
1719421459.6468325,4
1719421463.887233,4
1719421468.038448,4
1719421472.288949,4
1719421476.6345868,4
1719421480.8285387,4
1719421484.9448886,4
1719421489.2105172,4
1719421493.3166616,4
1719421497.513499,4
1719421501.680657,4
1719421505.8708112,4
1719421509.89037,4
1719421514.0079186,4
1719421517.9371417,4
1719421521.995561,4
1719421526.18158,4
1719421530.2483387,4
1719421534.3040693,4
1719421538.4668784,4
1719421542.5826435,4
1719421546.7278044,4
1719421550.7075408,4
1719421554.9258626,4
1719421558.8284712,4
1719421562.9981806,4
1719421567.0782328,4
1719421571.2172348,4
1719421575.393979,4
1719421579.5123692,4
1719421583.6249876,4
1719421587.798422,4
1719421591.6876814,4
1719421595.8384073,4
1719421599.8616502,4
1719421604.0317023,4
1719421608.1447625,4
1719421612.3852947,4
1719421616.4461002,4
1719421620.6217399,4
1719421624.850806,4
1719421628.9670455,4
1719421633.124198,4
1719421637.6739655,4
1719421641.8245013,4
1719421646.0405223,4
1719421650.1266162,4
1719421654.3204184,4
1719421658.374416,4
1719421662.5014195,4
1719421666.7323802,4
1719421670.9390566,4
1719421675.0073967,4
1719421679.0997853,4
1719421683.2364519,4
1719421687.3800616,4
1719421691.3962965,4
1719421695.598447,4
1719421699.8137517,4
1719421704.0080085,4
1719421708.0552866,4
1719421712.3071957,4
1719421716.4441118,4
1719421720.666384,4
1719421724.8907835,4
1719421729.0613935,4
1719421733.0369852,4
1719421737.1553743,4
1719421741.1960318,4
1719421745.3513072,4
1719421749.3297782,4
1719421753.3879085,4
1719421757.518407,4
1719421761.6507494,4
1719421765.89275,4
1719421769.9798143,4
1719421774.1161144,4
1719421778.1665008,4
1719421782.2096982,4
1719421786.32434,4
1719421790.452188,4
1719421794.58764,4
1719421798.6091015,4
1719421802.6504922,4
1719421806.743828,4
1719421811.0397189,4
1719421815.0925975,4
1719421819.2885847,4
1719421823.3156886,4
1719421827.3879092,4
1719421831.4436023,4
1719421835.4192405,4
1719421839.4870324,4
1719421843.669663,4
1719421847.7095819,4
1719421851.89844,4
1719421855.9065375,4
1719421860.2219667,4
1719421864.3557537,4
1719421868.479318,4
1719421872.6991224,4
1719421876.642057,4
1719421880.7604809,4
1719421884.8480191,4
1719421889.04987,4
1719421893.0945299,4
1719421897.2210133,4
1719421901.3622339,4
1719421905.2506056,4
1719421909.4515808,4
1719421913.524141,4
1719421918.084089,4
1719421922.1062555,4
1719421926.3001182,4
1719421930.5616608,4
1719421934.733721,4
1719421938.9198334,4
1719421943.117693,4
1719421947.218784,4
1719421951.5856965,4
1719421955.7235305,4
1719421959.9208,4
1719421964.15377,4
1719421968.2562823,4
1719421972.3981647,4
1719421976.589917,4
1719421980.7361224,4
1719421984.8801763,4
1719421988.941359,4
1719421993.3073683,4
1719421997.5593119,4
1719422001.724593,4
1719422005.7439156,4
1719422009.981701,4
1719422014.1711104,4
1719422018.2678337,4
1719422022.4279628,4
1719422026.6561673,4
1719422030.8161285,4
1719422034.9141178,4
1719422038.9599874,4
1719422043.1261833,4
1719422047.1922812,4
1719422051.2152686,4
1719422055.2933488,4
1719422059.3874507,4
1719422063.4017227,4
1719422067.6624172,4
1719422071.722787,4
1719422075.8690875,4
1719422079.9960515,4
1719422084.2154727,4
1719422088.5049787,4
1719422092.6161146,4
1719422097.0028532,4
1719422101.1094294,4
1719422105.2612696,4
1719422109.360481,4
1719422113.394916,4
1719422117.4874895,4
1719422121.6157281,4
1719422125.6725206,4
1719422129.9326653,4
1719422134.1349201,4
1719422138.2264998,4
1719422142.3736901,4
1719422146.7607234,4
1719422150.8591354,4
1719422154.9198022,4
1719422159.1127849,4
1719422163.214622,4
1719422167.3756156,4
1719422171.5784435,4
1719422175.7808115,4
1719422179.8852568,4
1719422184.014392,4
1719422188.0551403,4
1719422192.3345032,4
1719422196.3924034,4
1719422200.6342294,4
1719422204.717979,4
1719422209.2829607,4
1719422213.4177623,4
1719422217.5784395,4
1719422221.6730008,4
1719422225.8306425,4
1719422230.1210134,4
1719422234.2694352,4
1719422238.336329,4
1719422242.475405,4
1719422246.563419,4
1719422250.6451433,4
1719422254.902121,4
1719422259.08821,4
1719422263.2056348,4
1719422267.409735,4
1719422271.6298597,4
1719422275.582258,4
1719422279.6575646,4
1719422283.8864686,4
1719422287.983901,4
1719422292.1181886,4
1719422296.3073843,4
1719422300.4913778,4
1719422304.5554652,4
1719422308.80802,4
1719422312.9478533,4
1719422317.062574,4
1719422321.163284,4
1719422325.4167087,4
1719422329.4325933,4
1719422333.5849087,4
1719422337.8737257,4
1719422342.161901,4
1719422346.3010468,4
1719422350.5490742,4
1719422354.6368086,4
1719422358.5866127,4
1719422362.6939583,4
1719422366.9180481,4
1719422370.96348,4
1719422375.0567923,4
1719422378.9549022,4
1719422382.9878123,4
1719422387.0410004,4
1719422391.1114452,4
1719422395.1232767,4
1719422399.187042,4
1719422403.2785032,4
1719422407.4198241,4
1719422411.442327,4
1719422415.619716,4
1719422419.5360444,4
1719422423.6891956,4
1719422427.757614,4
1719422431.9203558,4
1719422436.0941153,4
1719422440.3836234,4
1719422444.4751365,4
1719422448.6262805,4
1719422452.793129,4
1719422456.9354467,4
1719422461.069397,4
1719422465.248935,4
1719422469.2043147,4
1719422473.3917072,4
1719422477.507611,4
1719422481.7388759,4
1719422485.8156424,4
1719422489.9949143,4
1719422494.1264825,4
1719422498.2469602,4
1719422502.4455757,4
1719422506.511258,4
1719422510.7009861,4
1719422514.9474463,4
1719422519.0540519,4
1719422523.1705296,4
1719422527.1643848,4
1719422531.2226257,4
1719422535.2957182,4
1719422539.534211,4
1719422543.600115,4
1719422547.5650527,4
1719422551.6279564,4
1719422555.7960622,4
1719422559.8343623,4
1719422563.991876,4
1719422568.1423073,4
1719422572.3213184,4
1719422576.3081706,4
1719422580.531893,4
1719422584.601234,4
1719422588.5677063,4
1719422592.85495,4
1719422596.9703405,4
1719422601.2000546,4
1719422605.315882,4
1719422609.3753152,4
1719422613.3291743,4
1719422617.4061108,4
1719422621.6155646,4
1719422625.790657,4
1719422629.7571054,4
1719422633.8595827,4
1719422637.9511774,4
1719422642.019156,4
1719422646.124679,4
1719422650.1725852,4
1719422654.373375,4
1719422658.4286046,4
1719422662.6188214,4
1719422666.7506766,4
1719422670.7293875,4
1719422674.9589493,4
1719422679.170976,4
1719422683.4437861,4
1719422687.6429794,4
1719422691.9169672,4
1719422696.1251605,4
1719422700.4436867,4
1719422704.7174675,4
1719422708.8084946,4
1719422712.673283,4
1719422716.834081,4
1719422720.9051082,4
1719422725.0692425,4
1719422729.238372,4
1719422733.3251543,4
1719422737.468725,4
1719422741.7228618,4
1719422745.9130886,4
1719422750.0491867,4
1719422754.4210038,4
1719422758.4159644,4
1719422762.5592992,4
1719422766.7621353,4
1719422770.7692747,4
1719422774.9287527,4
1719422779.113697,4
1719422783.0799057,4
1719422787.2584698,4
1719422791.4126997,4
1719422795.489361,4
1719422799.6625328,4
1719422803.7642808,4
1719422808.0197656,4
1719422812.2553823,4
1719422816.4176414,4
1719422820.6080072,4
1719422824.8455474,4
1719422829.108618,4
1719422833.1991937,4
1719422837.4220278,4
1719422841.4124815,4
1719422845.7973676,4
1719422849.9079716,4
1719422853.9856563,4
1719422858.02286,4
1719422862.3397589,4
1719422866.3902388,4
1719422870.57612,4
1719422874.7799802,4
1719422878.8256958,4
1719422883.0156507,4
1719422887.1714015,4
1719422891.2772741,4
1719422895.3855937,4
1719422899.3639898,4
1719422903.4850767,4
1719422907.6649575,4
1719422911.9529033,4
1719422916.0409255,4
1719422920.0346234,4
1719422923.999973,4
1719422928.0798755,4
1719422932.2271256,4
1719422936.348217,4
1719422940.588153,4
1719422944.699304,4
1719422948.8425717,4
1719422953.0360334,4
1719422957.158105,4
1719422961.2632985,4
1719422965.3991396,4
1719422969.5819147,4
1719422973.6909363,4
1719422977.8300712,4
1719422981.9260037,4
1719422986.0614114,4
1719422990.202112,4
1719422994.3427172,4
1719422998.459286,4
1719423002.707253,4
1719423006.8036797,4
1719423011.0426173,4
1719423015.1385577,4
1719423019.348127,4
1719423023.4055033,4
1719423027.5639942,4
1719423031.662391,4
1719423035.853679,4
1719423040.0081127,4
1719423044.2791452,4
1719423048.4251592,4
1719423052.5616343,4
1719423056.6179996,4
1719423060.9370024,4
1719423064.9596384,4
1719423069.172944,4
1719423073.2046607,4
1719423077.2166488,4
1719423081.303315,4
1719423085.4670873,4
1719423089.401492,4
1719423093.6003296,4
1719423097.789765,4
1719423101.8638823,4
1719423105.936292,4
1719423110.1260092,4
1719423114.285014,4
1719423118.3422923,4
1719423122.4435294,4
1719423126.575354,4
1719423130.5269148,4
1719423134.6604145,4
1719423138.8417358,4
1719423143.255854,4
1719423147.3756583,4
1719423151.3950837,4
1719423155.4571931,4
1719423159.5369098,4
1719423163.726638,4
1719423167.8462865,4
1719423171.8819373,4
1719423176.0461333,4
1719423180.166372,4
1719423184.268596,4
1719423188.3861814,4
1719423192.443343,4
1719423196.4998913,4
1719423200.6444004,4
1719423204.7304108,4
1719423208.983604,4
1719423213.0288541,4
1719423217.1124325,4
1719423221.2289343,4
1719423225.3214,4
1719423229.4265645,4
1719423233.580866,4
1719423237.855121,4
1719423242.0457,4
1719423246.2822201,4
1719423250.3449314,4
1719423254.5367105,4
1719423258.7528262,4
1719423262.792208,4
1719423266.9411578,4
1719423271.1040907,4
1719423275.182598,4
1719423279.2783906,4
1719423283.3858464,4
1719423287.513276,4
1719423291.9350836,4
1719423295.9803476,4
1719423300.1466544,4
1719423304.278715,4
1719423308.4130983,4
1719423312.4570076,4
1719423316.6569095,4
1719423320.991542,4
1719423325.3257418,4
1719423329.4045732,4
1719423333.6546998,4
1719423337.7634778,4
1719423341.9253285,4
1719423346.0614524,4
1719423350.3132505,4
1719423354.517182,4
1719423358.6380122,4
1719423362.6900065,4
1719423366.8667288,4
1719423371.0600402,4
1719423375.1482086,4
1719423379.2365296,4
1719423383.420136,4
1719423387.6498368,4
1719423391.5840075,4
1719423395.681055,4
1719423399.8161013,4
1719423403.935265,4
1719423408.0822647,4
1719423412.2305167,4
1719423416.326451,4
1719423420.522259,4
1719423424.764965,4
1719423429.1547508,4
1719423433.249418,4
1719423437.3337727,4
1719423441.4769144,4
1719423445.7337034,4
1719423449.7907984,4
1719423453.9053628,4
1719423458.1007133,4
1719423462.1758516,4
1719423466.2207444,4
1719423470.2724075,4
1719423474.5825791,4
1719423478.627199,4
1719423482.7114718,4
1719423486.8391414,4
1719423490.9253685,4
1719423495.0011365,4
1719423499.2048402,4
1719423503.323394,4
1719423507.5843167,4
1719423511.7457454,4
1719423516.0379033,4
1719423520.1383064,4
1719423524.1603782,4
1719423528.2894828,4
1719423532.5979,4
1719423536.7136025,4
1719423540.8530517,4
1719423544.959954,4
1719423549.11034,4
1719423553.2447765,4
1719423557.272941,4
1719423561.4213006,4
1719423565.538565,4
1719423569.6805272,4
1719423573.7334528,4
1719423578.2029417,4
1719423582.3681536,4
1719423586.390674,4
1719423590.5723774,4
1719423594.7016735,4
1719423598.84972,4
1719423602.9989784,4
1719423607.0997717,4
1719423611.2063274,4
1719423615.4960976,4
1719423619.609133,4
1719423623.8635907,4
1719423627.9995615,4
1719423632.1781895,4
1719423636.2530825,4
1719423640.41738,4
1719423644.5469158,4
1719423648.754973,4
1719423652.8918612,4
1719423657.0406654,4
1719423661.1317437,4
1719423665.1984746,4
1719423669.334847,4
1719423673.4650373,4
1719423677.5315087,4
1719423681.5793645,4
1719423685.6336253,4
1719423689.7595606,4
1719423693.8600628,4
1719423698.056963,4
1719423702.166876,4
1719423706.6107943,4
1719423710.9167037,4
1719423715.174625,4
1719423719.5650043,4
1719423723.6615932,4
1719423727.833065,4
1719423731.964615,4
1719423736.105312,4
1719423740.2311249,4
1719423744.2662566,4
1719423748.3928294,4
1719423752.5069745,4
1719423756.5720952,4
1719423760.6745265,4
1719423765.1078186,4
1719423769.2408273,4
1719423773.4143066,4
1719423777.5826204,4
1719423781.68633,4
1719423785.8150551,4
1719423790.066379,4
1719423794.1635132,4
1719423798.4042554,4
1719423802.6397939,4
1719423807.0330195,4
1719423811.1838078,4
1719423815.2787406,4
1719423819.3865645,4
1719423823.5952184,4
1719423827.6782274,4
1719423831.8682368,4
1719423835.9234364,4
1719423839.9971151,4
1719423844.0227118,4
1719423848.1231687,4
1719423852.2325022,4
1719423856.3827765,4
1719423860.4982297,4
1719423864.5853918,4
1719423868.6872985,4
1719423872.7753625,4
1719423876.930262,4
1719423881.2095132,4
1719423885.3230898,4
1719423889.4868565,4
1719423893.6293776,4
1719423897.7440479,4
1719423901.8730795,4
1719423906.1116843,4
1719423910.200943,4
1719423914.3307724,4
1719423918.502703,4
1719423922.4730287,4
1719423926.7695842,4
1719423930.9162753,4
1719423935.0286694,4
1719423939.1403613,4
1719423943.3127022,4
1719423947.6255417,4
1719423951.680671,4
1719423955.9178548,4
1719423960.0139546,4
1719423963.921885,4
1719423967.9864628,4
1719423972.1453557,4
1719423976.2668922,4
1719423980.404006,4
1719423984.465929,4
1719423988.8258445,4
1719423993.0846348,4
1719423997.2755814,4
1719424001.4677315,4
1719424005.4356043,4
1719424009.5669887,4
1719424013.7267227,4
1719424017.9282544,4
1719424022.1092813,4
1719424026.4228446,4
1719424030.4626336,4
1719424034.7038925,4
1719424038.782916,4
1719424043.031924,4
1719424047.0142064,4
1719424051.1913717,4
1719424055.3457134,4
1719424059.416915,4
1719424063.6454904,4
1719424067.8326578,4
1719424071.8708205,4
1719424075.961085,4
1719424079.997321,4
1719424084.1925,4
1719424088.3115823,4
1719424092.5061574,4
1719424096.689595,4
1719424100.7081485,4
1719424104.9335506,4
1719424109.0487735,4
1719424113.1363318,4
1719424117.4065316,4
1719424121.6645675,4
1719424125.938327,4
1719424129.8570435,4
1719424134.1015377,4
1719424138.2459543,4
1719424142.4086158,4
1719424146.693255,4
1719424150.829903,4
1719424154.8646245,4
1719424158.9856992,4
1719424163.2583103,4
1719424167.483249,4
1719424171.6091983,4
1719424175.7855258,4
1719424179.9259777,4
1719424184.139168,4
1719424188.2772381,4
1719424192.4229226,4
1719424196.664331,4
1719424200.8285525,4
1719424205.1257687,4
1719424209.22322,4
1719424213.5795825,4
1719424217.6494107,4
1719424221.7912288,4
1719424225.96252,4
1719424230.1138668,4
1719424234.2062078,4
1719424238.2756138,4
1719424242.402036,4
1719424246.4699428,4
1719424250.6783772,4
1719424254.7714047,4
1719424258.9285488,4
1719424262.9813478,4
1719424267.1836128,4
1719424271.2404242,4
1719424275.3923802,4
1719424279.4492726,4
1719424283.577115,4
1719424287.858784,4
1719424292.0435028,4
1719424296.083528,4
1719424300.2058911,4
1719424304.4208732,4
1719424308.7203588,4
1719424312.8294115,4
1719424316.971594,4
1719424321.0159454,4
1719424325.0904672,4
1719424329.1553938,4
1719424333.2395422,4
1719424337.2738662,4
1719424341.3946192,4
1719424345.4758341,4
1719424349.5514503,4
1719424353.765132,4
1719424358.0112298,4
1719424362.0900917,4
1719424366.2123954,4
1719424370.1728163,4
1719424374.3711503,4
1719424378.4600117,4
1719424382.6712859,4
1719424386.8721316,4
1719424391.0299003,4
1719424395.1042526,4
1719424399.2443557,4
1719424403.344943,4
1719424407.44995,4
1719424411.5547528,4
1719424415.7474942,4
1719424419.9204392,4
1719424423.8792453,4
1719424428.1962326,4
1719424432.3943286,4
1719424436.601812,4
1719424440.9260125,4
1719424445.1323748,4
1719424449.23864,4
1719424453.4891455,4
1719424457.6028385,4
1719424461.977037,4
1719424466.0246372,4
1719424470.4277017,4
1719424474.5824683,4
1719424478.7411141,4
1719424482.9477072,4
1719424487.1374333,4
1719424491.3712463,4
1719424495.621507,4
1719424499.7693632,4
1719424503.9757025,4
1719424507.9425597,4
1719424512.015713,4
1719424516.0600746,4
1719424520.2438395,4
1719424524.221451,4
1719424528.397274,4
1719424532.601398,4
1719424536.6099684,4
1719424540.766952,4
1719424544.8225083,4
1719424549.0517156,4
1719424553.2965376,4
1719424557.371885,4
1719424561.4561777,4
1719424565.7857172,4
1719424569.9131565,4
1719424574.0446346,4
1719424578.1461701,4
1719424582.2996855,4
1719424586.4717116,4
1719424590.7319434,4
1719424594.8049066,4
1719424598.9878664,4
1719424603.1551204,4
1719424607.3250043,4
1719424611.7065384,4
1719424615.760405,4
1719424619.802559,4
1719424624.1489499,4
1719424628.3164687,4
1719424632.5070522,4
1719424636.5279138,4
1719424640.6903205,4
1719424644.7675505,4
1719424648.9289012,4
1719424653.206012,4
1719424657.3689752,4
1719424661.3976471,4
1719424665.5118082,4
1719424669.7108192,4
1719424673.9983127,4
1719424678.083827,4
1719424682.322929,4
1719424686.456028,4
1719424690.6348486,4
1719424694.9739988,4
1719424699.0548513,4
1719424703.2190707,4
1719424707.4072526,4
1719424711.9348378,4
1719424716.0477345,4
1719424720.2030656,4
1719424724.297702,4
1719424728.4076698,4
1719424732.50375,4
1719424736.674275,4
1719424740.787198,4
1719424744.8290892,4
1719424748.946005,4
1719424752.8922772,4
1719424757.0950923,4
1719424761.021812,4
1719424765.1147792,4
1719424769.1978552,4
1719424773.304025,4
1719424777.340338,4
1719424781.478126,4
1719424785.5154216,4
1719424789.6627965,4
1719424793.9102092,4
1719424798.0422275,4
1719424801.9681861,4
1719424806.1879435,4
1719424810.2202535,4
1719424814.312622,4
1719424818.4762244,4
1719424822.5840216,4
1719424826.7890306,4
1719424830.9000366,4
1719424835.0245192,4
1719424839.3162048,4
1719424843.0829418,4
1719424847.2955482,4
1719424851.4372137,4
1719424855.5623472,4
1719424859.6929734,4
1719424863.8719814,4
1719424867.93012,4
1719424872.0612283,4
1719424876.2699494,4
1719424880.3778331,4
1719424884.4532964,4
1719424888.5901718,4
1719424892.687566,4
1719424896.9153981,4
1719424900.958997,4
1719424905.0875258,4
1719424909.2327976,4
1719424913.3557854,4
1719424917.436851,4
1719424921.6099632,4
1719424925.7580655,4
1719424929.9982674,4
1719424934.082217,4
1719424938.2425065,4
1719424942.3868418,4
1719424946.5287006,4
1719424950.6538281,4
1719424954.7647812,4
1719424958.9272263,4
1719424963.185598,4
1719424967.691344,4
1719424971.8702238,4
1719424975.9718096,4
1719424980.201758,4
1719424984.2505083,4
1719424988.50864,4
1719424992.6211514,4
1719424996.661994,4
1719425000.895016,4
1719425005.1056871,4
1719425009.291609,4
1719425013.4379013,4
1719425017.5299144,4
1719425021.6527793,4
1719425025.8113658,4
1719425030.0079892,4
1719425034.0501351,4
1719425038.0265498,4
1719425042.2573636,4
1719425046.3464215,4
1719425050.5498953,4
1719425054.7057986,4
1719425058.8775308,4
1719425063.1426468,4
1719425067.2762132,4
1719425071.5740278,4
1719425075.6267831,4
1719425079.7500925,4
1719425083.8277555,4
1719425088.0422986,4
1719425092.1809547,4
1719425096.5047364,4
1719425100.7612367,4
1719425104.882096,4
1719425109.0780764,4
1719425113.1356761,4
1719425117.248305,4
1719425121.3406065,4
1719425125.4719853,4
1719425129.626444,4
1719425133.6143363,4
1719425137.7193706,4
1719425141.77512,4
1719425145.9631884,4
1719425150.0187573,4
1719425154.0740576,4
1719425158.1458828,4
1719425162.3983364,4
1719425166.698253,4
1719425170.8821979,4
1719425175.191634,4
1719425179.2773123,4
1719425183.3529472,4
1719425187.653089,4
1719425191.9378934,4
1719425196.4075801,4
1719425200.5629582,4
1719425204.6839304,4
1719425208.7140248,4
1719425212.8158388,4
1719425216.9802887,4
1719425221.0873377,4
1719425224.9457035,4
1719425229.130216,4
1719425233.1683292,4
1719425237.4458838,4
1719425241.6544008,4
1719425245.8659346,4
1719425250.164889,4
1719425254.4965086,4
1719425258.5845475,4
1719425262.7546775,4
1719425266.7963555,4
1719425271.072911,4
1719425275.1348364,4
1719425279.2910872,4
1719425283.5388172,4
1719425287.750925,4
1719425291.90064,4
1719425296.237115,4
1719425300.3444638,4
1719425304.4599352,4
1719425308.5054226,4
1719425312.744667,4
1719425316.984796,4
1719425321.096596,4
1719425325.2441363,4
1719425329.4749207,4
1719425333.541569,4
1719425337.7121243,4
1719425341.9918237,4
1719425346.0801609,4
1719425350.2126179,4
1719425354.4483957,4
1719425358.5741172,4
1719425362.6714213,4
1719425366.861875,4
1719425371.0576336,4
1719425375.1866446,4
1719425379.2513871,4
1719425383.1938431,4
1719425387.3299649,4
1719425391.3669634,4
1719425395.29962,4
1719425399.2527566,4
1719425403.463193,4
1719425407.5175002,4
1719425411.6168709,4
1719425415.8081257,4
1719425419.950363,4
1719425424.1180346,4
1719425427.9276707,4
1719425431.7899685,4
1719425435.9813204,4
1719425440.1140904,4
1719425444.3328521,4
1719425448.4952881,4
1719425452.666401,4
1719425456.7027915,4
1719425460.959861,4
1719425465.1286993,4
1719425469.0622,4
1719425473.163778,4
1719425477.3667712,4
1719425481.5068018,4
1719425485.6676743,4
1719425489.788463,4
1719425493.9906464,4
1719425498.0557218,4
1719425502.234499,4
1719425506.419375,4
1719425510.3655553,4
1719425514.4972541,4
1719425518.6579537,4
1719425522.8120525,4
1719425526.9769287,4
1719425531.154212,4
1719425535.262634,4
1719425539.3352726,4
1719425543.5261984,4
1719425547.6472535,4
1719425551.727339,4
1719425555.9433157,4
1719425560.207933,4
1719425564.276582,4
1719425568.4319813,4
1719425572.4698696,4
1719425576.7645655,4
1719425580.8222718,4
1719425584.9138782,4
1719425588.9448411,4
1719425593.029307,4
1719425597.222565,4
1719425601.408451,4
1719425605.618183,4
1719425609.8402555,4
1719425614.0667892,4
1719425618.2596605,4
1719425622.3917959,4
1719425626.577175,4
1719425630.8053274,4
1719425635.0686984,4
1719425639.233756,4
1719425643.4261165,4
1719425647.6541712,4
1719425651.817554,4
1719425655.9069138,4
1719425660.301251,4
1719425664.382207,4
1719425668.5424023,4
1719425672.6206102,4
1719425676.7067516,4
1719425680.871635,4
1719425685.054046,4
1719425689.177249,4
1719425693.3699453,4
1719425697.3752267,4
1719425701.3238435,4
1719425705.4837215,4
1719425709.6008968,4
1719425713.8470829,4
1719425718.026974,4
1719425721.9460247,4
1719425726.1076908,4
1719425730.2294152,4
1719425734.3153763,4
1719425738.2893717,4
1719425742.5284925,4
1719425746.6894937,4
1719425750.8385947,4
1719425754.8870957,4
1719425758.9701645,4
1719425763.0097208,4
1719425767.1083639,4
1719425771.3100126,4
1719425775.4266012,4
1719425779.6047628,4
1719425783.867756,4
1719425788.004964,4
1719425792.1566763,4
1719425796.3049934,4
1719425800.4544892,4
1719425804.3883736,4
1719425808.5778842,4
1719425812.6666884,4
1719425816.8332505,4
1719425821.001183,4
1719425825.122364,4
1719425829.1543586,4
1719425833.2570038,4
1719425837.2970583,4
1719425841.6612434,4
1719425845.68065,4
1719425849.6506772,4
1719425853.7345002,4
1719425857.796515,4
1719425861.7899163,4
1719425865.962698,4
1719425869.890163,4
1719425874.147541,4
1719425878.2264745,4
1719425882.3641694,4
1719425886.533748,4
1719425890.945397,4
1719425895.0712962,4
1719425899.184171,4
1719425903.2702255,4
1719425907.4207745,4
1719425911.5664635,4
1719425915.670304,4
1719425919.8623693,4
1719425923.9103725,4
1719425928.0011075,4
1719425932.2657537,4
1719425936.3745248,4
1719425940.603682,4
1719425944.6562836,4
1719425948.9212236,4
1719425953.0171227,4
1719425957.1850724,4
1719425961.3275886,4
1719425965.5685468,4
1719425969.6532562,4
1719425973.884487,4
1719425977.9492598,4
1719425982.0273192,4
1719425986.0760345,4
1719425990.2272692,4
1719425994.3118658,4
1719425998.1867805,4
1719426002.29561,4
1719426006.5032802,4
1719426010.5166805,4
1719426014.7075174,4
1719426018.8558903,4
1719426023.017303,4
1719426027.1339102,4
1719426031.3084016,4
1719426035.5008018,4
1719426039.7791252,4
1719426043.963065,4
1719426048.1154184,4
1719426052.1623175,4
1719426056.347483,4
1719426060.4267497,4
1719426064.668413,4
1719426068.8590343,4
1719426073.1670818,4
1719426077.3204932,4
1719426081.4968607,4
1719426085.5494242,4
1719426089.6221116,4
1719426093.8465877,4
1719426097.9926078,4
1719426102.1013913,4
1719426106.3157191,4
1719426110.4946682,4
1719426114.597931,4
1719426118.7082467,4
1719426122.8436766,4
1719426126.7612596,4
1719426130.9055862,4
1719426135.0448973,4
1719426139.1363385,4
1719426143.1588578,4
1719426147.3659043,4
1719426151.7970045,4
1719426155.908339,4
1719426160.0197234,4
1719426164.159673,4
1719426168.3208117,4
1719426172.4323814,4
1719426176.6464756,4
1719426180.556733,4
1719426184.7814596,4
1719426189.094106,4
1719426193.2506294,4
1719426197.3070674,4
1719426201.4525201,4
1719426205.5561397,4
1719426209.7486238,4
1719426213.8371565,4
1719426217.8989265,4
1719426221.8796995,4
1719426225.9167814,4
1719426229.96274,4
1719426234.1393414,4
1719426238.3597054,4
1719426242.4379392,4
1719426246.6115851,4
1719426250.8554232,4
1719426255.1083138,4
1719426259.2419183,4
1719426263.3672967,4
1719426267.7061305,4
1719426271.77468,4
1719426276.0888822,4
1719426280.2355967,4
1719426284.3349097,4
1719426288.5346665,4
1719426292.5829976,4
1719426296.6683483,4
1719426300.9269683,4
1719426305.1912076,4
1719426309.4500031,4
1719426313.6261427,4
1719426317.939056,4
1719426322.1037476,4
1719426326.2065332,4
1719426330.3580945,4
1719426334.8796833,4
1719426339.0251098,4
1719426343.0763316,4
1719426347.0956583,4
1719426351.2301874,4
1719426355.4564397,4
1719426359.713264,4
1719426363.8764708,4
1719426368.0381243,4
1719426372.2736504,4
1719426376.445397,4
1719426380.5541556,4
1719426384.8348277,4
1719426388.9794407,4
1719426393.1605115,4
1719426397.445426,4
1719426401.6657712,4
1719426405.9111228,4
1719426410.092709,4
1719426414.3275743,4
1719426418.4548717,4
1719426422.6335661,4
1719426426.7236214,4
1719426431.1946957,4
1719426435.435624,4
1719426439.558963,4
1719426443.674011,4
1719426447.8433385,4
1719426451.9543815,4
1719426456.0015874,4
1719426460.1816528,4
1719426464.403716,4
1719426468.8203828,4
1719426473.0183637,4
1719426477.2362297,4
1719426481.4743302,4
1719426485.5363863,4
1719426489.5381372,4
1719426493.766064,4
1719426497.9056568,4
1719426502.1294699,4
1719426506.3848479,4
1719426510.4463248,4
1719426514.5528073,4
1719426518.6734114,4
1719426523.0459604,4
1719426527.3213077,4
1719426531.4174044,4
1719426535.463334,4
1719426539.5926738,4
1719426543.6261928,4
1719426547.9367473,4
1719426552.1360154,4
1719426556.2362962,4
1719426560.3911085,4
1719426564.5277236,4
1719426568.5846324,4
1719426572.7770646,4
1719426576.8279057,4
1719426580.9797974,4
1719426585.1522264,4
1719426589.3621693,4
1719426593.3964937,4
1719426597.5052674,4
1719426601.2014382,4
1719426605.291435,4
1719426609.4961247,4
1719426613.6488268,4
1719426617.7063632,4
1719426622.1256766,4
1719426626.2114778,4
1719426630.3603783,4
1719426634.4544463,4
1719426638.5541286,4
1719426642.477099,4
1719426646.6408536,4
1719426650.7741525,4
1719426655.0452719,4
1719426659.233624,4
1719426663.3613253,4
1719426667.445251,4
1719426671.6079822,4
1719426675.811957,4
1719426679.937402,4
1719426683.8914301,4
1719426688.0041833,4
1719426692.168361,4
1719426696.2988405,4
1719426700.2538633,4
1719426704.4432433,4
1719426708.6345308,4
1719426712.78769,4
1719426716.866326,4
1719426721.079467,4
1719426725.2167108,4
1719426729.3342767,4
1719426733.4324615,4
1719426737.6920502,4
1719426741.8688784,4
1719426746.1207676,4
1719426750.2031457,4
1719426754.3399107,4
1719426758.4898753,4
1719426762.693407,4
1719426766.9751806,4
1719426770.9072583,4
1719426774.9787273,4
1719426779.275592,4
1719426783.1736803,4
1719426787.3462965,4
1719426791.505773,4
1719426795.7576213,4
1719426799.9514513,4
1719426804.139948,4
1719426808.2857244,4
1719426812.6621892,4
1719426816.786698,4
1719426820.8793204,4
1719426825.0672593,4
1719426829.1377702,4
1719426833.3183305,4
1719426837.4975452,4
1719426841.5427043,4
1719426845.7559195,4
1719426849.833461,4
1719426854.0174205,4
1719426858.1573668,4
1719426862.3029108,4
1719426866.4098043,4
1719426870.5777166,4
1719426874.9685605,4
1719426878.9662044,4
1719426883.0126057,4
1719426887.2302482,4
1719426891.316722,4
1719426895.2050686,4
1719426899.3713262,4
1719426903.594924,4
1719426907.8760884,4
1719426912.0563436,4
1719426916.1795585,4
1719426920.445386,4
1719426924.5735564,4
1719426928.7342381,4
1719426932.8845007,4
1719426936.866571,4
1719426941.1653237,4
1719426945.2571785,4
1719426949.416817,4
1719426953.8232646,4
1719426958.133123,4
1719426962.3347101,4
1719426966.4612315,4
1719426970.3730586,4
1719426974.4743743,4
1719426978.4116561,4
1719426982.5799305,4
1719426986.7724745,4
1719426990.7970262,4
1719426994.9055634,4
1719426999.228378,4
1719427003.59033,4
1719427007.7198389,4
1719427011.8521974,4
1719427015.9799583,4
1719427020.0163412,4
1719427024.3015296,4
1719427028.4433467,4
1719427032.4815083,4
1719427036.6544962,4
1719427040.7951796,4
1719427044.9018145,4
1719427049.0073721,4
1719427053.2480943,4
1719427057.4353592,4
1719427061.5029912,4
1719427065.693328,4
1719427069.9052749,4
1719427073.9116008,4
1719427078.1056075,4
1719427082.115472,4
1719427086.2867715,4
1719427090.3427494,4
1719427094.4978144,4
1719427098.6669474,4
1719427102.781549,4
1719427106.8510408,4
1719427110.9213738,4
1719427115.0630953,4
1719427119.256435,4
1719427123.3979435,4
1719427127.6211064,4
1719427131.7178614,4
1719427135.828029,4
1719427139.980944,4
1719427144.2144186,4
1719427148.5216224,4
1719427152.7469969,4
1719427156.8383684,4
1719427161.0642414,4
1719427165.3140612,4
1719427169.3275955,4
1719427173.4339736,4
1719427177.6367567,4
1719427181.80438,4
1719427185.9341521,4
1719427189.8523407,4
1719427194.2179592,4
1719427198.486741,4
1719427202.680678,4
1719427206.7434223,4
1719427210.8433788,4
1719427214.8790886,4
1719427218.9879336,4
1719427223.1152444,4
1719427227.3254979,4
1719427231.1830602,4
1719427235.2797647,4
1719427239.484459,4
1719427243.707952,4
1719427247.843325,4
1719427252.0869887,4
1719427256.334002,4
1719427260.4392898,4
1719427264.6309502,4
1719427268.7982159,4
1719427272.7604096,4
1719427276.950301,4
1719427281.126273,4
1719427285.3251853,4
1719427289.5217,4
1719427293.7346468,4
1719427297.8698535,4
1719427302.1192493,4
1719427306.162643,4
1719427310.26067,4
1719427314.1787853,4
1719427318.370861,4
1719427322.4326143,4
1719427326.619665,4
1719427330.6846254,4
1719427334.8947628,4
1719427338.8025446,4
1719427342.8910918,4
1719427347.010847,4
1719427351.2360334,4
1719427355.3104825,4
1719427359.5338156,4
1719427363.9340417,4
1719427368.0628562,4
1719427372.008622,4
1719427376.2251084,4
1719427380.5002682,4
1719427384.5849295,4
1719427388.7295825,4
1719427392.8902922,4
1719427397.034618,4
1719427401.1537302,4
1719427405.3994162,4
1719427409.490442,4
1719427413.5549746,4
1719427417.6197746,4
1719427421.7227035,4
1719427425.8969848,4
1719427430.0355778,4
1719427434.2815998,4
1719427438.3767743,4
1719427442.3928068,4
1719427446.5156941,4
1719427450.663851,4
1719427454.741218,4
1719427459.0488873,4
1719427463.1847215,4
1719427467.4001644,4
1719427471.6623056,4
1719427475.746233,4
1719427479.9795291,4
1719427483.8865957,4
1719427487.9656208,4
1719427492.095287,4
1719427496.2342925,4
1719427500.50303,4
1719427504.6510243,4
1719427508.636148,4
1719427512.7872999,4
1719427516.930609,4
1719427521.1220613,4
1719427525.0806446,4
1719427529.3120062,4
1719427533.4007266,4
1719427537.4823337,4
1719427541.6220791,4
1719427545.8354304,4
1719427549.908433,4
1719427554.0386968,4
1719427558.1759655,4
1719427562.2901852,4
1719427566.3795307,4
1719427570.434565,4
1719427574.7123487,4
1719427578.8945405,4
1719427583.1091194,4
1719427587.3333097,4
1719427591.5515354,4
1719427595.742968,4
1719427599.9036791,4
1719427603.9891355,4
1719427608.0729043,4
1719427612.1468003,4
1719427616.3349085,4
1719427620.731043,4
1719427624.9511607,4
1719427629.1644473,4
1719427633.2825415,4
1719427637.3976314,4
1719427641.5780191,4
1719427645.6520452,4
1719427649.7815819,4
1719427653.9371114,4
1719427658.147029,4
1719427662.360892,4
1719427666.5943015,4
1719427670.895786,4
1719427675.025314,4
1719427678.9905405,4
1719427683.122337,4
1719427687.2030475,4
1719427691.2609177,4
1719427695.2086492,4
1719427699.3260498,4
1719427703.628773,4
1719427707.719774,4
1719427711.8525887,4
1719427716.0920315,4
1719427720.3019066,4
1719427724.5448897,4
1719427728.7334166,4
1719427732.8262072,4
1719427736.8001313,4
1719427740.9348412,4
1719427745.0496206,4
1719427749.138604,4
1719427753.263742,4
1719427757.4888363,4
1719427761.6432483,4
1719427765.7915418,4
1719427769.9877396,4
1719427774.1257877,4
1719427778.076689,4
1719427782.1629033,4
1719427786.2642922,4
1719427790.3950272,4
1719427794.6021137,4
1719427798.88763,4
1719427803.0491958,4
1719427807.266791,4
1719427811.3628151,4
1719427815.519771,4
1719427819.463917,4
1719427823.7258663,4
1719427827.9984589,4
1719427832.1358502,4
1719427836.1308715,4
1719427840.2551694,4
1719427844.4579642,4
1719427848.7439759,4
1719427852.8650103,4
1719427856.9708834,4
1719427860.91389,4
1719427865.129675,4
1719427869.2984102,4
1719427873.4499052,4
1719427877.607452,4
1719427881.7693408,4
1719427885.9214256,4
1719427890.07434,4
1719427894.040069,4
1719427898.3651636,4
1719427902.534916,4
1719427906.4691386,4
1719427910.6031811,4
1719427914.7294686,4
1719427918.9215071,4
1719427923.1398537,4
1719427927.3494022,4
1719427931.5023613,4
1719427935.6523573,4
1719427939.8621683,4
1719427943.927133,4
1719427947.8663292,4
1719427952.024453,4
1719427956.2371082,4
1719427960.4413452,4
1719427964.5297,4
1719427969.111205,4
1719427973.4334068,4
1719427977.4490473,4
1719427981.895764,4
1719427986.0988145,4
1719427990.1870322,4
1719427994.2354074,4
1719427998.3390021,4
1719428002.3940454,4
1719428006.6521893,4
1719428010.7896993,4
1719428014.9410894,4
1719428019.0815995,4
1719428023.2686894,4
1719428027.29054,4
1719428031.410674,4
1719428035.486374,4
1719428039.7896063,4
1719428043.8825336,4
1719428048.0030596,4
1719428052.0293968,4
1719428056.226847,4
1719428060.405215,4
1719428064.5488932,4
1719428068.4521282,4
1719428072.6168413,4
1719428076.784057,4
1719428080.9183507,4
1719428084.962976,4
1719428089.0659168,4
1719428093.149894,4
1719428097.4210584,4
1719428101.6796424,4
1719428105.7943506,4
1719428109.7233238,4
1719428113.8608558,4
1719428117.9429574,4
1719428122.1065004,4
1719428126.1673915,4
1719428130.3444107,4
1719428134.4615088,4
1719428138.667428,4
1719428142.7192407,4
1719428146.8328495,4
1719428150.8392155,4
1719428154.9642036,4
1719428159.2004008,4
1719428163.3591592,4
1719428167.6837828,4
1719428171.8778696,4
1719428176.0778415,4
1719428180.2113516,4
1719428184.2339814,4
1719428188.3357158,4
1719428192.401209,4
1719428196.4878364,4
1719428200.5344634,4
1719428204.6091764,4
1719428208.830588,4
1719428213.036354,4
1719428217.122877,4
1719428221.260133,4
1719428225.4227135,4
1719428229.5965967,4
1719428233.7110467,4
1719428237.7859385,4
1719428241.999865,4
1719428246.2042422,4
1719428250.3788655,4
1719428254.6333733,4
1719428258.83745,4
1719428263.0938365,4
1719428267.3048866,4
1719428271.4280725,4
1719428275.5906196,4
1719428279.8010256,4
1719428283.9312844,4
1719428288.0624874,4
1719428292.092664,4
1719428296.3581421,4
1719428300.4846988,4
1719428304.6902907,4
1719428308.8993514,4
1719428313.1114438,4
1719428317.307735,4
1719428321.4647598,4
1719428325.675756,4
1719428329.7877414,4
1719428333.8640258,4
1719428338.008675,4
1719428342.2491596,4
1719428346.5290697,4
1719428350.620202,4
1719428354.6757154,4
1719428358.8850014,4
1719428363.057629,4
1719428367.0892675,4
1719428371.321373,4
1719428375.3657877,4
1719428379.5982757,4
1719428383.7618198,4
1719428387.9506328,4
1719428392.0204158,4
1719428396.107746,4
1719428400.254527,4
1719428404.1708734,4
1719428408.226758,4
1719428412.4149637,4
1719428416.6548133,4
1719428420.7645617,4
1719428425.0346174,4
1719428429.1675806,4
1719428433.3523908,4
1719428437.4734948,4
1719428441.5912576,4
1719428445.8372655,4
1719428450.037199,4
1719428454.185097,4
1719428458.3423674,4
1719428462.4442906,4
1719428466.6498692,4
1719428470.8053966,4
1719428474.8681707,4
1719428479.1333754,4
1719428483.1334848,4
1719428487.054412,4
1719428491.212051,4
1719428495.5709343,4
1719428499.574979,4
1719428503.4958515,4
1719428507.634885,4
1719428511.7453,4
1719428515.9148116,4
1719428520.1652014,4
1719428524.0699663,4
1719428528.0321126,4
1719428532.0741224,4
1719428536.3142273,4
1719428540.429425,4
1719428544.6485066,4
1719428548.8337193,4
1719428553.109033,4
1719428557.2566495,4
1719428561.6121454,4
1719428565.661144,4
1719428569.8142874,4
1719428573.9136946,4
1719428578.2326372,4
1719428582.3988562,4
1719428586.5461066,4
1719428590.8411922,4
1719428594.9330828,4
1719428599.0063603,4
1719428603.480783,4
1719428607.602459,4
1719428611.7253363,4
1719428615.8435783,4
1719428620.0560825,4
1719428624.0807624,4
1719428628.2156959,4
1719428632.3314297,4
1719428636.4729297,4
1719428640.5526068,4
1719428644.6804109,4
1719428648.8353584,4
1719428652.9617918,4
1719428657.1281362,4
1719428661.385288,4
1719428665.5523,4
1719428669.6757338,4
1719428673.840529,4
1719428678.134233,4
1719428682.2535026,4
1719428686.2813852,4
1719428690.3512673,4
1719428694.5016105,4
1719428698.6673524,4
1719428702.7425594,4
1719428706.7869303,4
1719428710.9437501,4
1719428715.0516164,4
1719428719.1926475,4
1719428723.4582198,4
1719428727.605545,4
1719428731.7163668,4
1719428735.8323252,4
1719428739.7368095,4
1719428743.877804,4
1719428748.16883,4
1719428752.3845139,4
1719428756.5648043,4
1719428760.8036606,4
1719428764.9607568,4
1719428769.2092564,4
1719428773.2368796,4
1719428777.50251,4
1719428781.3973868,4
1719428785.5740867,4
1719428789.655503,4
1719428793.8221579,4
1719428797.997956,4
1719428802.2787864,4
1719428806.453112,4
1719428810.6605296,4
1719428814.80473,4
1719428818.9571552,4
1719428823.0381997,4
1719428827.17551,4
1719428831.3129995,4
1719428835.3837173,4
1719428839.6189246,4
1719428843.7228448,4
1719428848.0261338,4
1719428852.1627357,4
1719428856.3683414,4
1719428860.5121953,4
1719428864.7059891,4
1719428868.6985369,4
1719428872.7242126,4
1719428876.8402631,4
1719428881.0457203,4
1719428885.282316,4
1719428889.3420963,4
1719428893.520544,4
1719428897.5702631,4
1719428901.6892097,4
1719428905.9480398,4
1719428910.1445546,4
1719428914.3302045,4
1719428918.40839,4
1719428922.581925,4
1719428926.9166946,4
1719428930.9219117,4
1719428935.1007028,4
1719428939.339757,4
1719428943.5025828,4
1719428947.7113216,4
1719428951.8399312,4
1719428955.9940841,4
1719428960.1148975,4
1719428964.311586,4
1719428968.488919,4
1719428972.6903405,4
1719428976.825088,4
1719428981.0560575,4
1719428985.2096567,4
1719428989.2824621,4
1719428993.3097763,4
1719428997.7113965,4
1719429001.7282906,4
1719429005.814522,4
1719429009.946466,4
1719429014.1646736,4
1719429018.3153927,4
1719429022.4550319,4
1719429026.444314,4
1719429030.6846902,4
1719429034.798236,4
1719429038.9661326,4
1719429043.3028758,4
1719429047.395314,4
1719429051.4182057,4
1719429055.623075,4
1719429059.8026953,4
1719429063.9512942,4
1719429068.0546787,4
1719429072.1886528,4
1719429076.233387,4
1719429080.3177106,4
1719429084.3519475,4
1719429088.4351366,4
1719429092.420598,4
1719429096.4647675,4
1719429100.576373,4
1719429104.7698977,4
1719429108.9526,4
1719429113.1361604,4
1719429117.0467825,4
1719429121.1861293,4
1719429125.3187943,4
1719429129.4167233,4
1719429133.5686977,4
1719429137.7759464,4
1719429142.0450363,4
1719429146.2886217,4
1719429150.3400042,4
1719429154.4690378,4
1719429158.3995109,4
1719429162.5358856,4
1719429166.5619042,4
1719429170.761336,4
1719429174.917242,4
1719429179.2310328,4
1719429183.332875,4
1719429187.4545622,4
1719429191.5385277,4
1719429195.6584127,4
1719429199.6686544,4
1719429203.8197858,4
1719429207.9476693,4
1719429212.0565338,4
1719429216.1748235,4
1719429220.2492404,4
1719429224.5081124,4
1719429228.598,4
1719429232.6890163,4
1719429237.0329595,4
1719429241.0647407,4
1719429245.2317874,4
1719429249.3196623,4
1719429253.4632626,4
1719429257.428601,4
1719429261.6258836,4
1719429265.603771,4
1719429269.7615194,4
1719429273.8385193,4
1719429277.9891613,4
1719429282.1348958,4
1719429286.0731711,4
1719429290.157701,4
1719429294.2743192,4
1719429298.314043,4
1719429302.4073832,4
1719429306.4749978,4
1719429310.575118,4
1719429314.611456,4
1719429318.75731,4
1719429322.7908058,4
1719429327.0329936,4
1719429331.073645,4
1719429335.1238246,4
1719429339.2708066,4
1719429343.3929396,4
1719429347.5512593,4
1719429351.7326987,4
1719429355.9477673,4
1719429360.0956883,4
1719429364.1690564,4
1719429368.330328,4
1719429372.4922807,4
1719429376.5727766,4
1719429380.7783573,4
1719429384.972307,4
1719429389.0357268,4
1719429393.2641428,4
1719429397.3359756,4
1719429401.5225265,4
1719429405.61453,4
1719429409.4330614,4
1719429413.8754396,4
1719429418.028362,4
1719429422.1067245,4
1719429426.2904139,4
1719429430.4739017,4
1719429434.4823167,4
1719429438.6946795,4
1719429442.8277748,4
1719429446.9254606,4
1719429451.1087632,4
1719429455.2126665,4
1719429459.512787,4
1719429463.6586382,4
1719429467.8211722,4
1719429471.9049482,4
1719429476.1924114,4
1719429480.28097,4
1719429484.5017617,4
1719429488.6718745,4
1719429492.8154204,4
1719429497.1168246,4
1719429501.2820632,4
1719429505.4225147,4
1719429509.6926923,4
1719429513.7478638,4
1719429517.9959931,4
1719429522.0399528,4
1719429526.1806993,4
1719429530.4477515,4
1719429534.6038451,4
1719429538.7156034,4
1719429542.8404758,4
1719429546.8947895,4
1719429551.0305295,4
1719429555.2143838,4
1719429559.3368416,4
1719429563.4678695,4
1719429567.616011,4
1719429571.7069418,4
1719429575.8257968,4
1719429580.097257,4
1719429584.3247232,4
1719429588.4972892,4
1719429592.6966398,4
1719429596.8420103,4
1719429600.9899087,4
1719429605.2338274,4
1719429609.4225028,4
1719429613.6561966,4
1719429617.844505,4
1719429622.074464,4
1719429626.29262,4
1719429630.41104,4
1719429634.556012,4
1719429638.6095932,4
1719429642.7218783,4
1719429646.9143553,4
1719429651.0800548,4
1719429655.1793382,4
1719429659.4035954,4
1719429663.5308096,4
1719429667.6466088,4
1719429671.8125443,4
1719429675.9981754,4
1719429680.148662,4
1719429684.4870124,4
1719429688.5445027,4
1719429692.7515357,4
1719429696.9189308,4
1719429701.000978,4
1719429705.182299,4
1719429709.3352268,4
1719429713.6231034,4
1719429717.7934275,4
1719429721.8544004,4
1719429725.9427512,4
1719429730.0612304,4
1719429734.1913383,4
1719429738.2771366,4
1719429742.5296755,4
1719429746.6216261,4
1719429750.7506347,4
1719429754.916468,4
1719429759.0708177,4
1719429763.151287,4
1719429767.434254,4
1719429771.5255725,4
1719429775.7200792,4
1719429779.8679652,4
1719429783.9871593,4
1719429788.1701446,4
1719429792.4174836,4
1719429796.3968039,4
1719429800.580759,4
1719429804.7221847,4
1719429809.1431272,4
1719429813.1903398,4
1719429817.323029,4
1719429821.4281886,4
1719429825.6751404,4
1719429829.638538,4
1719429833.9042914,4
1719429838.0331647,4
1719429842.1775932,4
1719429846.2991972,4
1719429850.383896,4
1719429854.4377446,4
1719429858.5821733,4
1719429862.8316574,4
1719429867.0290706,4
1719429871.1256804,4
1719429875.2786512,4
1719429879.319872,4
1719429883.572126,4
1719429887.7513635,4
1719429891.9515398,4
1719429896.0061681,4
1719429900.0918002,4
1719429904.2657986,4
1719429908.4624152,4
1719429912.6845584,4
1719429917.0314372,4
1719429921.1851258,4
1719429925.3748095,4
1719429929.5286663,4
1719429933.6280823,4
1719429937.7201946,4
1719429941.8915505,4
1719429945.9772725,4
1719429949.9946477,4
1719429954.0662959,4
1719429958.3242323,4
1719429962.5469732,4
1719429966.8930998,4
1719429971.1127522,4
1719429975.2051206,4
1719429979.3796787,4
1719429983.8458552,4
1719429988.0501413,4
1719429992.2214928,4
1719429996.3066936,4
1719430000.4864352,4
1719430004.5779219,4
1719430008.7030706,4
1719430012.8709147,4
1719430016.9611118,4
1719430021.0093236,4
1719430025.110886,4
1719430029.215934,4
1719430033.4816217,4
1719430037.522631,4
1719430041.7432537,4
1719430045.9289494,4
1719430050.090556,4
1719430054.192649,4
1719430058.3282502,4
1719430062.4368618,4
1719430066.6514602,4
1719430070.8186722,4
1719430075.1360517,4
1719430079.220108,4
1719430083.3535156,4
1719430087.2425635,4
1719430091.5216482,4
1719430095.6574605,4
1719430099.770324,4
1719430103.9357576,4
1719430108.1051893,4
1719430112.191786,4
1719430116.34487,4
1719430120.4608707,4
1719430124.5758355,4
1719430128.790516,4
1719430132.954297,4
1719430136.987503,4
1719430141.1039941,4
1719430145.2905438,4
1719430149.5013235,4
1719430153.6543603,4
1719430157.7616305,4
1719430161.8433108,4
1719430165.9334748,4
1719430169.9204502,4
1719430174.0572255,4
1719430178.2462757,4
1719430182.331627,4
1719430186.3227386,4
1719430190.4636028,4
1719430194.3804152,4
1719430198.4628224,4
1719430202.35413,4
1719430206.2564483,4
1719430210.3614295,4
1719430214.5351067,4
1719430218.5702083,4
1719430222.6242108,4
1719430226.8169856,4
1719430231.042093,4
1719430235.136298,4
1719430239.4319322,4
1719430243.59553,4
1719430247.699334,4
1719430251.9481866,4
1719430256.092962,4
1719430260.2078257,4
1719430264.3415716,4
1719430268.5513196,4
1719430272.6564713,4
1719430276.8180454,4
1719430281.081646,4
1719430285.264078,4
1719430289.500027,4
1719430293.7353232,4
1719430297.8387966,4
1719430301.9619358,4
1719430306.0909984,4
1719430310.2513802,4
1719430314.3834631,4
1719430318.5685332,4
1719430322.6730297,4
1719430326.788232,4
1719430330.9222088,4
1719430335.1803415,4
1719430339.498257,4
1719430343.6637933,4
1719430347.8064365,4
1719430352.0251336,4
1719430356.3195336,4
1719430360.4367557,4
1719430364.491536,4
1719430368.571845,4
1719430372.7017384,4
1719430376.8676245,4
1719430381.1216435,4
1719430385.2170367,4
1719430389.3116078,4
1719430393.45847,4
1719430397.5590522,4
1719430401.8676443,4
1719430406.241078,4
1719430410.3207138,4
1719430414.4713213,4
1719430418.5570822,4
1719430422.886036,4
1719430427.1072795,4
1719430431.2684433,4
1719430435.4724865,4
1719430439.7170417,4
1719430443.8300607,4
1719430447.9137166,4
1719430452.0047216,4
1719430456.0595896,4
1719430460.1980946,4
1719430464.3141959,4
1719430468.4505515,4
1719430472.6882064,4
1719430477.0228143,4
1719430481.0741704,4
1719430485.2091722,4
1719430489.5238156,4
1719430493.6131172,4
1719430497.76082,4
1719430502.0302348,4
1719430506.127985,4
1719430510.1940336,4
1719430514.3827965,4
1719430518.4016578,4
1719430522.5426488,4
1719430526.9359157,4
1719430531.2035928,4
1719430535.4550905,4
1719430539.5452414,4
1719430543.861315,4
1719430547.9541774,4
1719430552.076899,4
1719430556.2283733,4
1719430560.4827754,4
1719430564.6194062,4
1719430568.6706877,4
1719430572.757105,4
1719430576.9190886,4
1719430580.8645592,4
1719430584.919391,4
1719430589.1072369,4
1719430593.2337012,4
1719430597.414858,4
1719430601.5941844,4
1719430605.84608,4
1719430609.9157465,4
1719430614.0085526,4
1719430618.0203457,4
1719430621.9759362,4
1719430626.1598096,4
1719430630.2607074,4
1719430634.4062746,4
1719430638.5274742,4
1719430642.723046,4
1719430647.0923736,4
1719430651.1518044,4
1719430655.3766956,4
1719430659.421343,4
1719430663.3672402,4
1719430667.4371655,4
1719430671.5260985,4
1719430675.679559,4
1719430679.8976047,4
1719430684.035595,4
1719430688.2346501,4
1719430692.5680459,4
1719430696.6893623,4
1719430700.8717248,4
1719430704.8036978,4
1719430709.0453007,4
1719430713.2192805,4
1719430717.4984608,4
1719430721.6942484,4
1719430725.8991485,4
1719430729.97413,4
1719430734.1392474,4
1719430738.3203878,4
1719430742.489177,4
1719430746.6806126,4
1719430750.756716,4
1719430754.9479184,4
1719430759.1117792,4
1719430763.1854224,4
1719430767.356679,4
1719430771.554703,4
1719430775.8628776,4
1719430780.0635152,4
1719430784.2256668,4
1719430788.3308759,4
1719430792.3619003,4
1719430796.386492,4
1719430800.5248346,4
1719430804.633545,4
1719430808.7007365,4
1719430812.821534,4
1719430816.9352713,4
1719430821.1034427,4
1719430825.2367954,4
1719430829.4865518,4
1719430833.499784,4
1719430837.5579019,4
1719430841.6124337,4
1719430845.7538247,4
1719430849.884061,4
1719430853.7272797,4
1719430857.8971117,4
1719430862.1340022,4
1719430866.3124194,4
1719430870.4901829,4
1719430874.5487778,4
1719430878.7636368,4
1719430882.8247702,4
1719430887.3406072,4
1719430891.4392772,4
1719430895.5084023,4
1719430899.699274,4
1719430903.6033528,4
1719430907.7863033,4
1719430911.9050632,4
1719430915.877749,4
1719430920.0254698,4
1719430924.164163,4
1719430928.3535347,4
1719430932.75337,4
1719430936.8461807,4
1719430940.9118943,4
1719430945.0726633,4
1719430949.1246164,4
1719430953.3136067,4
1719430957.5143287,4
1719430961.7353516,4
1719430965.8163295,4
1719430969.9129395,4
1719430973.9522853,4
1719430978.0234828,4
1719430982.1086204,4
1719430986.0606618,4
1719430990.202157,4
1719430994.2119596,4
1719430998.1568482,4
1719431002.2660918,4
1719431006.4221323,4
1719431010.6860213,4
1719431014.922168,4
1719431019.0591311,4
1719431023.2748,4
1719431027.391084,4
1719431031.346165,4
1719431035.4831386,4
1719431039.4434772,4
1719431043.6088696,4
1719431047.5191483,4
1719431051.5439975,4
1719431055.620393,4
1719431059.8181057,4
1719431064.0346804,4
1719431068.1385245,4
1719431072.2591581,4
1719431076.4233975,4
1719431080.3518739,4
1719431084.5217032,4
1719431088.6671388,4
1719431092.7635458,4
1719431096.8123965,4
1719431101.0091555,4
1719431105.1218987,4
1719431109.1714535,4
1719431113.3627083,4
1719431117.5140264,4
1719431121.6809556,4
1719431125.8803358,4
1719431130.0042906,4
1719431134.1068332,4
1719431138.1920137,4
1719431142.2621765,4
1719431146.3338768,4
