1719415148.8412886,6
1719415153.0777242,6
1719415157.2006772,6
1719415161.3599913,6
1719415165.4400811,6
1719415169.6180604,6
1719415173.8050163,6
1719415177.884069,6
1719415182.0176098,6
1719415186.458662,6
1719415190.4216535,6
1719415194.4996598,6
1719415198.711736,6
1719415202.8434703,6
1719415207.0109322,6
1719415211.285151,6
1719415215.3386931,6
1719415219.5142536,6
1719415223.6717167,6
1719415227.6942391,6
1719415231.9058073,6
1719415235.9578292,6
1719415240.0755801,6
1719415244.2861054,6
1719415248.3380919,6
1719415252.516093,6
1719415256.5655499,6
1719415260.7572336,6
1719415264.8110456,6
1719415268.8939586,6
1719415272.9375181,6
1719415277.0437794,6
1719415281.2132943,6
1719415285.571587,6
1719415289.6001651,6
1719415293.735308,6
1719415297.6857266,6
1719415301.7750626,6
1719415305.9893453,6
1719415310.122043,6
1719415314.3682199,6
1719415318.3967078,6
1719415322.4927783,6
1719415326.6457555,6
1719415331.0801198,6
1719415335.261709,6
1719415339.416947,6
1719415343.539708,6
1719415347.642307,6
1719415351.9021595,6
1719415355.8028247,6
1719415359.941828,6
1719415364.179005,6
1719415368.215539,6
1719415372.2235994,6
1719415376.2735972,6
1719415380.417306,6
1719415384.568823,6
1719415388.7310455,6
1719415392.8398275,6
1719415396.88955,6
1719415400.7339113,6
1719415404.9697711,6
1719415409.09324,6
1719415413.1459978,6
1719415417.339204,6
1719415421.4975016,6
1719415425.5760205,6
1719415429.6380415,6
1719415433.845151,6
1719415437.929468,6
1719415441.7841141,6
1719415445.8463442,6
1719415449.8617105,6
1719415453.9932115,6
1719415458.1634061,6
1719415462.3291955,6
1719415466.632232,6
1719415470.6247602,6
1719415474.8441823,6
1719415478.9145913,6
1719415482.9078178,6
1719415487.0766997,6
1719415491.209766,6
1719415495.2757072,6
1719415499.430367,6
1719415503.6194086,6
1719415507.5767498,6
1719415511.721858,6
1719415515.8273792,6
1719415519.9150457,6
1719415524.0837243,6
1719415528.2683587,6
1719415532.4048197,6
1719415536.4314969,6
1719415540.4762886,6
1719415544.6180263,6
1719415548.7874694,6
1719415552.9830287,6
1719415557.173536,6
1719415561.2687254,6
1719415565.3658028,6
1719415569.435127,6
1719415573.3035598,6
1719415577.3584735,6
1719415581.4942558,6
1719415585.682678,6
1719415589.7383845,6
1719415593.8798416,6
1719415597.9837563,6
1719415602.1960056,6
1719415606.29342,6
1719415610.3568416,6
1719415614.4894316,6
1719415618.4945018,6
1719415622.6925807,6
1719415626.6299381,6
1719415630.8085797,6
1719415634.8859036,6
1719415639.1855478,6
1719415643.2280416,6
1719415647.3463566,6
1719415651.4206824,6
1719415655.4732597,6
1719415659.3709917,6
1719415663.467898,6
1719415667.4735923,6
1719415671.6218634,6
1719415675.7540152,6
1719415679.8308992,6
1719415683.9681582,6
1719415688.0092661,6
1719415691.9557867,6
1719415696.065731,6
1719415700.1723032,6
1719415703.9719489,6
1719415708.0298302,6
1719415712.389813,6
1719415716.5706282,6
1719415720.5779238,6
1719415724.7799697,6
1719415728.8204646,6
1719415732.7176602,6
1719415736.7553546,6
1719415740.9854128,6
1719415745.047901,6
1719415749.0631828,6
1719415753.1198835,6
1719415757.2416902,6
1719415761.3367586,6
1719415765.4377062,6
1719415769.5437324,6
1719415773.549869,6
1719415777.6254373,6
1719415781.7425127,6
1719415785.877731,6
1719415790.0463886,6
1719415794.1288958,6
1719415798.2204862,6
1719415802.440804,6
1719415806.4204443,6
1719415810.4703074,6
1719415814.4653459,6
1719415818.5971162,6
1719415822.820532,6
1719415826.8496623,6
1719415831.0049088,6
1719415835.0028284,6
1719415839.3167558,6
1719415843.3554258,6
1719415847.489856,6
1719415851.6176229,6
1719415855.518535,6
1719415859.5574694,6
1719415863.793382,6
1719415867.9523098,6
1719415871.9787586,6
1719415876.0882368,6
1719415880.20629,6
1719415884.3276672,6
1719415888.2190812,6
1719415892.2037852,6
1719415896.3046803,6
1719415900.1735497,6
1719415904.3043568,6
1719415908.311623,6
1719415912.4125447,6
1719415916.7879214,6
1719415920.954653,6
1719415924.9588444,6
1719415928.973262,6
1719415933.101355,6
1719415936.9132426,6
1719415940.838595,6
1719415944.8774693,6
1719415948.9029613,6
1719415952.9500124,6
1719415956.986391,6
1719415961.0674794,6
1719415965.0873506,6
1719415969.030007,6
1719415973.0558538,6
1719415977.0950212,6
1719415981.0737913,6
1719415985.1154056,6
1719415989.232921,6
1719415993.2504883,6
1719415997.3027601,6
1719416001.4678974,6
1719416005.5236874,6
1719416009.6039958,6
1719416013.7750754,6
1719416017.928388,6
1719416021.9820497,6
1719416025.987069,6
1719416030.0812051,6
1719416034.068654,6
1719416038.1659226,6
1719416042.153549,6
1719416046.1636765,6
1719416050.265491,6
1719416054.3362193,6
1719416058.509327,6
1719416062.5426652,6
1719416066.396596,6
1719416070.3964257,6
1719416074.5348172,6
1719416078.7578998,6
1719416082.7367744,6
1719416087.1388354,6
1719416091.133656,6
1719416095.1682475,6
1719416099.275383,6
1719416103.561606,6
1719416107.5910902,6
1719416111.5780952,6
1719416115.6314766,6
1719416119.775393,6
1719416123.7784243,6
1719416127.9124792,6
1719416132.0211976,6
1719416136.0478003,6
1719416140.1692116,6
1719416144.3304408,6
1719416148.5204263,6
1719416152.4576342,6
1719416156.5592618,6
1719416160.6170964,6
1719416164.6597188,6
1719416168.846907,6
1719416172.9680064,6
1719416177.057459,6
1719416181.028385,6
1719416185.0891743,6
1719416189.2345822,6
1719416192.9810035,6
1719416197.0537357,6
1719416201.1533139,6
1719416205.1319728,6
1719416209.2705548,6
1719416213.3131354,6
1719416217.440625,6
1719416221.5387704,6
1719416225.5854895,6
1719416229.6965225,6
1719416233.6338763,6
1719416237.7196944,6
1719416241.925136,6
1719416246.0333197,6
1719416250.2389798,6
1719416254.403922,6
1719416258.4859266,6
1719416262.5330923,6
1719416266.5813107,6
1719416270.432543,6
1719416274.597328,6
1719416278.641206,6
1719416282.705916,6
1719416286.7336402,6
1719416290.8257086,6
1719416294.833571,6
1719416299.0871568,6
1719416303.1520932,6
1719416307.356253,6
1719416311.5633063,6
1719416315.7260013,6
1719416319.8026793,6
1719416324.2571213,6
1719416328.3406994,6
1719416332.5054457,6
1719416336.3622017,6
1719416340.5469108,6
1719416344.5190027,6
1719416348.845828,6
1719416352.9475746,6
1719416357.0715053,6
1719416361.049931,6
1719416365.1612725,6
1719416369.6028118,6
1719416373.7174711,6
1719416377.779708,6
1719416381.896126,6
1719416386.0919242,6
1719416390.3437102,6
1719416394.3443706,6
1719416398.7085435,6
1719416402.7051525,6
1719416406.7600248,6
1719416410.7957227,6
1719416415.0170722,6
1719416419.0655992,6
1719416423.2282655,6
1719416427.19473,6
1719416431.321686,6
1719416435.3494923,6
1719416439.502106,6
1719416443.5908515,6
1719416447.7114303,6
1719416451.7949033,6
1719416455.8649457,6
1719416459.8211284,6
1719416464.1259289,6
1719416468.1665444,6
1719416472.2378242,6
1719416476.246859,6
1719416480.3576033,6
1719416484.5547044,6
1719416488.6107054,6
1719416492.781837,6
1719416496.8679473,6
1719416501.0474358,6
1719416505.1329353,6
1719416509.169592,6
1719416513.3663933,6
1719416517.502548,6
1719416521.6761506,6
1719416525.8243685,6
1719416529.925,6
1719416533.9888036,6
1719416538.1176577,6
1719416542.134989,6
1719416546.1881585,6
1719416550.199306,6
1719416554.2801487,6
1719416558.377784,6
1719416562.4448586,6
1719416566.5937347,6
1719416570.6950042,6
1719416574.9255738,6
1719416579.0687625,6
1719416583.0799787,6
1719416587.2216115,6
1719416591.2484484,6
1719416595.3917518,6
1719416599.4092972,6
1719416603.50326,6
1719416607.394552,6
1719416611.740692,6
1719416616.1039634,6
1719416620.181533,6
1719416624.3897896,6
1719416628.532002,6
1719416632.6169071,6
1719416636.7622275,6
1719416640.8314798,6
1719416644.9668508,6
1719416648.871042,6
1719416652.9937778,6
1719416657.0715263,6
1719416661.238278,6
1719416665.3852446,6
1719416669.5975924,6
1719416673.6298425,6
1719416677.8070693,6
1719416681.8689964,6
1719416685.9263306,6
1719416689.6914155,6
1719416693.8306437,6
1719416698.072,6
1719416702.2154036,6
1719416706.24419,6
1719416710.3868208,6
1719416714.6207242,6
1719416718.6833646,6
1719416722.6832507,6
1719416726.8856642,6
1719416730.8672032,6
1719416734.9916675,6
1719416739.1486487,6
1719416743.2423863,6
1719416747.3151119,6
1719416751.4240704,6
1719416755.4466362,6
1719416759.6039538,6
1719416763.6753235,6
1719416767.7299247,6
1719416771.8570824,6
1719416775.7431142,6
1719416779.7434702,6
1719416783.8750339,6
1719416788.0229726,6
1719416792.1809278,6
1719416796.2180145,6
1719416800.2665775,6
1719416804.2827015,6
1719416808.522366,6
1719416812.5100324,6
1719416816.426596,6
1719416820.530934,6
1719416824.6920724,6
1719416828.7280054,6
1719416832.9879882,6
1719416837.0583358,6
1719416841.2200284,6
1719416845.46106,6
1719416849.562062,6
1719416853.7354915,6
1719416857.9024837,6
1719416862.0626674,6
1719416866.185176,6
1719416870.1881652,6
1719416874.2645297,6
1719416878.2874863,6
1719416882.4549737,6
1719416886.6263454,6
1719416890.7383833,6
1719416894.8076267,6
1719416898.8961709,6
1719416903.0170324,6
1719416907.2398298,6
1719416911.319332,6
1719416915.4226387,6
1719416919.4021063,6
1719416923.5788474,6
1719416927.6222522,6
1719416931.644154,6
1719416935.6744542,6
1719416939.8581433,6
1719416943.9184527,6
1719416948.0731835,6
1719416952.1491587,6
1719416956.28663,6
1719416960.270903,6
1719416964.295601,6
1719416968.3972993,6
1719416972.280472,6
1719416976.4017882,6
1719416980.5240173,6
1719416984.3976765,6
1719416988.4492853,6
1719416992.4917898,6
1719416996.600798,6
1719417000.526608,6
1719417004.5946927,6
1719417008.568602,6
1719417012.8300602,6
1719417016.8275752,6
1719417020.9362168,6
1719417024.9303355,6
1719417029.093324,6
1719417033.1960278,6
1719417037.3560748,6
1719417041.4464016,6
1719417045.6441107,6
1719417049.7410321,6
1719417053.9018161,6
1719417057.8792546,6
1719417061.9627264,6
1719417066.0488489,6
1719417070.1364298,6
1719417074.205747,6
1719417078.3170292,6
1719417082.3661368,6
1719417086.634651,6
1719417090.7962348,6
1719417094.851836,6
1719417098.9741874,6
1719417103.0279393,6
1719417107.1656554,6
1719417111.4193616,6
1719417115.839982,6
1719417120.0406013,6
1719417124.073705,6
1719417128.1609805,6
1719417132.2749994,6
1719417136.4205437,6
1719417140.5147607,6
1719417144.6883783,6
1719417148.738944,6
1719417152.919876,6
1719417157.044458,6
1719417161.3295887,6
1719417165.2992647,6
1719417169.53896,6
1719417173.6965017,6
1719417177.8783083,6
1719417181.870278,6
1719417186.1233962,6
1719417190.1727154,6
1719417194.1006095,6
1719417198.214836,6
1719417202.4490004,6
1719417206.3442533,6
1719417210.4183717,6
1719417214.5349836,6
1719417218.7262409,6
1719417222.7215607,6
1719417226.7477353,6
1719417230.7562594,6
1719417234.6848822,6
1719417238.8209107,6
1719417243.1150944,6
1719417247.1997995,6
1719417251.193148,6
1719417255.2485623,6
1719417259.3482757,6
1719417263.4280283,6
1719417267.4596596,6
1719417271.5321562,6
1719417275.6961586,6
1719417279.7767198,6
1719417283.8763707,6
1719417287.9206934,6
1719417292.0145519,6
1719417296.1902502,6
1719417300.0703342,6
1719417304.1569521,6
1719417308.2143767,6
1719417312.6659956,6
1719417316.7177744,6
1719417320.7984488,6
1719417324.8055696,6
1719417328.8943217,6
1719417333.0625536,6
1719417337.158469,6
1719417341.2445476,6
1719417345.327787,6
1719417349.341497,6
1719417353.692804,6
1719417357.7770987,6
1719417361.6557715,6
1719417365.9134467,6
1719417369.989897,6
1719417374.2209103,6
1719417378.3701994,6
1719417382.3210855,6
1719417386.5722222,6
1719417390.7545488,6
1719417394.9037158,6
1719417399.0377736,6
1719417403.084248,6
1719417407.2408502,6
1719417411.5787969,6
1719417415.7297988,6
1719417419.8821623,6
1719417423.9543052,6
1719417428.2526205,6
1719417432.35952,6
1719417436.5860686,6
1719417440.7551932,6
1719417444.8176985,6
1719417448.864057,6
1719417452.9318626,6
1719417457.047263,6
1719417461.1990137,6
1719417465.30809,6
1719417469.4442303,6
1719417473.5144413,6
1719417477.6262925,6
1719417481.8441978,6
1719417485.8962064,6
1719417489.9625995,6
1719417494.0447733,6
1719417498.1641738,6
1719417502.2540195,6
1719417506.381276,6
1719417510.3862987,6
1719417514.6323004,6
1719417518.838298,6
1719417522.8771112,6
1719417526.8758569,6
1719417531.051846,6
1719417535.1190035,6
1719417539.2937167,6
1719417543.368993,6
1719417547.5385046,6
1719417551.6841452,6
1719417555.7321994,6
1719417559.708941,6
1719417563.6179576,6
1719417567.5553865,6
1719417571.41709,6
1719417575.4353535,6
1719417579.6170313,6
1719417583.6850247,6
1719417587.77333,6
1719417591.887365,6
1719417595.946044,6
1719417600.088406,6
1719417604.2391813,6
1719417608.351095,6
1719417612.280966,6
1719417616.4545355,6
1719417620.5714645,6
1719417624.8472848,6
1719417628.9170296,6
1719417633.053559,6
1719417637.1204455,6
1719417641.226994,6
1719417645.3097482,6
1719417649.3771005,6
1719417653.4964898,6
1719417657.6212451,6
1719417661.7284856,6
1719417665.8973446,6
1719417670.0405483,6
1719417674.1271963,6
1719417678.1813304,6
1719417682.2348523,6
1719417686.3131855,6
1719417690.3073401,6
1719417694.4216306,6
1719417698.5347393,6
1719417702.4490955,6
1719417706.4716508,6
1719417710.5587878,6
1719417714.624011,6
1719417718.6997209,6
1719417722.8097017,6
1719417727.0572603,6
1719417731.0757372,6
1719417735.1333835,6
1719417739.0251055,6
1719417743.0251389,6
1719417747.105259,6
1719417751.1358452,6
1719417755.309413,6
1719417759.389481,6
1719417763.3900037,6
1719417767.4232333,6
1719417771.614045,6
1719417775.7202308,6
1719417779.7973745,6
1719417783.8456554,6
1719417787.918236,6
1719417791.9573364,6
1719417796.055431,6
1719417800.0540152,6
1719417804.091089,6
1719417808.3238657,6
1719417812.4131029,6
1719417816.5076585,6
1719417820.5326586,6
1719417824.6587696,6
1719417828.67199,6
1719417832.7897139,6
1719417837.2268496,6
1719417841.3500712,6
1719417845.455021,6
1719417849.537679,6
1719417853.677646,6
1719417857.7877562,6
1719417861.9342866,6
1719417865.864292,6
1719417869.9388025,6
1719417874.0630844,6
1719417877.9500175,6
1719417882.1831126,6
1719417886.3836353,6
1719417890.547435,6
1719417894.5280852,6
1719417898.6805134,6
1719417902.7484808,6
1719417906.6712565,6
1719417910.5692956,6
1719417914.7226768,6
1719417918.7820137,6
1719417922.91706,6
1719417927.052789,6
1719417931.156702,6
1719417935.203814,6
1719417939.2879994,6
1719417943.4079173,6
1719417947.556612,6
1719417951.6447084,6
1719417955.6568694,6
1719417959.7366352,6
1719417963.922506,6
1719417968.2949114,6
1719417972.3503218,6
1719417976.4300401,6
1719417980.6459713,6
1719417984.7354076,6
1719417988.7780235,6
1719417992.8107884,6
1719417997.306254,6
1719418001.3906527,6
1719418005.5573876,6
1719418009.6347344,6
1719418013.6747847,6
1719418017.6846523,6
1719418021.7068744,6
1719418025.8362594,6
1719418030.0352492,6
1719418033.9899008,6
1719418038.1280615,6
1719418042.1934893,6
1719418046.0891392,6
1719418050.25866,6
1719418054.3761249,6
1719418058.6468213,6
1719418062.8160062,6
1719418066.737208,6
1719418070.9623857,6
1719418075.0181844,6
1719418079.253336,6
1719418083.359276,6
1719418087.4201944,6
1719418091.5646307,6
1719418095.632079,6
1719418099.7694542,6
1719418104.036622,6
1719418108.2404368,6
1719418112.3625815,6
1719418116.4916155,6
1719418120.6085992,6
1719418124.6638515,6
1719418128.7738516,6
1719418132.940914,6
1719418137.1143808,6
1719418141.3118107,6
1719418145.49278,6
1719418149.5475376,6
1719418153.748949,6
1719418158.0269284,6
1719418162.224815,6
1719418166.1918466,6
1719418170.3394706,6
1719418174.426076,6
1719418178.5041482,6
1719418182.6338303,6
1719418186.6533825,6
1719418190.8633697,6
1719418195.146796,6
1719418199.2040968,6
1719418203.0754209,6
1719418207.2461193,6
1719418211.2269096,6
1719418215.287674,6
1719418219.3579054,6
1719418223.411492,6
1719418227.595494,6
1719418231.9575021,6
1719418236.0626159,6
1719418240.0994875,6
1719418244.3115315,6
1719418248.5695083,6
1719418252.6229959,6
1719418256.7049763,6
1719418260.809648,6
1719418264.940228,6
1719418269.0792172,6
1719418273.1498072,6
1719418277.2029843,6
1719418281.3522668,6
1719418285.4095829,6
1719418289.6422896,6
1719418293.8658612,6
1719418297.91586,6
1719418301.9992342,6
1719418306.1979284,6
1719418310.2038968,6
1719418314.3584177,6
1719418318.5235128,6
1719418322.6495137,6
1719418326.7591143,6
1719418330.8075924,6
1719418334.942994,6
1719418339.078832,6
1719418343.1957524,6
1719418347.2741556,6
1719418351.4280422,6
1719418355.4936728,6
1719418359.6802528,6
1719418363.918469,6
1719418368.0096056,6
1719418372.2596624,6
1719418376.441025,6
1719418380.5561469,6
1719418384.636244,6
1719418388.469963,6
1719418392.663469,6
1719418396.7587721,6
1719418400.9379644,6
1719418404.967023,6
1719418409.1883717,6
1719418413.101052,6
1719418417.2439828,6
1719418421.3314233,6
1719418425.258208,6
1719418429.5035455,6
1719418433.7564058,6
1719418437.9217463,6
1719418442.017802,6
1719418446.0982738,6
1719418450.2191098,6
1719418454.116339,6
1719418458.2504842,6
1719418462.3210309,6
1719418466.3757207,6
1719418470.6244822,6
1719418474.7074354,6
1719418478.858748,6
1719418483.0343997,6
1719418487.2815597,6
1719418491.4191146,6
1719418495.2713125,6
1719418499.553966,6
1719418503.6127996,6
1719418507.7621028,6
1719418511.9451885,6
1719418515.9361389,6
1719418519.9558694,6
1719418523.82015,6
1719418527.9783604,6
1719418532.1658401,6
1719418536.2747734,6
1719418540.2999685,6
1719418544.5620658,6
1719418548.6718416,6
1719418552.789666,6
1719418556.863882,6
1719418561.0069828,6
1719418565.3587208,6
1719418569.4318085,6
1719418573.4190032,6
1719418577.5323362,6
1719418581.6175199,6
1719418585.6667266,6
1719418589.8344383,6
1719418593.9499853,6
1719418598.055671,6
1719418602.339116,6
1719418606.4185297,6
1719418610.4266005,6
1719418614.58161,6
1719418618.6647975,6
1719418622.864656,6
1719418627.0212684,6
1719418631.3683991,6
1719418635.3603568,6
1719418639.4217288,6
1719418643.4660034,6
1719418647.6503367,6
1719418651.690669,6
1719418655.8284976,6
1719418659.8778377,6
1719418663.997475,6
1719418668.091727,6
1719418672.2385361,6
1719418676.3515446,6
1719418680.4478817,6
1719418684.5342095,6
1719418688.9987707,6
1719418693.0292716,6
1719418697.0986068,6
1719418701.2222722,6
1719418705.362323,6
1719418709.476347,6
1719418713.54796,6
1719418717.6575747,6
1719418721.8634515,6
1719418725.9138422,6
1719418730.0303802,6
1719418734.2208035,6
1719418738.4015205,6
1719418742.5573783,6
1719418746.6806622,6
1719418750.6866286,6
1719418755.0072942,6
1719418759.0931563,6
1719418763.2803493,6
1719418767.5075366,6
1719418771.6345515,6
1719418775.7549374,6
1719418779.9020054,6
1719418784.0375168,6
1719418788.173813,6
1719418792.155633,6
1719418796.2099373,6
1719418800.3314335,6
1719418804.4889126,6
1719418808.5693293,6
1719418812.7823775,6
1719418816.8929093,6
1719418821.131519,6
1719418825.1433542,6
1719418829.093782,6
1719418833.271269,6
1719418837.4263763,6
1719418841.5145035,6
1719418845.5326357,6
1719418849.5899916,6
1719418853.5524952,6
1719418857.6170118,6
1719418861.5423281,6
1719418865.7086937,6
1719418869.6636772,6
1719418873.6899443,6
1719418877.9946027,6
1719418882.0741692,6
1719418886.3033228,6
1719418890.3740435,6
1719418894.4365115,6
1719418898.485722,6
1719418902.722133,6
1719418906.827702,6
1719418910.7905056,6
1719418914.854127,6
1719418918.9520748,6
1719418923.026446,6
1719418927.1850884,6
1719418931.394492,6
1719418935.4894216,6
1719418939.7206094,6
1719418943.896372,6
1719418948.0582132,6
1719418952.1576858,6
1719418956.037681,6
1719418960.0536065,6
1719418964.2107894,6
1719418968.4462318,6
1719418972.5211117,6
1719418976.6899164,6
1719418980.8543684,6
1719418984.9117365,6
1719418989.144084,6
1719418993.2270849,6
1719418997.4181347,6
1719419001.470446,6
1719419005.8569782,6
1719419009.987686,6
1719419013.9983463,6
1719419018.1205413,6
1719419022.3703842,6
1719419026.5448935,6
1719419030.6196349,6
1719419034.8953555,6
1719419039.028521,6
1719419043.2422118,6
1719419047.491869,6
1719419051.7319055,6
1719419055.8424084,6
1719419060.0087776,6
1719419064.1537037,6
1719419068.1765327,6
1719419072.3986533,6
1719419076.5422044,6
1719419080.721077,6
1719419084.8288157,6
1719419088.9643762,6
1719419093.047279,6
1719419097.3096986,6
1719419101.4748354,6
1719419105.6928954,6
1719419109.7940838,6
1719419113.820822,6
1719419118.0861008,6
1719419121.974843,6
1719419126.074103,6
1719419130.524258,6
1719419134.5807328,6
1719419138.5317514,6
1719419142.5701377,6
1719419146.455691,6
1719419150.5414546,6
1719419154.6614032,6
1719419158.7863977,6
1719419162.695093,6
1719419166.9393065,6
1719419171.0528593,6
1719419175.1425242,6
1719419179.2145374,6
1719419183.388135,6
1719419187.5494113,6
1719419191.8444517,6
1719419196.057351,6
1719419199.9138043,6
1719419203.8976996,6
1719419208.2374673,6
1719419212.4355838,6
1719419216.4977512,6
1719419220.5737178,6
1719419224.7392802,6
1719419228.8288848,6
1719419232.9102628,6
1719419236.9383764,6
1719419241.074165,6
1719419244.997971,6
1719419249.1508145,6
1719419253.1766267,6
1719419257.1201594,6
1719419261.0710711,6
1719419265.0721774,6
1719419269.086265,6
1719419273.114888,6
1719419277.2279847,6
1719419281.2647421,6
1719419285.2932081,6
1719419289.3879163,6
1719419293.650257,6
1719419297.7516665,6
1719419301.8007395,6
1719419305.847256,6
1719419309.9505913,6
1719419313.9374938,6
1719419318.0802214,6
1719419322.458044,6
1719419326.5595303,6
1719419330.5749815,6
1719419334.701144,6
1719419338.8267996,6
1719419342.9995534,6
1719419347.166711,6
1719419351.4025407,6
1719419355.4729118,6
1719419359.687071,6
1719419363.8999913,6
1719419368.0253968,6
1719419371.9591901,6
1719419375.9913058,6
1719419380.1361816,6
1719419384.2256289,6
1719419388.2397847,6
1719419392.6914175,6
1719419396.7095134,6
1719419400.85862,6
1719419404.9566333,6
1719419408.96558,6
1719419413.069523,6
1719419417.183371,6
1719419421.3635478,6
1719419425.419012,6
1719419429.3902082,6
1719419433.5180466,6
1719419437.5212774,6
1719419441.6951573,6
1719419445.7904952,6
1719419449.9585583,6
1719419453.7859645,6
1719419457.8028545,6
1719419461.9096658,6
1719419466.1940465,6
1719419470.2196755,6
1719419474.5525553,6
1719419478.7366564,6
1719419482.8663828,6
1719419487.0498526,6
1719419491.1465964,6
1719419495.3820891,6
1719419499.264373,6
1719419503.2631135,6
1719419507.4678454,6
1719419511.5316863,6
1719419515.671571,6
1719419520.0027492,6
1719419524.1402678,6
1719419528.147067,6
1719419532.2436311,6
1719419536.44218,6
1719419540.3617058,6
1719419544.4609294,6
1719419548.5633311,6
1719419552.5772698,6
1719419556.6553903,6
1719419560.7536821,6
1719419564.8241117,6
1719419568.870236,6
1719419572.951854,6
1719419576.86537,6
1719419580.9804835,6
1719419584.9962485,6
1719419589.123638,6
1719419593.142546,6
1719419597.2354596,6
1719419601.0453966,6
1719419605.161446,6
1719419609.056789,6
1719419613.194336,6
1719419617.3990972,6
1719419621.560601,6
1719419625.4486876,6
1719419629.6164527,6
1719419633.6159866,6
1719419637.7432954,6
1719419641.760157,6
1719419646.0594282,6
1719419650.2168462,6
1719419654.3739889,6
1719419658.3017528,6
1719419662.4280407,6
1719419666.3655903,6
1719419670.4286642,6
1719419674.38391,6
1719419678.4253478,6
1719419682.5843878,6
1719419686.6227884,6
1719419690.866629,6
1719419694.8931162,6
1719419699.022319,6
1719419703.1168103,6
1719419707.2785563,6
1719419711.3868592,6
1719419715.4727836,6
1719419719.5954254,6
1719419723.6211498,6
1719419727.7212973,6
1719419731.7676091,6
1719419735.9164102,6
1719419739.9225035,6
1719419743.983689,6
1719419748.243627,6
1719419752.4089768,6
1719419756.5616033,6
1719419760.6644368,6
1719419764.6901314,6
1719419769.006698,6
1719419773.167108,6
1719419777.2806468,6
1719419781.5939932,6
1719419785.6457088,6
1719419789.6127503,6
1719419793.7517276,6
1719419798.0622203,6
1719419802.1259716,6
1719419806.1564598,6
1719419810.3432746,6
1719419814.477116,6
1719419818.491685,6
1719419822.5095978,6
1719419826.675247,6
1719419830.672928,6
1719419834.8705714,6
1719419838.7578816,6
1719419842.9179037,6
1719419846.8992772,6
1719419850.9951122,6
1719419855.0159664,6
1719419859.1092527,6
1719419863.2472532,6
1719419867.5839198,6
1719419871.7202344,6
1719419875.805828,6
1719419879.7635748,6
1719419883.9323206,6
1719419887.9502583,6
1719419892.0352664,6
1719419896.001096,6
1719419900.114749,6
1719419904.1060913,6
1719419908.199048,6
1719419912.4534914,6
1719419916.552502,6
1719419920.6014884,6
1719419924.6671965,6
1719419928.7974744,6
1719419932.9096296,6
1719419936.9847186,6
1719419941.142087,6
1719419945.1059668,6
1719419949.2742784,6
1719419953.3267236,6
1719419957.196931,6
1719419961.522423,6
1719419965.6182566,6
1719419969.6808212,6
1719419973.7964153,6
1719419977.8665862,6
1719419981.9400814,6
1719419985.9927435,6
1719419990.120351,6
1719419994.3332396,6
1719419998.4131494,6
1719420002.450251,6
1719420006.5160825,6
1719420010.5748634,6
1719420014.8300922,6
1719420018.8666093,6
1719420022.974096,6
1719420027.0703614,6
1719420031.1567736,6
1719420035.3241868,6
1719420039.6052248,6
1719420043.634584,6
1719420047.7250361,6
1719420051.7208183,6
1719420055.6626203,6
1719420059.6902204,6
1719420063.816745,6
1719420067.8749099,6
1719420071.955953,6
1719420075.9314544,6
1719420080.011495,6
1719420083.8773386,6
1719420087.9014795,6
1719420092.0841684,6
1719420096.3271956,6
1719420100.3909028,6
1719420104.5425482,6
1719420108.5654366,6
1719420112.7225451,6
1719420116.7902336,6
1719420120.690582,6
1719420124.8493602,6
1719420129.0350337,6
1719420133.05789,6
1719420137.2219,6
1719420141.2816796,6
1719420145.3792386,6
1719420149.5102303,6
1719420153.4978106,6
1719420157.5809124,6
1719420161.7762961,6
1719420165.9107842,6
1719420169.9821458,6
1719420174.0472248,6
1719420178.1437533,6
1719420182.3156216,6
1719420186.5521395,6
1719420190.6384997,6
1719420194.9159608,6
1719420199.0862658,6
1719420203.3245614,6
1719420207.5361114,6
1719420211.6816146,6
1719420215.834937,6
1719420220.040781,6
1719420224.2744033,6
1719420228.3560805,6
1719420232.4483285,6
1719420236.644544,6
1719420240.570406,6
1719420244.6867223,6
1719420248.8376513,6
1719420252.8373156,6
1719420257.0246363,6
1719420261.0800295,6
1719420265.2415774,6
1719420269.67547,6
1719420274.00242,6
1719420278.1465523,6
1719420282.3413887,6
1719420286.3496492,6
1719420290.577289,6
1719420294.6770062,6
1719420298.7199702,6
1719420302.8148751,6
1719420306.934209,6
1719420311.1202233,6
1719420315.3607564,6
1719420319.5007834,6
1719420323.6735852,6
1719420327.8600361,6
1719420331.9320033,6
1719420335.9999151,6
1719420340.1465318,6
1719420344.2883708,6
1719420348.531486,6
1719420352.6283739,6
1719420356.6671088,6
1719420360.7270594,6
1719420364.7840707,6
1719420368.944197,6
1719420373.1508486,6
1719420377.1855092,6
1719420381.274019,6
1719420385.230679,6
1719420389.2614546,6
1719420393.2563596,6
1719420397.3365796,6
1719420401.3768284,6
1719420405.5874684,6
1719420409.6625717,6
1719420413.850691,6
1719420417.8645368,6
1719420421.977664,6
1719420426.0655522,6
1719420430.2270591,6
1719420434.3158374,6
1719420438.4379952,6
1719420442.532192,6
1719420446.7243514,6
1719420450.8191938,6
1719420454.9731607,6
1719420458.8864698,6
1719420463.2178528,6
1719420467.434553,6
1719420471.6000268,6
1719420475.5106406,6
1719420479.5557342,6
1719420483.6962159,6
1719420487.7357428,6
1719420491.7807162,6
1719420495.9838145,6
1719420499.997395,6
1719420504.217591,6
1719420508.3930278,6
1719420512.5614178,6
1719420516.7517347,6
1719420520.9852326,6
1719420525.1921592,6
1719420529.5452514,6
1719420533.6926568,6
1719420537.846145,6
1719420541.86166,6
1719420546.0277874,6
1719420550.05816,6
1719420554.1304526,6
1719420558.293937,6
1719420562.3488545,6
1719420566.3992972,6
1719420570.3977873,6
1719420574.425091,6
1719420578.5754416,6
1719420582.846566,6
1719420586.9670966,6
1719420591.0517817,6
1719420595.1134205,6
1719420599.307897,6
1719420603.377855,6
1719420607.5153086,6
1719420611.5168645,6
1719420615.6748438,6
1719420619.7417848,6
1719420623.8023968,6
1719420627.9599342,6
1719420632.1575239,6
1719420636.1738784,6
1719420640.1947281,6
1719420644.4254794,6
1719420648.6143663,6
1719420652.7223623,6
1719420656.9343889,6
1719420661.0064542,6
1719420665.188159,6
1719420669.398595,6
1719420673.5739486,6
1719420677.6550066,6
1719420681.6582143,6
1719420685.8053799,6
1719420689.9346936,6
1719420693.9960248,6
1719420698.256448,6
1719420702.3799884,6
1719420706.600407,6
1719420710.9423645,6
1719420715.0790763,6
1719420719.1407886,6
1719420723.210545,6
1719420727.3518267,6
1719420731.5247047,6
1719420735.6496189,6
1719420739.7476857,6
1719420743.901606,6
1719420748.0821934,6
1719420752.1563118,6
1719420756.2577887,6
1719420760.350477,6
1719420764.5203676,6
1719420768.6874714,6
1719420772.759633,6
1719420776.8503182,6
1719420780.92957,6
1719420785.1251154,6
1719420789.3368542,6
1719420793.3054426,6
1719420797.408098,6
1719420801.5781825,6
1719420805.686735,6
1719420809.7356904,6
1719420813.8648844,6
1719420817.987516,6
1719420822.107976,6
1719420826.1664503,6
1719420830.231835,6
1719420834.4022756,6
1719420838.5424998,6
1719420842.5516977,6
1719420846.7125404,6
1719420850.8442192,6
1719420855.0432708,6
1719420859.214322,6
1719420863.2718956,6
1719420867.4815838,6
1719420871.6627846,6
1719420875.5943623,6
1719420879.6140952,6
1719420883.7450178,6
1719420887.821707,6
1719420891.922793,6
1719420896.0868137,6
1719420900.124834,6
1719420904.1572735,6
1719420908.1502454,6
1719420912.2963157,6
1719420916.2118444,6
1719420920.3342602,6
1719420924.5397336,6
1719420928.5751846,6
1719420932.643924,6
1719420936.8064775,6
1719420940.8512497,6
1719420945.0371325,6
1719420949.0852544,6
1719420953.1449368,6
1719420957.1749823,6
1719420961.3602436,6
1719420965.5442083,6
1719420969.608161,6
1719420973.7893355,6
1719420978.0086648,6
1719420982.1409507,6
1719420986.313053,6
1719420990.3483543,6
1719420994.4302297,6
1719420998.7090733,6
1719421002.871935,6
1719421006.751025,6
1719421010.809458,6
1719421014.8268626,6
1719421018.9022427,6
1719421023.0273836,6
1719421027.0714307,6
1719421031.3745255,6
1719421035.3522575,6
1719421039.5651195,6
1719421043.578555,6
1719421047.7087352,6
1719421051.7466898,6
1719421055.8783529,6
1719421059.907225,6
1719421064.0816994,6
1719421068.2149482,6
1719421072.3032293,6
1719421076.3354652,6
1719421080.4577794,6
1719421084.3506875,6
1719421088.446249,6
1719421092.766641,6
1719421096.821708,6
1719421100.8886766,6
1719421104.9823258,6
1719421109.1105776,6
1719421113.2514324,6
1719421117.3749416,6
1719421121.4190297,6
1719421125.315051,6
1719421129.4784932,6
1719421133.4956274,6
1719421137.6903968,6
1719421141.9432302,6
1719421146.1130528,6
1719421150.1041417,6
1719421154.183037,6
1719421158.183838,6
1719421162.2039573,6
1719421166.2294314,6
1719421170.3789687,6
1719421174.3666494,6
1719421178.4225368,6
1719421182.5865343,6
1719421186.671994,6
1719421190.680802,6
1719421194.8144412,6
1719421198.9158547,6
1719421202.9899924,6
1719421207.114339,6
1719421211.1974988,6
1719421215.3998153,6
1719421219.4920423,6
1719421223.697976,6
1719421227.7756443,6
1719421231.9094887,6
1719421236.1877005,6
1719421240.2486043,6
1719421244.3953774,6
1719421248.8095486,6
1719421252.889053,6
1719421257.014429,6
1719421261.0576046,6
1719421265.0979898,6
1719421269.376201,6
1719421273.510247,6
1719421277.5985603,6
1719421281.6282642,6
1719421285.8298097,6
1719421289.905531,6
1719421293.778348,6
1719421297.9334295,6
1719421302.0202267,6
1719421306.0573406,6
1719421310.2757943,6
1719421314.3510356,6
1719421318.2158651,6
1719421322.2465181,6
1719421326.2976754,6
1719421330.3641415,6
1719421334.4619598,6
1719421338.5196905,6
1719421342.594264,6
1719421346.6593447,6
1719421350.678902,6
1719421354.7552428,6
1719421358.8767908,6
1719421363.1343906,6
1719421367.2592525,6
1719421371.4415894,6
1719421375.5400734,6
1719421379.642996,6
1719421383.6464548,6
1719421387.7425,6
1719421391.8794222,6
1719421395.7940593,6
1719421399.9130712,6
1719421404.1904466,6
1719421408.2835255,6
1719421412.3479395,6
1719421416.3673663,6
1719421420.3956597,6
1719421424.5300562,6
1719421428.6857677,6
1719421432.718744,6
1719421436.8145869,6
1719421441.1414573,6
1719421445.2264643,6
1719421449.3917034,6
1719421453.4452717,6
1719421457.5407193,6
1719421461.6048377,6
1719421465.7759805,6
1719421469.9643152,6
1719421474.064644,6
1719421478.2431567,6
1719421482.3803372,6
1719421486.7523189,6
1719421490.931947,6
1719421495.0604296,6
1719421499.283549,6
1719421503.258221,6
1719421507.335717,6
1719421511.4116175,6
1719421515.5981522,6
1719421519.654942,6
1719421523.737086,6
1719421527.8747349,6
1719421532.1004393,6
1719421536.2408166,6
1719421540.3454165,6
1719421544.2331638,6
1719421548.3584158,6
1719421552.422201,6
1719421556.4715943,6
1719421560.4958882,6
1719421564.6178644,6
1719421568.7357686,6
1719421572.8561141,6
1719421576.9517195,6
1719421581.0305398,6
1719421585.1293032,6
1719421589.3243372,6
1719421593.467809,6
1719421597.6233244,6
1719421602.0483625,6
1719421606.2691703,6
1719421610.4301627,6
1719421614.477671,6
1719421618.6512134,6
1719421622.666572,6
1719421626.7710323,6
1719421630.9293256,6
1719421635.0058355,6
1719421639.074165,6
1719421643.065623,6
1719421647.1384206,6
1719421651.1814234,6
1719421655.2814624,6
1719421659.3102198,6
1719421663.389197,6
1719421667.4847312,6
1719421671.6853683,6
1719421675.7159116,6
1719421679.8922386,6
1719421683.8138628,6
1719421687.930155,6
1719421692.004397,6
1719421696.1371582,6
1719421700.159312,6
1719421704.2090716,6
1719421708.2842062,6
1719421712.4362636,6
1719421716.7466886,6
1719421720.8351007,6
1719421724.972071,6
1719421728.9766307,6
1719421732.8388364,6
1719421737.0121257,6
1719421740.9403107,6
1719421745.0506544,6
1719421749.123017,6
1719421753.30559,6
1719421757.2272513,6
1719421761.2230003,6
1719421765.428426,6
1719421769.4983587,6
1719421773.6600251,6
1719421777.761444,6
1719421781.9407482,6
1719421786.0794153,6
1719421790.294972,6
1719421794.1929324,6
1719421798.562711,6
1719421802.646127,6
1719421806.703135,6
1719421810.7717144,6
1719421814.8448384,6
1719421819.1354387,6
1719421823.220306,6
1719421827.2945812,6
1719421831.420445,6
1719421835.354362,6
1719421839.5485225,6
1719421843.632891,6
1719421847.6989703,6
1719421852.0313983,6
1719421856.2534082,6
1719421860.3543444,6
1719421864.339712,6
1719421868.3016539,6
1719421872.3682725,6
1719421876.5578327,6
1719421880.665014,6
1719421884.6943312,6
1719421888.7435052,6
1719421892.9554987,6
1719421897.238878,6
1719421901.4253008,6
1719421905.3984637,6
1719421909.4935043,6
1719421913.6171443,6
1719421917.6512482,6
1719421921.8685644,6
1719421925.7649171,6
1719421929.830598,6
1719421933.9295645,6
1719421938.1119502,6
1719421942.1691954,6
1719421946.2393553,6
1719421950.4158306,6
1719421954.6153803,6
1719421958.4871414,6
1719421962.6788187,6
1719421966.756572,6
1719421970.9258227,6
1719421975.1339982,6
1719421979.0327332,6
1719421983.2103312,6
1719421987.2837546,6
1719421991.3307204,6
1719421995.4755657,6
1719421999.8674839,6
1719422003.8883634,6
1719422008.0513387,6
1719422012.237302,6
1719422016.6943138,6
1719422020.757991,6
1719422024.860868,6
1719422028.9156415,6
1719422033.0354877,6
1719422037.07201,6
1719422041.2480013,6
1719422045.3475714,6
1719422049.481323,6
1719422053.5487728,6
1719422057.821981,6
1719422062.0612886,6
1719422066.1662679,6
1719422070.343933,6
1719422074.4328146,6
1719422078.437501,6
1719422082.5352454,6
1719422086.490929,6
1719422090.5842445,6
1719422094.633964,6
1719422098.73996,6
1719422102.9156127,6
1719422107.1186783,6
1719422111.3500903,6
1719422115.4466937,6
1719422119.58534,6
1719422123.7438262,6
1719422127.687291,6
1719422131.8057854,6
1719422135.9855072,6
1719422140.214404,6
1719422144.2857246,6
1719422148.3989491,6
1719422152.4902277,6
1719422156.5847437,6
1719422160.6749594,6
1719422164.8355556,6
1719422168.7375596,6
1719422172.8233516,6
1719422176.9555686,6
1719422180.9845896,6
1719422185.010162,6
1719422189.151525,6
1719422193.3417904,6
1719422197.456775,6
1719422201.575113,6
1719422205.731172,6
1719422209.83546,6
1719422213.8476968,6
1719422217.9544463,6
1719422222.0086377,6
1719422226.0971074,6
1719422230.1792197,6
1719422234.1910892,6
1719422238.3243108,6
1719422242.365812,6
1719422246.4543276,6
1719422250.5128758,6
1719422254.6346035,6
1719422258.6452065,6
1719422262.682657,6
1719422266.7418714,6
1719422270.828943,6
1719422274.935084,6
1719422279.1214452,6
1719422283.2444828,6
1719422287.274021,6
1719422291.4314787,6
1719422295.5330536,6
1719422299.567138,6
1719422303.7985895,6
1719422307.94146,6
1719422312.0663168,6
1719422316.2257767,6
1719422320.4052055,6
1719422324.5459664,6
1719422328.737823,6
1719422332.8424556,6
1719422336.711741,6
1719422340.75212,6
1719422344.9017851,6
1719422349.0174773,6
1719422352.8835244,6
1719422357.0486538,6
1719422361.221912,6
1719422365.3662302,6
1719422369.4638338,6
1719422373.531983,6
1719422377.5044293,6
1719422381.5099082,6
1719422385.8368232,6
1719422389.8098001,6
1719422393.9944654,6
1719422398.1160493,6
1719422402.1843765,6
1719422406.2105882,6
1719422410.257079,6
1719422414.2188377,6
1719422418.4054954,6
1719422422.4763231,6
1719422426.6388085,6
1719422430.7436872,6
1719422434.8272514,6
1719422438.9322388,6
1719422443.0913866,6
1719422447.1914995,6
1719422451.2345607,6
1719422455.5330577,6
1719422459.6942573,6
1719422463.609678,6
1719422467.77218,6
1719422471.923673,6
1719422476.058946,6
1719422480.1757028,6
1719422484.3052766,6
1719422488.459359,6
1719422492.4747293,6
1719422496.6178029,6
1719422500.745625,6
1719422504.7700243,6
1719422508.8255143,6
1719422512.8642561,6
1719422517.1567285,6
1719422521.317364,6
1719422525.50878,6
1719422529.7097504,6
1719422533.8002067,6
1719422537.8238552,6
1719422541.9894195,6
1719422546.1255646,6
1719422550.1990793,6
1719422554.3014307,6
1719422558.4023426,6
1719422562.470862,6
1719422566.494187,6
1719422570.559524,6
1719422574.6997,6
1719422578.8774142,6
1719422583.038287,6
1719422587.200703,6
1719422591.2769368,6
1719422595.3849478,6
1719422599.5688555,6
1719422603.64756,6
1719422607.8515096,6
1719422611.8757114,6
1719422615.7848098,6
1719422619.8906028,6
1719422623.951179,6
1719422628.0058625,6
1719422632.0702672,6
1719422636.131051,6
1719422640.3304663,6
1719422644.4951966,6
1719422648.5941546,6
1719422652.685695,6
1719422656.7952123,6
1719422660.7788126,6
1719422664.9055092,6
1719422669.0346425,6
1719422673.1059282,6
1719422677.109214,6
1719422681.2448707,6
1719422685.4900134,6
1719422689.735339,6
1719422693.8377137,6
1719422697.9469965,6
1719422702.0748734,6
1719422706.1486044,6
1719422710.4292068,6
1719422714.5368445,6
1719422718.5966775,6
1719422722.6806421,6
1719422726.8070326,6
1719422730.8845127,6
1719422734.9624553,6
1719422739.2096539,6
1719422743.285949,6
1719422747.3666677,6
1719422751.2870479,6
1719422755.403521,6
1719422759.5333095,6
1719422763.61532,6
1719422767.6855948,6
1719422771.7945247,6
1719422775.855322,6
1719422779.962286,6
1719422783.7999744,6
1719422787.859189,6
1719422791.8865373,6
1719422796.2396202,6
1719422800.347285,6
1719422804.4352028,6
1719422808.736302,6
1719422812.830576,6
1719422816.883009,6
1719422821.0053184,6
1719422825.0125604,6
1719422828.9461658,6
1719422832.880816,6
1719422836.790853,6
1719422840.8922765,6
1719422844.9510953,6
1719422849.1720793,6
1719422853.3213203,6
1719422857.3956225,6
1719422861.4572513,6
1719422865.4878578,6
1719422869.6102152,6
1719422873.6272123,6
1719422877.5107675,6
1719422881.5297656,6
1719422885.592379,6
1719422889.6848612,6
1719422893.8286977,6
1719422897.9461064,6
1719422902.1027684,6
1719422906.2979994,6
1719422910.3935711,6
1719422914.4205258,6
1719422918.598172,6
1719422922.7944176,6
1719422926.9402478,6
1719422931.0127583,6
1719422935.1372254,6
1719422939.2427921,6
1719422943.3801174,6
1719422947.5488555,6
1719422951.5763116,6
1719422955.9289968,6
1719422960.3490863,6
1719422964.4280322,6
1719422968.5176454,6
1719422972.6854324,6
1719422976.7771883,6
1719422980.7836695,6
1719422984.8663936,6
1719422988.883907,6
1719422992.784307,6
1719422996.833653,6
1719423000.8909178,6
1719423004.7891133,6
1719423008.8406677,6
1719423013.0994537,6
1719423017.2059157,6
1719423021.2317133,6
1719423025.3118339,6
1719423029.5027585,6
1719423033.6156182,6
1719423037.7122245,6
1719423041.9756122,6
1719423045.891847,6
1719423050.0341048,6
1719423054.2102554,6
1719423058.284118,6
1719423062.3102906,6
1719423066.3633351,6
1719423070.4555023,6
1719423074.5510395,6
1719423078.609178,6
1719423082.6935253,6
1719423086.7255416,6
1719423090.8203692,6
1719423094.7967553,6
1719423098.8709338,6
1719423102.9791782,6
1719423107.225732,6
1719423111.3450663,6
1719423115.3747377,6
1719423119.4333446,6
1719423123.565883,6
1719423127.7537339,6
1719423131.6565864,6
1719423135.7842503,6
1719423140.0054295,6
1719423144.2924066,6
1719423148.3083441,6
1719423152.4554117,6
1719423156.6283436,6
1719423160.69331,6
1719423164.8873672,6
1719423168.929946,6
1719423172.9775028,6
1719423176.995451,6
1719423181.0503032,6
1719423185.1399465,6
1719423189.361287,6
1719423193.494295,6
1719423197.5627337,6
1719423201.7469804,6
1719423205.8448877,6
1719423209.9511676,6
1719423214.0512888,6
1719423218.7953339,6
1719423223.0240023,6
1719423227.172088,6
1719423231.265581,6
1719423235.3046875,6
1719423239.352583,6
1719423243.5251584,6
1719423247.8058689,6
1719423251.9272175,6
1719423255.9957552,6
1719423260.1043756,6
1719423264.1877606,6
1719423268.6803942,6
1719423272.856334,6
1719423276.9866235,6
1719423281.1953914,6
1719423285.316996,6
1719423289.459848,6
1719423293.8494048,6
1719423297.7841098,6
1719423301.8634465,6
1719423305.946747,6
1719423310.0367107,6
1719423314.217571,6
1719423318.3918388,6
1719423322.510651,6
1719423326.5939972,6
1719423330.7282317,6
1719423334.7471633,6
1719423338.6644635,6
1719423342.9137206,6
1719423347.1954284,6
1719423351.2227263,6
1719423355.3312051,6
1719423359.3824208,6
1719423363.470694,6
1719423367.5899436,6
1719423371.7522411,6
1719423375.8801198,6
1719423380.05277,6
1719423384.2804399,6
1719423388.4016793,6
1719423392.4551044,6
1719423396.9592416,6
1719423401.2699907,6
1719423405.3314588,6
1719423409.5019715,6
1719423413.568693,6
1719423417.6393511,6
1719423421.5803914,6
1719423425.8263655,6
1719423430.0195215,6
1719423434.068963,6
1719423438.0831025,6
1719423442.0630362,6
1719423446.1029937,6
1719423450.245809,6
1719423454.2796726,6
1719423458.3938239,6
1719423462.503224,6
1719423466.5101256,6
1719423470.6112874,6
1719423474.6602886,6
1719423479.1715746,6
1719423483.3917575,6
1719423487.5518107,6
1719423491.5969887,6
1719423495.7008393,6
1719423499.661789,6
1719423503.8409805,6
1719423507.9226146,6
1719423511.8680136,6
1719423516.109083,6
1719423520.203148,6
1719423524.2087476,6
1719423528.3020287,6
1719423532.5485039,6
1719423536.5556343,6
1719423540.5837715,6
1719423544.6357968,6
1719423548.832627,6
1719423552.9703705,6
1719423557.1425712,6
1719423561.1951673,6
1719423565.2850766,6
1719423569.3549256,6
1719423573.453527,6
1719423577.7404006,6
1719423581.9204025,6
1719423586.0554073,6
1719423590.185093,6
1719423594.2949975,6
1719423598.320364,6
1719423602.4880512,6
1719423606.5119748,6
1719423610.4986386,6
1719423614.7265532,6
1719423619.0250459,6
1719423623.08506,6
1719423627.160157,6
1719423631.2232013,6
1719423635.2776508,6
1719423639.4832578,6
1719423643.559114,6
1719423647.4775138,6
1719423651.3563247,6
1719423655.3758564,6
1719423659.5468605,6
1719423663.448635,6
1719423667.6141737,6
1719423671.5233417,6
1719423675.5601444,6
1719423679.5833676,6
1719423683.7418072,6
1719423687.72525,6
1719423691.7683182,6
1719423695.8108644,6
1719423699.9535918,6
1719423703.883654,6
1719423707.9548583,6
1719423711.8153195,6
1719423715.888019,6
1719423719.9915931,6
1719423724.1669812,6
1719423728.4287977,6
1719423732.6520665,6
1719423736.7638998,6
1719423740.7769797,6
1719423744.901765,6
1719423748.9340677,6
1719423753.005465,6
1719423757.1224144,6
1719423761.3230362,6
1719423765.488474,6
1719423769.5274725,6
1719423773.6024854,6
1719423777.625542,6
1719423781.7720358,6
1719423785.8726895,6
1719423789.9117916,6
1719423793.9825425,6
1719423798.144941,6
1719423802.2414784,6
1719423806.2977667,6
1719423810.3759573,6
1719423814.5373151,6
1719423818.6588583,6
1719423822.697817,6
1719423826.7895544,6
1719423830.8077028,6
1719423834.9046295,6
1719423839.0250428,6
1719423843.23181,6
1719423847.405977,6
1719423851.5036793,6
1719423855.6370292,6
1719423859.8147006,6
1719423863.8343682,6
1719423867.9692955,6
1719423872.151001,6
1719423876.1763153,6
1719423880.1831293,6
1719423884.3055794,6
1719423888.371716,6
1719423892.5588093,6
1719423896.6760669,6
1719423900.6702683,6
1719423904.807421,6
1719423908.9211822,6
1719423913.01593,6
1719423917.203451,6
1719423921.1309571,6
1719423925.1917496,6
1719423929.4715643,6
1719423933.528704,6
1719423937.787619,6
1719423941.940748,6
1719423946.0167146,6
1719423950.0923193,6
1719423954.236093,6
1719423958.3047059,6
1719423962.5654473,6
1719423966.731546,6
1719423970.9405816,6
1719423975.1074588,6
1719423979.261173,6
1719423983.1834893,6
1719423987.334785,6
1719423991.3895879,6
1719423995.455683,6
1719423999.3783,6
1719424003.4621274,6
1719424007.4728792,6
1719424011.5441577,6
1719424015.8208497,6
1719424019.904969,6
1719424023.9766483,6
1719424028.1283834,6
1719424032.2240572,6
1719424036.3547153,6
1719424040.4646547,6
1719424044.5905206,6
1719424048.643592,6
1719424052.7876186,6
1719424056.9414196,6
1719424061.111627,6
1719424065.4159737,6
1719424069.5978663,6
1719424073.609987,6
1719424077.6286135,6
1719424081.9265516,6
1719424086.096993,6
1719424090.0084338,6
1719424093.899434,6
1719424097.9410975,6
1719424102.0892367,6
1719424106.2719753,6
1719424110.4352562,6
1719424114.59135,6
1719424118.6891685,6
1719424123.0193636,6
1719424127.1310802,6
1719424131.0363553,6
1719424135.1297421,6
1719424139.2136655,6
1719424143.420099,6
1719424147.4463985,6
1719424151.568518,6
1719424155.695365,6
1719424159.8087013,6
1719424163.9582531,6
1719424168.1503966,6
1719424172.0741038,6
1719424176.1163218,6
1719424180.221335,6
1719424184.4050756,6
1719424188.4799976,6
1719424192.620168,6
1719424196.7854276,6
1719424201.0033057,6
1719424205.236269,6
1719424209.3042393,6
1719424213.4020674,6
1719424217.4752617,6
1719424221.6653028,6
1719424225.8052227,6
1719424229.9212837,6
1719424234.0220013,6
1719424238.0513527,6
1719424242.0827034,6
1719424246.2536132,6
1719424250.3849823,6
1719424254.582655,6
1719424258.6383784,6
1719424262.7266753,6
1719424266.800661,6
1719424270.908113,6
1719424275.042547,6
1719424279.5062206,6
1719424283.756239,6
1719424287.9298952,6
1719424292.3060465,6
1719424296.512604,6
1719424300.7212389,6
1719424304.7657719,6
1719424308.8455606,6
1719424312.8884404,6
1719424317.041258,6
1719424321.087639,6
1719424325.1746197,6
1719424329.428836,6
1719424333.5942392,6
1719424337.6601684,6
1719424341.8206482,6
1719424345.868132,6
1719424350.0487695,6
1719424354.0987785,6
1719424358.17359,6
1719424362.2299306,6
1719424366.3618703,6
1719424370.5214095,6
1719424374.6773279,6
1719424378.8071468,6
1719424382.8701186,6
1719424387.0632248,6
1719424391.1337402,6
1719424395.1830323,6
1719424399.2311323,6
1719424403.2694144,6
1719424407.2096546,6
1719424411.439577,6
1719424415.499679,6
1719424419.5679934,6
1719424423.2378685,6
1719424427.313291,6
1719424431.404697,6
1719424435.5014465,6
1719424439.560927,6
1719424443.7328515,6
1719424447.8583815,6
1719424451.9645286,6
1719424456.174987,6
1719424460.2490277,6
1719424464.3447526,6
1719424468.3917828,6
1719424472.4839635,6
1719424476.5490048,6
1719424480.702136,6
1719424484.7282498,6
1719424488.7699707,6
1719424492.7564914,6
1719424496.8451471,6
1719424501.0567467,6
1719424505.1224937,6
1719424509.03553,6
1719424513.1476688,6
1719424517.4110286,6
1719424521.5935576,6
1719424525.6966739,6
1719424529.74642,6
1719424533.8034341,6
1719424538.0365078,6
1719424541.907564,6
1719424546.0928764,6
1719424550.18098,6
1719424554.1633227,6
1719424558.2109258,6
1719424562.316134,6
1719424566.3392217,6
1719424570.571476,6
1719424574.7984471,6
1719424578.941325,6
1719424583.155721,6
1719424587.3355737,6
1719424591.3123353,6
1719424595.6879194,6
1719424599.7571037,6
1719424604.0053647,6
1719424608.1926615,6
1719424612.5694923,6
1719424616.692765,6
1719424620.7420487,6
1719424624.6302953,6
1719424628.6642423,6
1719424632.7954388,6
1719424636.964183,6
1719424641.0242076,6
1719424645.1379678,6
1719424648.9766967,6
1719424653.0090864,6
1719424657.080892,6
1719424661.1887157,6
1719424665.2449417,6
1719424669.313119,6
1719424673.5188327,6
1719424677.8441982,6
1719424681.9555311,6
1719424686.2067437,6
1719424690.4082246,6
1719424694.5051467,6
1719424698.5922904,6
1719424702.6388931,6
1719424706.6900873,6
1719424710.7658632,6
1719424714.9298499,6
1719424718.7848506,6
1719424722.7937562,6
1719424726.8502028,6
1719424730.9397087,6
1719424735.0490036,6
1719424739.116547,6
1719424743.4145784,6
1719424747.6016254,6
1719424751.657674,6
1719424755.793248,6
1719424759.6986668,6
1719424763.9122763,6
1719424767.902257,6
1719424772.318938,6
1719424776.5348554,6
1719424780.6347637,6
1719424784.6710758,6
1719424788.7110355,6
1719424792.9988236,6
1719424797.0976703,6
1719424801.2325876,6
1719424805.4813056,6
1719424809.7037804,6
1719424813.7616217,6
1719424817.7557774,6
1719424821.9104202,6
1719424825.9677873,6
1719424830.04059,6
1719424834.0419843,6
1719424838.1370583,6
1719424842.2237566,6
1719424846.3600879,6
1719424850.5306718,6
1719424854.7729218,6
1719424858.889353,6
1719424862.9536767,6
1719424866.9742036,6
1719424871.1107402,6
1719424875.188768,6
1719424879.294135,6
1719424883.3599422,6
1719424887.5569568,6
1719424891.6999335,6
1719424895.75768,6
1719424899.900782,6
1719424903.9454913,6
1719424908.176549,6
1719424912.1986332,6
1719424916.280231,6
1719424920.3601837,6
1719424924.473937,6
1719424928.5242286,6
1719424932.7080662,6
1719424936.8353648,6
1719424940.926671,6
1719424944.9777675,6
1719424949.0101573,6
1719424953.154645,6
1719424957.5767229,6
1719424961.7928038,6
1719424965.956623,6
1719424970.0112264,6
1719424974.067469,6
1719424978.140223,6
1719424982.541741,6
1719424986.5695574,6
1719424990.5988488,6
1719424994.840291,6
1719424998.96362,6
1719425003.2157195,6
1719425007.2757046,6
1719425011.1272008,6
1719425015.1870677,6
1719425019.2206526,6
1719425023.3758628,6
1719425027.4975934,6
1719425031.5936465,6
1719425035.6940544,6
1719425039.72863,6
1719425043.723008,6
1719425047.8644555,6
1719425051.7625928,6
1719425055.964109,6
1719425060.022252,6
1719425064.09952,6
1719425068.2119212,6
1719425072.361182,6
1719425076.4432633,6
1719425080.450555,6
1719425084.5801964,6
1719425088.6144438,6
1719425092.6560023,6
1719425096.678738,6
1719425100.7173302,6
1719425104.769923,6
1719425108.7824748,6
1719425112.7698138,6
1719425116.8333938,6
1719425120.8855143,6
1719425125.1107826,6
1719425129.192786,6
1719425133.2582211,6
1719425137.293706,6
1719425141.3245535,6
1719425145.3711863,6
1719425149.409508,6
1719425153.540732,6
1719425157.6996229,6
1719425161.7810836,6
1719425165.9305763,6
1719425169.9955773,6
1719425174.080092,6
1719425178.1766331,6
1719425182.275933,6
1719425186.46309,6
1719425190.521303,6
1719425194.6320963,6
1719425198.732225,6
1719425202.7849495,6
1719425206.8491597,6
1719425211.0212498,6
1719425215.0930283,6
1719425219.0372782,6
1719425223.1415787,6
1719425227.2950082,6
1719425231.4142396,6
1719425235.4325256,6
1719425239.536367,6
1719425243.6780183,6
1719425247.78949,6
1719425251.844702,6
1719425255.8726559,6
1719425259.882011,6
1719425263.873372,6
1719425268.1126394,6
1719425272.1955838,6
1719425276.4283113,6
1719425280.4436688,6
1719425284.5013862,6
1719425288.5722604,6
1719425292.7199306,6
1719425296.9623706,6
1719425301.0725904,6
1719425305.070903,6
1719425309.1681907,6
1719425313.2743847,6
1719425317.3238575,6
1719425321.2422543,6
1719425325.4093726,6
1719425329.52664,6
1719425333.5399315,6
1719425337.5753896,6
1719425341.6968708,6
1719425345.7294703,6
1719425349.9287224,6
1719425353.9119294,6
1719425357.9606185,6
1719425362.0127327,6
1719425366.059091,6
1719425370.0848486,6
1719425374.243285,6
1719425378.3715413,6
1719425382.5206246,6
1719425386.4315486,6
1719425390.5846667,6
1719425394.584425,6
1719425398.5938962,6
1719425402.6775715,6
1719425406.8786657,6
1719425410.9484127,6
1719425415.058107,6
1719425419.080456,6
1719425423.1617281,6
1719425427.0627682,6
1719425431.1643975,6
1719425435.284153,6
1719425439.3640096,6
1719425443.4904814,6
1719425447.6206396,6
1719425451.7376423,6
1719425455.8648493,6
1719425459.9999835,6
1719425464.1951911,6
1719425468.2965372,6
1719425472.388215,6
1719425476.399864,6
1719425480.4306111,6
1719425484.4417927,6
1719425488.5591426,6
1719425492.6612654,6
1719425496.8022044,6
1719425500.8442576,6
1719425504.9518943,6
1719425508.9517386,6
1719425513.072734,6
1719425517.3055468,6
1719425521.4382982,6
1719425525.4631374,6
1719425529.532791,6
1719425533.6558328,6
1719425537.6884966,6
1719425541.7659962,6
1719425545.8163896,6
1719425549.9408598,6
1719425553.9244878,6
1719425558.0720446,6
1719425562.1863723,6
1719425566.2246306,6
1719425570.268807,6
1719425574.3722546,6
1719425578.437137,6
1719425582.533965,6
1719425586.6759841,6
1719425590.7491546,6
1719425594.6740189,6
1719425598.682548,6
1719425602.8286111,6
1719425606.9932556,6
1719425611.2721393,6
1719425615.4189432,6
1719425619.6424859,6
1719425623.4871473,6
1719425627.6447659,6
1719425631.7852128,6
1719425635.83908,6
1719425639.903846,6
1719425644.263675,6
1719425648.2752993,6
1719425652.2969582,6
1719425656.5546982,6
1719425660.6609902,6
1719425664.8647118,6
1719425668.8973033,6
1719425673.077286,6
1719425677.1050992,6
1719425681.1815572,6
1719425685.225911,6
1719425689.4052508,6
1719425693.5268178,6
1719425697.5851388,6
1719425701.5997922,6
1719425705.7175677,6
1719425709.7675092,6
1719425713.9889526,6
1719425718.0124724,6
1719425722.055147,6
1719425726.0724509,6
1719425730.1480541,6
1719425734.242496,6
1719425738.1560411,6
1719425742.15865,6
1719425746.2657673,6
1719425750.284928,6
1719425754.4094653,6
1719425758.4484355,6
1719425762.3346932,6
1719425766.351285,6
1719425770.3893514,6
1719425774.651963,6
1719425778.672601,6
1719425782.7145283,6
1719425786.7095826,6
1719425790.8053346,6
1719425794.798432,6
1719425798.858175,6
1719425802.8457468,6
1719425806.9252486,6
1719425810.9982166,6
1719425815.0878336,6
1719425819.397654,6
1719425823.4003735,6
1719425827.6834404,6
1719425831.8847427,6
1719425835.989536,6
1719425840.1596153,6
1719425844.1920774,6
1719425848.2277892,6
1719425852.2551496,6
1719425856.4316661,6
1719425860.4775617,6
1719425864.590726,6
1719425868.6842618,6
1719425872.782393,6
1719425876.7098086,6
1719425880.6008968,6
1719425884.6175654,6
1719425888.514931,6
1719425892.564581,6
1719425896.6692517,6
1719425900.8025167,6
1719425904.7933097,6
1719425908.7952194,6
1719425912.9157724,6
1719425917.1658378,6
1719425921.1519287,6
1719425925.3983774,6
1719425929.5469606,6
1719425933.6121762,6
1719425937.8250473,6
1719425941.614347,6
1719425945.7939818,6
1719425949.803307,6
1719425953.913758,6
1719425957.9001122,6
1719425961.9328163,6
1719425966.0200546,6
1719425970.1404555,6
1719425974.1580052,6
1719425978.3109388,6
1719425982.426099,6
1719425986.4758756,6
1719425990.6159484,6
1719425994.7337122,6
1719425999.00274,6
1719426003.206061,6
1719426007.2915823,6
1719426011.473619,6
1719426015.5747929,6
1719426019.8420475,6
1719426023.95637,6
1719426027.9819968,6
1719426032.0729349,6
1719426036.2104406,6
1719426040.2481053,6
1719426044.4422839,6
1719426048.4709125,6
1719426052.6156583,6
1719426056.6621253,6
1719426060.838773,6
1719426064.842995,6
1719426068.9613266,6
1719426072.8973536,6
1719426077.0036755,6
1719426081.0602884,6
1719426085.2101448,6
1719426089.2426026,6
1719426093.2218127,6
1719426097.3651106,6
1719426101.4884655,6
1719426105.6879003,6
1719426109.812426,6
1719426113.825995,6
1719426117.907909,6
1719426122.0712128,6
1719426126.1321857,6
1719426130.2361581,6
1719426134.2922966,6
1719426138.1583085,6
1719426142.2156997,6
1719426146.235983,6
1719426150.338154,6
1719426154.389125,6
1719426158.4294627,6
1719426162.6478343,6
1719426166.8109848,6
1719426170.8301091,6
1719426174.889747,6
1719426178.919434,6
1719426182.958688,6
1719426187.0256991,6
1719426191.0930095,6
1719426195.1097264,6
1719426199.2059572,6
1719426203.3045177,6
1719426207.3669872,6
1719426211.435093,6
1719426215.4052603,6
1719426219.6271214,6
1719426223.7791853,6
1719426227.943114,6
1719426232.1156821,6
1719426236.0610259,6
1719426240.3250577,6
1719426244.3320441,6
1719426248.4231784,6
1719426252.4445343,6
1719426256.4641795,6
1719426260.620738,6
1719426264.536256,6
1719426268.8151255,6
1719426272.8383934,6
1719426276.9773655,6
1719426281.109578,6
1719426285.1777399,6
1719426289.2047336,6
1719426293.3566442,6
1719426297.565037,6
1719426301.63843,6
1719426305.5906324,6
1719426309.7501497,6
1719426313.971624,6
1719426318.0480783,6
1719426322.136057,6
1719426326.3779764,6
1719426330.554302,6
1719426334.9364846,6
1719426339.1151612,6
1719426343.1742077,6
1719426347.031229,6
1719426351.0365987,6
1719426355.2722728,6
1719426359.3530753,6
1719426363.3669643,6
1719426367.2364147,6
1719426371.4221,6
1719426375.511261,6
1719426379.530595,6
1719426383.7495663,6
1719426387.8440378,6
1719426391.9655616,6
1719426396.054638,6
1719426400.1921353,6
1719426404.2847862,6
1719426408.3407164,6
1719426412.3889902,6
1719426416.4310558,6
1719426420.5403938,6
1719426424.6609054,6
1719426428.9097242,6
1719426432.9367738,6
1719426437.0587482,6
1719426441.0864298,6
1719426445.1344872,6
1719426449.3468966,6
1719426453.4662042,6
1719426457.4111683,6
1719426461.4510212,6
1719426465.5614235,6
1719426469.5598662,6
1719426473.4586194,6
1719426477.5629861,6
1719426481.733962,6
1719426485.7746775,6
1719426489.6464093,6
1719426493.8045118,6
1719426497.8321834,6
1719426501.8221424,6
1719426505.8573678,6
1719426509.9886773,6
1719426514.1243412,6
1719426518.3356326,6
1719426522.350422,6
1719426526.4024305,6
1719426530.5380583,6
1719426534.6056557,6
1719426538.6205432,6
1719426542.6482546,6
1719426546.7958155,6
1719426550.850531,6
1719426554.868865,6
1719426558.5926833,6
1719426562.8066263,6
1719426566.9196544,6
1719426571.035535,6
1719426575.1726775,6
1719426579.2790685,6
1719426583.530598,6
1719426587.65812,6
1719426591.8241186,6
1719426595.9520743,6
1719426599.857712,6
1719426604.0312824,6
1719426608.108853,6
1719426612.2097504,6
1719426616.4100697,6
1719426620.4533293,6
1719426624.5937278,6
1719426628.633961,6
1719426632.7277863,6
1719426636.7606194,6
1719426640.8721163,6
1719426644.9276793,6
1719426649.100419,6
1719426653.1172776,6
1719426657.1948485,6
1719426661.19254,6
1719426665.06268,6
1719426669.1036823,6
1719426673.2374568,6
1719426677.2215645,6
1719426681.2600586,6
1719426685.1650736,6
1719426689.2915502,6
1719426693.3640995,6
1719426697.5652409,6
1719426701.5819335,6
1719426705.7101057,6
1719426709.883485,6
1719426714.035046,6
1719426718.117436,6
1719426722.3395708,6
1719426726.6191716,6
1719426730.7027028,6
1719426734.759711,6
1719426738.9008632,6
1719426742.8920507,6
1719426747.088887,6
1719426751.2388136,6
1719426755.3832273,6
1719426759.4683628,6
1719426763.5553918,6
1719426767.6139576,6
1719426771.6285572,6
1719426775.7942464,6
1719426779.8322933,6
1719426783.855044,6
1719426787.9963577,6
1719426792.0609882,6
1719426796.3384218,6
1719426800.4356415,6
1719426804.5647748,6
1719426808.6308966,6
1719426812.7599676,6
1719426816.8121054,6
1719426820.7803724,6
1719426824.815436,6
1719426828.9125054,6
1719426833.009652,6
1719426836.9181209,6
1719426841.0170765,6
1719426845.0905356,6
1719426849.1966991,6
1719426853.13659,6
1719426857.2067325,6
1719426861.1905951,6
1719426865.2423427,6
1719426869.45274,6
1719426873.6353734,6
1719426877.745161,6
1719426881.8351593,6
1719426885.9072223,6
1719426890.0865061,6
1719426893.9974725,6
1719426897.9840586,6
1719426902.1469939,6
1719426906.1851606,6
1719426910.264809,6
1719426914.4199944,6
1719426918.4857903,6
1719426922.652264,6
1719426926.7210274,6
1719426930.7872024,6
1719426934.8951404,6
1719426939.0705442,6
1719426943.1594768,6
1719426947.2192311,6
1719426951.305346,6
1719426955.3437223,6
1719426959.3970277,6
1719426963.519502,6
1719426967.5925612,6
1719426971.6995716,6
1719426975.8081837,6
1719426979.9299238,6
1719426983.9873502,6
1719426988.0119684,6
1719426992.0665638,6
1719426996.1296844,6
1719427000.1746626,6
1719427004.0541518,6
1719427008.0742595,6
1719427012.2129421,6
1719427016.5023618,6
1719427020.3535404,6
1719427024.4174564,6
1719427028.4635024,6
1719427032.539614,6
1719427036.5320532,6
1719427040.4377122,6
1719427044.5057898,6
1719427048.6330178,6
1719427052.7524223,6
1719427056.8504617,6
1719427061.0420358,6
1719427065.1497095,6
1719427069.3251553,6
1719427073.3774872,6
1719427077.490144,6
1719427081.5738542,6
1719427085.5643048,6
1719427089.5865402,6
1719427093.69922,6
1719427097.8574357,6
1719427101.9277432,6
1719427106.0301912,6
1719427110.1751208,6
1719427114.354898,6
1719427118.741605,6
1719427122.7879698,6
1719427127.0052063,6
1719427131.147105,6
1719427135.1521204,6
1719427138.9975913,6
1719427143.1394625,6
1719427146.9977267,6
1719427151.074929,6
1719427155.0635962,6
1719427159.2407675,6
1719427163.2745202,6
1719427167.598936,6
1719427171.781249,6
1719427175.8943233,6
1719427179.942619,6
1719427184.1480644,6
1719427188.04476,6
1719427192.1375353,6
1719427196.283193,6
1719427200.320012,6
1719427204.2913418,6
1719427208.4432366,6
1719427212.6137214,6
1719427216.7179031,6
1719427221.0617878,6
1719427225.178249,6
1719427229.3506913,6
1719427233.5085568,6
1719427237.5708952,6
1719427241.7160788,6
1719427245.7804475,6
1719427249.6787105,6
1719427253.707944,6
1719427257.8191915,6
1719427261.9445245,6
1719427265.754658,6
1719427269.8960638,6
1719427273.777571,6
1719427277.8556542,6
1719427282.0511384,6
1719427286.150464,6
1719427290.2831247,6
1719427294.3394792,6
1719427298.4830115,6
1719427302.630607,6
1719427306.8259563,6
1719427311.1450505,6
1719427314.9751737,6
1719427319.0610397,6
1719427323.0904505,6
1719427327.177221,6
1719427331.1931934,6
1719427335.358074,6
1719427339.4690566,6
1719427343.586892,6
1719427347.613609,6
1719427351.7987533,6
1719427355.8361206,6
1719427359.9439886,6
1719427364.0521019,6
1719427368.177266,6
1719427372.3857126,6
1719427376.3959804,6
1719427380.5312483,6
1719427384.633641,6
1719427388.769861,6
1719427392.825165,6
1719427397.0317636,6
1719427401.2330556,6
1719427405.4558663,6
1719427409.3308342,6
1719427413.3559527,6
1719427417.7209406,6
1719427422.096529,6
1719427426.186906,6
1719427430.2429545,6
1719427434.4371145,6
1719427438.5498662,6
1719427442.4268565,6
1719427446.2206342,6
1719427450.3776124,6
1719427454.3975787,6
1719427458.5871854,6
1719427462.5545275,6
1719427466.7388735,6
1719427470.894394,6
1719427474.9465103,6
1719427478.9742696,6
1719427482.8207774,6
1719427486.9639382,6
1719427491.2184498,6
1719427495.2717137,6
1719427499.3521717,6
1719427503.4752793,6
1719427507.533409,6
1719427511.7031069,6
1719427515.7301052,6
1719427519.7478726,6
1719427523.8548317,6
1719427527.8620174,6
1719427531.9265752,6
1719427535.9962835,6
1719427540.0186481,6
1719427543.9101305,6
1719427547.9408617,6
1719427552.0160303,6
1719427556.091308,6
1719427560.1433387,6
1719427564.1812494,6
1719427568.0888186,6
1719427572.1350262,6
1719427576.1971798,6
1719427580.4066184,6
1719427584.435449,6
1719427588.5126858,6
1719427592.6536796,6
1719427596.8459594,6
1719427601.0075488,6
1719427605.0704167,6
1719427608.8106642,6
1719427612.9768882,6
1719427617.1478062,6
1719427621.2435813,6
1719427625.2642496,6
1719427629.5379684,6
1719427633.65567,6
1719427637.6962512,6
1719427641.8192575,6
1719427646.131111,6
1719427650.3210652,6
1719427654.4617052,6
1719427658.5455925,6
1719427662.5713036,6
1719427666.680014,6
1719427670.6592374,6
1719427674.673925,6
1719427678.7834795,6
1719427682.848448,6
1719427686.9978166,6
1719427691.0427406,6
1719427694.964374,6
1719427699.0136466,6
1719427703.0844073,6
1719427707.230826,6
1719427711.365591,6
1719427715.4366639,6
1719427719.4031212,6
1719427723.5248363,6
1719427727.665593,6
1719427731.6780589,6
1719427735.5923412,6
1719427739.6719797,6
1719427743.816363,6
1719427747.8651338,6
1719427751.9952152,6
1719427756.0643673,6
1719427760.2153802,6
1719427764.4127316,6
1719427768.5501122,6
1719427772.7151136,6
1719427776.8576953,6
1719427780.9345229,6
1719427784.9629614,6
1719427789.0235782,6
1719427793.1730325,6
1719427797.3311734,6
1719427801.4425046,6
1719427805.501783,6
1719427809.563575,6
1719427813.990434,6
1719427818.049018,6
1719427822.2144792,6
1719427826.2580688,6
1719427830.357103,6
1719427834.4634883,6
1719427838.610516,6
1719427842.6629064,6
1719427846.7067454,6
1719427850.8438554,6
1719427854.8983479,6
1719427859.0012517,6
1719427863.134194,6
1719427867.1930487,6
1719427871.5165198,6
1719427875.524421,6
1719427879.6483355,6
1719427883.7105021,6
1719427887.9011652,6
1719427892.1838694,6
1719427896.341039,6
1719427900.57746,6
1719427904.4901242,6
1719427908.3622496,6
1719427912.4623494,6
1719427916.5692701,6
1719427920.587403,6
1719427924.6761975,6
1719427928.8487906,6
1719427933.0752172,6
1719427937.0733674,6
1719427941.1573236,6
1719427945.0626147,6
1719427949.2906818,6
1719427953.3828008,6
1719427957.6591165,6
1719427961.6868732,6
1719427965.6939504,6
1719427969.6652548,6
1719427973.8125644,6
1719427977.9029043,6
1719427982.0076525,6
1719427985.8772132,6
1719427990.056372,6
1719427994.0719101,6
1719427998.18054,6
1719428002.259957,6
1719428006.2928996,6
1719428010.3650393,6
1719428014.500495,6
1719428018.5748773,6
1719428022.7111688,6
1719428026.7834756,6
1719428030.888677,6
1719428034.930818,6
1719428039.0072773,6
1719428043.0277054,6
1719428047.0743845,6
1719428051.1646128,6
1719428055.238748,6
1719428059.3442302,6
1719428063.4548876,6
1719428067.4995177,6
1719428071.6171649,6
1719428075.6559873,6
1719428079.6814382,6
1719428083.6378224,6
1719428087.667854,6
1719428091.8474233,6
1719428095.8737257,6
1719428099.9478617,6
1719428103.7773788,6
1719428107.874188,6
1719428111.9155464,6
1719428116.1368585,6
1719428120.1841698,6
1719428124.2037854,6
1719428128.3731322,6
1719428132.4403176,6
1719428136.4467196,6
1719428140.461058,6
1719428144.6534233,6
1719428148.7543242,6
1719428152.7608318,6
1719428157.0098186,6
1719428161.1647775,6
1719428165.189926,6
1719428169.447741,6
1719428173.467038,6
1719428177.46144,6
1719428181.5050187,6
1719428185.503455,6
1719428189.490445,6
1719428193.328637,6
1719428197.5125637,6
1719428201.5937574,6
1719428205.6676679,6
1719428209.7713246,6
1719428213.9996665,6
1719428218.214394,6
1719428222.229886,6
1719428226.3676982,6
1719428230.5142775,6
1719428234.3921428,6
1719428238.4889638,6
1719428242.6443465,6
1719428246.9704208,6
1719428250.9705682,6
1719428255.121118,6
1719428259.1287806,6
1719428263.240156,6
1719428267.3194494,6
1719428271.3757563,6
1719428275.4273074,6
1719428279.4199831,6
1719428283.6211402,6
1719428287.693877,6
1719428291.8165832,6
1719428295.8404565,6
1719428299.8801107,6
1719428303.9258933,6
1719428308.291287,6
1719428312.4068086,6
1719428316.5100446,6
1719428320.4869657,6
1719428324.6534092,6
1719428328.7574232,6
1719428332.835509,6
1719428336.9774976,6
1719428341.049369,6
1719428345.1013353,6
1719428349.1219728,6
1719428353.5666857,6
1719428357.7096179,6
1719428361.6191049,6
1719428365.6103516,6
1719428369.5963798,6
1719428373.9115267,6
1719428377.9830446,6
1719428382.0914893,6
1719428386.126503,6
1719428390.3698845,6
1719428394.6094432,6
1719428398.7589245,6
1719428402.9766755,6
1719428407.105602,6
1719428411.1333773,6
1719428415.1710591,6
1719428419.3271494,6
1719428423.403264,6
1719428427.4535663,6
1719428431.604464,6
1719428435.4813929,6
1719428439.559948,6
1719428443.7089524,6
1719428447.7661424,6
1719428451.8888707,6
1719428455.9705966,6
1719428460.0448225,6
1719428464.1091702,6
1719428468.162019,6
1719428472.1993327,6
1719428476.373064,6
1719428480.5836139,6
1719428484.679252,6
1719428488.652245,6
1719428492.684603,6
1719428496.7139595,6
1719428500.8528042,6
1719428505.024443,6
1719428509.123847,6
1719428513.2803297,6
1719428517.3353882,6
1719428521.431733,6
1719428525.618213,6
1719428529.5178182,6
1719428533.6040523,6
1719428537.7370837,6
1719428541.6278727,6
1719428545.7732356,6
1719428549.7791376,6
1719428553.9227395,6
1719428558.006673,6
1719428562.1776857,6
1719428566.2481608,6
1719428570.5386515,6
1719428574.5590405,6
1719428578.9802332,6
1719428583.1940858,6
1719428587.3001308,6
1719428591.3614461,6
1719428595.694391,6
1719428599.751885,6
1719428603.8548605,6
1719428607.9865963,6
1719428612.0684237,6
1719428616.1137502,6
1719428620.4549887,6
1719428624.5070102,6
1719428628.6551073,6
1719428632.7953355,6
1719428636.8327572,6
1719428640.9002466,6
1719428645.0445,6
1719428648.9751878,6
1719428652.9943886,6
1719428657.195138,6
1719428661.2135022,6
1719428665.2799718,6
1719428669.1391053,6
1719428673.155935,6
1719428677.2880704,6
1719428681.683559,6
1719428685.865653,6
1719428689.9746084,6
1719428693.9584758,6
1719428697.8373766,6
1719428701.9072573,6
1719428705.8754306,6
1719428709.950868,6
1719428713.9872897,6
1719428718.1094773,6
1719428722.0906825,6
1719428726.2060146,6
1719428730.220065,6
1719428734.2485485,6
1719428738.2292135,6
1719428742.4548278,6
1719428746.5032742,6
1719428750.5149117,6
1719428754.672787,6
1719428758.8530378,6
1719428763.0025837,6
1719428767.1024218,6
1719428771.2712138,6
1719428775.3599708,6
1719428779.5745187,6
1719428783.621181,6
1719428787.7763057,6
1719428791.9028168,6
1719428796.0253475,6
1719428800.1553595,6
1719428804.2987218,6
1719428808.4194849,6
1719428812.5013049,6
1719428816.7111897,6
1719428820.7812862,6
1719428824.6847625,6
1719428828.8564255,6
1719428832.9946215,6
1719428837.1344533,6
1719428841.2465024,6
1719428845.35871,6
1719428849.4589736,6
1719428853.4807558,6
1719428857.52773,6
1719428861.634246,6
1719428865.4922454,6
1719428869.661595,6
1719428873.7689354,6
1719428877.8200636,6
1719428881.8659437,6
1719428885.9026315,6
1719428890.0559754,6
1719428894.096368,6
1719428898.3935714,6
1719428902.4101796,6
1719428906.4839256,6
1719428910.5509362,6
1719428914.625736,6
1719428918.7223432,6
1719428922.8301742,6
1719428926.8880823,6
1719428930.9254644,6
1719428934.9776473,6
1719428939.0393896,6
1719428943.13007,6
1719428947.3530147,6
1719428951.374554,6
1719428955.5412104,6
1719428959.5772367,6
1719428963.682003,6
1719428967.6616342,6
1719428971.7443607,6
1719428975.9167776,6
1719428980.0202713,6
1719428984.3786013,6
1719428988.6132145,6
1719428992.615396,6
1719428996.8006055,6
1719429000.9618254,6
1719429005.0803185,6
1719429009.2463758,6
1719429013.3374388,6
1719429017.8213263,6
1719429021.9921205,6
1719429026.11734,6
1719429030.2325432,6
1719429034.2996647,6
1719429038.449375,6
1719429042.5742114,6
1719429046.6916995,6
1719429050.7962613,6
1719429054.9194539,6
1719429058.9538066,6
1719429063.1504016,6
1719429067.315075,6
1719429071.4896097,6
1719429075.3558125,6
1719429079.4620564,6
1719429083.4935799,6
1719429087.6105258,6
1719429091.7356253,6
1719429095.7851036,6
1719429099.9456756,6
1719429104.0243871,6
1719429108.0527792,6
1719429112.5459685,6
1719429116.4313242,6
1719429120.5568283,6
1719429124.8463995,6
1719429128.9889653,6
1719429133.1195238,6
1719429137.0960839,6
1719429140.9661808,6
1719429145.1706254,6
1719429149.3153028,6
1719429153.4353313,6
1719429157.579296,6
1719429161.5824733,6
1719429165.5919926,6
1719429169.650212,6
1719429173.7378342,6
1719429177.886788,6
1719429182.003616,6
1719429186.1944559,6
1719429190.323473,6
1719429194.325893,6
1719429198.4150033,6
1719429202.5626526,6
1719429206.5780678,6
1719429210.6797462,6
1719429214.6621802,6
1719429218.8883135,6
1719429222.915044,6
1719429227.1902304,6
1719429231.245949,6
1719429235.3290677,6
1719429239.485673,6
1719429243.3945444,6
1719429247.4747303,6
1719429251.5645778,6
1719429255.619606,6
1719429259.718546,6
1719429263.7543092,6
1719429267.880775,6
1719429272.0986865,6
1719429276.1964502,6
1719429280.297193,6
1719429284.4992902,6
1719429288.7080526,6
1719429292.7070642,6
1719429296.8168275,6
1719429300.9871316,6
1719429305.0487885,6
1719429309.120526,6
1719429313.178468,6
1719429317.1863554,6
1719429321.2341726,6
1719429325.3150828,6
1719429329.3456259,6
1719429333.3789477,6
1719429337.404134,6
1719429341.782145,6
1719429345.760214,6
1719429349.9046206,6
1719429353.7836764,6
1719429357.848424,6
1719429361.9059684,6
1719429366.34652,6
1719429370.3377056,6
1719429374.4376216,6
1719429378.5757775,6
1719429382.5449264,6
1719429386.5505407,6
1719429390.619048,6
1719429394.831324,6
1719429398.8627641,6
1719429403.2239256,6
1719429407.3767874,6
1719429411.5370305,6
1719429415.6402216,6
1719429419.7561278,6
1719429423.901094,6
1719429428.0468588,6
1719429432.1693988,6
1719429436.142513,6
1719429440.2170935,6
1719429444.3016136,6
1719429448.4036953,6
1719429452.312515,6
1719429456.3976984,6
1719429460.4284177,6
1719429464.5074408,6
1719429468.566086,6
1719429472.7895904,6
1719429476.9317858,6
1719429480.9983182,6
1719429484.9984622,6
1719429489.1413753,6
1719429493.3342173,6
1719429497.416135,6
1719429501.4650073,6
1719429505.4989946,6
1719429509.5141995,6
1719429513.5550752,6
1719429517.5769458,6
1719429521.6413019,6
1719429525.872013,6
1719429530.0232537,6
1719429534.0940788,6
1719429538.2256267,6
1719429542.2266653,6
1719429546.4184077,6
1719429550.5831037,6
1719429554.7131085,6
1719429559.0396938,6
1719429563.072169,6
1719429567.2208195,6
1719429571.437492,6
1719429575.458583,6
1719429579.425927,6
1719429583.726899,6
1719429587.9023044,6
1719429592.01066,6
1719429596.0801208,6
1719429600.2474341,6
1719429604.2949994,6
1719429608.4581544,6
1719429612.6549053,6
1719429616.807549,6
1719429620.6998641,6
1719429624.8597744,6
1719429629.2041633,6
1719429633.3196642,6
1719429637.343079,6
1719429641.4383485,6
1719429645.4707687,6
1719429649.5819762,6
1719429653.6064928,6
1719429657.6799476,6
1719429661.5869951,6
1719429665.6112318,6
1719429669.7828047,6
1719429673.8580797,6
1719429677.920879,6
1719429682.0279515,6
1719429686.1513894,6
1719429690.2181718,6
1719429694.208107,6
1719429698.3368583,6
1719429702.436794,6
1719429706.462158,6
1719429710.6205711,6
1719429714.6573627,6
1719429718.7150466,6
1719429722.826336,6
1719429727.0110426,6
1719429731.354201,6
1719429735.3930006,6
1719429739.5133948,6
1719429743.6276045,6
1719429747.7378118,6
1719429751.8644707,6
1719429755.944079,6
1719429760.0201864,6
1719429764.1839967,6
1719429768.321705,6
1719429772.3889818,6
1719429776.463345,6
1719429780.6855896,6
1719429784.7541552,6
1719429788.7813504,6
1719429792.8929126,6
1719429796.937967,6
1719429800.9484005,6
1719429804.9910653,6
1719429809.114381,6
1719429813.228298,6
1719429817.2856174,6
1719429821.265477,6
1719429825.1882353,6
1719429829.231783,6
1719429833.2684095,6
1719429837.3505418,6
1719429841.4930782,6
1719429845.649004,6
1719429849.7174509,6
1719429853.8939447,6
1719429857.904186,6
1719429861.8885744,6
1719429865.9425256,6
1719429869.9695716,6
1719429874.164674,6
1719429878.304139,6
1719429882.443576,6
1719429886.5379937,6
1719429890.635954,6
1719429894.7174046,6
1719429898.7733161,6
1719429902.7808065,6
1719429906.999366,6
1719429910.9090626,6
1719429915.0644317,6
1719429919.3111455,6
1719429923.380448,6
1719429927.470057,6
1719429931.6982815,6
1719429935.8527884,6
1719429939.9470377,6
1719429943.986357,6
1719429948.0030823,6
1719429951.895307,6
1719429956.0587835,6
1719429960.2547324,6
1719429964.473858,6
1719429968.6022062,6
1719429972.6372485,6
1719429976.7668948,6
1719429980.7992847,6
1719429984.8033154,6
1719429988.9415653,6
1719429992.8839216,6
1719429996.8908014,6
1719430000.9952407,6
1719430005.0299866,6
1719430009.0813274,6
1719430013.2397397,6
1719430017.20672,6
1719430021.2437806,6
1719430025.2746286,6
1719430029.3506591,6
1719430033.4945714,6
1719430037.5188565,6
1719430041.5925221,6
1719430045.632126,6
1719430049.6737378,6
1719430053.6855717,6
1719430057.7299438,6
1719430061.8192167,6
1719430065.9539647,6
1719430070.1188776,6
1719430074.180324,6
1719430078.1608021,6
1719430082.1971536,6
1719430086.3515894,6
1719430090.6409361,6
1719430094.781747,6
1719430098.8409626,6
1719430102.82562,6
1719430106.8330414,6
1719430110.9017634,6
1719430115.1142278,6
1719430119.1631336,6
1719430123.16559,6
1719430127.3239837,6
1719430131.372687,6
1719430135.5288186,6
1719430139.5526035,6
1719430143.670379,6
1719430147.848414,6
1719430151.7150333,6
1719430155.8540838,6
1719430159.7747786,6
1719430164.0399885,6
1719430168.2624261,6
1719430172.25484,6
1719430176.3285108,6
1719430180.4426997,6
1719430184.5845947,6
1719430188.8090322,6
1719430192.8341804,6
1719430196.9565487,6
1719430200.9683645,6
1719430205.0330088,6
1719430209.2546859,6
1719430213.2525506,6
1719430217.3650644,6
1719430221.450088,6
1719430225.587117,6
1719430229.7420506,6
1719430233.8698459,6
1719430237.9335337,6
1719430242.0433285,6
1719430246.3234487,6
1719430250.5220406,6
1719430254.753247,6
1719430258.9189181,6
1719430262.9005811,6
1719430266.931201,6
1719430271.0044737,6
1719430275.0685318,6
1719430279.2247145,6
1719430283.2441254,6
1719430287.1171453,6
1719430291.286148,6
1719430295.3803308,6
1719430299.4217284,6
1719430303.4759197,6
1719430307.4906063,6
1719430311.6165557,6
1719430315.6972823,6
1719430319.7948654,6
1719430323.8185036,6
1719430327.9400394,6
1719430331.9510746,6
1719430336.1663709,6
1719430340.187844,6
1719430344.2857296,6
1719430348.527447,6
1719430352.6440327,6
1719430356.893619,6
1719430360.9368258,6
1719430365.1452699,6
1719430369.3126183,6
1719430373.490406,6
1719430377.6224349,6
1719430381.7624874,6
1719430385.891232,6
1719430389.9012554,6
1719430393.9778078,6
1719430398.1129086,6
1719430402.1006594,6
1719430406.2218485,6
1719430410.3014479,6
1719430414.3887908,6
1719430418.5537848,6
1719430422.614646,6
1719430426.717584,6
1719430430.7732165,6
1719430434.8120775,6
1719430438.9163554,6
1719430442.9427984,6
1719430447.0124245,6
1719430451.0534453,6
1719430454.9440966,6
1719430458.9854465,6
1719430463.090844,6
1719430467.5402498,6
1719430471.611548,6
1719430475.7415931,6
1719430479.922078,6
1719430484.03675,6
1719430488.0529869,6
1719430492.236231,6
1719430496.1041105,6
1719430500.1315236,6
1719430504.3613107,6
1719430508.489847,6
1719430512.6632411,6
1719430516.8731704,6
1719430520.930382,6
1719430525.0707378,6
1719430529.136558,6
1719430533.3341305,6
1719430537.0533016,6
1719430541.176048,6
1719430545.2966652,6
1719430549.3612523,6
1719430553.4804223,6
1719430557.4821122,6
1719430561.563166,6
1719430565.5710597,6
1719430569.6488357,6
1719430573.719978,6
1719430577.8208623,6
1719430582.0301156,6
1719430586.140904,6
1719430590.1268334,6
1719430594.139688,6
1719430598.2634585,6
1719430602.2545156,6
1719430606.334346,6
1719430610.619945,6
1719430614.7620716,6
1719430618.8618224,6
1719430622.9809191,6
1719430627.1034555,6
1719430631.1168277,6
1719430635.1500494,6
1719430639.1454027,6
1719430643.18577,6
1719430647.2649412,6
1719430651.463966,6
1719430655.5995972,6
1719430659.7098289,6
1719430663.5842452,6
1719430667.631328,6
1719430671.691943,6
1719430675.8311033,6
1719430680.0493898,6
1719430684.3018231,6
1719430688.1774902,6
1719430692.1791537,6
1719430696.3578396,6
1719430700.414429,6
1719430704.543067,6
1719430708.7125003,6
1719430712.7154403,6
1719430716.8622148,6
1719430721.026556,6
1719430725.0849428,6
1719430729.0957341,6
1719430733.144573,6
1719430737.3576033,6
1719430741.61352,6
1719430745.701918,6
1719430749.7604358,6
1719430753.8131487,6
1719430757.9132612,6
1719430761.9470189,6
1719430765.9707432,6
1719430770.0375748,6
1719430774.0527284,6
1719430778.1397572,6
1719430782.1774092,6
1719430786.2968686,6
1719430790.295702,6
1719430794.4336944,6
1719430798.4659946,6
1719430802.4325418,6
1719430806.4567964,6
1719430810.5745065,6
1719430814.8144054,6
1719430818.9639988,6
1719430823.093813,6
1719430827.3193069,6
1719430831.3797655,6
1719430835.448866,6
1719430839.667149,6
1719430843.7130632,6
1719430847.7256317,6
1719430851.7559905,6
1719430856.4621072,6
1719430860.7384446,6
1719430864.8807411,6
1719430869.0546288,6
1719430873.1319644,6
1719430877.318076,6
1719430881.5115986,6
1719430885.507774,6
1719430889.5606017,6
1719430893.668306,6
1719430897.8434122,6
1719430902.0963335,6
1719430906.2710035,6
1719430910.3487966,6
1719430914.2985718,6
1719430918.3815012,6
1719430922.520304,6
1719430926.5891306,6
1719430930.7112741,6
1719430934.6416621,6
1719430938.7144468,6
1719430942.8445153,6
1719430946.88826,6
1719430951.0176365,6
1719430955.1361623,6
1719430959.2368226,6
1719430963.2761831,6
1719430967.4912271,6
1719430971.7300055,6
1719430975.7841868,6
1719430979.9747744,6
1719430984.3444772,6
1719430988.386817,6
1719430992.4323194,6
1719430996.5630047,6
1719431000.672838,6
1719431004.9034922,6
1719431008.9474437,6
1719431012.9643471,6
1719431017.079614,6
1719431021.080113,6
1719431025.2460718,6
1719431029.3621597,6
1719431033.487645,6
1719431037.5568273,6
1719431041.7442207,6
1719431045.8284717,6
1719431049.9530292,6
1719431054.0591753,6
1719431058.1660385,6
1719431062.284217,6
1719431066.2847598,6
1719431070.3330054,6
1719431074.416075,6
1719431078.4704149,6
1719431082.6231263,6
1719431086.7515783,6
1719431090.795656,6
1719431094.710732,6
1719431098.820874,6
1719431102.9667838,6
1719431106.9795496,6
1719431111.0017328,6
1719431114.9805293,6
1719431119.0950935,6
1719431123.0083165,6
1719431127.1654491,6
1719431131.15553,6
1719431135.3828895,6
1719431139.4369442,6
1719431143.4671376,6
1719431147.5803297,6
