1719415147.1489384,5
1719415150.9190257,5
1719415154.7667727,5
1719415158.3649461,5
1719415162.0500212,5
1719415165.71707,5
1719415169.4104245,5
1719415173.0392818,5
1719415176.6966436,5
1719415180.429227,5
1719415184.2242637,5
1719415187.9275546,5
1719415191.5174046,5
1719415195.2932148,5
1719415199.0094137,5
1719415202.5288916,5
1719415206.257706,5
1719415209.9855719,5
1719415213.7993538,5
1719415217.570452,5
1719415221.359767,5
1719415225.143469,5
1719415228.8557205,5
1719415232.4377651,5
1719415236.2113457,5
1719415239.9920769,5
1719415243.7784166,5
1719415247.571218,5
1719415251.3354967,5
1719415255.1831205,5
1719415258.7019298,5
1719415262.4636745,5
1719415266.168611,5
1719415269.942441,5
1719415273.7198699,5
1719415277.5715702,5
1719415281.3572462,5
1719415285.1475165,5
1719415288.8669925,5
1719415292.5830483,5
1719415296.5866654,5
1719415300.435881,5
1719415304.127608,5
1719415307.9252486,5
1719415311.7761216,5
1719415315.443,5
1719415319.1773057,5
1719415322.9359906,5
1719415326.7089946,5
1719415330.5005326,5
1719415334.3581839,5
1719415338.207615,5
1719415342.089815,5
1719415345.9459548,5
1719415349.8085403,5
1719415353.6271517,5
1719415357.186733,5
1719415360.9435098,5
1719415364.8048906,5
1719415368.511425,5
1719415372.301281,5
1719415376.0599897,5
1719415379.7838225,5
1719415383.47579,5
1719415387.3402002,5
1719415391.1305394,5
1719415394.9105797,5
1719415398.7135375,5
1719415402.8889108,5
1719415406.5392203,5
1719415410.3466165,5
1719415414.005551,5
1719415417.7961333,5
1719415421.5745447,5
1719415425.3377104,5
1719415429.0370708,5
1719415432.755614,5
1719415436.7918935,5
1719415440.5353293,5
1719415444.2401044,5
1719415447.9915953,5
1719415451.7270684,5
1719415455.4179022,5
1719415459.270417,5
1719415462.8147721,5
1719415466.4973776,5
1719415470.1656253,5
1719415473.8798304,5
1719415477.653062,5
1719415481.447991,5
1719415485.1863203,5
1719415489.0462546,5
1719415492.8375435,5
1719415496.5529711,5
1719415500.3454745,5
1719415504.0841954,5
1719415507.8684204,5
1719415511.647223,5
1719415515.4204803,5
1719415519.338308,5
1719415523.097607,5
1719415526.8033514,5
1719415530.610814,5
1719415534.49152,5
1719415538.4524527,5
1719415542.1693225,5
1719415546.0254898,5
1719415549.821469,5
1719415553.7087865,5
1719415557.566337,5
1719415561.2810717,5
1719415564.9971383,5
1719415568.811568,5
1719415572.5649703,5
1719415576.3766026,5
1719415580.0812135,5
1719415583.8909898,5
1719415587.6674862,5
1719415591.3985147,5
1719415595.1085112,5
1719415598.8178394,5
1719415602.6045058,5
1719415606.2869027,5
1719415610.0252235,5
1719415613.593449,5
1719415617.432781,5
1719415621.3350863,5
1719415625.1212666,5
1719415628.8805294,5
1719415632.6270442,5
1719415636.3405015,5
1719415640.1259863,5
1719415643.8645158,5
1719415647.525019,5
1719415651.3334725,5
1719415655.1960304,5
1719415659.014459,5
1719415662.8860848,5
1719415666.606228,5
1719415670.39027,5
1719415674.191867,5
1719415678.0818524,5
1719415681.8271127,5
1719415685.6446755,5
1719415689.2937188,5
1719415693.1263764,5
1719415696.8707242,5
1719415700.6808333,5
1719415704.4763641,5
1719415708.203889,5
1719415711.949586,5
1719415715.8014863,5
1719415719.659825,5
1719415723.3768995,5
1719415727.0995047,5
1719415730.8499184,5
1719415734.5597794,5
1719415738.29686,5
1719415742.146704,5
1719415745.9966097,5
1719415749.8414977,5
1719415753.5662565,5
1719415757.3319323,5
1719415761.1008606,5
1719415764.9114225,5
1719415768.783851,5
1719415772.5861537,5
1719415776.4188428,5
1719415780.3615491,5
1719415784.090754,5
1719415787.760076,5
1719415791.4909742,5
1719415795.1925597,5
1719415798.93596,5
1719415802.630749,5
1719415806.4694014,5
1719415810.198545,5
1719415813.8521874,5
1719415817.6441772,5
1719415821.375579,5
1719415825.163772,5
1719415828.8679698,5
1719415832.6054602,5
1719415836.2679574,5
1719415839.9485216,5
1719415843.7659578,5
1719415847.6359804,5
1719415851.4015853,5
1719415855.120989,5
1719415858.6836712,5
1719415862.4223309,5
1719415866.135112,5
1719415869.9052758,5
1719415873.679523,5
1719415877.543707,5
1719415881.4324894,5
1719415885.2333305,5
1719415889.1300907,5
1719415893.001178,5
1719415896.7580585,5
1719415900.5207908,5
1719415904.2631652,5
1719415907.9556816,5
1719415911.574515,5
1719415915.2489018,5
1719415918.9684768,5
1719415922.7386858,5
1719415926.5610065,5
1719415930.3302858,5
1719415934.2413468,5
1719415937.8773708,5
1719415941.4308662,5
1719415945.1997707,5
1719415948.8193197,5
1719415952.5943084,5
1719415956.3343182,5
1719415960.080658,5
1719415963.8408282,5
1719415967.649454,5
1719415971.4352946,5
1719415975.2069926,5
1719415978.9698257,5
1719415982.5848353,5
1719415986.1897593,5
1719415989.9444618,5
1719415993.7000437,5
1719415997.407522,5
1719416001.2754598,5
1719416005.0006227,5
1719416008.6323664,5
1719416012.3035376,5
1719416016.1385255,5
1719416019.8352647,5
1719416023.6194565,5
1719416027.2837005,5
1719416030.9689395,5
1719416034.6301868,5
1719416038.3609262,5
1719416042.0620127,5
1719416045.6515644,5
1719416049.3981526,5
1719416053.1068132,5
1719416056.8856564,5
1719416060.5948956,5
1719416064.4298952,5
1719416068.1088865,5
1719416071.7862196,5
1719416075.601234,5
1719416079.4380352,5
1719416083.3224218,5
1719416087.1547046,5
1719416090.989636,5
1719416094.7140193,5
1719416098.5762596,5
1719416102.2587132,5
1719416106.1571012,5
1719416109.9411662,5
1719416113.6821022,5
1719416117.5136957,5
1719416121.332069,5
1719416125.1657403,5
1719416129.0304744,5
1719416132.730781,5
1719416136.4852824,5
1719416140.3902857,5
1719416144.21134,5
1719416147.9133315,5
1719416151.672608,5
1719416155.4585345,5
1719416159.222232,5
1719416163.0049722,5
1719416166.7386963,5
1719416170.5109587,5
1719416174.5693192,5
1719416178.4317536,5
1719416182.3420994,5
1719416186.1718855,5
1719416189.919195,5
1719416193.6210444,5
1719416197.36464,5
1719416201.0617268,5
1719416204.956565,5
1719416208.7089193,5
1719416212.468065,5
1719416216.3368056,5
1719416220.0745678,5
1719416223.922337,5
1719416227.6108105,5
1719416231.4302351,5
1719416235.1278934,5
1719416238.9433286,5
1719416242.6586366,5
1719416246.3587213,5
1719416250.170098,5
1719416253.7644732,5
1719416257.5380247,5
1719416261.3489254,5
1719416265.1622229,5
1719416269.0776327,5
1719416272.9361308,5
1719416276.735986,5
1719416280.4002516,5
1719416284.1776662,5
1719416287.938323,5
1719416291.6467292,5
1719416295.5126412,5
1719416299.188197,5
1719416302.9070969,5
1719416306.6266587,5
1719416310.3712873,5
1719416314.116069,5
1719416317.9921622,5
1719416321.8022058,5
1719416325.5523484,5
1719416329.4459624,5
1719416333.1197176,5
1719416336.8110192,5
1719416340.523684,5
1719416344.1029778,5
1719416348.021606,5
1719416351.7615364,5
1719416355.4921052,5
1719416359.1706388,5
1719416363.0191426,5
1719416366.7695792,5
1719416370.5665486,5
1719416374.3135695,5
1719416378.1781838,5
1719416381.946965,5
1719416385.6672935,5
1719416389.4102533,5
1719416393.1959624,5
1719416397.0644305,5
1719416400.837505,5
1719416404.557203,5
1719416408.4827282,5
1719416412.321023,5
1719416416.0926492,5
1719416419.9611442,5
1719416423.6742458,5
1719416427.4513183,5
1719416431.2663732,5
1719416434.9967089,5
1719416438.840384,5
1719416442.6608217,5
1719416446.3867981,5
1719416450.222659,5
1719416454.1072783,5
1719416457.8364089,5
1719416461.6589644,5
1719416465.4624574,5
1719416469.085285,5
1719416472.746198,5
1719416476.4995975,5
1719416480.4099941,5
1719416484.1741736,5
1719416487.8179688,5
1719416491.6484134,5
1719416495.3589642,5
1719416499.0246289,5
1719416502.7355175,5
1719416506.4689748,5
1719416510.2922194,5
1719416513.977078,5
1719416517.6786213,5
1719416521.441736,5
1719416525.1524148,5
1719416528.9545577,5
1719416532.6744123,5
1719416536.4017584,5
1719416540.19685,5
1719416544.0075533,5
1719416547.819864,5
1719416551.6210673,5
1719416555.400977,5
1719416559.2277324,5
1719416563.0242834,5
1719416566.7710912,5
1719416570.5981686,5
1719416574.3407362,5
1719416578.147624,5
1719416581.838587,5
1719416585.6074572,5
1719416589.3627827,5
1719416593.193596,5
1719416596.8473678,5
1719416600.5562928,5
1719416604.2572308,5
1719416607.869589,5
1719416611.6079776,5
1719416615.3847413,5
1719416619.2114694,5
1719416623.1072164,5
1719416626.8197448,5
1719416630.6053832,5
1719416634.2169092,5
1719416637.9024112,5
1719416641.7482948,5
1719416645.5433586,5
1719416649.02404,5
1719416652.7760303,5
1719416656.467186,5
1719416660.2492065,5
1719416663.9983122,5
1719416667.737786,5
1719416671.6458447,5
1719416675.4480214,5
1719416679.1646361,5
1719416682.9207275,5
1719416686.7405005,5
1719416690.340624,5
1719416694.1848965,5
1719416697.940848,5
1719416701.7020621,5
1719416705.6889813,5
1719416709.3356628,5
1719416713.079411,5
1719416716.8358223,5
1719416720.6524394,5
1719416724.5019557,5
1719416728.2667801,5
1719416731.830453,5
1719416735.583874,5
1719416739.2911294,5
1719416743.1519632,5
1719416746.8373733,5
1719416750.5558152,5
1719416754.3873098,5
1719416758.174707,5
1719416761.8835275,5
1719416765.6013153,5
1719416769.2733471,5
1719416772.9938102,5
1719416776.7034018,5
1719416780.4760072,5
1719416784.1259074,5
1719416787.9162905,5
1719416791.6397417,5
1719416795.3214746,5
1719416799.155,5
1719416803.1088595,5
1719416806.826219,5
1719416810.6226969,5
1719416814.346129,5
1719416818.1107843,5
1719416821.8463378,5
1719416825.569574,5
1719416829.3397603,5
1719416833.163872,5
1719416836.8865678,5
1719416840.6462708,5
1719416844.3472373,5
1719416848.091256,5
1719416851.7946937,5
1719416855.627441,5
1719416859.2305758,5
1719416862.9337382,5
1719416866.7281759,5
1719416870.4237254,5
1719416874.2475724,5
1719416878.0047421,5
1719416881.8078873,5
1719416885.425921,5
1719416889.210251,5
1719416892.896203,5
1719416896.559703,5
1719416900.13453,5
1719416903.9387536,5
1719416907.6849294,5
1719416911.4410243,5
1719416915.1343708,5
1719416918.8016226,5
1719416922.4986105,5
1719416926.1060376,5
1719416929.914603,5
1719416933.6475832,5
1719416937.5266325,5
1719416941.093138,5
1719416944.7740765,5
1719416948.4830587,5
1719416952.2732842,5
1719416955.9423983,5
1719416959.6285682,5
1719416963.3122227,5
1719416967.085881,5
1719416970.867802,5
1719416974.5929265,5
1719416978.292851,5
1719416981.927664,5
1719416985.6783345,5
1719416989.4678802,5
1719416993.3356059,5
1719416997.1374395,5
1719417000.9996552,5
1719417004.6881742,5
1719417008.389492,5
1719417012.0970395,5
1719417015.8210971,5
1719417019.6219594,5
1719417023.3395777,5
1719417027.0059526,5
1719417030.6937542,5
1719417034.4621444,5
1719417038.3369904,5
1719417042.0196912,5
1719417045.7543972,5
1719417049.532577,5
1719417053.3073802,5
1719417057.1648047,5
1719417060.8282416,5
1719417064.6551702,5
1719417068.3944635,5
1719417072.123318,5
1719417075.792833,5
1719417079.5060685,5
1719417083.314048,5
1719417087.0173244,5
1719417090.9185872,5
1719417094.6529698,5
1719417098.3791068,5
1719417102.081961,5
1719417105.852048,5
1719417109.44552,5
1719417113.124559,5
1719417116.865875,5
1719417120.538605,5
1719417124.208954,5
1719417127.9910274,5
1719417131.7698143,5
1719417135.5114503,5
1719417139.2864282,5
1719417143.0006897,5
1719417146.7698767,5
1719417150.2926972,5
1719417153.9776905,5
1719417157.6282623,5
1719417161.497968,5
1719417165.2328062,5
1719417169.076857,5
1719417172.9312005,5
1719417176.5628772,5
1719417180.39183,5
1719417184.1868906,5
1719417187.9962666,5
1719417191.7945971,5
1719417195.4901638,5
1719417199.1980727,5
1719417202.8443975,5
1719417206.542144,5
1719417210.360684,5
1719417214.1317503,5
1719417217.8574708,5
1719417221.6282043,5
1719417225.3577232,5
1719417229.0984273,5
1719417232.9088485,5
1719417236.6800818,5
1719417240.4031224,5
1719417244.0041242,5
1719417247.7793255,5
1719417251.351087,5
1719417255.140384,5
1719417258.827544,5
1719417262.5658946,5
1719417266.4632049,5
1719417270.2009618,5
1719417273.933081,5
1719417277.504746,5
1719417281.1725812,5
1719417284.940273,5
1719417288.6973867,5
1719417292.381502,5
1719417296.2469573,5
1719417299.900897,5
1719417303.549447,5
1719417307.205836,5
1719417310.9547646,5
1719417314.6725438,5
1719417318.4519594,5
1719417321.9506564,5
1719417325.660932,5
1719417329.3751652,5
1719417333.1544218,5
1719417336.859134,5
1719417340.5528474,5
1719417344.2249691,5
1719417347.8754344,5
1719417351.6058064,5
1719417355.3811111,5
1719417359.1367693,5
1719417362.9668748,5
1719417366.756244,5
1719417370.4798152,5
1719417374.1632273,5
1719417377.946354,5
1719417381.790398,5
1719417385.5737646,5
1719417389.3753097,5
1719417393.183722,5
1719417397.0491912,5
1719417400.7236645,5
1719417404.2575417,5
1719417408.009392,5
1719417411.9143188,5
1719417415.6117547,5
1719417419.125457,5
1719417422.7957683,5
1719417426.6767445,5
1719417430.4175026,5
1719417434.1201577,5
1719417437.8307164,5
1719417441.501912,5
1719417445.0506732,5
1719417448.8086667,5
1719417452.5650272,5
1719417456.3738782,5
1719417460.1119125,5
1719417463.9027755,5
1719417467.6943467,5
1719417471.4480898,5
1719417475.2400112,5
1719417478.934447,5
1719417482.6559954,5
1719417486.3368213,5
1719417490.110575,5
1719417493.9424548,5
1719417497.7184412,5
1719417501.433513,5
1719417505.173113,5
1719417508.9567542,5
1719417512.6377773,5
1719417516.3407905,5
1719417520.0848222,5
1719417523.8079152,5
1719417527.6347342,5
1719417531.3690097,5
1719417535.1914368,5
1719417538.9244423,5
1719417542.7056792,5
1719417546.4081345,5
1719417550.1364787,5
1719417553.8253443,5
1719417557.619538,5
1719417561.5068543,5
1719417565.2411027,5
1719417569.1194913,5
1719417572.9097035,5
1719417576.7481885,5
1719417580.3908534,5
1719417584.1439357,5
1719417587.8295739,5
1719417591.5241046,5
1719417595.3144798,5
1719417599.1394932,5
1719417602.7908962,5
1719417606.4696748,5
1719417610.1752913,5
1719417614.03804,5
1719417617.647625,5
1719417621.373078,5
1719417625.120283,5
1719417628.875194,5
1719417632.676734,5
1719417636.4071388,5
1719417640.1494799,5
1719417643.9398804,5
1719417647.550801,5
1719417651.3567104,5
1719417655.002913,5
1719417658.7005217,5
1719417662.5649238,5
1719417666.3233042,5
1719417670.0803587,5
1719417673.7251918,5
1719417677.5244787,5
1719417681.2813683,5
1719417685.1555493,5
1719417688.8872592,5
1719417692.7386143,5
1719417696.291556,5
1719417700.0278025,5
1719417703.7718904,5
1719417707.562097,5
1719417711.2601452,5
1719417715.0691278,5
1719417718.7835743,5
1719417722.5128798,5
1719417726.1774242,5
1719417729.923743,5
1719417733.645388,5
1719417737.2940376,5
1719417741.1128788,5
1719417744.8368278,5
1719417748.573834,5
1719417752.3565834,5
1719417756.0668135,5
1719417759.8086913,5
1719417763.4528348,5
1719417767.1181993,5
1719417770.9002624,5
1719417774.6208873,5
1719417778.4279573,5
1719417782.1246436,5
1719417785.8341384,5
1719417789.5535734,5
1719417793.3322725,5
1719417797.1492956,5
1719417800.8258665,5
1719417804.5876396,5
1719417808.2925875,5
1719417812.033387,5
1719417815.8530135,5
1719417819.6247182,5
1719417823.1926193,5
1719417826.8968506,5
1719417830.605399,5
1719417834.2426724,5
1719417838.1363635,5
1719417841.8686128,5
1719417845.6338634,5
1719417849.4211915,5
1719417853.1863775,5
1719417857.0369303,5
1719417860.8451536,5
1719417864.4822662,5
1719417868.1867504,5
1719417871.9981277,5
1719417875.751221,5
1719417879.5071146,5
1719417883.4592078,5
1719417887.1624277,5
1719417890.9739766,5
1719417894.8093808,5
1719417898.7383974,5
1719417902.4591122,5
1719417905.9991248,5
1719417909.8026514,5
1719417913.5325108,5
1719417917.2681024,5
1719417920.992182,5
1719417924.7688525,5
1719417928.515344,5
1719417932.196651,5
1719417936.045789,5
1719417939.7490711,5
1719417943.604362,5
1719417947.3724241,5
1719417951.1284063,5
1719417954.9002683,5
1719417958.6540682,5
1719417962.4549768,5
1719417966.1105394,5
1719417969.8347225,5
1719417973.5869238,5
1719417977.2815657,5
1719417981.120151,5
1719417984.748705,5
1719417988.4300532,5
1719417992.178297,5
1719417995.968111,5
1719417999.6374102,5
1719418003.4489703,5
1719418007.2428393,5
1719418010.917345,5
1719418014.6949103,5
1719418018.560476,5
1719418022.481872,5
1719418026.3369515,5
1719418030.1368952,5
1719418033.6873753,5
1719418037.4678292,5
1719418041.2051296,5
1719418045.1349587,5
1719418048.8623378,5
1719418052.419675,5
1719418056.0950735,5
1719418059.8831978,5
1719418063.6070976,5
1719418067.288141,5
1719418071.1179626,5
1719418074.6997573,5
1719418078.3580678,5
1719418081.9527752,5
1719418085.7408516,5
1719418089.4667928,5
1719418093.1504123,5
1719418096.9530432,5
1719418100.7416627,5
1719418104.5731938,5
1719418108.4357917,5
1719418112.0969956,5
1719418115.9621122,5
1719418119.660424,5
1719418123.3839288,5
1719418127.0792253,5
1719418130.7710955,5
1719418134.485091,5
1719418138.0650442,5
1719418141.7116964,5
1719418145.4375162,5
1719418149.069505,5
1719418152.8522036,5
1719418156.5575614,5
1719418160.1317818,5
1719418163.8583708,5
1719418167.712169,5
1719418171.4539597,5
1719418175.1774435,5
1719418178.9076273,5
1719418182.6376405,5
1719418186.3975646,5
1719418190.1697843,5
1719418193.91874,5
1719418197.5628123,5
1719418201.3144915,5
1719418205.037391,5
1719418208.7293131,5
1719418212.5757253,5
1719418216.3701942,5
1719418220.1513565,5
1719418223.9825158,5
1719418227.8048017,5
1719418231.7068143,5
1719418235.491224,5
1719418239.1443794,5
1719418242.9323068,5
1719418246.7744415,5
1719418250.4728067,5
1719418254.315766,5
1719418257.8782706,5
1719418261.5820572,5
1719418265.298438,5
1719418269.105576,5
1719418272.864844,5
1719418276.5728061,5
1719418280.2256632,5
1719418283.8391833,5
1719418287.6229165,5
1719418291.5350392,5
1719418295.281827,5
1719418298.9804428,5
1719418302.7912645,5
1719418306.3352175,5
1719418310.2001648,5
1719418313.8813653,5
1719418317.622976,5
1719418321.3414404,5
1719418325.072494,5
1719418328.6795845,5
1719418332.4669356,5
1719418336.2076263,5
1719418339.9970903,5
1719418343.7311604,5
1719418347.5715866,5
1719418351.3226757,5
1719418355.0176203,5
1719418358.8928266,5
1719418362.6812158,5
1719418366.3750706,5
1719418369.9284968,5
1719418373.602867,5
1719418377.3599381,5
1719418381.170543,5
1719418384.8663013,5
1719418388.6784225,5
1719418392.5208914,5
1719418396.2800155,5
1719418400.0393732,5
1719418403.8183713,5
1719418407.5639963,5
1719418411.4581037,5
1719418415.1757348,5
1719418418.988901,5
1719418422.814339,5
1719418426.495581,5
1719418430.2266703,5
1719418433.9783304,5
1719418437.8355415,5
1719418441.5373943,5
1719418445.3255002,5
1719418449.019692,5
1719418452.7763994,5
1719418456.5226998,5
1719418460.1930606,5
1719418463.830174,5
1719418467.5509937,5
1719418471.3359551,5
1719418474.9062984,5
1719418478.8146043,5
1719418482.6575677,5
1719418486.3624258,5
1719418490.0881944,5
1719418493.8018231,5
1719418497.4990718,5
1719418501.284094,5
1719418505.1075678,5
1719418508.791216,5
1719418512.5125628,5
1719418516.385814,5
1719418520.1101382,5
1719418523.8671098,5
1719418527.642894,5
1719418531.4872382,5
1719418535.2405179,5
1719418539.0104046,5
1719418542.7572992,5
1719418546.5139446,5
1719418550.2410038,5
1719418553.9840066,5
1719418557.7483492,5
1719418561.5883093,5
1719418565.2822597,5
1719418569.1349795,5
1719418572.8358421,5
1719418576.684324,5
1719418580.260815,5
1719418584.1140947,5
1719418587.8527236,5
1719418591.6330225,5
1719418595.4082441,5
1719418599.1274884,5
1719418602.85844,5
1719418606.5731683,5
1719418610.255956,5
1719418613.9776485,5
1719418617.6795657,5
1719418621.370445,5
1719418625.0721292,5
1719418628.8368213,5
1719418632.5840452,5
1719418636.1304264,5
1719418640.1105137,5
1719418643.9078934,5
1719418647.681606,5
1719418651.4346242,5
1719418655.127693,5
1719418658.8313334,5
1719418662.6528554,5
1719418666.35784,5
1719418670.1928713,5
1719418673.9691827,5
1719418677.6709907,5
1719418681.4055762,5
1719418685.1648002,5
1719418688.9734051,5
1719418692.652833,5
1719418696.4103923,5
1719418700.2400777,5
1719418703.9345274,5
1719418707.6106074,5
1719418711.3328543,5
1719418715.0729797,5
1719418718.778325,5
1719418722.5377457,5
1719418726.2928405,5
1719418730.1212327,5
1719418733.92087,5
1719418737.6463535,5
1719418741.3972147,5
1719418744.9188144,5
1719418748.6409097,5
1719418752.412242,5
1719418756.1809824,5
1719418759.943262,5
1719418763.7848895,5
1719418767.605934,5
1719418771.2778583,5
1719418774.9592955,5
1719418778.8166246,5
1719418782.6005795,5
1719418786.1480021,5
1719418789.9105027,5
1719418793.6567822,5
1719418797.4119232,5
1719418801.136829,5
1719418804.8236897,5
1719418808.6305695,5
1719418812.4059587,5
1719418816.1765924,5
1719418819.8476436,5
1719418823.6164746,5
1719418827.381599,5
1719418831.0734603,5
1719418834.8812897,5
1719418838.5669293,5
1719418842.2321532,5
1719418846.099043,5
1719418849.8855314,5
1719418853.665814,5
1719418857.3475313,5
1719418861.0745804,5
1719418864.8202786,5
1719418868.382171,5
1719418872.0062382,5
1719418875.7314153,5
1719418879.4731822,5
1719418883.221601,5
1719418887.0609872,5
1719418890.8523962,5
1719418894.6292717,5
1719418898.430972,5
1719418902.1741455,5
1719418905.9147167,5
1719418909.6940482,5
1719418913.411531,5
1719418917.215225,5
1719418920.651984,5
1719418924.3967137,5
1719418928.1699204,5
1719418931.9241211,5
1719418935.5678446,5
1719418939.2941487,5
1719418942.984358,5
1719418946.801682,5
1719418950.5452402,5
1719418954.3142798,5
1719418957.9865892,5
1719418961.6987586,5
1719418965.5420508,5
1719418969.2528596,5
1719418973.138181,5
1719418976.9007573,5
1719418980.726453,5
1719418984.552618,5
1719418988.3589106,5
1719418992.1271245,5
1719418995.8336816,5
1719418999.5691295,5
1719419003.4104779,5
1719419007.2657242,5
1719419010.985165,5
1719419014.6079042,5
1719419018.3956149,5
1719419022.1154146,5
1719419025.952723,5
1719419029.684639,5
1719419033.3945594,5
1719419036.9131968,5
1719419040.759432,5
1719419044.2441905,5
1719419047.9074063,5
1719419051.71455,5
1719419055.41935,5
1719419059.1290627,5
1719419062.8184147,5
1719419066.5403132,5
1719419070.3300946,5
1719419074.0913358,5
1719419077.842284,5
1719419081.6953356,5
1719419085.4146144,5
1719419089.2671404,5
1719419093.0937352,5
1719419096.975752,5
1719419100.6295571,5
1719419104.2120845,5
1719419107.971871,5
1719419111.7732158,5
1719419115.5626142,5
1719419119.2687109,5
1719419123.0298612,5
1719419126.7786906,5
1719419130.5685818,5
1719419134.324668,5
1719419138.1193151,5
1719419141.8299267,5
1719419145.5723321,5
1719419149.304908,5
1719419152.9790504,5
1719419156.6732621,5
1719419160.4269893,5
1719419164.277105,5
1719419168.0186398,5
1719419171.7610443,5
1719419175.3931012,5
1719419179.228784,5
1719419182.989192,5
1719419186.6899886,5
1719419190.471707,5
1719419194.2831805,5
1719419198.0077276,5
1719419201.7977185,5
1719419205.4976501,5
1719419209.2536352,5
1719419213.0245883,5
1719419216.8034813,5
1719419220.6480894,5
1719419224.3729053,5
1719419228.190955,5
1719419231.9625983,5
1719419235.7010899,5
1719419239.4924366,5
1719419243.3272943,5
1719419247.0653453,5
1719419250.789876,5
1719419254.5607736,5
1719419258.3110933,5
1719419262.064659,5
1719419265.9097176,5
1719419269.7482398,5
1719419273.4123325,5
1719419277.1851182,5
1719419281.0302603,5
1719419284.734079,5
1719419288.4421506,5
1719419292.1290815,5
1719419295.88283,5
1719419299.5847,5
1719419303.3601463,5
1719419307.1171947,5
1719419310.7929382,5
1719419314.4771314,5
1719419318.170389,5
1719419321.9532368,5
1719419325.7534196,5
1719419329.3306403,5
1719419333.0325468,5
1719419336.8607562,5
1719419340.6109416,5
1719419344.6092448,5
1719419348.4497087,5
1719419352.2576234,5
1719419355.9097955,5
1719419359.560485,5
1719419363.3863244,5
1719419367.0699286,5
1719419370.6699445,5
1719419374.4363973,5
1719419378.1293962,5
1719419381.7926426,5
1719419385.6423366,5
1719419389.416936,5
1719419393.200616,5
1719419396.930475,5
1719419400.8165195,5
1719419404.5734167,5
1719419408.2655506,5
1719419411.9442546,5
1719419415.7382479,5
1719419419.5247235,5
1719419423.207648,5
1719419426.8795662,5
1719419430.5210514,5
1719419434.1957235,5
1719419437.8843122,5
1719419441.619384,5
1719419445.4758892,5
1719419449.2202728,5
1719419452.9548368,5
1719419456.677794,5
1719419460.4033124,5
1719419464.1076407,5
1719419467.8217423,5
1719419471.6087372,5
1719419475.3424146,5
1719419479.0962722,5
1719419482.6400661,5
1719419486.2682786,5
1719419489.9447117,5
1719419493.6863067,5
1719419497.220518,5
1719419500.9934535,5
1719419504.8717968,5
1719419508.5640814,5
1719419512.362091,5
1719419516.0668178,5
1719419519.9423747,5
1719419523.6450143,5
1719419527.3437505,5
1719419531.2186506,5
1719419534.990721,5
1719419538.7241502,5
1719419542.5870798,5
1719419546.4151154,5
1719419550.0838146,5
1719419553.860527,5
1719419557.5599103,5
1719419561.3209686,5
1719419565.208522,5
1719419568.9652126,5
1719419572.6873605,5
1719419576.4240644,5
1719419580.085758,5
1719419583.6598718,5
1719419587.3081167,5
1719419591.0429578,5
1719419594.7509792,5
1719419598.4250703,5
1719419602.1569963,5
1719419605.946264,5
1719419609.7101014,5
1719419613.3994741,5
1719419617.2013724,5
1719419621.1539626,5
1719419624.7806242,5
1719419628.3448377,5
1719419632.1286356,5
1719419635.939789,5
1719419639.7431557,5
1719419643.4930608,5
1719419647.1950958,5
1719419650.9181566,5
1719419654.7539518,5
1719419658.397978,5
1719419662.211657,5
1719419665.9311826,5
1719419669.7552264,5
1719419673.5085654,5
1719419677.3565905,5
1719419681.123924,5
1719419684.968402,5
1719419688.743484,5
1719419692.5579636,5
1719419696.369737,5
1719419700.145246,5
1719419703.7410529,5
1719419707.4303257,5
1719419711.345816,5
1719419715.0732605,5
1719419718.7439048,5
1719419722.6033988,5
1719419726.2948086,5
1719419729.971721,5
1719419733.749604,5
1719419737.5055294,5
1719419741.1810496,5
1719419745.00739,5
1719419748.7795146,5
1719419752.5167484,5
1719419756.2530217,5
1719419760.0159643,5
1719419763.7683256,5
1719419767.4930012,5
1719419771.196249,5
1719419774.9076936,5
1719419778.6637342,5
1719419782.527324,5
1719419786.2184558,5
1719419789.900403,5
1719419793.7114658,5
1719419797.5883589,5
1719419801.280822,5
1719419804.9117959,5
1719419808.610052,5
1719419812.4006257,5
1719419816.0973868,5
1719419819.9296947,5
1719419823.6528814,5
1719419827.499264,5
1719419831.2511332,5
1719419835.0140064,5
1719419838.8444924,5
1719419842.6157506,5
1719419846.2757885,5
1719419850.030281,5
1719419853.7691574,5
1719419857.4809225,5
1719419861.1617494,5
1719419864.7373762,5
1719419868.4147723,5
1719419872.0917964,5
1719419875.7934694,5
1719419879.4611728,5
1719419883.1320348,5
1719419886.9002628,5
1719419890.4365976,5
1719419894.22132,5
1719419897.9436874,5
1719419901.8978672,5
1719419905.5468698,5
1719419909.300653,5
1719419912.9916527,5
1719419916.834291,5
1719419920.6458707,5
1719419924.344901,5
1719419928.0761805,5
1719419931.8610234,5
1719419935.5369558,5
1719419939.2205462,5
1719419943.0566747,5
1719419946.933546,5
1719419950.6147969,5
1719419954.2630258,5
1719419957.7980094,5
1719419961.5645533,5
1719419965.2657533,5
1719419969.0573125,5
1719419972.7545,5
1719419976.385215,5
1719419980.1518068,5
1719419983.9947937,5
1719419987.8516452,5
1719419991.6433961,5
1719419995.3648043,5
1719419998.9624572,5
1719420002.7920663,5
1719420006.5852973,5
1719420010.3621287,5
1719420014.22114,5
1719420018.0019593,5
1719420021.8167875,5
1719420025.6019456,5
1719420029.254096,5
1719420033.0302393,5
1719420036.744841,5
1719420040.491926,5
1719420044.3002548,5
1719420048.0854502,5
1719420051.7844348,5
1719420055.3908062,5
1719420059.1107178,5
1719420062.822295,5
1719420066.5470066,5
1719420070.26781,5
1719420074.0033994,5
1719420077.7701297,5
1719420081.4818087,5
1719420085.1539702,5
1719420088.9665341,5
1719420092.7029898,5
1719420096.4360363,5
1719420100.165881,5
1719420103.815339,5
1719420107.3847196,5
1719420111.1346567,5
1719420114.8382297,5
1719420118.5051572,5
1719420122.200873,5
1719420125.7245803,5
1719420129.4610596,5
1719420133.375878,5
1719420137.1495092,5
1719420140.8708756,5
1719420144.6848652,5
1719420148.4306834,5
1719420152.1805205,5
1719420155.906898,5
1719420159.7452526,5
1719420163.4266052,5
1719420166.9868574,5
1719420170.6392872,5
1719420174.331669,5
1719420177.96083,5
1719420181.7120047,5
1719420185.3581996,5
1719420189.0992754,5
1719420192.9518652,5
1719420196.8081753,5
1719420200.6050358,5
1719420204.3449929,5
1719420208.0900645,5
1719420211.9972317,5
1719420215.7737672,5
1719420219.5244606,5
1719420223.303772,5
1719420227.0406992,5
1719420230.8319747,5
1719420234.537695,5
1719420238.2710733,5
1719420242.1207767,5
1719420245.770386,5
1719420249.444541,5
1719420253.1502125,5
1719420257.019747,5
1719420260.7202845,5
1719420264.4124966,5
1719420268.309135,5
1719420271.9629533,5
1719420275.7826147,5
1719420279.5496197,5
1719420283.4408355,5
1719420287.0911312,5
1719420290.8691273,5
1719420294.7572045,5
1719420298.4722517,5
1719420302.2635996,5
1719420305.9655933,5
1719420309.8444374,5
1719420313.5305502,5
1719420317.3575587,5
1719420321.0488064,5
1719420324.7414927,5
1719420328.4886353,5
1719420332.276083,5
1719420335.9562523,5
1719420339.631004,5
1719420343.3797526,5
1719420346.9424832,5
1719420350.7402868,5
1719420354.455681,5
1719420358.1035788,5
1719420361.8207192,5
1719420365.6584837,5
1719420369.4533458,5
1719420373.155863,5
1719420376.868535,5
1719420380.554441,5
1719420384.3371644,5
1719420388.0286617,5
1719420391.7840266,5
1719420395.583228,5
1719420399.26851,5
1719420402.9860852,5
1719420406.6785553,5
1719420410.418357,5
1719420414.1378865,5
1719420417.734057,5
1719420421.428319,5
1719420425.2496333,5
1719420429.0161285,5
1719420432.7741954,5
1719420436.5217776,5
1719420440.4227855,5
1719420444.2027218,5
1719420447.9020495,5
1719420451.634549,5
1719420455.3299022,5
1719420458.8773704,5
1719420462.5030205,5
1719420466.2271113,5
1719420469.9544318,5
1719420473.6868386,5
1719420477.4684668,5
1719420481.0830991,5
1719420484.732782,5
1719420488.543269,5
1719420492.263681,5
1719420496.0493045,5
1719420499.582998,5
1719420503.3789468,5
1719420506.9534326,5
1719420510.6507976,5
1719420514.2510436,5
1719420517.9466536,5
1719420521.6621726,5
1719420525.3889558,5
1719420529.2102253,5
1719420533.0289335,5
1719420536.658218,5
1719420540.2891154,5
1719420543.9792783,5
1719420547.7654998,5
1719420551.443699,5
1719420555.2533202,5
1719420558.9302168,5
1719420562.6950922,5
1719420566.5164726,5
1719420570.2968059,5
1719420573.7675302,5
1719420577.4579487,5
1719420581.1893072,5
1719420584.982072,5
1719420588.756606,5
1719420592.4876316,5
1719420596.2059252,5
1719420599.842249,5
1719420603.6687193,5
1719420607.4415035,5
1719420611.1688735,5
1719420614.9076853,5
1719420618.558807,5
1719420622.2795072,5
1719420626.062567,5
1719420629.8372834,5
1719420633.6538863,5
1719420637.3880482,5
1719420641.1961498,5
1719420644.9591808,5
1719420648.694256,5
1719420652.1929424,5
1719420655.9648645,5
1719420659.641955,5
1719420663.3180833,5
1719420667.035021,5
1719420670.684251,5
1719420674.476765,5
1719420678.1884515,5
1719420681.995782,5
1719420685.656203,5
1719420689.2768078,5
1719420693.03804,5
1719420696.6828673,5
1719420700.4289472,5
1719420704.0462303,5
1719420707.5790439,5
1719420711.3760567,5
1719420715.0167575,5
1719420718.72267,5
1719420722.4819536,5
1719420726.388285,5
1719420730.1497507,5
1719420733.881016,5
1719420737.6396306,5
1719420741.3996627,5
1719420745.142394,5
1719420748.6527383,5
1719420752.3383105,5
1719420756.041394,5
1719420759.6409411,5
1719420763.298685,5
1719420767.0432918,5
1719420770.7026644,5
1719420774.456581,5
1719420778.2189786,5
1719420781.9048414,5
1719420785.5582776,5
1719420789.3804183,5
1719420793.2529085,5
1719420797.0229456,5
1719420800.851715,5
1719420804.463271,5
1719420808.0658205,5
1719420811.8324616,5
1719420815.5776548,5
1719420819.3518162,5
1719420822.9192169,5
1719420826.6443717,5
1719420830.4367404,5
1719420833.9780111,5
1719420837.8964903,5
1719420841.6976404,5
1719420845.3291454,5
1719420848.9759073,5
1719420852.7200806,5
1719420856.4606695,5
1719420860.164611,5
1719420863.9474103,5
1719420867.6406963,5
1719420871.4320579,5
1719420874.920205,5
1719420878.6130853,5
1719420882.3155262,5
1719420886.122237,5
1719420889.794439,5
1719420893.444648,5
1719420897.2325578,5
1719420900.9825482,5
1719420904.6887102,5
1719420908.4449668,5
1719420912.2117968,5
1719420916.0284526,5
1719420919.8163342,5
1719420923.628043,5
1719420927.3838408,5
1719420931.0387807,5
1719420934.7110217,5
1719420938.4744308,5
1719420942.136826,5
1719420946.0003595,5
1719420949.6387389,5
1719420953.2194679,5
1719420956.8670676,5
1719420960.5245655,5
1719420964.158946,5
1719420967.9304602,5
1719420971.5201705,5
1719420975.2458048,5
1719420978.8632479,5
1719420982.654007,5
1719420986.3216858,5
1719420990.1040275,5
1719420993.7769864,5
1719420997.504913,5
1719421001.2362168,5
1719421004.9021986,5
1719421008.5616524,5
1719421012.1949906,5
1719421015.9275649,5
1719421019.6207924,5
1719421023.3683991,5
1719421027.3251152,5
1719421031.0660596,5
1719421034.7368069,5
1719421038.432898,5
1719421041.9629455,5
1719421045.7439146,5
1719421049.4342272,5
1719421053.0981123,5
1719421056.7835248,5
1719421060.4823346,5
1719421064.0734773,5
1719421067.7169201,5
1719421071.3248773,5
1719421074.9804113,5
1719421078.7100098,5
1719421082.2351515,5
1719421086.004768,5
1719421089.7783566,5
1719421093.5351331,5
1719421097.2150526,5
1719421100.90762,5
1719421104.6215563,5
1719421108.3467712,5
1719421111.9363,5
1719421115.587667,5
1719421119.224097,5
1719421123.050008,5
1719421126.5369408,5
1719421130.2068224,5
1719421133.8924673,5
1719421137.6196196,5
1719421141.5031426,5
1719421145.178735,5
1719421149.0568767,5
1719421152.8315926,5
1719421156.9018922,5
1719421160.800319,5
1719421164.4773355,5
1719421168.0707862,5
1719421171.7926023,5
1719421175.4827588,5
1719421179.1628346,5
1719421182.9590402,5
1719421186.6935594,5
1719421190.3137853,5
1719421193.9880915,5
1719421197.7526364,5
1719421201.4958806,5
1719421205.1681664,5
1719421208.7524993,5
1719421212.3848085,5
1719421216.063901,5
1719421219.802249,5
1719421223.5084426,5
1719421227.4119728,5
1719421231.3081062,5
1719421235.0023685,5
1719421238.8969047,5
1719421242.598362,5
1719421246.3423908,5
1719421250.08625,5
1719421253.7576308,5
1719421257.306077,5
1719421261.061069,5
1719421264.8003085,5
1719421268.5885365,5
1719421272.243248,5
1719421276.0632098,5
1719421279.8367472,5
1719421283.5373068,5
1719421287.2645314,5
1719421290.8886182,5
1719421294.5662901,5
1719421298.280709,5
1719421302.0703626,5
1719421305.7405744,5
1719421309.4249346,5
1719421313.1270006,5
1719421316.8335567,5
1719421320.4730744,5
1719421324.206816,5
1719421327.9796612,5
1719421331.6885872,5
1719421335.1907227,5
1719421338.9807243,5
1719421342.6721506,5
1719421346.3634565,5
1719421350.065345,5
1719421353.878988,5
1719421357.6262574,5
1719421361.4711654,5
1719421365.233231,5
1719421368.8406708,5
1719421372.683239,5
1719421376.3875005,5
1719421380.1110656,5
1719421383.8885298,5
1719421387.4726477,5
1719421391.3173883,5
1719421395.0215979,5
1719421398.7638798,5
1719421402.5428767,5
1719421406.2738128,5
1719421410.10651,5
1719421413.8329892,5
1719421417.5161707,5
1719421421.2899594,5
1719421425.0058022,5
1719421428.5559547,5
1719421432.2688227,5
1719421435.9860632,5
1719421439.8172784,5
1719421443.5737286,5
1719421447.2624881,5
1719421450.9916499,5
1719421454.8445492,5
1719421458.4958496,5
1719421462.1488595,5
1719421465.9141285,5
1719421469.7633173,5
1719421473.44676,5
1719421477.164384,5
1719421480.8477387,5
1719421484.5549939,5
1719421488.3217378,5
1719421491.9619339,5
1719421495.6900997,5
1719421499.4830368,5
1719421503.0705285,5
1719421506.7276385,5
1719421510.44187,5
1719421514.261026,5
1719421517.9260962,5
1719421521.5953567,5
1719421525.3333573,5
1719421528.98229,5
1719421532.6728559,5
1719421536.3394513,5
1719421539.8309095,5
1719421543.570468,5
1719421547.3847563,5
1719421551.1390314,5
1719421554.8900974,5
1719421558.613435,5
1719421562.271315,5
1719421565.9789991,5
1719421569.675063,5
1719421573.423776,5
1719421577.1013858,5
1719421580.9430716,5
1719421584.6738791,5
1719421588.5126412,5
1719421592.2031162,5
1719421596.1393342,5
1719421599.9362006,5
1719421603.5936966,5
1719421607.4075255,5
1719421611.1387727,5
1719421614.8553307,5
1719421618.5194917,5
1719421622.3105247,5
1719421625.968424,5
1719421629.6870244,5
1719421633.419311,5
1719421637.191597,5
1719421641.0507777,5
1719421644.7489574,5
1719421648.4870322,5
1719421652.3333097,5
1719421656.0105448,5
1719421659.749245,5
1719421663.389818,5
1719421667.0732899,5
1719421670.8222988,5
1719421674.474792,5
1719421678.1139984,5
1719421681.8788195,5
1719421685.7006226,5
1719421689.5102296,5
1719421693.0535676,5
1719421696.6462996,5
1719421700.3357172,5
1719421703.9700413,5
1719421707.636907,5
1719421711.3577,5
1719421714.9983397,5
1719421718.8331954,5
1719421722.4528406,5
1719421726.0552278,5
1719421729.7873914,5
1719421733.5726066,5
1719421737.2400804,5
1719421740.9827533,5
1719421744.6736155,5
1719421748.3166947,5
1719421751.896656,5
1719421755.5587432,5
1719421759.2107894,5
1719421762.9157462,5
1719421766.6814713,5
1719421770.3897846,5
1719421774.152695,5
1719421777.9403265,5
1719421781.6512825,5
1719421785.419179,5
1719421789.1009147,5
1719421792.717423,5
1719421796.3618283,5
1719421800.1115959,5
1719421803.75018,5
1719421807.4548066,5
1719421811.0741544,5
1719421814.790045,5
1719421818.6604931,5
1719421822.3517745,5
1719421826.0495195,5
1719421829.7199526,5
1719421833.398392,5
1719421837.1332731,5
1719421840.8204327,5
1719421844.5196018,5
1719421848.2760103,5
1719421852.0279753,5
1719421855.7561042,5
1719421859.4457629,5
1719421863.156393,5
1719421866.962754,5
1719421870.7438264,5
1719421874.3878417,5
1719421877.904313,5
1719421881.706123,5
1719421885.5218883,5
1719421889.1943338,5
1719421892.9942873,5
1719421896.8068166,5
1719421900.570732,5
1719421904.3422697,5
1719421908.1209173,5
1719421911.7626672,5
1719421915.3447156,5
1719421918.8704593,5
1719421922.6354733,5
1719421926.3822985,5
1719421930.1607034,5
1719421933.8470404,5
1719421937.5980854,5
1719421941.3065367,5
1719421945.1200442,5
1719421948.8082244,5
1719421952.437631,5
1719421956.435467,5
1719421960.0319238,5
1719421963.8102186,5
1719421967.5919228,5
1719421971.312045,5
1719421975.0168068,5
1719421978.6985726,5
1719421982.4553337,5
1719421986.0659988,5
1719421989.7627416,5
1719421993.4803195,5
1719421997.2693903,5
1719422000.9263284,5
1719422004.670389,5
1719422008.3892052,5
1719422012.124323,5
1719422015.8159864,5
1719422019.4791138,5
1719422023.1400223,5
1719422027.2403724,5
1719422030.9671938,5
1719422034.745253,5
1719422038.4744136,5
1719422042.2566357,5
1719422045.8901756,5
1719422049.5996108,5
1719422053.2247784,5
1719422057.0239968,5
1719422060.7751937,5
1719422064.430677,5
1719422068.0693305,5
1719422071.8189971,5
1719422075.498096,5
1719422079.2089846,5
1719422082.961875,5
1719422086.5268383,5
1719422090.206496,5
1719422093.8880303,5
1719422097.5605383,5
1719422101.184057,5
1719422104.8684297,5
1719422108.6159601,5
1719422112.136736,5
1719422115.8064759,5
1719422119.4722252,5
1719422123.1369615,5
1719422126.9129562,5
1719422130.6561515,5
1719422134.2925599,5
1719422137.8980644,5
1719422141.5428257,5
1719422145.2051625,5
1719422148.8763907,5
1719422152.4823368,5
1719422156.1839705,5
1719422159.9663184,5
1719422163.6401174,5
1719422167.3337233,5
1719422171.051862,5
1719422174.7262623,5
1719422178.4939756,5
1719422182.1742716,5
1719422185.9716604,5
1719422189.6180112,5
1719422193.379914,5
1719422197.0379472,5
1719422200.8406727,5
1719422204.5546622,5
1719422208.0160825,5
1719422211.7902808,5
1719422215.493696,5
1719422219.1515017,5
1719422222.8252108,5
1719422226.6243656,5
1719422230.3541276,5
1719422234.1250396,5
1719422237.8690252,5
1719422241.5854588,5
1719422245.3225236,5
1719422249.1676226,5
1719422252.8405972,5
1719422256.4921126,5
1719422260.1629283,5
1719422263.8657079,5
1719422267.5763855,5
1719422271.3060734,5
1719422274.759295,5
1719422278.534665,5
1719422282.2699437,5
1719422285.9907136,5
1719422289.7420933,5
1719422293.249823,5
1719422297.0450819,5
1719422300.6193871,5
1719422304.3199224,5
1719422308.021562,5
1719422311.745113,5
1719422315.4958534,5
1719422319.087675,5
1719422322.8923554,5
1719422326.6384175,5
1719422330.3783898,5
1719422334.1319118,5
1719422337.8244905,5
1719422341.4665205,5
1719422345.1646116,5
1719422348.9265673,5
1719422352.6653643,5
1719422356.190444,5
1719422359.9876745,5
1719422363.640232,5
1719422367.388354,5
1719422371.1464438,5
1719422374.7892962,5
1719422378.3540437,5
1719422382.032712,5
1719422385.7795298,5
1719422389.486866,5
1719422393.123491,5
1719422396.8155599,5
1719422400.584291,5
1719422404.2899654,5
1719422407.9606106,5
1719422411.508477,5
1719422415.202102,5
1719422418.9175155,5
1719422422.620616,5
1719422426.359789,5
1719422430.1482744,5
1719422433.9023798,5
1719422437.6922195,5
1719422441.409826,5
1719422445.1475194,5
1719422448.8873923,5
1719422452.607803,5
1719422456.427951,5
1719422460.2268195,5
1719422463.9850233,5
1719422467.693619,5
1719422471.3555315,5
1719422475.1521013,5
1719422478.8670275,5
1719422482.5048778,5
1719422486.1617594,5
1719422489.8530755,5
1719422493.5539732,5
1719422497.2787745,5
1719422500.9976015,5
1719422504.5673275,5
1719422508.3340456,5
1719422512.093522,5
1719422515.7703276,5
1719422519.3986926,5
1719422523.0593672,5
1719422526.7656713,5
1719422530.5113423,5
1719422534.2890089,5
1719422537.9716167,5
1719422541.591183,5
1719422545.335312,5
1719422549.1397953,5
1719422552.8457358,5
1719422556.7828941,5
1719422560.6017404,5
1719422564.231984,5
1719422567.9766877,5
1719422571.7715082,5
1719422575.4715393,5
1719422579.333355,5
1719422583.1818614,5
1719422586.9125092,5
1719422590.681549,5
1719422594.6532476,5
1719422598.3851776,5
1719422602.1385949,5
1719422605.8115573,5
1719422609.6587074,5
1719422613.3531213,5
1719422617.0714517,5
1719422620.977038,5
1719422624.8044245,5
1719422628.4946434,5
1719422632.193272,5
1719422635.923984,5
1719422639.6494718,5
1719422643.4390776,5
1719422647.1952143,5
1719422651.0045033,5
1719422654.7178469,5
1719422658.515128,5
1719422662.221413,5
1719422665.9654121,5
1719422669.5096428,5
1719422673.2776031,5
1719422676.9576755,5
1719422680.6937351,5
1719422684.478668,5
1719422688.1268103,5
1719422691.8189352,5
1719422695.689344,5
1719422699.4126236,5
1719422703.1641462,5
1719422706.9111495,5
1719422710.504465,5
1719422714.244808,5
1719422718.0568612,5
1719422721.777262,5
1719422725.412447,5
1719422729.1525836,5
1719422732.8905902,5
1719422736.571835,5
1719422740.2783334,5
1719422743.929764,5
1719422747.6968403,5
1719422751.38685,5
1719422755.1240664,5
1719422758.8871284,5
1719422762.5540829,5
1719422766.34503,5
1719422770.1413186,5
1719422773.8486826,5
1719422777.524413,5
1719422781.2173276,5
1719422784.9413915,5
1719422788.6606655,5
1719422792.3875794,5
1719422796.0881166,5
1719422799.8739383,5
1719422803.6512654,5
1719422807.5877416,5
1719422811.3503346,5
1719422815.195106,5
1719422818.8793447,5
1719422822.523273,5
1719422826.2341206,5
1719422829.9770992,5
1719422833.7061243,5
1719422837.360592,5
1719422841.1228838,5
1719422844.8115735,5
1719422848.557147,5
1719422852.3138716,5
1719422856.055487,5
1719422859.8363764,5
1719422863.5678868,5
1719422867.3799634,5
1719422870.9918954,5
1719422874.6991231,5
1719422878.2290404,5
1719422882.0157459,5
1719422885.764026,5
1719422889.4555852,5
1719422893.1676054,5
1719422896.978486,5
1719422900.7636862,5
1719422904.4684806,5
1719422908.1358283,5
1719422911.8803768,5
1719422915.7349858,5
1719422919.3047528,5
1719422923.1524389,5
1719422926.8025959,5
1719422930.5075982,5
1719422934.2983093,5
1719422938.0557256,5
1719422941.8742664,5
1719422945.7304544,5
1719422949.4368057,5
1719422953.0839689,5
1719422956.7604795,5
1719422960.4758132,5
1719422964.2039876,5
1719422968.0202267,5
1719422971.82992,5
1719422975.499574,5
1719422979.1945963,5
1719422982.9612865,5
1719422986.639235,5
1719422990.4304807,5
1719422994.3139288,5
1719422997.9693449,5
1719423001.751247,5
1719423005.4921188,5
1719423009.1518779,5
1719423013.0556736,5
1719423016.785936,5
1719423020.591419,5
1719423024.3435826,5
1719423028.0603046,5
1719423031.8154042,5
1719423035.589323,5
1719423039.273443,5
1719423043.0010357,5
1719423046.494716,5
1719423050.1966703,5
1719423053.8449798,5
1719423057.4750865,5
1719423061.271866,5
1719423065.0476396,5
1719423068.8274071,5
1719423072.583541,5
1719423076.2905316,5
1719423080.0065372,5
1719423083.7965114,5
1719423087.549743,5
1719423091.243051,5
1719423094.970129,5
1719423098.7395177,5
1719423102.5115128,5
1719423106.138693,5
1719423109.8449001,5
1719423113.5630817,5
1719423117.261202,5
1719423121.0388584,5
1719423124.7350352,5
1719423128.6194267,5
1719423132.3309498,5
1719423136.1120417,5
1719423139.8336158,5
1719423143.5262299,5
1719423147.2977111,5
1719423151.017219,5
1719423154.7364764,5
1719423158.450627,5
1719423162.2319956,5
1719423165.9190626,5
1719423169.746488,5
1719423173.327157,5
1719423177.0366263,5
1719423180.7232907,5
1719423184.462108,5
1719423188.1783843,5
1719423191.8066883,5
1719423195.5107958,5
1719423199.2381885,5
1719423203.0304368,5
1719423206.8791003,5
1719423210.5696664,5
1719423214.1463249,5
1719423217.7660844,5
1719423221.458232,5
1719423225.1842117,5
1719423228.8975363,5
1719423232.5943856,5
1719423236.3765597,5
1719423240.0478804,5
1719423243.7503142,5
1719423247.4912527,5
1719423251.2215962,5
1719423255.058255,5
1719423258.8144445,5
1719423262.5163686,5
1719423266.265356,5
1719423270.0706291,5
1719423273.7761495,5
1719423277.6178844,5
1719423281.2528834,5
1719423285.0133321,5
1719423288.7707024,5
1719423292.5308099,5
1719423296.2995965,5
1719423300.0385582,5
1719423303.8961506,5
1719423307.6979153,5
1719423311.4747763,5
1719423315.3746207,5
1719423319.1869938,5
1719423322.948536,5
1719423326.7148356,5
1719423330.5350509,5
1719423334.5755308,5
1719423338.2420702,5
1719423341.9506977,5
1719423345.7468388,5
1719423349.3949637,5
1719423353.1606936,5
1719423356.8765082,5
1719423360.600649,5
1719423364.333655,5
1719423368.0760841,5
1719423371.8873022,5
1719423375.578818,5
1719423379.2479177,5
1719423382.960501,5
1719423386.6953585,5
1719423390.574504,5
1719423394.3607018,5
1719423398.061184,5
1719423401.7371528,5
1719423405.40834,5
1719423409.1272204,5
1719423412.91629,5
1719423416.5791228,5
1719423420.391981,5
1719423424.2017577,5
1719423428.0197055,5
1719423431.7455974,5
1719423435.5308347,5
1719423439.318382,5
1719423442.9636087,5
1719423446.6240404,5
1719423450.3847857,5
1719423454.1515987,5
1719423457.8789716,5
1719423461.6166058,5
1719423465.3525836,5
1719423469.062204,5
1719423472.8341591,5
1719423476.5600154,5
1719423480.4344192,5
1719423484.1178055,5
1719423487.7711957,5
1719423491.4635756,5
1719423495.0460317,5
1719423498.700428,5
1719423502.5046666,5
1719423506.1502557,5
1719423509.8640256,5
1719423513.6436749,5
1719423517.3040745,5
1719423521.106544,5
1719423524.7247787,5
1719423528.4985545,5
1719423532.2359042,5
1719423536.0278528,5
1719423539.8279078,5
1719423543.5796854,5
1719423547.1816995,5
1719423550.9839034,5
1719423554.6593797,5
1719423558.4449196,5
1719423562.1426296,5
1719423565.727219,5
1719423569.5403945,5
1719423573.3307903,5
1719423577.1679835,5
1719423580.863355,5
1719423584.6794791,5
1719423588.1925476,5
1719423591.8927107,5
1719423595.6740403,5
1719423599.3579845,5
1719423603.074491,5
1719423606.7282248,5
1719423610.4143677,5
1719423614.2701771,5
1719423617.9280734,5
1719423621.5115614,5
1719423625.3034718,5
1719423628.858898,5
1719423632.530172,5
1719423636.068397,5
1719423639.9152765,5
1719423643.587465,5
1719423647.3377109,5
1719423651.0313082,5
1719423654.7569637,5
1719423658.6084282,5
1719423662.4337628,5
1719423666.1350138,5
1719423669.6953118,5
1719423673.4009895,5
1719423677.0931668,5
1719423680.7796588,5
1719423684.5063744,5
1719423688.0432808,5
1719423691.8116188,5
1719423695.5475118,5
1719423699.336796,5
1719423703.0796814,5
1719423706.842716,5
1719423710.504896,5
1719423714.0938401,5
1719423717.8714736,5
1719423721.576829,5
1719423725.3774772,5
1719423729.1311238,5
1719423732.8628137,5
1719423736.5159924,5
1719423740.2482917,5
1719423743.9522727,5
1719423747.6756427,5
1719423751.4116414,5
1719423755.1460423,5
1719423758.9041789,5
1719423762.782254,5
1719423766.5525122,5
1719423770.2497218,5
1719423773.7790713,5
1719423777.5002823,5
1719423781.2600448,5
1719423784.9101396,5
1719423788.6038423,5
1719423792.2602847,5
1719423795.8346183,5
1719423799.5058713,5
1719423803.2741714,5
1719423806.88936,5
1719423810.7096426,5
1719423814.4893975,5
1719423818.2136734,5
1719423821.9303472,5
1719423825.6456604,5
1719423829.341494,5
1719423832.9736924,5
1719423836.4789646,5
1719423840.3261287,5
1719423843.9856577,5
1719423847.702713,5
1719423851.4062917,5
1719423855.1558468,5
1719423858.841818,5
1719423862.6601098,5
1719423866.3618865,5
1719423870.0681841,5
1719423873.7651758,5
1719423877.415411,5
1719423881.1078763,5
1719423884.8590515,5
1719423888.5561635,5
1719423892.3028016,5
1719423895.985207,5
1719423899.7090626,5
1719423903.509655,5
1719423907.3224466,5
1719423911.1781945,5
1719423914.6799116,5
1719423918.4790392,5
1719423921.9836068,5
1719423925.7658947,5
1719423929.5460742,5
1719423933.2480705,5
1719423936.9251416,5
1719423940.6996617,5
1719423944.4020877,5
1719423948.3443956,5
1719423952.0932665,5
1719423955.8131,5
1719423959.603861,5
1719423963.1353629,5
1719423967.019054,5
1719423970.8372605,5
1719423974.553949,5
1719423978.236662,5
1719423982.1071923,5
1719423985.8475013,5
1719423989.595795,5
1719423993.3016603,5
1719423997.0502026,5
1719424000.9005115,5
1719424004.667001,5
1719424008.3592248,5
1719424012.194831,5
1719424015.970301,5
1719424019.6397529,5
1719424023.4595642,5
1719424027.246771,5
1719424031.020455,5
1719424034.9188204,5
1719424038.5526497,5
1719424042.351843,5
1719424046.0767636,5
1719424049.9225473,5
1719424053.617919,5
1719424057.287035,5
1719424061.1008923,5
1719424064.9562035,5
1719424068.7887065,5
1719424072.5204482,5
1719424076.254627,5
1719424080.0258214,5
1719424083.786232,5
1719424087.4659612,5
1719424091.213646,5
1719424094.8911707,5
1719424098.7385468,5
1719424102.4642596,5
1719424106.1989062,5
1719424109.7369409,5
1719424113.608005,5
1719424117.5877817,5
1719424121.280961,5
1719424125.0932245,5
1719424128.7808118,5
1719424132.5573049,5
1719424136.2318754,5
1719424139.9458742,5
1719424143.654648,5
1719424147.320899,5
1719424151.1444101,5
1719424154.9044905,5
1719424158.6054826,5
1719424162.2692425,5
1719424165.9599204,5
1719424169.6549945,5
1719424173.029714,5
1719424176.782554,5
1719424180.6138186,5
1719424184.4113896,5
1719424188.1746595,5
1719424191.9056778,5
1719424195.6646733,5
1719424199.3651016,5
1719424203.1963248,5
1719424206.915343,5
1719424210.6016996,5
1719424214.1321034,5
1719424217.762743,5
1719424221.439538,5
1719424225.2053597,5
1719424228.842089,5
1719424232.6122894,5
1719424236.2299297,5
1719424240.067384,5
1719424243.8289518,5
1719424247.6284854,5
1719424251.4720747,5
1719424255.224261,5
1719424258.887471,5
1719424262.4225547,5
1719424266.208269,5
1719424269.9110603,5
1719424273.6613958,5
1719424277.317787,5
1719424280.9869015,5
1719424284.6440403,5
1719424288.4344482,5
1719424292.1534753,5
1719424295.9957078,5
1719424299.6631074,5
1719424303.458604,5
1719424307.1517217,5
1719424310.8705842,5
1719424314.6583004,5
1719424318.3088067,5
1719424322.0956788,5
1719424325.8009214,5
1719424329.540006,5
1719424333.2671866,5
1719424336.974421,5
1719424340.6772494,5
1719424344.3285732,5
1719424347.9520304,5
1719424351.670487,5
1719424355.3830976,5
1719424359.1687844,5
1719424362.8542671,5
1719424366.6574726,5
1719424370.4389982,5
1719424374.2066042,5
1719424378.0291817,5
1719424381.5420341,5
1719424385.296041,5
1719424389.0231764,5
1719424392.6022756,5
1719424396.2610989,5
1719424399.915156,5
1719424403.6939592,5
1719424407.403859,5
1719424411.0433655,5
1719424414.8916357,5
1719424418.643222,5
1719424422.170942,5
1719424426.0395253,5
1719424429.8409302,5
1719424433.6142323,5
1719424437.4125245,5
1719424441.1962812,5
1719424445.0155194,5
1719424448.7760348,5
1719424452.3573065,5
1719424456.0982141,5
1719424459.8203135,5
1719424463.6096566,5
1719424467.4339817,5
1719424471.1322587,5
1719424474.8816226,5
1719424478.604813,5
1719424482.3955524,5
1719424486.0951338,5
1719424489.7468114,5
1719424493.5316308,5
1719424497.220552,5
1719424500.9084897,5
1719424504.6855078,5
1719424508.2383242,5
1719424512.0429041,5
1719424515.724697,5
1719424519.4860513,5
1719424523.228274,5
1719424526.9446461,5
1719424530.5883543,5
1719424534.2490478,5
1719424537.893961,5
1719424541.5753226,5
1719424545.3665965,5
1719424549.0952058,5
1719424552.929085,5
1719424556.6280162,5
1719424560.348474,5
1719424564.176148,5
1719424567.7666728,5
1719424571.5482967,5
1719424575.2304633,5
1719424578.9700844,5
1719424582.625125,5
1719424586.2890399,5
1719424589.9106987,5
1719424593.6833947,5
1719424597.3357542,5
1719424601.070806,5
1719424604.7695985,5
1719424608.4259791,5
1719424612.1969945,5
1719424615.9434147,5
1719424619.6490097,5
1719424623.3592372,5
1719424627.0098708,5
1719424630.785111,5
1719424634.2977114,5
1719424637.942626,5
1719424641.6861985,5
1719424645.4192326,5
1719424649.1534877,5
1719424652.9321575,5
1719424656.6511865,5
1719424660.302144,5
1719424663.9891396,5
1719424667.7593513,5
1719424671.4631293,5
1719424675.2099125,5
1719424678.9990845,5
1719424682.7590847,5
1719424686.5956657,5
1719424690.3977602,5
1719424693.9155586,5
1719424697.7275891,5
1719424701.4420874,5
1719424705.1787448,5
1719424708.8165963,5
1719424712.4798174,5
1719424716.0963159,5
1719424719.7715874,5
1719424723.451097,5
1719424727.251037,5
1719424731.0592012,5
1719424734.7515476,5
1719424738.419268,5
1719424742.1066065,5
1719424745.7285895,5
1719424749.2074184,5
1719424752.7582984,5
1719424756.5042257,5
1719424760.108359,5
1719424763.85997,5
1719424767.5356407,5
1719424771.2464986,5
1719424774.9851246,5
1719424778.8087611,5
1719424782.5177982,5
1719424786.1803627,5
1719424789.7975624,5
1719424793.530033,5
1719424797.3266718,5
1719424801.1676867,5
1719424805.0483239,5
1719424808.8120823,5
1719424812.6192818,5
1719424816.2640207,5
1719424820.0511997,5
1719424823.7270203,5
1719424827.5345967,5
1719424831.2654185,5
1719424835.0245256,5
1719424838.7087467,5
1719424842.4498508,5
1719424846.1487336,5
1719424849.8093965,5
1719424853.5791504,5
1719424857.252331,5
1719424861.1408277,5
1719424864.9185982,5
1719424868.7058585,5
1719424872.3808804,5
1719424875.9792306,5
1719424879.6641126,5
1719424883.4197328,5
1719424887.1051826,5
1719424890.7847605,5
1719424894.6282125,5
1719424898.234019,5
1719424901.8555763,5
1719424905.648343,5
1719424909.3780792,5
1719424913.1060712,5
1719424916.7930756,5
1719424920.5925827,5
1719424924.2534378,5
1719424928.0071673,5
1719424931.7963476,5
1719424935.5310464,5
1719424939.3888204,5
1719424943.0560176,5
1719424946.8515801,5
1719424950.5230427,5
1719424954.2520177,5
1719424958.030124,5
1719424961.7828217,5
1719424965.6233435,5
1719424969.182716,5
1719424972.8626015,5
1719424976.5573215,5
1719424980.2168126,5
1719424983.978564,5
1719424987.6710894,5
1719424991.380859,5
1719424995.032483,5
1719424998.8470337,5
1719425002.6070158,5
1719425006.2392926,5
1719425009.8438432,5
1719425013.679098,5
1719425017.4618847,5
1719425021.1499836,5
1719425024.8496957,5
1719425028.3366725,5
1719425032.0266964,5
1719425035.7330155,5
1719425039.4414577,5
1719425043.1402462,5
1719425046.7907913,5
1719425050.6857095,5
1719425054.4645221,5
1719425058.1053963,5
1719425061.67392,5
1719425065.4024122,5
1719425069.2004032,5
1719425072.9686933,5
1719425076.6873455,5
1719425080.5010176,5
1719425084.3363295,5
1719425088.0840497,5
1719425091.7842915,5
1719425095.4557278,5
1719425099.1832876,5
1719425102.7932808,5
1719425106.616672,5
1719425110.305067,5
1719425113.946556,5
1719425117.6538303,5
1719425121.27357,5
1719425125.1055772,5
1719425128.7212992,5
1719425132.3509085,5
1719425135.889312,5
1719425139.586769,5
1719425143.2909822,5
1719425147.0487754,5
1719425150.7150266,5
1719425154.3976464,5
1719425158.0807805,5
1719425161.7524745,5
1719425165.5048857,5
1719425169.23233,5
1719425173.0677462,5
1719425176.8165724,5
1719425180.6043046,5
1719425184.417798,5
1719425188.1969538,5
1719425191.8885603,5
1719425195.7137444,5
1719425199.5166886,5
1719425203.2194006,5
1719425206.962787,5
1719425210.6790347,5
1719425214.36533,5
1719425218.169412,5
1719425221.881266,5
1719425225.6908634,5
1719425229.4676588,5
1719425233.1852443,5
1719425237.2181714,5
1719425240.6952605,5
1719425244.3192368,5
1719425248.0733867,5
1719425251.7789402,5
1719425255.4802237,5
1719425259.0824823,5
1719425262.9269476,5
1719425266.7086544,5
1719425270.5067945,5
1719425274.214311,5
1719425277.8559198,5
1719425281.6894014,5
1719425285.3525312,5
1719425288.9860325,5
1719425292.7869298,5
1719425296.594979,5
1719425300.2769542,5
1719425303.97721,5
1719425307.8330145,5
1719425311.6080766,5
1719425315.2681506,5
1719425319.045555,5
1719425322.8211474,5
1719425326.620183,5
1719425330.541816,5
1719425334.3979712,5
1719425338.1316261,5
1719425341.840377,5
1719425345.5616841,5
1719425349.3980887,5
1719425353.0709074,5
1719425356.8152347,5
1719425360.571418,5
1719425364.2762587,5
1719425367.8481836,5
1719425371.5132272,5
1719425375.250072,5
1719425378.9213743,5
1719425382.7953165,5
1719425386.5340424,5
1719425390.2676375,5
1719425393.962206,5
1719425397.6031678,5
1719425401.3470619,5
1719425405.13125,5
1719425408.8336334,5
1719425412.645792,5
1719425416.3554866,5
1719425420.183626,5
1719425423.838759,5
1719425427.4081178,5
1719425431.0913374,5
1719425434.8517401,5
1719425438.5880141,5
1719425442.3993442,5
1719425446.1538908,5
1719425449.8724308,5
1719425453.5777755,5
1719425457.2365549,5
1719425460.905728,5
1719425464.5746608,5
1719425468.2936592,5
1719425472.1264985,5
1719425476.034556,5
1719425479.8225036,5
1719425483.6417172,5
1719425487.479565,5
1719425491.2269852,5
1719425494.9822,5
1719425498.8165815,5
1719425502.4947743,5
1719425506.373582,5
1719425510.1051311,5
1719425513.8683996,5
1719425517.6159277,5
1719425521.3161871,5
1719425525.0722275,5
1719425528.601671,5
1719425532.3304424,5
1719425536.1902707,5
1719425539.9739134,5
1719425543.7070796,5
1719425547.34977,5
1719425551.0127091,5
1719425554.759731,5
1719425558.483346,5
1719425562.2665777,5
1719425566.015468,5
1719425569.718809,5
1719425573.5735145,5
1719425577.4347436,5
1719425581.160551,5
1719425584.9356291,5
1719425588.655111,5
1719425592.3661237,5
1719425596.2168753,5
1719425599.957542,5
1719425603.7851954,5
1719425607.5335693,5
1719425611.246651,5
1719425614.9492502,5
1719425618.6567142,5
1719425622.4952097,5
1719425626.2250485,5
1719425629.9589097,5
1719425633.8108356,5
1719425637.5210223,5
1719425641.1832108,5
1719425644.8893516,5
1719425648.67923,5
1719425652.5109231,5
1719425656.2219615,5
1719425660.0317566,5
1719425663.7937074,5
1719425667.3608303,5
1719425671.20943,5
1719425674.841738,5
1719425678.3999088,5
1719425682.1227455,5
1719425685.808141,5
1719425689.517073,5
1719425693.2133791,5
1719425696.9578757,5
1719425700.6701791,5
1719425704.407108,5
1719425708.1765423,5
1719425711.8526087,5
1719425715.53494,5
1719425719.021639,5
1719425722.720829,5
1719425726.5354555,5
1719425730.3455322,5
1719425734.144228,5
1719425737.8276062,5
1719425741.5889106,5
1719425745.293821,5
1719425748.912934,5
1719425752.6384754,5
1719425756.4187782,5
1719425760.117878,5
1719425763.9313323,5
1719425767.6135263,5
1719425771.2919815,5
1719425774.981908,5
1719425778.7128735,5
1719425782.4625843,5
1719425786.1546762,5
1719425789.8819482,5
1719425793.6312606,5
1719425797.492199,5
1719425801.2837431,5
1719425804.9432788,5
1719425808.669961,5
1719425812.4664662,5
1719425816.2365232,5
1719425820.0232847,5
1719425823.795793,5
1719425827.5941706,5
1719425831.4778733,5
1719425835.1206517,5
1719425838.9771998,5
1719425842.7870448,5
1719425846.2589545,5
1719425849.998722,5
1719425853.8149965,5
1719425857.5234275,5
1719425861.2213416,5
1719425864.9206436,5
1719425868.5720155,5
1719425872.4203467,5
1719425876.2060723,5
1719425879.8355937,5
1719425883.6384356,5
1719425887.2682996,5
1719425891.0238066,5
1719425894.7217977,5
1719425898.445747,5
1719425902.1798823,5
1719425905.942785,5
1719425909.6512568,5
1719425913.2618678,5
1719425916.965004,5
1719425920.6914744,5
1719425924.3639712,5
1719425928.0968075,5
1719425931.8250575,5
1719425935.5766795,5
1719425939.410893,5
1719425943.0673695,5
1719425946.8487847,5
1719425950.589782,5
1719425954.3376315,5
1719425958.104375,5
1719425961.8295043,5
1719425965.6801105,5
1719425969.3560395,5
1719425973.0738583,5
1719425976.7750175,5
1719425980.3112779,5
1719425984.1663153,5
1719425987.9272532,5
1719425991.6945872,5
1719425995.413758,5
1719425999.0782592,5
1719426002.8936367,5
1719426006.5824177,5
1719426010.3397312,5
1719426014.0915554,5
1719426017.7290916,5
1719426021.484448,5
1719426025.2686033,5
1719426029.037948,5
1719426032.8094392,5
1719426036.5560906,5
1719426040.3257048,5
1719426044.0214167,5
1719426047.6475391,5
1719426051.3994896,5
1719426055.1494288,5
1719426058.8578935,5
1719426062.6693769,5
1719426066.3983886,5
1719426070.108939,5
1719426073.8196747,5
1719426077.5349846,5
1719426081.2142944,5
1719426084.9930117,5
1719426088.9597924,5
1719426092.7823865,5
1719426096.4313219,5
1719426100.112379,5
1719426103.837703,5
1719426107.5507011,5
1719426111.2368472,5
1719426114.8927975,5
1719426118.801292,5
1719426122.5113668,5
1719426126.2400625,5
1719426130.006706,5
1719426133.7191954,5
1719426137.2379098,5
1719426140.8637354,5
1719426144.6491122,5
1719426148.2861636,5
1719426151.9235485,5
1719426155.729199,5
1719426159.467517,5
1719426163.1417537,5
1719426166.9267416,5
1719426170.586734,5
1719426174.2431018,5
1719426177.991885,5
1719426181.6974366,5
1719426185.295774,5
1719426189.0409815,5
1719426192.7758884,5
1719426196.5412323,5
1719426200.1737132,5
1719426203.7618852,5
1719426207.489744,5
1719426211.2289047,5
1719426214.907347,5
1719426218.5911407,5
1719426222.1465218,5
1719426225.9769368,5
1719426229.555525,5
1719426233.2711434,5
1719426237.0581424,5
1719426240.7835066,5
1719426244.4771254,5
1719426248.22741,5
1719426251.956427,5
1719426255.6601858,5
1719426259.411807,5
1719426262.9005654,5
1719426266.702816,5
1719426270.4687183,5
1719426274.1843472,5
1719426277.8154254,5
1719426281.523352,5
1719426285.2550073,5
1719426289.0709002,5
1719426292.7875953,5
1719426296.4789617,5
1719426300.1890724,5
1719426303.842491,5
1719426307.5592835,5
1719426311.3671718,5
1719426315.1813922,5
1719426318.9957561,5
1719426322.7597835,5
1719426326.509169,5
1719426330.2026036,5
1719426333.6831918,5
1719426337.321606,5
1719426341.0380588,5
1719426344.7481248,5
1719426348.2713823,5
1719426352.0568988,5
1719426355.6974711,5
1719426359.5516596,5
1719426363.1602957,5
1719426367.1361287,5
1719426370.8091514,5
1719426374.6215742,5
1719426378.488328,5
1719426382.2176552,5
1719426385.8680372,5
1719426389.4148626,5
1719426393.0854537,5
1719426396.9944608,5
1719426400.6692486,5
1719426404.4907365,5
1719426408.2080708,5
1719426412.0180252,5
1719426415.7738767,5
1719426419.5121136,5
1719426423.225743,5
1719426426.9702046,5
1719426430.7494454,5
1719426434.7202082,5
1719426438.4257119,5
1719426442.1728692,5
1719426446.0075207,5
1719426449.8703544,5
1719426453.5232227,5
1719426457.2897913,5
1719426461.19443,5
1719426464.8751926,5
1719426468.5932264,5
1719426472.273413,5
1719426476.0035279,5
1719426479.7058892,5
1719426483.3624039,5
1719426487.1310968,5
1719426490.8794026,5
1719426494.5754457,5
1719426498.3593502,5
1719426502.1754436,5
1719426505.8572373,5
1719426509.5372984,5
1719426513.2167602,5
1719426516.7906344,5
1719426520.4980567,5
1719426524.3206058,5
1719426528.2472305,5
1719426531.9850233,5
1719426535.7082713,5
1719426539.4243546,5
1719426543.1001337,5
1719426546.718441,5
1719426550.6042683,5
1719426554.324931,5
1719426557.6992724,5
1719426561.409562,5
1719426565.128779,5
1719426568.8637393,5
1719426572.5752282,5
1719426576.3074653,5
1719426580.0405347,5
1719426583.716381,5
1719426587.4548361,5
1719426591.099285,5
1719426594.7874665,5
1719426598.6046085,5
1719426602.3753226,5
1719426606.066632,5
1719426609.876558,5
1719426613.7229784,5
1719426617.4498017,5
1719426621.2538583,5
1719426625.0504901,5
1719426628.776124,5
1719426632.490458,5
1719426636.2090247,5
1719426639.9899905,5
1719426643.5595605,5
1719426647.272414,5
1719426650.9929957,5
1719426654.7350984,5
1719426658.4304354,5
1719426662.0937083,5
1719426665.8757658,5
1719426669.53291,5
1719426673.2354076,5
1719426676.9726093,5
1719426680.6353126,5
1719426684.16348,5
1719426687.8408644,5
1719426691.6092412,5
1719426695.2002497,5
1719426699.01477,5
1719426702.7401917,5
1719426706.5435193,5
1719426710.3703027,5
1719426714.0690851,5
1719426717.769892,5
1719426721.4797988,5
1719426725.2409832,5
1719426728.9366362,5
1719426732.62355,5
1719426736.342207,5
1719426740.027774,5
1719426743.608477,5
1719426747.311422,5
1719426751.0967586,5
1719426754.7832978,5
1719426758.5627735,5
1719426762.3188257,5
1719426766.0634336,5
1719426769.794401,5
1719426773.5247827,5
1719426777.1933289,5
1719426780.8155632,5
1719426784.5246658,5
1719426788.334441,5
1719426792.1741748,5
1719426795.9653745,5
1719426799.6774619,5
1719426803.4043477,5
1719426807.1811323,5
1719426810.7786293,5
1719426814.4853806,5
1719426818.2345972,5
1719426821.956264,5
1719426825.6314936,5
1719426829.4506874,5
1719426833.3695014,5
1719426837.104944,5
1719426840.83877,5
1719426844.5709949,5
1719426848.3143294,5
1719426851.8703942,5
1719426855.7505877,5
1719426859.4803169,5
1719426863.3547473,5
1719426867.1749058,5
1719426870.9095922,5
1719426874.530843,5
1719426878.3014889,5
1719426882.1104147,5
1719426885.822979,5
1719426889.5753424,5
1719426893.2773125,5
1719426897.068265,5
1719426900.7717628,5
1719426904.5827272,5
1719426908.4037812,5
1719426912.0540524,5
1719426915.7073112,5
1719426919.3771858,5
1719426923.0830023,5
1719426926.784592,5
1719426930.6506307,5
1719426934.3720908,5
1719426938.1978564,5
1719426942.0457048,5
1719426945.6461983,5
1719426949.3550127,5
1719426953.2021189,5
1719426956.974816,5
1719426960.6813133,5
1719426964.494914,5
1719426968.2731128,5
1719426972.080322,5
1719426975.7580006,5
1719426979.611063,5
1719426983.3702252,5
1719426987.1330788,5
1719426990.9323108,5
1719426994.6057572,5
1719426998.3042984,5
1719427002.0128062,5
1719427005.7150717,5
1719427009.4568603,5
1719427013.1203008,5
1719427016.9042635,5
1719427020.4374716,5
1719427024.2313533,5
1719427028.035739,5
1719427031.7673187,5
1719427035.4898558,5
1719427039.2200432,5
1719427043.0431423,5
1719427046.7861412,5
1719427050.6196377,5
1719427054.3269863,5
1719427058.0801897,5
1719427061.646571,5
1719427065.3836024,5
1719427069.1704867,5
1719427072.9225647,5
1719427076.6789725,5
1719427080.431553,5
1719427084.216655,5
1719427087.956223,5
1719427091.8252053,5
1719427095.4985356,5
1719427099.2035415,5
1719427103.0600262,5
1719427106.8422217,5
1719427110.5794575,5
1719427114.3910813,5
1719427118.3583243,5
1719427122.1690004,5
1719427125.9395635,5
1719427129.6356602,5
1719427133.5176525,5
1719427137.1833062,5
1719427140.8521144,5
1719427144.432529,5
1719427148.2051468,5
1719427151.9031389,5
1719427155.5607462,5
1719427159.250123,5
1719427163.0133069,5
1719427166.832323,5
1719427170.559076,5
1719427174.2698662,5
1719427177.9919236,5
1719427181.649864,5
1719427185.3650906,5
1719427188.9223964,5
1719427192.6362147,5
1719427196.3250906,5
1719427200.028638,5
1719427203.8747573,5
1719427207.607341,5
1719427211.3444924,5
1719427214.9210286,5
1719427218.6488137,5
1719427222.3115757,5
1719427226.0266368,5
1719427229.815809,5
1719427233.539168,5
1719427237.2636826,5
1719427240.9998574,5
1719427244.8007863,5
1719427248.508072,5
1719427252.251468,5
1719427256.0151567,5
1719427259.7391887,5
1719427263.4642296,5
1719427267.1890025,5
1719427271.0207124,5
1719427274.7447982,5
1719427278.3214436,5
1719427282.1539323,5
1719427285.9033513,5
1719427289.631633,5
1719427293.2236083,5
1719427297.0063853,5
1719427300.765437,5
1719427304.5020456,5
1719427308.0723863,5
1719427311.8076093,5
1719427315.4062967,5
1719427319.2421827,5
1719427322.9824576,5
1719427326.7074065,5
1719427330.3623369,5
1719427334.1191466,5
1719427337.959488,5
1719427341.797803,5
1719427345.586031,5
1719427349.2524877,5
1719427353.1425695,5
1719427356.7233963,5
1719427360.4678369,5
1719427364.275701,5
1719427368.075822,5
1719427371.7510526,5
1719427375.4760163,5
1719427379.206317,5
1719427382.9225862,5
1719427386.6428766,5
1719427390.4007196,5
1719427394.0878823,5
1719427397.815742,5
1719427401.5716052,5
1719427405.3657038,5
1719427409.0397274,5
1719427412.8515263,5
1719427416.5699265,5
1719427420.3333588,5
1719427424.0451968,5
1719427427.7967246,5
1719427431.5274343,5
1719427435.2328424,5
1719427438.9206636,5
1719427442.6235852,5
1719427446.4021814,5
1719427450.2436385,5
1719427453.960661,5
1719427457.7361104,5
1719427461.4261434,5
1719427465.120071,5
1719427468.592567,5
1719427472.2749236,5
1719427476.0421593,5
1719427479.8596413,5
1719427483.4079337,5
1719427487.1532009,5
1719427490.926551,5
1719427494.6041882,5
1719427498.4398425,5
1719427502.1167972,5
1719427505.740194,5
1719427509.416097,5
1719427513.1171384,5
1719427516.7816415,5
1719427520.4750423,5
1719427524.0150678,5
1719427527.5796523,5
1719427531.4453325,5
1719427535.2321959,5
1719427538.9165144,5
1719427542.6376405,5
1719427546.2693772,5
1719427550.166682,5
1719427553.9325628,5
1719427557.6663938,5
1719427561.4942033,5
1719427565.2045557,5
1719427569.0994956,5
1719427572.8650532,5
1719427576.5835898,5
1719427580.0493276,5
1719427583.7112756,5
1719427587.465777,5
1719427591.2239258,5
1719427595.0751204,5
1719427598.773666,5
1719427602.5357604,5
1719427606.2488656,5
1719427609.7741637,5
1719427613.480857,5
1719427617.2037177,5
1719427621.0253065,5
1719427624.878792,5
1719427628.541863,5
1719427632.192048,5
1719427635.8809328,5
1719427639.5777557,5
1719427643.3523178,5
1719427647.1844785,5
1719427651.0197008,5
1719427654.7455018,5
1719427658.5186806,5
1719427662.2163846,5
1719427665.8589516,5
1719427669.618985,5
1719427673.3797054,5
1719427677.24741,5
1719427681.0112529,5
1719427684.8100953,5
1719427688.5184608,5
1719427692.3583133,5
1719427696.138497,5
1719427699.8368578,5
1719427703.5600324,5
1719427707.358002,5
1719427711.192725,5
1719427714.9761002,5
1719427718.7940512,5
1719427722.5800433,5
1719427726.306578,5
1719427730.1504622,5
1719427733.8115873,5
1719427737.62583,5
1719427741.459916,5
1719427745.1910381,5
1719427748.8285358,5
1719427752.5095992,5
1719427756.2214901,5
1719427759.8778894,5
1719427763.6306741,5
1719427767.373579,5
1719427770.8815389,5
1719427774.5798497,5
1719427778.1220849,5
1719427781.8253798,5
1719427785.5553045,5
1719427789.2715664,5
1719427792.9744284,5
1719427796.7379768,5
1719427800.5800369,5
1719427804.1585755,5
1719427807.882742,5
1719427811.6613107,5
1719427815.479311,5
1719427818.9686203,5
1719427822.6446,5
1719427826.3497505,5
1719427830.1427183,5
1719427833.860111,5
1719427837.6254613,5
1719427841.3385098,5
1719427845.1762657,5
1719427848.9541094,5
1719427852.7126465,5
1719427856.3709085,5
1719427860.1034324,5
1719427863.8797593,5
1719427867.6214323,5
1719427871.3962555,5
1719427875.0961196,5
1719427878.871765,5
1719427882.5685709,5
1719427886.4387426,5
1719427890.1691656,5
1719427893.8070495,5
1719427897.5263226,5
1719427901.311962,5
1719427905.0350392,5
1719427908.8530304,5
1719427912.6331482,5
1719427916.4224603,5
1719427920.183117,5
1719427924.0325024,5
1719427927.6566591,5
1719427931.4561815,5
1719427935.2493,5
1719427939.082662,5
1719427942.8230097,5
1719427946.689938,5
1719427950.380616,5
1719427954.1217299,5
1719427957.9508395,5
1719427961.6377285,5
1719427965.385954,5
1719427969.2065878,5
1719427973.2536895,5
1719427976.9507859,5
1719427980.7115464,5
1719427984.4329987,5
1719427988.059224,5
1719427991.776116,5
1719427995.4961948,5
1719427999.3353899,5
1719428003.0191255,5
1719428006.826187,5
1719428010.524926,5
1719428014.3003123,5
1719428018.0573862,5
1719428021.8728304,5
1719428025.5692225,5
1719428029.3537047,5
1719428032.998921,5
1719428036.7347713,5
1719428040.5952811,5
1719428044.4121408,5
1719428048.1465092,5
1719428051.895141,5
1719428055.68519,5
1719428059.484013,5
1719428063.2452326,5
1719428067.0379126,5
1719428070.8677714,5
1719428074.6410623,5
1719428078.5187762,5
1719428082.2228367,5
1719428085.9323618,5
1719428089.7354777,5
1719428093.4234037,5
1719428097.2838452,5
1719428101.0257347,5
1719428104.765102,5
1719428108.4517949,5
1719428112.2479599,5
1719428116.0255492,5
1719428119.7858837,5
1719428123.4852576,5
1719428127.3430667,5
1719428131.1150916,5
1719428134.8932195,5
1719428138.6610286,5
1719428142.4299207,5
1719428146.2583363,5
1719428150.0138342,5
1719428153.7040262,5
1719428157.431845,5
1719428161.3296888,5
1719428165.0696106,5
1719428168.7383752,5
1719428172.520728,5
1719428176.372028,5
1719428180.1848102,5
1719428183.8953185,5
1719428187.6422606,5
1719428191.3966455,5
1719428195.1692445,5
1719428198.8208542,5
1719428202.6234937,5
1719428206.422768,5
1719428210.26095,5
1719428214.015862,5
1719428217.7494507,5
1719428221.485624,5
1719428225.267147,5
1719428229.0264251,5
1719428232.8577554,5
1719428236.637298,5
1719428240.306761,5
1719428244.0747058,5
1719428247.7160623,5
1719428251.4062884,5
1719428255.126718,5
1719428258.8986695,5
1719428262.605791,5
1719428266.3464947,5
1719428270.2532685,5
1719428273.9929664,5
1719428277.5134492,5
1719428281.4036512,5
1719428285.1039097,5
1719428288.9386952,5
1719428292.6434765,5
1719428296.3314915,5
1719428299.9988444,5
1719428303.746501,5
1719428307.4901311,5
1719428311.1994035,5
1719428314.8827982,5
1719428318.4456837,5
1719428322.2603009,5
1719428325.8784788,5
1719428329.579376,5
1719428333.2373943,5
1719428337.0032697,5
1719428340.736246,5
1719428344.3958647,5
1719428348.1093018,5
1719428351.8790917,5
1719428355.5834348,5
1719428359.3315606,5
1719428363.1153853,5
1719428366.8218486,5
1719428370.5324907,5
1719428374.2469237,5
1719428377.9268243,5
1719428381.6904051,5
1719428385.3689225,5
1719428389.1128168,5
1719428392.6180503,5
1719428396.3229024,5
1719428400.1145444,5
1719428403.7373412,5
1719428407.495345,5
1719428411.268457,5
1719428415.0104563,5
1719428418.706111,5
1719428422.4380736,5
1719428426.102067,5
1719428429.7639089,5
1719428433.4780467,5
1719428437.2587523,5
1719428441.0612133,5
1719428444.7645333,5
1719428448.684473,5
1719428452.4118166,5
1719428456.1218092,5
1719428459.9201603,5
1719428463.809478,5
1719428467.589224,5
1719428471.2974794,5
1719428475.1118228,5
1719428478.8736868,5
1719428482.591859,5
1719428486.3028924,5
1719428490.038438,5
1719428493.723688,5
1719428497.392696,5
1719428501.0602062,5
1719428504.639428,5
1719428508.4132295,5
1719428512.0351481,5
1719428515.6708696,5
1719428519.3429003,5
1719428523.1009796,5
1719428526.8543782,5
1719428530.5155692,5
1719428534.3081653,5
1719428538.0494537,5
1719428541.8416061,5
1719428545.6486225,5
1719428549.2912235,5
1719428552.9999113,5
1719428556.6664429,5
1719428560.3973699,5
1719428564.1099474,5
1719428567.851298,5
1719428571.383371,5
1719428575.1436327,5
1719428578.9132247,5
1719428582.714362,5
1719428586.5239341,5
1719428590.190578,5
1719428593.9847486,5
1719428597.7912023,5
1719428601.4654288,5
1719428605.165912,5
1719428608.8131316,5
1719428612.4923635,5
1719428616.2976053,5
1719428620.0738633,5
1719428623.755969,5
1719428627.4205272,5
1719428631.174967,5
1719428634.8364885,5
1719428638.6646771,5
1719428642.3885489,5
1719428646.102287,5
1719428649.8976903,5
1719428653.7109952,5
1719428657.5303202,5
1719428661.248499,5
1719428664.937881,5
1719428668.7402143,5
1719428672.4511712,5
1719428676.1143775,5
1719428679.8777938,5
1719428683.6490273,5
1719428687.3791177,5
1719428691.1483378,5
1719428694.9710674,5
1719428698.631946,5
1719428702.3674295,5
1719428706.0593092,5
1719428709.8591526,5
1719428713.621816,5
1719428717.3930418,5
1719428721.1142232,5
1719428724.9087143,5
1719428728.5799897,5
1719428732.3013322,5
1719428736.033129,5
1719428739.5202713,5
1719428743.2137914,5
1719428747.0441828,5
1719428750.7578716,5
1719428754.5354478,5
1719428758.1738646,5
1719428761.960781,5
1719428765.7010953,5
1719428769.4043615,5
1719428773.1394467,5
1719428776.9757626,5
1719428780.7334318,5
1719428784.5486948,5
1719428788.275247,5
1719428792.117184,5
1719428795.8188016,5
1719428799.5920112,5
1719428803.1479287,5
1719428806.8092997,5
1719428810.5424078,5
1719428814.4758394,5
1719428818.1685731,5
1719428821.9408503,5
1719428825.6401129,5
1719428829.3817165,5
1719428833.1635103,5
1719428837.0256987,5
1719428840.8262355,5
1719428844.3810074,5
1719428848.013439,5
1719428851.7015936,5
1719428855.4719853,5
1719428859.2618952,5
1719428863.0751958,5
1719428866.5764716,5
1719428870.2498696,5
1719428873.9249125,5
1719428877.5677383,5
1719428881.2832158,5
1719428885.0539298,5
1719428888.833259,5
1719428892.6284237,5
1719428896.3319628,5
1719428900.0262876,5
1719428903.6481738,5
1719428907.1700752,5
1719428910.9182906,5
1719428914.5809257,5
1719428918.3756647,5
1719428922.0602243,5
1719428925.7348323,5
1719428929.5309448,5
1719428933.3590832,5
1719428936.9946008,5
1719428940.7217183,5
1719428944.4307773,5
1719428948.0689049,5
1719428951.7014804,5
1719428955.4313462,5
1719428959.1343825,5
1719428962.821329,5
1719428966.4903708,5
1719428970.2327,5
1719428973.9539297,5
1719428977.697704,5
1719428981.3917289,5
1719428985.1681662,5
1719428988.8622968,5
1719428992.5930831,5
1719428996.377831,5
1719429000.2198575,5
1719429003.890447,5
1719429007.545343,5
1719429011.1746852,5
1719429014.8248386,5
1719429018.5307028,5
1719429022.2490938,5
1719429026.0655777,5
1719429029.8403282,5
1719429033.5795271,5
1719429037.3463798,5
1719429041.1087599,5
1719429044.724143,5
1719429048.4845164,5
1719429052.1535811,5
1719429055.8692076,5
1719429059.6737592,5
1719429063.4102986,5
1719429067.1723094,5
1719429070.895366,5
1719429074.4250822,5
1719429078.0553625,5
1719429081.8555262,5
1719429085.6223235,5
1719429089.3377588,5
1719429093.1459012,5
1719429097.0030346,5
1719429100.7171366,5
1719429104.4232016,5
1719429108.2252495,5
1719429111.9487433,5
1719429115.7054536,5
1719429119.3859234,5
1719429123.0632532,5
1719429126.7286518,5
1719429130.400035,5
1719429134.1478724,5
1719429137.9618104,5
1719429141.793668,5
1719429145.4905152,5
1719429149.1678698,5
1719429152.8651621,5
1719429156.5719323,5
1719429160.449467,5
1719429164.1319077,5
1719429167.8648999,5
1719429171.656803,5
1719429175.2823322,5
1719429179.0582974,5
1719429182.7517598,5
1719429186.451473,5
1719429190.2577603,5
1719429193.8962073,5
1719429197.5666866,5
1719429201.148278,5
1719429204.881291,5
1719429208.5650635,5
1719429212.2426498,5
1719429215.8734024,5
1719429219.6577344,5
1719429223.3413754,5
1719429227.0259097,5
1719429230.9099872,5
1719429234.5424082,5
1719429238.2747166,5
1719429241.9253798,5
1719429245.580603,5
1719429249.3897703,5
1719429253.0064685,5
1719429256.6732433,5
1719429260.4020255,5
1719429264.065614,5
1719429267.7529402,5
1719429271.53334,5
1719429275.1617582,5
1719429278.8113399,5
1719429282.518182,5
1719429286.072871,5
1719429289.8189824,5
1719429293.4815784,5
1719429297.1818388,5
1719429300.916366,5
1719429304.5658052,5
1719429308.322365,5
1719429312.0456743,5
1719429315.8391552,5
1719429319.6187577,5
1719429323.378978,5
1719429326.912361,5
1719429330.575739,5
1719429334.2668087,5
1719429337.907691,5
1719429341.6339965,5
1719429345.3463876,5
1719429349.1551378,5
1719429352.9344013,5
1719429356.6901417,5
1719429360.3738785,5
1719429364.090705,5
1719429367.9612873,5
1719429371.7321029,5
1719429375.5229404,5
1719429379.22737,5
1719429382.9761722,5
1719429386.6840353,5
1719429390.4839926,5
1719429394.2198744,5
1719429397.9271398,5
1719429401.5878744,5
1719429405.2319763,5
1719429408.9023488,5
1719429412.6654956,5
1719429416.4499197,5
1719429420.2166674,5
1719429424.0454848,5
1719429427.6927474,5
1719429431.5354443,5
1719429435.3718622,5
1719429439.0583827,5
1719429442.7264307,5
1719429446.4208188,5
1719429450.0670197,5
1719429453.8830345,5
1719429457.5993161,5
1719429461.3184326,5
1719429465.0126925,5
1719429468.6972349,5
1719429472.4612758,5
1719429476.16846,5
1719429479.926991,5
1719429483.709998,5
1719429487.4253173,5
1719429491.1551414,5
1719429494.8519444,5
1719429498.6617131,5
1719429502.3616705,5
1719429506.0330296,5
1719429509.7035837,5
1719429513.4108915,5
1719429517.1732383,5
1719429520.9513152,5
1719429524.6604552,5
1719429528.412331,5
1719429532.130113,5
1719429535.6821165,5
1719429539.3109663,5
1719429543.110726,5
1719429546.8578148,5
1719429550.5005877,5
1719429554.2364268,5
1719429558.0852075,5
1719429561.7630246,5
1719429565.5296824,5
1719429569.252041,5
1719429572.9096813,5
1719429576.845083,5
1719429580.5347588,5
1719429584.1740987,5
1719429587.986322,5
1719429591.6493042,5
1719429595.384406,5
1719429599.07092,5
1719429602.8439307,5
1719429606.5877597,5
1719429610.238806,5
1719429613.9649756,5
1719429617.6540952,5
1719429621.371909,5
1719429625.1126833,5
1719429628.7297075,5
1719429632.416143,5
1719429636.108052,5
1719429639.875702,5
1719429643.6461563,5
1719429647.4873507,5
1719429651.1673086,5
1719429654.972663,5
1719429658.7389274,5
1719429662.2393005,5
1719429665.932432,5
1719429669.7615545,5
1719429673.4657385,5
1719429677.106092,5
1719429680.969999,5
1719429684.6846237,5
1719429688.4205596,5
1719429692.1248872,5
1719429695.8769023,5
1719429699.6072042,5
1719429703.0869632,5
1719429706.8015869,5
1719429710.498754,5
1719429714.2851295,5
1719429717.9706492,5
1719429721.6707132,5
1719429725.502789,5
1719429729.26202,5
1719429732.9782405,5
1719429736.5455883,5
1719429740.3583622,5
1719429743.8813572,5
1719429747.6023488,5
1719429751.3473334,5
1719429755.0468724,5
1719429758.8023405,5
1719429762.4785151,5
1719429766.2030172,5
1719429769.9835505,5
1719429773.6829033,5
1719429777.5153644,5
1719429781.2087276,5
1719429784.792213,5
1719429788.419275,5
1719429792.1030076,5
1719429795.8196766,5
1719429799.494627,5
1719429803.2955153,5
1719429806.943314,5
1719429810.8610437,5
1719429814.56629,5
1719429818.2349415,5
1719429821.953322,5
1719429825.636226,5
1719429829.3031073,5
1719429833.164894,5
1719429836.709396,5
1719429840.5050287,5
1719429844.1634083,5
1719429847.919953,5
1719429851.5609398,5
1719429855.3192282,5
1719429859.0656493,5
1719429862.6374629,5
1719429866.4808853,5
1719429870.3155892,5
1719429874.125498,5
1719429877.9449623,5
1719429881.680586,5
1719429885.3757775,5
1719429889.1926734,5
1719429892.9024558,5
1719429896.6736648,5
1719429900.3594706,5
1719429904.2211432,5
1719429908.1149948,5
1719429911.8613183,5
1719429915.5586576,5
1719429919.3792741,5
1719429923.0612566,5
1719429926.8861818,5
1719429930.5488644,5
1719429934.2795007,5
1719429938.0615497,5
1719429941.7397768,5
1719429945.4227452,5
1719429949.206715,5
1719429952.9949696,5
1719429956.7173703,5
1719429960.4678001,5
1719429964.3345616,5
1719429968.072851,5
1719429971.7116816,5
1719429975.3895133,5
1719429978.950919,5
1719429982.7087903,5
1719429986.4303555,5
1719429990.2147284,5
1719429993.7753506,5
1719429997.5515985,5
1719430001.333744,5
1719430005.1528683,5
1719430008.8437142,5
1719430012.708688,5
1719430016.507335,5
1719430020.2843869,5
1719430023.9251845,5
1719430027.704651,5
1719430031.509733,5
1719430035.1860483,5
1719430038.8524153,5
1719430042.5335865,5
1719430046.1100838,5
1719430049.7769232,5
1719430053.5299814,5
1719430057.253403,5
1719430060.9130037,5
1719430064.8103223,5
1719430068.651843,5
1719430072.385817,5
1719430075.9259837,5
1719430079.7046218,5
1719430083.5663133,5
1719430087.407555,5
1719430091.162257,5
1719430094.8185837,5
1719430098.4653828,5
1719430102.109535,5
1719430105.83945,5
1719430109.561149,5
1719430113.306733,5
1719430117.0282679,5
1719430120.7265372,5
1719430124.430384,5
1719430128.2637346,5
1719430131.905579,5
1719430135.6750212,5
1719430139.4835413,5
1719430143.2492201,5
1719430146.9671938,5
1719430150.7815819,5
1719430154.4695365,5
1719430158.1818008,5
1719430161.973705,5
1719430165.7099366,5
1719430169.4624069,5
1719430173.271557,5
1719430177.033569,5
1719430180.6823823,5
1719430184.6416569,5
1719430188.375044,5
1719430192.1751194,5
1719430195.9999058,5
1719430199.679926,5
1719430203.500148,5
1719430207.1717467,5
1719430210.842162,5
1719430214.516997,5
1719430218.220954,5
1719430221.9207668,5
1719430225.6864257,5
1719430229.4481006,5
1719430233.2324438,5
1719430237.0422866,5
1719430240.7275176,5
1719430244.2857583,5
1719430247.9544473,5
1719430251.804748,5
1719430255.4593577,5
1719430259.2330537,5
1719430262.9349728,5
1719430266.6937027,5
1719430270.4490428,5
1719430274.3641527,5
1719430278.1076348,5
1719430281.950995,5
1719430285.4473753,5
1719430289.206063,5
1719430292.922633,5
1719430296.602475,5
1719430300.2971241,5
1719430304.0355704,5
1719430307.8216066,5
1719430311.6671085,5
1719430315.3283503,5
1719430319.1119978,5
1719430322.8091254,5
1719430326.5662456,5
1719430330.333074,5
1719430334.0523071,5
1719430337.7555323,5
1719430341.538669,5
1719430345.2996743,5
1719430348.975047,5
1719430352.5938914,5
1719430356.4640138,5
1719430360.2242122,5
1719430363.9360158,5
1719430367.6227458,5
1719430371.28205,5
1719430374.9329288,5
1719430378.6195316,5
1719430382.2495604,5
1719430385.9840562,5
1719430389.6641095,5
1719430393.2364557,5
1719430396.9487588,5
1719430400.6038363,5
1719430404.3636818,5
1719430408.1551037,5
1719430411.7173371,5
1719430415.4192865,5
1719430419.1596444,5
1719430422.968268,5
1719430426.7365746,5
1719430430.371679,5
1719430434.0325415,5
1719430437.71282,5
1719430441.362784,5
1719430445.131093,5
1719430448.8558676,5
1719430452.7158916,5
1719430456.4351082,5
1719430460.075392,5
1719430463.856783,5
1719430467.526047,5
1719430471.2658029,5
1719430474.9217792,5
1719430478.7296653,5
1719430482.471817,5
1719430486.231135,5
1719430489.9639792,5
1719430493.7499712,5
1719430497.3714767,5
1719430501.3740401,5
1719430505.1014178,5
1719430508.8559234,5
1719430512.561714,5
1719430516.1334035,5
1719430519.8305004,5
1719430523.5436816,5
1719430527.163652,5
1719430530.9223268,5
1719430534.6148891,5
1719430538.2418852,5
1719430541.8894563,5
1719430545.592684,5
1719430549.3039525,5
1719430553.0380647,5
1719430556.7729464,5
1719430560.3693745,5
1719430564.078986,5
1719430567.7806034,5
1719430571.614596,5
1719430575.3430152,5
1719430578.896384,5
1719430582.5388472,5
1719430586.2300093,5
1719430590.0035768,5
1719430593.7989542,5
1719430597.5696526,5
1719430601.3723192,5
1719430605.0818799,5
1719430608.777363,5
1719430612.6242795,5
1719430616.3820252,5
1719430620.0720634,5
1719430623.7956314,5
1719430627.543974,5
1719430631.3224318,5
1719430634.9746318,5
1719430638.673793,5
1719430642.3935847,5
1719430646.2702413,5
1719430650.0134509,5
1719430653.7980785,5
1719430657.5856056,5
1719430661.3356233,5
1719430665.0988975,5
1719430668.765059,5
1719430672.5945225,5
1719430676.2954144,5
1719430680.0401287,5
1719430683.7035096,5
1719430687.4316764,5
1719430691.1546314,5
1719430694.870504,5
1719430698.6357033,5
1719430702.3753512,5
1719430705.9497728,5
1719430709.6333652,5
1719430713.328789,5
1719430716.9843383,5
1719430720.7358088,5
1719430724.443217,5
1719430728.143484,5
1719430731.9393368,5
1719430735.6155787,5
1719430739.2348483,5
1719430742.9386067,5
1719430746.4860153,5
1719430750.3320282,5
1719430753.9648256,5
1719430757.783916,5
1719430761.4900858,5
1719430765.2121675,5
1719430768.90011,5
1719430772.5588715,5
1719430776.1754248,5
1719430779.8777196,5
1719430783.5544102,5
1719430787.2191415,5
1719430790.9899578,5
1719430794.7238767,5
1719430798.565267,5
1719430802.25568,5
1719430805.9375694,5
1719430809.599171,5
1719430813.2629292,5
1719430817.0451756,5
1719430820.8529203,5
1719430824.701017,5
1719430828.4615555,5
1719430831.950536,5
1719430835.7172587,5
1719430839.3090649,5
1719430843.0340633,5
1719430846.7587144,5
1719430850.4343164,5
1719430854.0741382,5
1719430857.7823305,5
1719430861.4463851,5
1719430865.3142185,5
1719430869.0936143,5
1719430872.809192,5
1719430876.5820997,5
1719430880.2243617,5
1719430884.0117238,5
1719430887.731047,5
1719430891.6047072,5
1719430895.2838955,5
1719430898.9753096,5
1719430902.8035738,5
1719430906.6027935,5
1719430910.4107904,5
1719430913.8563888,5
1719430917.5422175,5
1719430921.1346161,5
1719430924.8030376,5
1719430928.4705486,5
1719430932.2123444,5
1719430935.9626288,5
1719430939.655378,5
1719430943.3138375,5
1719430947.15345,5
1719430950.9434469,5
1719430954.6204658,5
1719430958.3487892,5
1719430962.1447062,5
1719430965.806011,5
1719430969.4385045,5
1719430973.0762076,5
1719430976.6978414,5
1719430980.3795428,5
1719430984.0716174,5
1719430987.9333355,5
1719430991.7124047,5
1719430995.4837801,5
1719430999.2599978,5
1719431002.9366183,5
1719431006.6768932,5
1719431010.382325,5
1719431014.1439762,5
1719431017.9744759,5
1719431021.6405466,5
1719431025.343606,5
1719431029.0018709,5
1719431032.742322,5
1719431036.3017623,5
1719431039.923711,5
1719431043.666379,5
1719431047.4380922,5
1719431051.2709653,5
1719431055.0028257,5
1719431058.6997287,5
1719431062.318986,5
1719431065.9463623,5
1719431069.6273203,5
1719431073.2772386,5
1719431077.0599473,5
1719431080.5471954,5
1719431084.3549824,5
1719431087.978816,5
1719431091.7815778,5
1719431095.5457273,5
1719431099.3188257,5
1719431103.0125523,5
1719431106.6898527,5
1719431110.4008632,5
1719431114.1341376,5
1719431117.8468165,5
1719431121.5998034,5
1719431125.431363,5
1719431129.1522748,5
1719431132.7996693,5
1719431136.4500313,5
1719431140.1434639,5
1719431143.8318985,5
1719431147.5388534,5
