1719415146.0967498,2
1719415150.1306732,2
1719415154.0787961,2
1719415158.0911176,2
1719415162.2460825,2
1719415166.2841525,2
1719415170.36412,2
1719415174.3536096,2
1719415178.5085611,2
1719415182.5743527,2
1719415186.8685868,2
1719415190.8152666,2
1719415194.9836674,2
1719415199.2346828,2
1719415203.2810585,2
1719415207.4125507,2
1719415211.540431,2
1719415215.7407417,2
1719415219.8911936,2
1719415223.8892133,2
1719415228.0179377,2
1719415232.2530136,2
1719415236.3789544,2
1719415240.55567,2
1719415244.833479,2
1719415249.13755,2
1719415253.307228,2
1719415257.5353878,2
1719415261.7066288,2
1719415266.0634885,2
1719415270.4197671,2
1719415274.6162217,2
1719415278.9021637,2
1719415283.2337127,2
1719415287.4925976,2
1719415291.7840822,2
1719415295.9457805,2
1719415300.3485487,2
1719415304.6804247,2
1719415308.8784945,2
1719415313.0704796,2
1719415317.1471233,2
1719415321.306513,2
1719415325.612532,2
1719415329.809635,2
1719415334.210649,2
1719415338.5088105,2
1719415342.7912872,2
1719415346.9032676,2
1719415351.1522007,2
1719415355.625984,2
1719415360.0893016,2
1719415364.5872087,2
1719415368.84314,2
1719415372.9723005,2
1719415377.1321092,2
1719415381.2123232,2
1719415385.3235946,2
1719415389.4126585,2
1719415393.64929,2
1719415397.8869405,2
1719415402.1122458,2
1719415406.1573186,2
1719415410.2434404,2
1719415414.462755,2
1719415418.531308,2
1719415422.6113207,2
1719415426.686017,2
1719415430.8220274,2
1719415434.9821851,2
1719415439.0105855,2
1719415443.146368,2
1719415447.263738,2
1719415451.4096117,2
1719415455.4868686,2
1719415459.556111,2
1719415463.7084787,2
1719415467.8836482,2
1719415472.3259037,2
1719415476.4483082,2
1719415480.5792634,2
1719415484.555259,2
1719415488.804954,2
1719415492.9740782,2
1719415497.1444252,2
1719415501.3626451,2
1719415505.396977,2
1719415509.5949707,2
1719415513.63064,2
1719415517.7426274,2
1719415521.874564,2
1719415525.8231046,2
1719415529.8415637,2
1719415533.975234,2
1719415538.0554535,2
1719415542.1105092,2
1719415546.3192828,2
1719415550.47192,2
1719415554.525693,2
1719415558.6292043,2
1719415562.7592993,2
1719415566.8001075,2
1719415570.9400241,2
1719415574.9659011,2
1719415579.0894904,2
1719415583.3047838,2
1719415587.4379733,2
1719415591.5539765,2
1719415595.7385476,2
1719415599.8850327,2
1719415603.9155016,2
1719415607.809144,2
1719415612.0083969,2
1719415616.112808,2
1719415620.2444494,2
1719415624.400974,2
1719415628.5946364,2
1719415632.7075145,2
1719415636.7674763,2
1719415640.9570155,2
1719415645.0715778,2
1719415649.166327,2
1719415653.2720087,2
1719415657.4341822,2
1719415661.4537694,2
1719415665.616799,2
1719415669.7626235,2
1719415673.8729887,2
1719415677.9979806,2
1719415682.2026515,2
1719415686.24555,2
1719415690.4203126,2
1719415694.491871,2
1719415698.6504056,2
1719415702.7603354,2
1719415706.9584234,2
1719415710.960408,2
1719415715.1214902,2
1719415719.2219062,2
1719415723.3354304,2
1719415727.3840375,2
1719415731.5555558,2
1719415735.625864,2
1719415739.8728275,2
1719415743.9729671,2
1719415748.2026832,2
1719415752.2726214,2
1719415756.3779695,2
1719415760.4020905,2
1719415764.463846,2
1719415768.44759,2
1719415772.534682,2
1719415776.6365602,2
1719415780.5791974,2
1719415784.7203078,2
1719415788.9436176,2
1719415793.0967655,2
1719415797.3096535,2
1719415801.459608,2
1719415805.621745,2
1719415809.8068647,2
1719415813.960921,2
1719415818.2834518,2
1719415822.4001243,2
1719415826.4884949,2
1719415830.6799722,2
1719415834.7320783,2
1719415838.7457364,2
1719415842.788838,2
1719415846.8826642,2
1719415850.9799328,2
1719415855.059286,2
1719415859.2142537,2
1719415863.3383646,2
1719415867.5624018,2
1719415871.7264545,2
1719415875.8334491,2
1719415879.9462302,2
1719415884.0721912,2
1719415888.1987677,2
1719415892.2912261,2
1719415896.3520913,2
1719415900.2715409,2
1719415904.3876264,2
1719415908.5496614,2
1719415912.6816998,2
1719415916.7965288,2
1719415920.8567386,2
1719415924.9406264,2
1719415929.0074997,2
1719415933.1510367,2
1719415937.2806203,2
1719415941.3428364,2
1719415945.4301984,2
1719415949.5600655,2
1719415953.6720972,2
1719415957.764556,2
1719415961.7979333,2
1719415966.000282,2
1719415970.1111524,2
1719415974.270897,2
1719415978.4529006,2
1719415982.522709,2
1719415986.5016863,2
1719415990.5782745,2
1719415994.7258403,2
1719415998.9393435,2
1719416003.1441715,2
1719416007.2522192,2
1719416011.565474,2
1719416015.7207682,2
1719416020.0545683,2
1719416024.0893865,2
1719416028.262089,2
1719416032.4546366,2
1719416036.6801546,2
1719416040.8237126,2
1719416045.1231234,2
1719416049.4665997,2
1719416053.5686843,2
1719416057.7489796,2
1719416061.8680377,2
1719416066.1158142,2
1719416070.4095783,2
1719416074.660359,2
1719416078.8283007,2
1719416082.8712437,2
1719416087.0136468,2
1719416091.1660051,2
1719416095.2829692,2
1719416099.4865513,2
1719416103.7497463,2
1719416107.9590566,2
1719416112.0359259,2
1719416116.207983,2
1719416120.2911396,2
1719416124.426565,2
1719416128.5410888,2
1719416132.7674243,2
1719416136.9741738,2
1719416141.0968978,2
1719416145.325983,2
1719416149.501629,2
1719416153.697004,2
1719416157.8515058,2
1719416161.9952693,2
1719416166.1600578,2
1719416170.5207453,2
1719416175.0222576,2
1719416179.3458815,2
1719416183.6057792,2
1719416187.7332864,2
1719416191.8536448,2
1719416195.9591925,2
1719416200.1738346,2
1719416204.2561305,2
1719416208.3551173,2
1719416212.6849432,2
1719416217.0580094,2
1719416221.2509646,2
1719416225.429659,2
1719416229.766705,2
1719416233.811079,2
1719416238.4189212,2
1719416242.9938498,2
1719416247.1644483,2
1719416251.2281017,2
1719416255.3954253,2
1719416259.4508545,2
1719416263.5113022,2
1719416267.6691833,2
1719416271.6889298,2
1719416275.6110826,2
1719416279.7422025,2
1719416283.8400278,2
1719416287.8306603,2
1719416291.903143,2
1719416296.0783467,2
1719416300.098705,2
1719416304.0839455,2
1719416308.0965266,2
1719416312.0971067,2
1719416316.0398235,2
1719416320.1688495,2
1719416324.303655,2
1719416328.3393664,2
1719416332.4437962,2
1719416336.477242,2
1719416340.341552,2
1719416344.3827589,2
1719416348.3980136,2
1719416352.5179007,2
1719416356.319009,2
1719416360.2793953,2
1719416364.4219255,2
1719416368.4015288,2
1719416372.5054605,2
1719416376.5905774,2
1719416380.7639644,2
1719416384.9607987,2
1719416389.0988457,2
1719416393.2590864,2
1719416397.3945005,2
1719416401.4960413,2
1719416405.5648832,2
1719416409.6098242,2
1719416413.7567368,2
1719416417.7846727,2
1719416421.8212063,2
1719416425.9194999,2
1719416430.000607,2
1719416434.0426576,2
1719416438.0574086,2
1719416441.9512,2
1719416446.0223796,2
1719416450.0901122,2
1719416454.3593297,2
1719416458.5008726,2
1719416462.6965928,2
1719416466.8158412,2
1719416471.0901322,2
1719416475.203187,2
1719416479.2325425,2
1719416483.11078,2
1719416487.0657716,2
1719416491.1672199,2
1719416495.344495,2
1719416499.3642483,2
1719416503.567361,2
1719416507.789854,2
1719416511.7133908,2
1719416515.6959417,2
1719416519.7805743,2
1719416523.7097833,2
1719416527.7164114,2
1719416531.667879,2
1719416535.7368712,2
1719416539.7689147,2
1719416543.8323083,2
1719416547.7943213,2
1719416551.932947,2
1719416555.8837986,2
1719416560.0960922,2
1719416564.1830592,2
1719416568.0576327,2
1719416572.1573925,2
1719416576.3634226,2
1719416580.3786948,2
1719416584.65099,2
1719416588.70157,2
1719416592.8056831,2
1719416596.901301,2
1719416601.0739892,2
1719416605.1982098,2
1719416609.390348,2
1719416613.6898043,2
1719416617.8985288,2
1719416622.0583668,2
1719416626.245808,2
1719416630.2883396,2
1719416634.5709374,2
1719416638.6180086,2
1719416642.684052,2
1719416646.7334807,2
1719416650.729314,2
1719416654.8777297,2
1719416658.9285936,2
1719416663.0637143,2
1719416667.2016494,2
1719416671.4226248,2
1719416675.4862828,2
1719416679.5693026,2
1719416683.6609943,2
1719416687.7832103,2
1719416692.0100062,2
1719416695.9989843,2
1719416700.1044848,2
1719416704.2496617,2
1719416708.324771,2
1719416712.4356568,2
1719416716.5991008,2
1719416720.7793975,2
1719416725.034275,2
1719416729.0889032,2
1719416733.0263357,2
1719416737.1755893,2
1719416741.3514009,2
1719416745.4543087,2
1719416749.6767876,2
1719416753.7455847,2
1719416757.7844646,2
1719416761.742882,2
1719416765.7907155,2
1719416769.8952584,2
1719416774.0908005,2
1719416778.1747324,2
1719416782.3231566,2
1719416786.3428688,2
1719416790.469676,2
1719416794.5367284,2
1719416798.7260623,2
1719416802.880621,2
1719416807.020997,2
1719416811.1226451,2
1719416815.3579435,2
1719416819.481285,2
1719416823.6311774,2
1719416827.7182329,2
1719416831.8105555,2
1719416835.890314,2
1719416839.9928606,2
1719416844.2246022,2
1719416848.3364503,2
1719416852.5180762,2
1719416856.712903,2
1719416860.837111,2
1719416864.9615932,2
1719416869.1333497,2
1719416873.2769916,2
1719416877.404836,2
1719416881.5561597,2
1719416885.7236433,2
1719416889.9233902,2
1719416893.8724601,2
1719416898.1721537,2
1719416902.281125,2
1719416906.4045599,2
1719416910.6549835,2
1719416914.9187148,2
1719416919.165824,2
1719416923.4841533,2
1719416927.64665,2
1719416931.7898312,2
1719416935.9246173,2
1719416940.082141,2
1719416944.326909,2
1719416948.4780242,2
1719416952.6167119,2
1719416956.8899114,2
1719416961.1304843,2
1719416965.374686,2
1719416969.6882193,2
1719416973.9631207,2
1719416978.158917,2
1719416982.3186166,2
1719416986.5038984,2
1719416990.6007416,2
1719416994.7514417,2
1719416999.0555255,2
1719417003.157528,2
1719417007.40486,2
1719417011.6597373,2
1719417015.9144313,2
1719417020.1053138,2
1719417024.1730509,2
1719417028.3415613,2
1719417032.5868773,2
1719417036.7677617,2
1719417040.8729975,2
1719417045.118521,2
1719417049.3567555,2
1719417053.5989661,2
1719417057.78914,2
1719417062.0129743,2
1719417066.0568569,2
1719417070.2967129,2
1719417074.6114962,2
1719417078.8405535,2
1719417083.0376575,2
1719417087.1094017,2
1719417091.3879294,2
1719417095.540849,2
1719417099.8588946,2
1719417104.1119242,2
1719417108.202028,2
1719417112.6515455,2
1719417116.8948948,2
1719417121.2590513,2
1719417125.413304,2
1719417129.4668489,2
1719417133.6558733,2
1719417137.6904223,2
1719417141.8079073,2
1719417145.8835673,2
1719417150.126873,2
1719417154.1386054,2
1719417158.2155404,2
1719417162.4066532,2
1719417166.6082103,2
1719417170.701762,2
1719417174.924779,2
1719417179.0112276,2
1719417183.1022103,2
1719417187.1063063,2
1719417191.2435088,2
1719417195.3234067,2
1719417199.3712895,2
1719417203.4699132,2
1719417207.6533282,2
1719417211.81358,2
1719417215.8726094,2
1719417220.0352008,2
1719417224.100059,2
1719417228.3676844,2
1719417232.4633744,2
1719417236.3905382,2
1719417240.4559598,2
1719417244.3617852,2
1719417248.2178895,2
1719417252.3451831,2
1719417256.4143162,2
1719417260.5834517,2
1719417264.719848,2
1719417268.9107623,2
1719417272.9997153,2
1719417277.1225305,2
1719417281.3786862,2
1719417285.380047,2
1719417289.6178658,2
1719417293.6169205,2
1719417297.7346656,2
1719417301.8244948,2
1719417305.842892,2
1719417309.8707745,2
1719417314.0159364,2
1719417318.1911354,2
1719417322.3659537,2
1719417326.3806086,2
1719417330.5460436,2
1719417334.604728,2
1719417338.6933715,2
1719417342.7739675,2
1719417346.778754,2
1719417350.7386746,2
1719417354.8929887,2
1719417359.0376654,2
1719417363.069012,2
1719417367.1156592,2
1719417371.2336435,2
1719417375.1966248,2
1719417379.4082334,2
1719417383.4657645,2
1719417387.603988,2
1719417391.6413386,2
1719417395.8663995,2
1719417399.9404736,2
1719417403.8881395,2
1719417407.883615,2
1719417411.9195924,2
1719417415.947392,2
1719417420.1883585,2
1719417424.2281868,2
1719417428.2855804,2
1719417432.385884,2
1719417436.5439098,2
1719417440.7975175,2
1719417444.8539126,2
1719417448.6594944,2
1719417452.9349043,2
1719417457.022061,2
1719417461.0928137,2
1719417465.1316051,2
1719417469.1740556,2
1719417473.2531517,2
1719417477.2853398,2
1719417481.3492966,2
1719417485.4661958,2
1719417489.6300316,2
1719417493.6164525,2
1719417497.6415331,2
1719417501.6857207,2
1719417505.7505643,2
1719417509.938456,2
1719417514.0418458,2
1719417518.0728273,2
1719417522.0838513,2
1719417526.135166,2
1719417529.9922223,2
1719417534.0646865,2
1719417538.1148882,2
1719417542.1581504,2
1719417546.4079056,2
1719417550.4466097,2
1719417554.5906742,2
1719417558.6996086,2
1719417562.7370262,2
1719417566.924819,2
1719417570.8154173,2
1719417574.983729,2
1719417579.030357,2
1719417583.1157527,2
1719417587.3080115,2
1719417591.4537213,2
1719417595.683368,2
1719417599.852555,2
1719417603.866282,2
1719417607.9685576,2
1719417612.1135507,2
1719417616.3903434,2
1719417620.5257585,2
1719417624.6501756,2
1719417628.7263067,2
1719417632.9976594,2
1719417637.049503,2
1719417641.20868,2
1719417645.2494211,2
1719417649.2805142,2
1719417653.415883,2
1719417657.5256772,2
1719417661.6724074,2
1719417665.8218057,2
1719417669.9710927,2
1719417674.166833,2
1719417678.157381,2
1719417682.336124,2
1719417686.3381164,2
1719417690.4995842,2
1719417694.6435452,2
1719417698.7038198,2
1719417702.8017304,2
1719417706.89978,2
1719417711.1234107,2
1719417715.4087043,2
1719417719.5768921,2
1719417723.6884112,2
1719417727.8684213,2
1719417732.0396276,2
1719417736.1889706,2
1719417740.5071027,2
1719417744.5864673,2
1719417748.7648897,2
1719417752.9839556,2
1719417757.25284,2
1719417761.3429205,2
1719417765.5024445,2
1719417769.6839268,2
1719417773.9595351,2
1719417777.9593585,2
1719417781.9442754,2
1719417786.094979,2
1719417790.3438725,2
1719417794.657282,2
1719417798.7206056,2
1719417802.8397658,2
1719417807.0201364,2
1719417811.1296902,2
1719417815.349555,2
1719417819.5984788,2
1719417823.6018848,2
1719417827.7679935,2
1719417831.9278116,2
1719417836.0684323,2
1719417840.313455,2
1719417844.5404103,2
1719417848.8085198,2
1719417853.0093443,2
1719417857.2101512,2
1719417861.3926876,2
1719417865.4780517,2
1719417869.6587894,2
1719417873.8073645,2
1719417877.9727857,2
1719417882.1903107,2
1719417886.3763285,2
1719417890.6982849,2
1719417894.8181906,2
1719417899.1627169,2
1719417903.3995397,2
1719417907.4123816,2
1719417911.67421,2
1719417915.765779,2
1719417919.9780293,2
1719417924.1750576,2
1719417928.4104376,2
1719417932.5350592,2
1719417936.6915493,2
1719417940.6135423,2
1719417944.9520357,2
1719417948.974219,2
1719417953.1910608,2
1719417957.4369504,2
1719417961.6134238,2
1719417966.0679045,2
1719417970.3101006,2
1719417974.56529,2
1719417978.7353005,2
1719417982.9936948,2
1719417987.4065711,2
1719417991.6465113,2
1719417996.1329434,2
1719418000.343894,2
1719418004.4893029,2
1719418008.5327382,2
1719418012.5109787,2
1719418016.6062834,2
1719418020.4615045,2
1719418024.528075,2
1719418028.654627,2
1719418032.781375,2
1719418036.6914709,2
1719418040.834221,2
1719418044.9628599,2
1719418049.005596,2
1719418053.1143913,2
1719418057.194586,2
1719418061.23132,2
1719418065.4303901,2
1719418069.577367,2
1719418073.6626875,2
1719418077.8635473,2
1719418081.8669102,2
1719418085.9301538,2
1719418089.8747327,2
1719418093.9289954,2
1719418098.0812519,2
1719418102.2061274,2
1719418106.3301518,2
1719418110.3086476,2
1719418114.4565482,2
1719418118.3598504,2
1719418122.464839,2
1719418126.5741866,2
1719418130.6078632,2
1719418134.4979897,2
1719418138.520994,2
1719418142.6862392,2
1719418146.794895,2
1719418150.8843234,2
1719418154.9613767,2
1719418159.0786846,2
1719418163.2748365,2
1719418167.3920052,2
1719418171.4581118,2
1719418175.5422835,2
1719418179.6222034,2
1719418183.6434515,2
1719418187.800201,2
1719418192.0143588,2
1719418196.2487774,2
1719418200.4369054,2
1719418204.3301833,2
1719418208.4637258,2
1719418212.6431816,2
1719418216.7246475,2
1719418220.8274963,2
1719418224.8529472,2
1719418229.0518389,2
1719418233.2569692,2
1719418237.4402833,2
1719418241.492971,2
1719418245.459386,2
1719418249.5853662,2
1719418253.7375906,2
1719418257.8162346,2
1719418261.9465423,2
1719418265.9649446,2
1719418269.9727142,2
1719418274.1388528,2
1719418278.3419049,2
1719418282.51901,2
1719418286.398055,2
1719418290.4609647,2
1719418294.4955504,2
1719418298.5934207,2
1719418302.7064004,2
1719418306.7028425,2
1719418310.8573081,2
1719418314.8974319,2
1719418318.9914517,2
1719418323.0784736,2
1719418327.0164087,2
1719418331.1247864,2
1719418335.3029768,2
1719418339.4176695,2
1719418343.5086675,2
1719418347.6525319,2
1719418351.7793863,2
1719418355.6886132,2
1719418359.5960858,2
1719418363.58589,2
1719418367.7208276,2
1719418371.8923857,2
1719418376.0385876,2
1719418380.2055073,2
1719418384.37246,2
1719418388.5400925,2
1719418392.6338387,2
1719418396.6762893,2
1719418400.7447824,2
1719418404.8432827,2
1719418408.9784486,2
1719418412.935644,2
1719418417.062671,2
1719418421.258809,2
1719418425.4707386,2
1719418429.5863423,2
1719418433.6880257,2
1719418437.9145865,2
1719418442.0800927,2
1719418446.0714254,2
1719418450.1693084,2
1719418454.143032,2
1719418458.0614934,2
1719418462.1279273,2
1719418466.2878027,2
1719418470.4104295,2
1719418474.6035058,2
1719418478.755051,2
1719418483.0269947,2
1719418487.0891175,2
1719418491.072125,2
1719418495.047079,2
1719418499.0999959,2
1719418503.161158,2
1719418507.2339363,2
1719418511.2818837,2
1719418515.3972113,2
1719418519.5560772,2
1719418523.6169283,2
1719418527.7906976,2
1719418531.9611416,2
1719418536.0378885,2
1719418540.1532242,2
1719418544.387537,2
1719418548.7055879,2
1719418552.9725282,2
1719418557.164215,2
1719418561.1524222,2
1719418565.4236875,2
1719418569.567651,2
1719418573.8239977,2
1719418578.00798,2
1719418582.2296486,2
1719418586.3351915,2
1719418590.2154384,2
1719418594.377855,2
1719418598.6219716,2
1719418602.7856157,2
1719418606.888626,2
1719418610.9888895,2
1719418615.2140558,2
1719418619.3362694,2
1719418623.5010488,2
1719418627.4656632,2
1719418631.5716922,2
1719418635.7214668,2
1719418639.8532007,2
1719418643.9686456,2
1719418648.24616,2
1719418652.201544,2
1719418656.4944806,2
1719418660.6995552,2
1719418664.915355,2
1719418669.0565646,2
1719418673.1342485,2
1719418677.4650214,2
1719418681.613767,2
1719418685.7404814,2
1719418689.9926932,2
1719418694.2448597,2
1719418698.3882306,2
1719418702.163717,2
1719418706.4741457,2
1719418710.7336917,2
1719418714.902062,2
1719418719.0632963,2
1719418723.2704842,2
1719418727.5790462,2
1719418731.7788897,2
1719418735.9818738,2
1719418740.071476,2
1719418744.1187801,2
1719418748.3068118,2
1719418752.4239872,2
1719418756.6243145,2
1719418760.7573173,2
1719418765.0405414,2
1719418769.2033012,2
1719418773.5864146,2
1719418777.8057597,2
1719418781.9963343,2
1719418785.8208425,2
1719418790.241232,2
1719418794.4882467,2
1719418798.6805856,2
1719418803.019524,2
1719418807.2555978,2
1719418811.5458784,2
1719418815.6931465,2
1719418819.9182146,2
1719418824.2211816,2
1719418828.2092807,2
1719418832.4328423,2
1719418836.5717354,2
1719418840.7689283,2
1719418845.102432,2
1719418849.3075438,2
1719418853.437108,2
1719418857.7531476,2
1719418861.9912288,2
1719418866.4919643,2
1719418870.7973356,2
1719418875.4203897,2
1719418879.691137,2
1719418883.834856,2
1719418887.918947,2
1719418892.0235732,2
1719418896.0946321,2
1719418900.3300312,2
1719418904.4320273,2
1719418908.4997928,2
1719418912.5148077,2
1719418916.606276,2
1719418920.7797225,2
1719418924.8757913,2
1719418928.998116,2
1719418933.1482282,2
1719418937.2557166,2
1719418941.3471525,2
1719418945.4936628,2
1719418949.7416112,2
1719418953.6973493,2
1719418957.8790681,2
1719418961.9600966,2
1719418965.833727,2
1719418969.8428638,2
1719418973.8910913,2
1719418978.080048,2
1719418982.1399124,2
1719418986.1866534,2
1719418990.047776,2
1719418993.9412868,2
1719418998.0961096,2
1719419002.2261193,2
1719419006.2801695,2
1719419010.2904642,2
1719419014.465575,2
1719419018.5334222,2
1719419022.5619864,2
1719419026.5032194,2
1719419030.6381743,2
1719419034.7004068,2
1719419038.7172532,2
1719419042.8626485,2
1719419046.8951275,2
1719419051.0250113,2
1719419055.125466,2
1719419059.1525378,2
1719419063.1802855,2
1719419067.091847,2
1719419071.2595217,2
1719419075.3677838,2
1719419079.3504503,2
1719419083.4975939,2
1719419087.6314669,2
1719419091.7730672,2
1719419095.8363342,2
1719419099.917527,2
1719419103.9882631,2
1719419108.032122,2
1719419112.0691345,2
1719419116.1623802,2
1719419120.0777209,2
1719419124.1150222,2
1719419128.2627,2
1719419132.304772,2
1719419136.359109,2
1719419140.5157607,2
1719419144.7440789,2
1719419148.8926654,2
1719419153.025478,2
1719419157.1618054,2
1719419161.2966542,2
1719419165.4210558,2
1719419169.473627,2
1719419173.4770873,2
1719419177.581669,2
1719419181.6931138,2
1719419185.8764508,2
1719419189.9064252,2
1719419194.0653734,2
1719419198.2963114,2
1719419202.3888159,2
1719419206.5688488,2
1719419210.7255864,2
1719419214.9069362,2
1719419219.0032718,2
1719419223.0707748,2
1719419227.12211,2
1719419231.160403,2
1719419235.2884326,2
1719419239.2679813,2
1719419243.356187,2
1719419247.3999248,2
1719419251.5073879,2
1719419255.6335046,2
1719419259.856315,2
1719419263.9367802,2
1719419268.0692503,2
1719419272.1407444,2
1719419276.1743813,2
1719419280.2627585,2
1719419284.360759,2
1719419288.412818,2
1719419292.5029116,2
1719419296.6399715,2
1719419300.7473073,2
1719419304.8174202,2
1719419308.86009,2
1719419313.0012,2
1719419317.1279523,2
1719419321.1753433,2
1719419325.4708755,2
1719419329.466125,2
1719419333.6429005,2
1719419337.7682457,2
1719419341.885255,2
1719419345.9625359,2
1719419350.1357203,2
1719419354.239203,2
1719419358.3353047,2
1719419362.4034207,2
1719419366.4630244,2
1719419370.502494,2
1719419374.6159966,2
1719419378.7192373,2
1719419382.655239,2
1719419386.657627,2
1719419390.704574,2
1719419394.6475606,2
1719419398.8333955,2
1719419402.8902442,2
1719419407.1839416,2
1719419411.2872427,2
1719419415.3908257,2
1719419419.4263954,2
1719419423.6228082,2
1719419427.7381911,2
1719419431.9175036,2
1719419435.991404,2
1719419440.1607656,2
1719419444.235636,2
1719419448.4117632,2
1719419452.5577621,2
1719419456.6062536,2
1719419460.784088,2
1719419464.8971038,2
1719419468.9679582,2
1719419473.1594524,2
1719419477.262947,2
1719419481.4225438,2
1719419485.480285,2
1719419489.5696297,2
1719419493.729393,2
1719419497.6884778,2
1719419501.81989,2
1719419505.9501686,2
1719419509.9126456,2
1719419514.1302588,2
1719419518.277933,2
1719419522.3891876,2
1719419526.503455,2
1719419530.6156447,2
1719419534.6763082,2
1719419538.9558744,2
1719419543.1407585,2
1719419547.2997794,2
1719419551.471224,2
1719419555.717209,2
1719419559.8231804,2
1719419564.0742707,2
1719419568.1830885,2
1719419572.490854,2
1719419576.5257447,2
1719419580.5718045,2
1719419584.757543,2
1719419589.0711088,2
1719419593.2916043,2
1719419597.5613635,2
1719419601.7422094,2
1719419605.99573,2
1719419610.1620052,2
1719419614.3801188,2
1719419618.5272033,2
1719419622.7477248,2
1719419626.9112124,2
1719419631.0251734,2
1719419635.195946,2
1719419639.4263465,2
1719419643.8126915,2
1719419648.220001,2
1719419652.3239603,2
1719419656.5047367,2
1719419660.676687,2
1719419664.8626883,2
1719419669.1280668,2
1719419673.469298,2
1719419677.781759,2
1719419682.0001874,2
1719419686.2517228,2
1719419690.4848733,2
1719419694.8004677,2
1719419699.160715,2
1719419703.391645,2
1719419707.6352987,2
1719419711.8648748,2
1719419716.4670167,2
1719419720.7147374,2
1719419724.8059437,2
1719419728.7808669,2
1719419732.9906123,2
1719419737.4160228,2
1719419741.6665516,2
1719419745.9474587,2
1719419750.1376708,2
1719419754.5097132,2
1719419758.610657,2
1719419762.8005714,2
1719419766.9236171,2
1719419770.9764066,2
1719419775.0952504,2
1719419779.154226,2
1719419783.2174914,2
1719419787.3490806,2
1719419791.2144659,2
1719419795.225027,2
1719419799.369583,2
1719419803.531737,2
1719419807.5943606,2
1719419811.7055562,2
1719419815.8257542,2
1719419819.8433754,2
1719419824.0023594,2
1719419828.2079442,2
1719419832.2028484,2
1719419836.2426965,2
1719419840.374215,2
1719419844.6408722,2
1719419848.710867,2
1719419852.8769734,2
1719419857.1219578,2
1719419861.1278872,2
1719419865.2847621,2
1719419869.419858,2
1719419873.458773,2
1719419877.4123507,2
1719419881.4445577,2
1719419885.5893154,2
1719419889.686723,2
1719419893.9259007,2
1719419898.0075169,2
1719419902.233015,2
1719419906.2924511,2
1719419910.1707046,2
1719419914.4032254,2
1719419918.4949698,2
1719419922.3762708,2
1719419926.3928697,2
1719419930.4560013,2
1719419934.5180485,2
1719419938.586268,2
1719419942.4959307,2
1719419946.5370283,2
1719419950.7165356,2
1719419954.7434216,2
1719419958.6134079,2
1719419962.746091,2
1719419966.7330813,2
1719419970.8268929,2
1719419975.0787742,2
1719419979.1815748,2
1719419983.2845051,2
1719419987.3518267,2
1719419991.559364,2
1719419995.5838711,2
1719419999.528523,2
1719420003.6320686,2
1719420007.6689582,2
1719420011.9911525,2
1719420016.1160362,2
1719420020.2894773,2
1719420024.4415417,2
1719420028.6221888,2
1719420032.794758,2
1719420037.053798,2
1719420041.126239,2
1719420045.4449956,2
1719420049.5468338,2
1719420053.7396808,2
1719420057.8142872,2
1719420061.8733642,2
1719420065.9185524,2
1719420070.0677986,2
1719420074.1728425,2
1719420078.414931,2
1719420082.5871387,2
1719420086.6794162,2
1719420090.8194945,2
1719420094.9767945,2
1719420099.1137106,2
1719420103.230227,2
1719420107.4069173,2
1719420111.429763,2
1719420115.581948,2
1719420119.6029744,2
1719420123.6158426,2
1719420127.6772704,2
1719420131.8079557,2
1719420135.8378918,2
1719420139.8678784,2
1719420144.0197442,2
1719420148.2156956,2
1719420152.3769703,2
1719420156.5654354,2
1719420160.719356,2
1719420164.6248758,2
1719420168.5827434,2
1719420172.6351712,2
1719420176.6737325,2
1719420180.7617424,2
1719420184.8360598,2
1719420188.885626,2
1719420192.9911556,2
1719420197.0051787,2
1719420201.1955678,2
1719420205.313653,2
1719420209.2943852,2
1719420213.4068716,2
1719420217.6164916,2
1719420221.7272003,2
1719420225.8866491,2
1719420229.9764633,2
1719420234.053844,2
1719420238.2168946,2
1719420242.3738859,2
1719420246.5158534,2
1719420250.674156,2
1719420254.8863924,2
1719420259.2250137,2
1719420263.363914,2
1719420267.5093348,2
1719420271.586456,2
1719420275.6963363,2
1719420280.002235,2
1719420284.171297,2
1719420288.266773,2
1719420292.23107,2
1719420296.3821528,2
1719420300.5543106,2
1719420304.6714373,2
1719420308.7203565,2
1719420312.8607876,2
1719420316.954026,2
1719420321.1420565,2
1719420325.2246811,2
1719420329.385145,2
1719420333.4090345,2
1719420337.5523071,2
1719420341.65941,2
1719420345.7819862,2
1719420350.0315886,2
1719420354.115285,2
1719420358.4133334,2
1719420362.7414548,2
1719420366.8663719,2
1719420371.077468,2
1719420375.0475652,2
1719420379.1592505,2
1719420383.085361,2
1719420387.2311475,2
1719420391.3566484,2
1719420395.659508,2
1719420399.841318,2
1719420403.9517581,2
1719420408.203488,2
1719420412.3858378,2
1719420416.567909,2
1719420420.784887,2
1719420424.9622576,2
1719420429.1358747,2
1719420433.3541117,2
1719420437.5410142,2
1719420441.80105,2
1719420445.9604244,2
1719420450.059586,2
1719420454.172508,2
1719420458.394921,2
1719420462.6346076,2
1719420466.7465189,2
1719420470.937953,2
1719420475.0293176,2
1719420479.24827,2
1719420483.5073352,2
1719420487.7634938,2
1719420491.9299467,2
1719420496.228336,2
1719420500.3302932,2
1719420504.5871878,2
1719420508.735144,2
1719420513.0219605,2
1719420517.322023,2
1719420521.5188713,2
1719420525.6072986,2
1719420529.978382,2
1719420534.1959732,2
1719420538.524156,2
1719420542.5266962,2
1719420546.6310575,2
1719420550.8226004,2
1719420555.1271534,2
1719420559.191455,2
1719420563.4770815,2
1719420567.7245245,2
1719420571.908517,2
1719420576.0697162,2
1719420580.2833388,2
1719420584.4279137,2
1719420588.6974773,2
1719420593.0846221,2
1719420597.1832838,2
1719420601.3314164,2
1719420605.604595,2
1719420609.8416638,2
1719420614.0770617,2
1719420618.4634273,2
1719420622.7249773,2
1719420627.1546218,2
1719420631.6074767,2
1719420635.8189156,2
1719420640.070816,2
1719420644.13182,2
1719420648.2912812,2
1719420652.649652,2
1719420656.8890061,2
1719420660.9655347,2
1719420665.0512767,2
1719420669.115927,2
1719420673.1769607,2
1719420677.3810382,2
1719420681.529561,2
1719420685.6591165,2
1719420689.690219,2
1719420693.7905521,2
1719420697.8890812,2
1719420701.8895483,2
1719420705.9485397,2
1719420709.950693,2
1719420714.05508,2
1719420718.1178951,2
1719420722.264354,2
1719420726.4273558,2
1719420730.476716,2
1719420734.552011,2
1719420738.7460577,2
1719420742.8124127,2
1719420746.89402,2
1719420750.9888213,2
1719420755.115359,2
1719420759.2050273,2
1719420763.2914085,2
1719420767.288192,2
1719420771.3805537,2
1719420775.5066757,2
1719420779.5163686,2
1719420783.7386198,2
1719420787.7563667,2
1719420791.6307642,2
1719420795.654002,2
1719420799.7914796,2
1719420803.8470001,2
1719420807.9704292,2
1719420812.0367956,2
1719420816.104876,2
1719420820.1484993,2
1719420824.3845823,2
1719420828.3946397,2
1719420832.7281976,2
1719420836.8267462,2
1719420840.9059854,2
1719420845.1487398,2
1719420849.2000735,2
1719420853.3448095,2
1719420857.4522254,2
1719420861.5202103,2
1719420865.5692472,2
1719420869.6134298,2
1719420873.7297008,2
1719420877.847123,2
1719420882.0084474,2
1719420886.0645232,2
1719420890.1622093,2
1719420894.2534454,2
1719420898.3856182,2
1719420902.374417,2
1719420906.5247583,2
1719420910.5124464,2
1719420914.6574957,2
1719420918.6942677,2
1719420922.7409315,2
1719420926.769227,2
1719420930.676043,2
1719420934.835437,2
1719420938.9942095,2
1719420943.012389,2
1719420947.2105432,2
1719420951.2302523,2
1719420955.499822,2
1719420959.61577,2
1719420963.7080784,2
1719420967.818599,2
1719420971.9443333,2
1719420976.039466,2
1719420980.2686985,2
1719420984.4798093,2
1719420988.6552246,2
1719420992.8188639,2
1719420996.9744654,2
1719421001.1155818,2
1719421005.1702008,2
1719421009.2077127,2
1719421013.2492614,2
1719421017.3944004,2
1719421021.4638338,2
1719421025.5599437,2
1719421029.4506319,2
1719421033.456565,2
1719421037.5858412,2
1719421041.4962296,2
1719421045.6398835,2
1719421049.7191572,2
1719421053.8313544,2
1719421057.9779277,2
1719421062.1640382,2
1719421066.251323,2
1719421070.3313036,2
1719421074.5385644,2
1719421078.6906679,2
1719421082.7918959,2
1719421086.8900554,2
1719421090.9538174,2
1719421095.075017,2
1719421099.0707278,2
1719421103.2001038,2
1719421107.4143639,2
1719421111.4923332,2
1719421115.5953348,2
1719421119.682193,2
1719421123.7441864,2
1719421127.8406224,2
1719421131.9850554,2
1719421136.1449203,2
1719421140.4075737,2
1719421144.5031497,2
1719421148.6211095,2
1719421152.6758406,2
1719421156.8637142,2
1719421161.259411,2
1719421165.4953058,2
1719421169.7366357,2
1719421173.8916101,2
1719421178.025275,2
1719421182.1562006,2
1719421186.35047,2
1719421190.608463,2
1719421194.7348447,2
1719421198.8049004,2
1719421202.9687862,2
1719421207.0235238,2
1719421211.0174565,2
1719421215.1825838,2
1719421219.3838427,2
1719421223.6057456,2
1719421227.9458477,2
1719421232.1331592,2
1719421236.3353093,2
1719421240.400303,2
1719421244.604887,2
1719421248.7568161,2
1719421252.8878412,2
1719421257.000265,2
1719421261.1036062,2
1719421265.2598581,2
1719421269.425458,2
1719421273.5571291,2
1719421277.6800783,2
1719421281.8534653,2
1719421286.144458,2
1719421290.260581,2
1719421294.4555762,2
1719421298.712291,2
1719421302.9684618,2
1719421307.2650206,2
1719421311.4300508,2
1719421315.7278678,2
1719421319.8874106,2
1719421324.0268667,2
1719421328.2020874,2
1719421332.4244845,2
1719421336.6696703,2
1719421341.0021455,2
1719421345.2380774,2
1719421349.4620128,2
1719421353.7227607,2
1719421358.0179088,2
1719421362.3039181,2
1719421366.5280948,2
1719421370.7562497,2
1719421374.923913,2
1719421379.137559,2
1719421383.2892275,2
1719421387.572376,2
1719421391.8594224,2
1719421396.0641544,2
1719421400.2134845,2
1719421404.5270016,2
1719421408.741581,2
1719421412.9900947,2
1719421417.2116995,2
1719421421.495527,2
1719421425.799568,2
1719421430.0212555,2
1719421434.1831405,2
1719421438.4666212,2
1719421442.632218,2
1719421447.0863461,2
1719421451.3010917,2
1719421455.6270216,2
1719421459.913286,2
1719421464.0798578,2
1719421468.3318565,2
1719421472.4367025,2
1719421476.7996628,2
1719421481.009759,2
1719421485.2290056,2
1719421489.454338,2
1719421493.788093,2
1719421497.979826,2
1719421502.2088041,2
1719421506.6463192,2
1719421511.057429,2
1719421515.2340364,2
1719421519.2991884,2
1719421523.4941866,2
1719421527.5819418,2
1719421531.6797464,2
1719421535.757381,2
1719421539.8646693,2
1719421543.776851,2
1719421547.8146327,2
1719421551.8484435,2
1719421556.02526,2
1719421560.1425622,2
1719421564.231245,2
1719421568.3902497,2
1719421572.5148463,2
1719421576.5873632,2
1719421580.6946964,2
1719421584.7670565,2
1719421588.9544857,2
1719421593.181632,2
1719421597.2356877,2
1719421601.2345173,2
1719421605.4194005,2
1719421609.413602,2
1719421613.5487213,2
1719421617.6846845,2
1719421621.8255396,2
1719421625.9627268,2
1719421630.062555,2
1719421634.1387851,2
1719421638.2424507,2
1719421642.3672285,2
1719421646.420734,2
1719421650.5226943,2
1719421654.6757896,2
1719421658.6850514,2
1719421662.8966205,2
1719421667.1102185,2
1719421671.2497642,2
1719421675.4320338,2
1719421679.5317307,2
1719421683.6376874,2
1719421687.8301756,2
1719421691.7180562,2
1719421695.849295,2
1719421699.87824,2
1719421704.0338366,2
1719421708.1328635,2
1719421712.473587,2
1719421716.6553211,2
1719421720.8556557,2
1719421724.88387,2
1719421729.028983,2
1719421733.0467103,2
1719421737.1707442,2
1719421741.2443323,2
1719421745.3639865,2
1719421749.4952,2
1719421753.659622,2
1719421757.818698,2
1719421762.0877676,2
1719421766.1425755,2
1719421770.3751054,2
1719421774.490497,2
1719421778.6080008,2
1719421782.5889862,2
1719421786.7655287,2
1719421790.953597,2
1719421795.151934,2
1719421799.178948,2
1719421803.2622056,2
1719421807.330086,2
1719421811.4489055,2
1719421815.7980285,2
1719421820.0255308,2
1719421824.206261,2
1719421828.5196176,2
1719421832.56329,2
1719421836.69072,2
1719421840.9603753,2
1719421845.1230564,2
1719421849.1346412,2
1719421853.3943179,2
1719421857.5669377,2
1719421861.73887,2
1719421865.9405901,2
1719421870.0763407,2
1719421874.091179,2
1719421878.039615,2
1719421882.1948407,2
1719421886.2852118,2
1719421890.541692,2
1719421894.7825942,2
1719421898.8540833,2
1719421903.0329444,2
1719421907.1513662,2
1719421911.3918004,2
1719421915.5617087,2
1719421919.4910228,2
1719421923.5465338,2
1719421927.6362927,2
1719421931.710762,2
1719421935.8244069,2
1719421939.9218554,2
1719421944.0445306,2
1719421948.0813558,2
1719421952.2827554,2
1719421956.4051216,2
1719421960.419421,2
1719421964.5786247,2
1719421968.7835734,2
1719421972.9173622,2
1719421976.945309,2
1719421981.0049472,2
1719421985.0950973,2
1719421989.1802359,2
1719421993.3837678,2
1719421997.4384568,2
1719422001.5650935,2
1719422005.6818328,2
1719422009.7960825,2
1719422013.9809892,2
1719422018.1506157,2
1719422022.3395476,2
1719422026.5570538,2
1719422030.6453223,2
1719422034.8625708,2
1719422039.0890505,2
1719422043.3400393,2
1719422047.6441324,2
1719422051.7289474,2
1719422055.7540302,2
1719422059.8816884,2
1719422064.0099926,2
1719422068.0480955,2
1719422072.1018348,2
1719422076.3354976,2
1719422080.4510205,2
1719422084.5538816,2
1719422088.6856067,2
1719422092.7998087,2
1719422097.072021,2
1719422101.1969187,2
1719422105.2860441,2
1719422109.406265,2
1719422113.4767842,2
1719422117.732949,2
1719422121.7974644,2
1719422125.9296038,2
1719422130.1430326,2
1719422134.2684317,2
1719422138.3157856,2
1719422142.4973757,2
1719422146.6249154,2
1719422150.7778654,2
1719422154.9723356,2
1719422159.174079,2
1719422163.3442845,2
1719422167.4690468,2
1719422171.7025478,2
1719422175.9622493,2
1719422180.2725093,2
1719422184.626738,2
1719422188.8405333,2
1719422193.0843446,2
1719422197.2760036,2
1719422201.4242675,2
1719422205.5120268,2
1719422209.7572641,2
1719422214.0236688,2
1719422218.1737492,2
1719422222.2681627,2
1719422226.404414,2
1719422230.5881264,2
1719422234.8768475,2
1719422239.180098,2
1719422243.363192,2
1719422247.4245758,2
1719422251.3977904,2
1719422255.6301086,2
1719422259.915688,2
1719422264.089653,2
1719422268.3174813,2
1719422272.5965173,2
1719422276.8181481,2
1719422280.9244285,2
1719422285.2443514,2
1719422289.457443,2
1719422293.5279434,2
1719422297.712845,2
1719422301.9725523,2
1719422305.979184,2
1719422310.1702187,2
1719422314.3281968,2
1719422318.5974646,2
1719422322.8009956,2
1719422326.9941912,2
1719422331.1835415,2
1719422335.4629536,2
1719422339.4720948,2
1719422343.6617646,2
1719422347.8437092,2
1719422352.1029737,2
1719422356.4079976,2
1719422360.6336617,2
1719422364.9706905,2
1719422368.994234,2
1719422373.347361,2
1719422377.672934,2
1719422382.1983237,2
1719422386.7621176,2
1719422391.0748665,2
1719422395.136445,2
1719422399.2324383,2
1719422403.3693523,2
1719422407.3702028,2
1719422411.3915298,2
1719422415.4526172,2
1719422419.4469965,2
1719422423.4771366,2
1719422427.595195,2
1719422431.6889255,2
1719422435.7983866,2
1719422439.9270077,2
1719422444.0120187,2
1719422448.101954,2
1719422452.2070298,2
1719422456.2985737,2
1719422460.4513888,2
1719422464.6480432,2
1719422468.7816439,2
1719422472.8405735,2
1719422476.9820232,2
1719422481.0559986,2
1719422485.2009861,2
1719422489.1982415,2
1719422493.412559,2
1719422497.5050178,2
1719422501.6479268,2
1719422505.5062447,2
1719422509.7280283,2
1719422513.7923372,2
1719422517.88448,2
1719422521.9967427,2
1719422526.1283612,2
1719422530.0948987,2
1719422534.1285205,2
1719422538.1994286,2
1719422542.3116972,2
1719422546.2243629,2
1719422550.29954,2
1719422554.4484782,2
1719422558.580808,2
1719422562.649317,2
1719422566.8513544,2
1719422570.9568973,2
1719422575.1260464,2
1719422579.2513866,2
1719422583.2903926,2
1719422587.4927888,2
1719422591.7244673,2
1719422595.732554,2
1719422599.853586,2
1719422603.88553,2
1719422607.98779,2
1719422612.202695,2
1719422616.2833016,2
1719422620.411441,2
1719422624.4757586,2
1719422628.5007513,2
1719422632.5789042,2
1719422636.7644331,2
1719422640.8818247,2
1719422644.9644186,2
1719422649.082231,2
1719422653.1071234,2
1719422657.2606318,2
1719422661.476322,2
1719422665.6656008,2
1719422669.8027759,2
1719422673.9323986,2
1719422678.059149,2
1719422682.0877721,2
1719422686.1681895,2
1719422690.2878177,2
1719422694.3539264,2
1719422698.3606963,2
1719422702.452831,2
1719422706.577661,2
1719422710.6995943,2
1719422714.7584975,2
1719422718.7835345,2
1719422723.0014184,2
1719422727.0853188,2
1719422731.1867363,2
1719422735.3494835,2
1719422739.6562383,2
1719422743.7502668,2
1719422747.7650664,2
1719422751.8053563,2
1719422755.8500154,2
1719422759.9353545,2
1719422763.9970574,2
1719422768.0795403,2
1719422772.1989465,2
1719422776.372722,2
1719422780.427382,2
1719422784.5860353,2
1719422788.7430294,2
1719422792.7317858,2
1719422796.8898003,2
1719422801.0562847,2
1719422805.0634677,2
1719422809.337798,2
1719422813.5779433,2
1719422817.614046,2
1719422821.8166552,2
1719422826.0154967,2
1719422830.0679903,2
1719422834.2123697,2
1719422838.471313,2
1719422842.6210546,2
1719422846.6967294,2
1719422850.8295221,2
1719422855.05549,2
1719422859.194137,2
1719422863.4324226,2
1719422867.5334704,2
1719422871.6206307,2
1719422875.6540082,2
1719422879.7925427,2
1719422883.6552813,2
1719422887.7448761,2
1719422891.8788738,2
1719422896.0990572,2
1719422900.338058,2
1719422904.528394,2
1719422908.7515402,2
1719422912.9493442,2
1719422917.0226977,2
1719422920.9836164,2
1719422925.0693426,2
1719422929.2584016,2
1719422933.392189,2
1719422937.6019888,2
1719422941.7152736,2
1719422945.9236155,2
1719422950.0064628,2
1719422954.1545746,2
1719422958.2351933,2
1719422962.1952176,2
1719422966.3355567,2
1719422970.4606106,2
1719422974.5459836,2
1719422978.8109312,2
1719422982.8880634,2
1719422987.0620906,2
1719422991.2961109,2
1719422995.426055,2
1719422999.546005,2
1719423003.903635,2
1719423008.0076373,2
1719423012.160595,2
1719423016.335968,2
1719423020.3660429,2
1719423024.4417567,2
1719423028.661325,2
1719423032.8307734,2
1719423037.0969636,2
1719423041.2149045,2
1719423045.298126,2
1719423049.5485733,2
1719423053.7988794,2
1719423057.9595153,2
1719423062.0980763,2
1719423066.3044102,2
1719423070.5307615,2
1719423074.838448,2
1719423079.114979,2
1719423083.3187397,2
1719423087.3890104,2
1719423091.6577885,2
1719423095.9775782,2
1719423100.2066166,2
1719423104.4315014,2
1719423108.6417775,2
1719423112.8827085,2
1719423117.3233626,2
1719423121.5662262,2
1719423125.7901535,2
1719423129.9895642,2
1719423134.2692535,2
1719423138.5230453,2
1719423142.7082422,2
1719423146.9275758,2
1719423151.2303736,2
1719423155.4051065,2
1719423159.4678395,2
1719423163.7125993,2
1719423167.7998643,2
1719423171.94942,2
1719423176.0997272,2
1719423180.280613,2
1719423184.4701214,2
1719423188.7045207,2
1719423192.9475691,2
1719423197.2127755,2
1719423201.5496588,2
1719423205.9425366,2
1719423210.077979,2
1719423214.3319001,2
1719423218.57963,2
1719423223.074654,2
1719423227.3121278,2
1719423231.5496333,2
1719423235.8290908,2
1719423240.0568814,2
1719423244.231253,2
1719423248.4044707,2
1719423252.6460135,2
1719423256.854817,2
1719423261.2250137,2
1719423265.628545,2
1719423269.9506269,2
1719423274.0939758,2
1719423278.0518117,2
1719423282.2147596,2
1719423286.333993,2
1719423290.4862552,2
1719423294.639831,2
1719423298.5794158,2
1719423302.6555562,2
1719423306.8988707,2
1719423311.0662928,2
1719423315.1611888,2
1719423319.2165215,2
1719423323.2955902,2
1719423327.4586952,2
1719423331.5074546,2
1719423335.651469,2
1719423339.3617346,2
1719423343.5681784,2
1719423347.7159026,2
1719423351.8506846,2
1719423356.0156715,2
1719423360.0546846,2
1719423364.2527776,2
1719423368.3577921,2
1719423372.3903239,2
1719423376.559903,2
1719423380.5737567,2
1719423384.711135,2
1719423388.9337986,2
1719423393.079679,2
1719423397.2193997,2
1719423401.4398944,2
1719423405.4822547,2
1719423409.530366,2
1719423413.5459356,2
1719423417.555446,2
1719423421.755403,2
1719423425.9475708,2
1719423430.0276546,2
1719423434.1219165,2
1719423438.1623287,2
1719423442.205387,2
1719423446.2019017,2
1719423450.2118824,2
1719423454.2215617,2
1719423458.3088288,2
1719423462.3584955,2
1719423466.4671931,2
1719423470.5858371,2
1719423474.6620643,2
1719423478.90874,2
1719423482.927615,2
1719423487.1338491,2
1719423491.311622,2
1719423495.3633392,2
1719423499.4804475,2
1719423503.7025182,2
1719423507.7345066,2
1719423511.953221,2
1719423516.125363,2
1719423520.1647885,2
1719423524.180918,2
1719423528.2597008,2
1719423532.5226283,2
1719423536.602405,2
1719423540.5183184,2
1719423544.6941013,2
1719423548.899608,2
1719423553.038922,2
1719423557.157469,2
1719423561.2996583,2
1719423565.4106066,2
1719423569.4768639,2
1719423573.642806,2
1719423577.4916594,2
1719423581.706169,2
1719423585.7979298,2
1719423589.893086,2
1719423594.103151,2
1719423598.15814,2
1719423602.2574573,2
1719423606.391315,2
1719423610.5134068,2
1719423614.819704,2
1719423619.1531172,2
1719423623.133532,2
1719423627.2585042,2
1719423631.4974477,2
1719423635.6678116,2
1719423639.8288126,2
1719423643.9953043,2
1719423648.0974085,2
1719423652.2859051,2
1719423656.3305204,2
1719423660.4673936,2
1719423664.5352437,2
1719423668.5863802,2
1719423672.6779203,2
1719423676.7255692,2
1719423680.756836,2
1719423684.8136744,2
1719423688.8578718,2
1719423692.92249,2
1719423697.0751636,2
1719423701.1272447,2
1719423705.2909083,2
1719423709.4188209,2
1719423713.5187888,2
1719423717.8154314,2
1719423721.6394925,2
1719423725.7813516,2
1719423730.0635495,2
1719423734.1576571,2
1719423738.2654188,2
1719423742.3635955,2
1719423746.4203594,2
1719423750.524123,2
1719423754.4932678,2
1719423758.7601626,2
1719423762.9559937,2
1719423767.078829,2
1719423771.364377,2
1719423775.5142856,2
1719423779.588383,2
1719423783.712304,2
1719423787.7754178,2
1719423791.7421575,2
1719423795.6619246,2
1719423799.883452,2
1719423804.0179007,2
1719423808.0185013,2
1719423812.1108804,2
1719423816.2231498,2
1719423820.3322322,2
1719423824.3862815,2
1719423828.659664,2
1719423832.7227495,2
1719423836.6526692,2
1719423840.6499941,2
1719423844.9068305,2
1719423849.080963,2
1719423853.2788694,2
1719423857.5117817,2
1719423861.7343469,2
1719423865.9300582,2
1719423870.0285916,2
1719423874.1509507,2
1719423878.3387954,2
1719423882.6971183,2
1719423886.9423628,2
1719423891.0913744,2
1719423895.309336,2
1719423899.4869757,2
1719423903.6373177,2
1719423907.7982347,2
1719423911.911377,2
1719423916.0653186,2
1719423920.292764,2
1719423924.6007082,2
1719423928.719644,2
1719423933.0171275,2
1719423937.2673824,2
1719423941.4384923,2
1719423945.8009698,2
1719423950.0149386,2
1719423954.1641152,2
1719423958.2625065,2
1719423962.5232627,2
1719423966.6310964,2
1719423970.8284466,2
1719423975.0222492,2
1719423979.3408213,2
1719423983.461422,2
1719423987.5624242,2
1719423991.6913953,2
1719423995.879615,2
1719424000.0509212,2
1719424004.2999394,2
1719424008.3317258,2
1719424012.7092845,2
1719424016.7366946,2
1719424021.090873,2
1719424025.519782,2
1719424029.7741663,2
1719424033.939969,2
1719424038.0843246,2
1719424042.2623353,2
1719424046.3964906,2
1719424050.6016545,2
1719424054.8389838,2
1719424059.1750207,2
1719424063.4796114,2
1719424067.6521845,2
1719424071.9232159,2
1719424076.1384597,2
1719424080.33585,2
1719424084.648818,2
1719424088.7258072,2
1719424093.0827441,2
1719424097.3840759,2
1719424101.5093102,2
1719424105.7517083,2
1719424109.973134,2
1719424114.2134573,2
1719424118.485574,2
1719424122.6618085,2
1719424126.8794646,2
1719424130.8815908,2
1719424135.2288666,2
1719424139.7109442,2
1719424144.2221136,2
1719424148.544282,2
1719424152.589522,2
1719424156.6908998,2
1719424160.9046566,2
1719424165.277499,2
1719424169.3540852,2
1719424173.2260606,2
1719424177.3074765,2
1719424181.1395113,2
1719424185.1142278,2
1719424189.303693,2
1719424193.35063,2
1719424197.4312072,2
1719424201.563991,2
1719424205.5028298,2
1719424209.566584,2
1719424213.632449,2
1719424217.6527514,2
1719424221.7276938,2
1719424225.7908933,2
1719424229.861224,2
1719424234.0933816,2
1719424238.2407036,2
1719424242.2521486,2
1719424246.4479234,2
1719424250.5351748,2
1719424254.61533,2
1719424258.685739,2
1719424262.7884016,2
1719424266.9496622,2
1719424271.229467,2
1719424275.229238,2
1719424279.314348,2
1719424283.4647958,2
1719424287.7430248,2
1719424291.9233904,2
1719424296.0081124,2
1719424300.042651,2
1719424304.188568,2
1719424308.3465838,2
1719424312.394735,2
1719424316.558531,2
1719424320.5950017,2
1719424324.6606748,2
1719424328.7148783,2
1719424332.8511794,2
1719424336.8980308,2
1719424341.1493664,2
1719424345.1881464,2
1719424349.2063732,2
1719424353.2789247,2
1719424357.3865986,2
1719424361.6413686,2
1719424365.7221913,2
1719424369.7707257,2
1719424373.9165332,2
1719424378.0725508,2
1719424382.1692855,2
1719424386.3049328,2
1719424390.4685066,2
1719424394.6613429,2
1719424398.9532962,2
1719424403.1720083,2
1719424407.325362,2
1719424411.3735325,2
1719424415.5906043,2
1719424419.645293,2
1719424423.5378351,2
1719424427.7011623,2
1719424431.7571077,2
1719424435.6873577,2
1719424439.8395529,2
1719424443.9883795,2
1719424448.008723,2
1719424452.2452853,2
1719424456.4327521,2
1719424460.507111,2
1719424464.8363564,2
1719424468.9477153,2
1719424473.1297982,2
1719424477.196427,2
1719424481.397549,2
1719424485.47824,2
1719424489.5572517,2
1719424493.701551,2
1719424497.8515153,2
1719424502.060277,2
1719424506.1240907,2
1719424510.210397,2
1719424514.3914278,2
1719424518.6267917,2
1719424522.6713138,2
1719424526.8498197,2
1719424530.9607158,2
1719424535.0436156,2
1719424539.345393,2
1719424543.5653777,2
1719424547.7412515,2
1719424551.9584513,2
1719424555.9730992,2
1719424560.0677898,2
1719424564.261177,2
1719424568.4651952,2
1719424572.53755,2
1719424576.5133092,2
1719424580.6660395,2
1719424584.8316145,2
1719424589.056766,2
1719424593.1504722,2
1719424597.2474442,2
1719424601.5392385,2
1719424605.5744474,2
1719424609.7950017,2
1719424613.9228969,2
1719424618.0344627,2
1719424622.1412618,2
1719424626.2454197,2
1719424630.3466806,2
1719424634.3048713,2
1719424638.4697602,2
1719424642.5645328,2
1719424646.688321,2
1719424650.789089,2
1719424654.883374,2
1719424658.958244,2
1719424663.1158874,2
1719424667.353122,2
1719424671.4948134,2
1719424675.581649,2
1719424679.727977,2
1719424683.9372134,2
1719424688.042795,2
1719424692.2329106,2
1719424696.3423538,2
1719424700.574352,2
1719424704.7110395,2
1719424708.7875502,2
1719424712.8363721,2
1719424717.003757,2
1719424721.184593,2
1719424725.2315757,2
1719424729.3333461,2
1719424733.5313556,2
1719424737.6936274,2
1719424741.853247,2
1719424746.0580842,2
1719424750.2528133,2
1719424754.4460309,2
1719424758.6461413,2
1719424762.7894604,2
1719424767.0138586,2
1719424771.1823986,2
1719424775.3697174,2
1719424779.6678357,2
1719424783.8481338,2
1719424788.0519464,2
1719424792.2613015,2
1719424796.6827078,2
1719424800.9370959,2
1719424805.1445029,2
1719424809.1787465,2
1719424813.3384516,2
1719424817.597627,2
1719424821.5617974,2
1719424825.8267398,2
1719424829.959969,2
1719424833.998951,2
1719424838.2797856,2
1719424842.4105928,2
1719424846.631377,2
1719424850.8475196,2
1719424855.063905,2
1719424859.2839704,2
1719424863.5440397,2
1719424867.737097,2
1719424871.9215577,2
1719424876.0991404,2
1719424880.244694,2
1719424884.5495007,2
1719424888.7275338,2
1719424892.936089,2
1719424897.1408594,2
1719424901.3781116,2
1719424905.6144443,2
1719424909.7948177,2
1719424913.9847486,2
1719424918.2707582,2
1719424922.5015857,2
1719424926.5957804,2
1719424930.949694,2
1719424934.9747071,2
1719424939.11959,2
1719424943.406466,2
1719424947.7970662,2
1719424952.099597,2
1719424956.4121618,2
1719424960.6391726,2
1719424964.84707,2
1719424968.8851557,2
1719424973.1873057,2
1719424977.4215367,2
1719424981.7777653,2
1719424985.9727378,2
1719424990.1306462,2
1719424994.3720088,2
1719424998.6323938,2
1719425002.8422062,2
1719425007.0627134,2
1719425011.073956,2
1719425015.486379,2
1719425019.859097,2
1719425024.192301,2
1719425028.3175354,2
1719425032.1965904,2
1719425036.3468943,2
1719425040.522207,2
1719425044.609355,2
1719425048.6653688,2
1719425052.5788553,2
1719425056.7568169,2
1719425060.8623295,2
1719425064.9591186,2
1719425069.1249442,2
1719425073.2925375,2
1719425077.462351,2
1719425081.4934306,2
1719425085.7572753,2
1719425089.9941897,2
1719425093.7016134,2
1719425097.647106,2
1719425101.7782185,2
1719425105.921817,2
1719425110.1032128,2
1719425114.2085636,2
1719425118.252121,2
1719425122.346086,2
1719425126.3510096,2
1719425130.543808,2
1719425134.776192,2
1719425138.8366833,2
1719425142.8554397,2
1719425146.7428906,2
1719425150.778542,2
1719425154.6554992,2
1719425158.7844532,2
1719425162.9057996,2
1719425167.1306515,2
1719425171.3448744,2
1719425175.4905424,2
1719425179.6395364,2
1719425183.7608387,2
1719425187.8437665,2
1719425191.939459,2
1719425196.269436,2
1719425200.3711028,2
1719425204.5660586,2
1719425208.7168202,2
1719425212.792198,2
1719425216.9766164,2
1719425221.0674348,2
1719425225.1009686,2
1719425229.1658406,2
1719425233.101402,2
1719425237.4331138,2
1719425241.468132,2
1719425245.5774815,2
1719425249.6856103,2
1719425253.678406,2
1719425257.8607798,2
1719425261.993322,2
1719425266.0249152,2
1719425270.0636487,2
1719425274.0563486,2
1719425278.1496108,2
1719425282.2055562,2
1719425286.2425892,2
1719425290.396504,2
1719425294.4024084,2
1719425298.531093,2
1719425302.4525144,2
1719425306.5482852,2
1719425310.7196774,2
1719425314.772499,2
1719425318.8781583,2
1719425323.0107076,2
1719425327.1888983,2
1719425331.3298028,2
1719425335.4148216,2
1719425339.4878647,2
1719425343.4372263,2
1719425347.6282227,2
1719425351.598243,2
1719425355.8082957,2
1719425359.937942,2
1719425364.0932314,2
1719425368.1359618,2
1719425372.218102,2
1719425376.3634038,2
1719425380.4064648,2
1719425384.560366,2
1719425388.825785,2
1719425392.8831346,2
1719425397.0436199,2
1719425401.273307,2
1719425405.3657086,2
1719425409.4689581,2
1719425413.5427692,2
1719425417.6489716,2
1719425421.6761405,2
1719425425.741587,2
1719425429.8326645,2
1719425434.0189335,2
1719425438.0088532,2
1719425442.086313,2
1719425446.1371305,2
1719425450.2481663,2
1719425454.3644032,2
1719425458.4821205,2
1719425462.5787065,2
1719425466.747433,2
1719425470.8036492,2
1719425474.8901803,2
1719425479.027403,2
1719425482.9538763,2
1719425487.0284653,2
1719425491.2407513,2
1719425495.3673465,2
1719425499.4556336,2
1719425503.6333265,2
1719425507.699545,2
1719425511.651765,2
1719425515.889285,2
1719425520.0312889,2
1719425524.1468277,2
1719425528.3456998,2
1719425532.4839487,2
1719425536.778317,2
1719425540.8986242,2
1719425545.0959425,2
1719425549.1793306,2
1719425553.125564,2
1719425557.2536006,2
1719425561.5436823,2
1719425565.8950114,2
1719425569.9762635,2
1719425574.0787377,2
1719425578.244557,2
1719425582.4727898,2
1719425586.6702342,2
1719425590.813103,2
1719425594.7557087,2
1719425598.9496164,2
1719425603.0921838,2
1719425607.1984477,2
1719425611.494585,2
1719425615.754107,2
1719425619.8960032,2
1719425624.0360854,2
1719425628.1700869,2
1719425632.2555423,2
1719425636.1382482,2
1719425640.1155057,2
1719425644.3610568,2
1719425648.603384,2
1719425652.9206395,2
1719425657.1713986,2
1719425661.3238192,2
1719425665.509326,2
1719425669.6315649,2
1719425673.815919,2
1719425677.8633275,2
1719425682.0805454,2
1719425686.2260888,2
1719425690.420853,2
1719425694.5957646,2
1719425698.893635,2
1719425703.066754,2
1719425707.3925374,2
1719425711.5778544,2
1719425715.9417706,2
1719425720.0508208,2
1719425724.3593035,2
1719425728.4566805,2
1719425732.8170304,2
1719425736.9650965,2
1719425741.2024667,2
1719425745.4303546,2
1719425749.5912766,2
1719425753.8749838,2
1719425758.0269358,2
1719425762.156586,2
1719425766.385618,2
1719425770.5901296,2
1719425774.5656488,2
1719425778.7305157,2
1719425782.8650875,2
1719425787.0759523,2
1719425791.2881992,2
1719425795.4396038,2
1719425799.7130444,2
1719425803.7497017,2
1719425808.0259242,2
1719425812.2617438,2
1719425816.469542,2
1719425820.643151,2
1719425824.91649,2
1719425829.150688,2
1719425833.330315,2
1719425837.4937942,2
1719425841.7001512,2
1719425845.7168612,2
1719425849.877951,2
1719425854.1368172,2
1719425858.3207242,2
1719425862.5177238,2
1719425866.7316778,2
1719425870.894729,2
1719425875.2320893,2
1719425879.562425,2
1719425883.522045,2
1719425887.5725043,2
1719425892.0385418,2
1719425896.4612627,2
1719425900.8809464,2
1719425905.2135127,2
1719425909.3607333,2
1719425913.4320056,2
1719425917.5982358,2
1719425921.7202992,2
1719425925.7280843,2
1719425929.669808,2
1719425934.0191228,2
1719425938.1162193,2
1719425942.233144,2
1719425946.3324795,2
1719425950.516043,2
1719425954.5724204,2
1719425958.7144186,2
1719425962.9029677,2
1719425966.9678557,2
1719425970.8711317,2
1719425975.0285301,2
1719425979.107988,2
1719425983.2714827,2
1719425987.321698,2
1719425991.6802864,2
1719425995.707221,2
1719425999.779841,2
1719426003.8291612,2
1719426007.8973267,2
1719426011.9417937,2
1719426016.111683,2
1719426020.1601465,2
1719426024.075989,2
1719426028.2278736,2
1719426032.4190478,2
1719426036.5430248,2
1719426040.544455,2
1719426044.6083784,2
1719426048.7467852,2
1719426052.8099105,2
1719426056.8833408,2
1719426061.0025687,2
1719426065.1297617,2
1719426069.227227,2
1719426073.3675573,2
1719426077.2431605,2
1719426081.4527326,2
1719426085.5722268,2
1719426089.7029295,2
1719426093.783752,2
1719426097.8732426,2
1719426101.9907238,2
1719426106.0773926,2
1719426110.307646,2
1719426114.266316,2
1719426118.3985093,2
1719426122.5040052,2
1719426126.546698,2
1719426130.7584476,2
1719426134.968903,2
1719426138.9254832,2
1719426142.9586754,2
1719426147.1945186,2
1719426151.332497,2
1719426155.456944,2
1719426159.4890208,2
1719426163.5305982,2
1719426167.7260349,2
1719426171.8794093,2
1719426176.01777,2
1719426180.0290039,2
1719426184.1409917,2
1719426188.244948,2
1719426192.4385538,2
1719426196.4962406,2
1719426200.5421243,2
1719426204.5806313,2
1719426208.6737304,2
1719426212.8398497,2
1719426217.0083597,2
1719426221.203304,2
1719426225.274645,2
1719426229.4895773,2
1719426233.6295373,2
1719426237.7511241,2
1719426241.9817955,2
1719426246.1411884,2
1719426250.394134,2
1719426254.4549253,2
1719426258.478954,2
1719426262.727412,2
1719426266.7806482,2
1719426270.9398155,2
1719426275.0098205,2
1719426279.1115012,2
1719426283.235171,2
1719426287.365492,2
1719426291.5243094,2
1719426295.8327127,2
1719426299.8661106,2
1719426304.0196104,2
1719426308.2030017,2
1719426312.2541094,2
1719426316.3694842,2
1719426320.3994718,2
1719426324.6425233,2
1719426328.6387546,2
1719426332.8732948,2
1719426337.010301,2
1719426341.1965265,2
1719426345.3515935,2
1719426349.5125253,2
1719426353.6909418,2
1719426357.830913,2
1719426362.0569992,2
1719426366.2635994,2
1719426370.333646,2
1719426374.4563162,2
1719426378.6893861,2
1719426382.8647184,2
1719426386.9478528,2
1719426390.864839,2
1719426394.8515706,2
1719426398.868609,2
1719426402.9647348,2
1719426407.0168808,2
1719426411.0289483,2
1719426415.2480292,2
1719426419.1432524,2
1719426423.3089674,2
1719426427.4345753,2
1719426431.5939364,2
1719426435.8685136,2
1719426439.866105,2
1719426444.121214,2
1719426448.282606,2
1719426452.4658558,2
1719426456.5987086,2
1719426460.7738476,2
1719426464.8713343,2
1719426468.9592266,2
1719426473.0875647,2
1719426477.3050861,2
1719426481.4056935,2
1719426485.6093414,2
1719426489.7479033,2
1719426493.8952565,2
1719426498.069332,2
1719426502.2320588,2
1719426506.3750696,2
1719426510.5354621,2
1719426514.6659234,2
1719426518.9632752,2
1719426523.1283183,2
1719426527.312101,2
1719426531.4333878,2
1719426535.5357969,2
1719426539.627395,2
1719426543.7723143,2
1719426547.904765,2
1719426552.2325804,2
1719426556.4690657,2
1719426560.7294722,2
1719426564.91224,2
1719426569.1137516,2
1719426573.3501751,2
1719426577.5261858,2
1719426581.7912652,2
1719426585.9500153,2
1719426590.115054,2
1719426594.2443764,2
1719426598.420577,2
1719426602.682792,2
1719426606.8381402,2
1719426610.990251,2
1719426615.2159657,2
1719426619.3963118,2
1719426623.5073633,2
1719426627.7712524,2
1719426632.0929332,2
1719426636.3823366,2
1719426640.6715155,2
1719426644.9977076,2
1719426649.190996,2
1719426653.508315,2
1719426657.7131722,2
1719426661.9732192,2
1719426666.2088544,2
1719426670.4253118,2
1719426674.7151113,2
1719426678.8783083,2
1719426683.086537,2
1719426687.2991135,2
1719426691.3549752,2
1719426695.5927773,2
1719426699.7590697,2
1719426704.0158324,2
1719426708.1182675,2
1719426712.3615165,2
1719426716.444931,2
1719426720.6807814,2
1719426725.0534062,2
1719426729.3663244,2
1719426733.5982084,2
1719426737.9796355,2
1719426742.224767,2
1719426746.5223613,2
1719426750.7975793,2
1719426754.9813392,2
1719426759.0460072,2
1719426763.3233101,2
1719426767.5800612,2
1719426772.2382298,2
1719426776.8354332,2
1719426781.3318293,2
1719426785.5402286,2
1719426789.7537506,2
1719426793.88317,2
1719426798.154832,2
1719426802.3884401,2
1719426806.475465,2
1719426810.3460977,2
1719426814.488361,2
1719426818.5118997,2
1719426822.87959,2
1719426827.0298216,2
1719426831.2118633,2
1719426835.3241537,2
1719426839.51566,2
1719426843.5292895,2
1719426847.7766192,2
1719426852.080702,2
1719426856.351663,2
1719426860.5013149,2
1719426864.6723883,2
1719426868.7381666,2
1719426872.9990845,2
1719426877.0636687,2
1719426881.2853587,2
1719426885.4277802,2
1719426889.603994,2
1719426893.7145739,2
1719426897.895512,2
1719426902.0563664,2
1719426906.1235278,2
1719426910.1502454,2
1719426914.3105676,2
1719426918.3077617,2
1719426922.4163039,2
1719426926.5607607,2
1719426930.6690736,2
1719426934.735026,2
1719426938.9044633,2
1719426943.0657825,2
1719426947.1918802,2
1719426951.242767,2
1719426955.424725,2
1719426959.5040421,2
1719426963.6630173,2
1719426967.6989858,2
1719426971.825995,2
1719426976.037556,2
1719426980.0900166,2
1719426984.151624,2
1719426988.2670093,2
1719426992.4114666,2
1719426996.5886347,2
1719427000.7781234,2
1719427004.9138703,2
1719427008.8853028,2
1719427012.9314866,2
1719427016.837823,2
1719427020.753587,2
1719427024.832069,2
1719427028.9487686,2
1719427033.1167722,2
1719427037.308779,2
1719427041.418492,2
1719427045.5708938,2
1719427049.6545916,2
1719427053.7620065,2
1719427057.9264054,2
1719427061.8360965,2
1719427065.9929423,2
1719427070.0952065,2
1719427074.1776395,2
1719427078.325389,2
1719427082.5608807,2
1719427086.6785264,2
1719427090.5613737,2
1719427094.6025217,2
1719427098.6603518,2
1719427102.7883914,2
1719427106.8368888,2
1719427111.013216,2
1719427115.0357387,2
1719427119.171785,2
1719427123.229332,2
1719427127.2786727,2
1719427131.3431818,2
1719427135.438406,2
1719427139.5991962,2
1719427143.711319,2
1719427147.6176383,2
1719427151.7818186,2
1719427155.922614,2
1719427160.162636,2
1719427164.3279016,2
1719427168.5868962,2
1719427172.7822237,2
1719427176.8636096,2
1719427180.9273028,2
1719427185.0033255,2
1719427188.9845386,2
1719427193.1024024,2
1719427197.2176747,2
1719427201.2526674,2
1719427205.3811984,2
1719427209.4826403,2
1719427213.6169791,2
1719427217.725967,2
1719427221.8761644,2
1719427226.0440378,2
1719427230.0723133,2
1719427233.9312172,2
1719427238.0875702,2
1719427242.1130235,2
1719427246.218244,2
1719427250.3886478,2
1719427254.4483228,2
1719427258.6139026,2
1719427262.8181555,2
1719427266.9458838,2
1719427271.0988152,2
1719427275.2678113,2
1719427279.4892142,2
1719427283.7284768,2
1719427287.9903107,2
1719427292.1600683,2
1719427296.3569992,2
1719427300.5084052,2
1719427304.63749,2
1719427308.835872,2
1719427312.9903944,2
1719427317.2185173,2
1719427321.2732608,2
1719427325.3581574,2
1719427329.5852962,2
1719427333.881257,2
1719427338.038632,2
1719427342.0308843,2
1719427346.0871532,2
1719427350.1817863,2
1719427354.327876,2
1719427358.3029644,2
1719427362.4042242,2
1719427366.5131738,2
1719427370.7066903,2
1719427374.844533,2
1719427378.9295516,2
1719427383.032826,2
1719427387.2000208,2
1719427391.3698475,2
1719427395.4930472,2
1719427399.529338,2
1719427403.668767,2
1719427407.800157,2
1719427411.9410641,2
1719427416.1402106,2
1719427420.3356586,2
1719427424.6683254,2
1719427428.9337916,2
1719427433.0543506,2
1719427437.20563,2
1719427441.2072728,2
1719427445.5273457,2
1719427449.661418,2
1719427453.8019137,2
1719427457.9926312,2
1719427462.0823047,2
1719427466.2422056,2
1719427470.463165,2
1719427474.6448176,2
1719427478.9318519,2
1719427482.9653883,2
1719427487.1522322,2
1719427491.3129637,2
1719427495.286664,2
1719427499.4469862,2
1719427503.5810382,2
1719427507.766963,2
1719427511.949823,2
1719427516.2333775,2
1719427520.4428706,2
1719427524.6825905,2
1719427528.9432411,2
1719427533.2752266,2
1719427537.55882,2
1719427541.7774978,2
1719427545.9522789,2
1719427550.1026099,2
1719427554.4488053,2
1719427558.6523926,2
1719427562.8375125,2
1719427566.8486216,2
1719427571.0972886,2
1719427575.3222558,2
1719427579.3047912,2
1719427583.5559466,2
1719427587.7111158,2
1719427592.0638673,2
1719427596.4030888,2
1719427600.711582,2
1719427604.9637403,2
1719427609.0062556,2
1719427613.1546564,2
1719427617.4273088,2
1719427621.7043686,2
1719427625.9003737,2
1719427630.2894025,2
1719427634.6153336,2
1719427638.805472,2
1719427643.0977297,2
1719427647.468351,2
1719427651.7127404,2
1719427656.0793698,2
1719427660.5847719,2
1719427664.7384117,2
1719427668.8265846,2
1719427672.9804015,2
1719427677.094987,2
1719427681.1162758,2
1719427685.193982,2
1719427689.3638167,2
1719427693.4193714,2
1719427697.601533,2
1719427701.6727548,2
1719427705.5470533,2
1719427709.756074,2
1719427713.8754616,2
1719427717.9320092,2
1719427721.9422448,2
1719427726.0615304,2
1719427730.1290507,2
1719427734.2984397,2
1719427738.5096495,2
1719427742.6264436,2
1719427746.8317375,2
1719427750.9286675,2
1719427755.0030353,2
1719427759.057147,2
1719427763.2004724,2
1719427767.3036273,2
1719427771.300347,2
1719427775.4374526,2
1719427779.6432781,2
1719427783.7842875,2
1719427787.9595366,2
1719427791.8561752,2
1719427795.922365,2
1719427800.0818696,2
1719427804.2188783,2
1719427808.3929236,2
1719427812.4595103,2
1719427816.640954,2
1719427820.5801873,2
1719427824.8711545,2
1719427828.8876767,2
1719427833.0698152,2
1719427837.0981092,2
1719427841.2414336,2
1719427845.5022838,2
1719427849.6633546,2
1719427853.7898824,2
1719427857.9436119,2
1719427861.643694,2
1719427865.7348287,2
1719427869.8493505,2
1719427874.0546544,2
1719427878.0895095,2
1719427882.141455,2
1719427886.2154496,2
1719427890.2775812,2
1719427894.5358195,2
1719427898.7219625,2
1719427902.8290553,2
1719427906.9073305,2
1719427910.9978268,2
1719427915.0891402,2
1719427919.1699169,2
1719427923.2818215,2
1719427927.471548,2
1719427931.4629207,2
1719427935.5588584,2
1719427939.7247882,2
1719427943.8325806,2
1719427947.8669162,2
1719427951.9704845,2
1719427956.1473713,2
1719427960.1809332,2
1719427964.2641144,2
1719427968.324517,2
1719427972.396567,2
1719427976.4470236,2
1719427980.5903316,2
1719427984.6288402,2
1719427988.793318,2
1719427992.9303818,2
1719427997.1795192,2
1719428001.3446293,2
1719428005.5389922,2
1719428009.430335,2
1719428013.5716972,2
1719428017.7407491,2
1719428021.9193146,2
1719428025.9938724,2
1719428030.1147158,2
1719428034.21849,2
1719428038.2706373,2
1719428042.2985337,2
1719428046.4522743,2
1719428050.6409287,2
1719428054.7516348,2
1719428058.8762016,2
1719428062.9619422,2
1719428067.1851628,2
1719428071.4928668,2
1719428075.5730526,2
1719428079.744106,2
1719428083.7752483,2
1719428087.877773,2
1719428091.9282491,2
1719428096.093162,2
1719428100.1237862,2
1719428104.2032385,2
1719428108.2994232,2
1719428112.410322,2
1719428116.4840586,2
1719428120.6169262,2
1719428124.8138833,2
1719428128.9731452,2
1719428133.0668726,2
1719428137.1990244,2
1719428141.2363734,2
1719428145.4633327,2
1719428149.5228763,2
1719428153.4833002,2
1719428157.698299,2
1719428161.8558624,2
1719428165.9389572,2
1719428170.1726496,2
1719428174.4361165,2
1719428178.7193282,2
1719428182.9199216,2
1719428187.0136855,2
1719428191.1740394,2
1719428195.303697,2
1719428199.2838302,2
1719428203.216793,2
1719428207.3364065,2
1719428211.4976504,2
1719428215.6431623,2
1719428219.530502,2
1719428223.596815,2
1719428227.7552557,2
1719428231.8382447,2
1719428235.8691018,2
1719428239.984413,2
1719428244.0880218,2
1719428248.1752334,2
1719428252.397798,2
1719428256.5879796,2
1719428260.812904,2
1719428265.0406249,2
1719428269.236235,2
1719428273.4000814,2
1719428277.5124846,2
1719428281.8620112,2
1719428286.0558617,2
1719428290.1237118,2
1719428294.3026578,2
1719428298.5163357,2
1719428302.6934984,2
1719428306.8758905,2
1719428311.0882745,2
1719428315.2887967,2
1719428319.293248,2
1719428323.4758,2
1719428327.6672485,2
1719428331.9149225,2
1719428336.177702,2
1719428340.459015,2
1719428344.6966617,2
1719428348.9177594,2
1719428353.07782,2
1719428357.380002,2
1719428361.4511766,2
1719428365.672161,2
1719428369.9785783,2
1719428374.1860707,2
1719428378.4424248,2
1719428382.5830703,2
1719428386.8264716,2
1719428390.8478646,2
1719428395.0806608,2
1719428399.2326088,2
1719428403.243038,2
1719428407.4197054,2
1719428411.7397192,2
1719428415.9027529,2
1719428420.1276014,2
1719428424.327379,2
1719428428.5177975,2
1719428432.7024734,2
1719428437.0068886,2
1719428441.233733,2
1719428445.4279888,2
1719428449.5888436,2
1719428453.822341,2
1719428458.0161705,2
1719428462.3497155,2
1719428466.5667226,2
1719428470.9066253,2
1719428475.184344,2
1719428479.3434482,2
1719428483.5578065,2
1719428487.615339,2
1719428491.8899164,2
1719428496.183232,2
1719428500.5106118,2
1719428504.7859046,2
1719428509.2014692,2
1719428513.4207416,2
1719428517.8158393,2
1719428522.0097127,2
1719428526.334367,2
1719428530.7743347,2
1719428535.1805377,2
1719428539.554713,2
1719428543.7122698,2
1719428547.8493483,2
1719428552.0544577,2
1719428556.2213335,2
1719428560.3487957,2
1719428564.4435544,2
1719428568.6386151,2
1719428572.7737043,2
1719428576.8012016,2
1719428580.7031486,2
1719428584.6411417,2
1719428588.7543209,2
1719428592.8776894,2
1719428597.0611897,2
1719428601.156009,2
1719428605.3299568,2
1719428609.469549,2
1719428613.4773679,2
1719428617.6879125,2
1719428621.8785844,2
1719428625.912155,2
1719428629.9964619,2
1719428634.1320581,2
1719428638.1812458,2
1719428642.1560843,2
1719428646.291256,2
1719428650.3765635,2
1719428654.607726,2
1719428658.7258267,2
1719428662.7400827,2
1719428666.8061988,2
1719428670.9887269,2
1719428675.0153916,2
1719428679.125678,2
1719428683.284766,2
1719428687.5332544,2
1719428691.6443212,2
1719428695.8186486,2
1719428699.8243477,2
1719428703.8034537,2
1719428707.890377,2
1719428711.9764926,2
1719428716.069545,2
1719428720.2538598,2
1719428724.3535793,2
1719428728.38173,2
1719428732.5115867,2
1719428736.5197718,2
1719428740.4962716,2
1719428744.740009,2
1719428748.684437,2
1719428752.7347524,2
1719428756.8849978,2
1719428761.0062249,2
1719428765.0312657,2
1719428769.14211,2
1719428773.2309263,2
1719428777.5188541,2
1719428781.3802931,2
1719428785.454161,2
1719428789.5422165,2
1719428793.714003,2
1719428797.8496017,2
1719428802.0391443,2
1719428806.1499922,2
1719428810.280284,2
1719428814.390075,2
1719428818.4715595,2
1719428822.3333302,2
1719428826.466879,2
1719428830.5816352,2
1719428834.74668,2
1719428838.8173335,2
1719428842.950566,2
1719428847.0658796,2
1719428851.2095737,2
1719428855.122101,2
1719428859.195417,2
1719428863.2873394,2
1719428867.3873372,2
1719428871.2643592,2
1719428875.3505926,2
1719428879.5492227,2
1719428883.796482,2
1719428887.9705641,2
1719428892.118382,2
1719428896.1707075,2
1719428900.2322197,2
1719428904.4141552,2
1719428908.3629346,2
1719428912.5331748,2
1719428916.7647297,2
1719428920.8627694,2
1719428924.9605026,2
1719428928.884178,2
1719428933.0469701,2
1719428937.2716055,2
1719428941.36815,2
1719428945.556575,2
1719428949.522278,2
1719428953.659974,2
1719428957.8649433,2
1719428962.004522,2
1719428966.0640733,2
1719428970.16592,2
1719428974.1303918,2
1719428978.3157063,2
1719428982.3951209,2
1719428986.5773127,2
1719428990.4943798,2
1719428994.5594509,2
1719428998.7613258,2
1719429003.0052707,2
1719429007.1519759,2
1719429011.2944314,2
1719429015.3199158,2
1719429019.3824847,2
1719429023.5278375,2
1719429027.4592884,2
1719429031.6044383,2
1719429035.7335546,2
1719429040.1152346,2
1719429044.2168458,2
1719429048.3190076,2
1719429052.4210994,2
1719429056.4211051,2
1719429060.5222697,2
1719429064.6049523,2
1719429068.7189617,2
1719429072.9589427,2
1719429077.1841698,2
1719429081.3960297,2
1719429085.6187968,2
1719429089.8354795,2
1719429093.9475381,2
1719429098.068747,2
1719429102.1970484,2
1719429106.4625103,2
1719429110.5856652,2
1719429114.7430212,2
1719429118.784399,2
1719429122.8658936,2
1719429126.9951982,2
1719429131.225302,2
1719429135.2688258,2
1719429139.414579,2
1719429143.6076672,2
1719429147.7395248,2
1719429151.9824517,2
1719429156.129005,2
1719429160.0977228,2
1719429164.3426173,2
1719429168.5790262,2
1719429172.842328,2
1719429177.06965,2
1719429181.2151299,2
1719429185.438487,2
1719429189.66613,2
1719429193.8224568,2
1719429197.9668128,2
1719429201.9360108,2
1719429206.0855486,2
1719429210.2983744,2
1719429214.4311771,2
1719429218.646607,2
1719429222.717644,2
1719429226.846828,2
1719429231.1334198,2
1719429235.344177,2
1719429239.5433552,2
1719429243.5456986,2
1719429247.832132,2
1719429252.0119407,2
1719429256.1419523,2
1719429260.3615038,2
1719429264.4952662,2
1719429268.6625214,2
1719429272.9177856,2
1719429277.0338144,2
1719429281.1880822,2
1719429285.140814,2
1719429289.2577424,2
1719429293.5163095,2
1719429297.7391362,2
1719429301.9319036,2
1719429306.1202984,2
1719429310.3778505,2
1719429314.5648046,2
1719429318.7255907,2
1719429322.9508445,2
1719429326.947233,2
1719429331.073791,2
1719429335.2494872,2
1719429339.4883687,2
1719429343.6424878,2
1719429347.9507654,2
1719429352.2730613,2
1719429356.3335633,2
1719429360.5036218,2
1719429364.672376,2
1719429368.6685252,2
1719429372.8890443,2
1719429376.906928,2
1719429381.0971048,2
1719429385.2023878,2
1719429389.4403133,2
1719429393.6239426,2
1719429397.8828936,2
1719429402.0861733,2
1719429406.47852,2
1719429410.8070767,2
1719429415.306714,2
1719429419.7619774,2
1719429423.969055,2
1719429428.238513,2
1719429432.2936385,2
1719429436.4220161,2
1719429440.5485663,2
1719429444.6194713,2
1719429448.7897196,2
1719429452.8043048,2
1719429456.9615152,2
1719429460.9974616,2
1719429465.1328921,2
1719429469.3421118,2
1719429473.4454453,2
1719429477.5554895,2
1719429481.5972178,2
1719429485.5940607,2
1719429489.745207,2
1719429493.6500294,2
1719429497.708125,2
1719429502.0025911,2
1719429506.099614,2
1719429510.029325,2
1719429514.1148534,2
1719429518.169569,2
1719429522.347966,2
1719429526.5468712,2
1719429530.6520207,2
1719429534.8103256,2
1719429538.9566545,2
1719429542.996402,2
1719429547.1169457,2
1719429551.1989484,2
1719429555.3895772,2
1719429559.4964378,2
1719429563.5910602,2
1719429567.8279943,2
1719429571.930849,2
1719429575.826184,2
1719429579.9812555,2
1719429584.0040033,2
1719429588.1446755,2
1719429592.3462305,2
1719429596.4838467,2
1719429600.6497357,2
1719429604.7083523,2
1719429608.7285342,2
1719429612.9706402,2
1719429617.0989544,2
1719429620.9753644,2
1719429625.0268774,2
1719429629.169658,2
1719429633.1731486,2
1719429637.336504,2
1719429641.4274535,2
1719429645.5328856,2
1719429649.5739276,2
1719429653.616925,2
1719429657.703603,2
1719429661.6803737,2
1719429665.8308854,2
1719429670.015972,2
1719429674.1863658,2
1719429678.3323753,2
1719429682.4138958,2
1719429686.4682882,2
1719429690.5976107,2
1719429694.6575956,2
1719429698.75717,2
1719429702.8670595,2
1719429706.9737766,2
1719429711.0930102,2
1719429715.2466383,2
1719429719.3736649,2
1719429723.4703166,2
1719429727.491586,2
1719429731.733133,2
1719429735.7833712,2
1719429739.982153,2
1719429743.9679327,2
1719429748.1331685,2
1719429752.2856169,2
1719429756.459405,2
1719429760.5724382,2
1719429764.6589088,2
1719429768.7275717,2
1719429772.9373937,2
1719429777.0368536,2
1719429781.1172688,2
1719429785.2519984,2
1719429789.311321,2
1719429793.3621237,2
1719429797.491377,2
1719429801.5674038,2
1719429805.6670475,2
1719429809.6695683,2
1719429813.7388783,2
1719429817.8351467,2
1719429821.9487743,2
1719429826.1073854,2
1719429830.1406584,2
1719429834.1983805,2
1719429838.3544543,2
1719429842.4413168,2
1719429846.6745183,2
1719429850.7974942,2
1719429854.9013147,2
1719429859.1918135,2
1719429863.3937428,2
1719429867.543643,2
1719429871.6481123,2
1719429875.8085408,2
1719429880.1028552,2
1719429884.2589738,2
1719429888.2970076,2
1719429892.371606,2
1719429896.4582753,2
1719429900.6216753,2
1719429904.5729587,2
1719429908.79649,2
1719429912.952346,2
1719429917.2164116,2
1719429921.38719,2
1719429925.542715,2
1719429929.5452163,2
1719429933.7707124,2
1719429937.9471638,2
1719429942.0844967,2
1719429946.1508882,2
1719429950.3596802,2
1719429954.5317686,2
1719429958.807874,2
1719429962.9192188,2
1719429967.2007582,2
1719429971.4867272,2
1719429975.6239552,2
1719429979.7649896,2
1719429983.9125764,2
1719429987.9943671,2
1719429992.1446009,2
1719429996.3040109,2
1719430000.4367206,2
1719430004.526197,2
1719430008.6543045,2
1719430012.8214324,2
1719430016.9672205,2
1719430021.1155474,2
1719430025.2504067,2
1719430029.4007347,2
1719430033.6023786,2
1719430037.8020434,2
1719430042.037848,2
1719430046.178843,2
1719430050.3385515,2
1719430054.5409572,2
1719430058.685469,2
1719430062.8148623,2
1719430066.9822161,2
1719430071.2733374,2
1719430075.448287,2
1719430079.7321754,2
1719430083.8236754,2
1719430088.0705876,2
1719430092.199181,2
1719430096.286451,2
1719430100.5055048,2
1719430104.647059,2
1719430108.9668815,2
1719430113.202469,2
1719430117.3722122,2
1719430121.6624916,2
1719430125.7784333,2
1719430130.035385,2
1719430134.1567342,2
1719430138.3380883,2
1719430142.518248,2
1719430146.6419458,2
1719430150.782759,2
1719430155.0045047,2
1719430159.2453766,2
1719430163.535116,2
1719430167.8419669,2
1719430172.0359058,2
1719430176.4278967,2
1719430180.6789904,2
1719430185.1607127,2
1719430189.1847022,2
1719430193.347771,2
1719430197.4345407,2
1719430201.462187,2
1719430205.7080712,2
1719430209.9339628,2
1719430214.051382,2
1719430218.2084987,2
1719430222.4603584,2
1719430226.7807107,2
1719430231.0328712,2
1719430235.23355,2
1719430239.4467313,2
1719430243.512151,2
1719430247.7746582,2
1719430251.9796798,2
1719430256.1475124,2
1719430260.3709862,2
1719430264.71885,2
1719430268.9332454,2
1719430273.1432114,2
1719430277.329461,2
1719430281.536464,2
1719430285.902227,2
1719430290.4068198,2
1719430294.8147283,2
1719430299.013387,2
1719430303.0715003,2
1719430307.0565197,2
1719430311.0521965,2
1719430315.1431785,2
1719430319.255648,2
1719430323.2881217,2
1719430327.521093,2
1719430331.6671166,2
1719430335.706062,2
1719430339.6949959,2
1719430343.7936015,2
1719430347.839179,2
1719430351.8857205,2
1719430355.8763475,2
1719430359.8068964,2
1719430363.9214709,2
1719430368.0110762,2
1719430372.140814,2
1719430376.298773,2
1719430380.4556046,2
1719430384.5999825,2
1719430388.710135,2
1719430392.8322494,2
1719430396.8555489,2
1719430400.8271527,2
1719430404.8850055,2
1719430408.9552922,2
1719430412.9074366,2
1719430417.1678505,2
1719430421.2596347,2
1719430425.3678489,2
1719430429.5122406,2
1719430433.5498319,2
1719430437.6199577,2
1719430441.7093678,2
1719430445.7392576,2
1719430449.9369192,2
1719430453.8950286,2
1719430457.9913018,2
1719430462.1781101,2
1719430466.002051,2
1719430469.9818685,2
1719430474.2436314,2
1719430478.3537884,2
1719430482.4344685,2
1719430486.7531166,2
1719430490.8653557,2
1719430495.001087,2
1719430499.2144608,2
1719430503.306484,2
1719430507.5003712,2
1719430511.605144,2
1719430515.739657,2
1719430519.9290986,2
1719430524.0238614,2
1719430528.0299385,2
1719430532.2310913,2
1719430536.3863778,2
1719430540.3781514,2
1719430544.6287522,2
1719430548.6779292,2
1719430552.7552276,2
1719430556.8658795,2
1719430560.8956604,2
1719430564.93811,2
1719430569.0492747,2
1719430573.2165058,2
1719430577.4250858,2
1719430581.4777198,2
1719430585.688806,2
1719430589.82013,2
1719430593.8968818,2
1719430597.9390988,2
1719430602.0366204,2
1719430606.1959014,2
1719430610.3494701,2
1719430614.5446708,2
1719430618.7735486,2
1719430623.174849,2
1719430627.2324212,2
1719430631.27473,2
1719430635.1673574,2
1719430639.268213,2
1719430643.3388755,2
1719430647.5718107,2
1719430651.727535,2
1719430655.7807465,2
1719430660.0076938,2
1719430663.99355,2
1719430668.1408591,2
1719430672.1954436,2
1719430676.3805735,2
1719430680.4261658,2
1719430684.5987203,2
1719430688.707662,2
1719430692.862844,2
1719430697.0356057,2
1719430701.036981,2
1719430704.9617891,2
1719430709.1736038,2
1719430713.3127391,2
1719430717.279049,2
1719430721.3428216,2
1719430725.4549065,2
1719430729.581686,2
1719430733.6057136,2
1719430737.7227948,2
1719430741.8854406,2
1719430746.0936494,2
1719430750.1483614,2
1719430754.1949944,2
1719430758.3501077,2
1719430762.4676492,2
1719430766.642702,2
1719430770.7471766,2
1719430774.9447377,2
1719430779.122719,2
1719430783.3600173,2
1719430787.5086267,2
1719430791.7170217,2
1719430795.8463755,2
1719430799.8486383,2
1719430803.9038966,2
1719430808.0819347,2
1719430812.265316,2
1719430816.3820634,2
1719430820.5560308,2
1719430824.5688548,2
1719430828.7519069,2
1719430832.9305758,2
1719430836.9927518,2
1719430841.2067945,2
1719430845.2747412,2
1719430849.4503176,2
1719430853.5831537,2
1719430857.68762,2
1719430861.8288457,2
1719430866.011717,2
1719430870.1459672,2
1719430874.2083733,2
1719430878.3138845,2
1719430882.4042318,2
1719430886.3794389,2
1719430890.499129,2
1719430894.6606405,2
1719430898.8043756,2
1719430902.8035126,2
1719430906.953133,2
1719430911.2524722,2
1719430915.2722135,2
1719430919.4253502,2
1719430923.6803882,2
1719430927.8317301,2
1719430932.0500178,2
1719430936.2695565,2
1719430940.3550646,2
1719430944.618146,2
1719430948.906971,2
1719430953.1716702,2
1719430957.3787687,2
1719430961.7008069,2
1719430965.8978295,2
1719430970.0601964,2
1719430974.1562326,2
1719430978.3773503,2
1719430982.6105351,2
1719430986.6868458,2
1719430990.8915966,2
1719430995.1673808,2
1719430999.2997894,2
1719431003.4653058,2
1719431007.7873032,2
1719431012.0641868,2
1719431016.3043034,2
1719431020.2820764,2
1719431024.4000978,2
1719431028.588032,2
1719431032.773809,2
1719431036.8824236,2
1719431041.1269457,2
1719431045.4109886,2
1719431049.6076937,2
1719431053.7512188,2
1719431057.8253615,2
1719431062.0040793,2
1719431066.1958702,2
1719431070.4349844,2
1719431074.7046385,2
1719431078.9975224,2
1719431083.1765525,2
1719431087.5189176,2
1719431091.7234259,2
1719431095.921778,2
1719431100.1043422,2
1719431104.3010352,2
1719431108.5384274,2
1719431112.659624,2
1719431116.8061619,2
1719431121.082676,2
1719431125.302251,2
1719431129.3892324,2
1719431133.6039367,2
1719431137.7610035,2
1719431141.9927924,2
1719431146.303206,2
