1719415149.0890722,8
1719415153.237431,8
1719415157.3603258,8
1719415161.4468129,8
1719415165.5685532,8
1719415169.740811,8
1719415173.850283,8
1719415177.979908,8
1719415182.0509148,8
1719415186.2344182,8
1719415190.4882295,8
1719415194.656991,8
1719415198.7703233,8
1719415202.9533024,8
1719415207.1309996,8
1719415211.2718818,8
1719415215.410691,8
1719415219.603741,8
1719415223.8227143,8
1719415227.9208968,8
1719415232.2225726,8
1719415236.4528303,8
1719415240.5461524,8
1719415244.5037885,8
1719415248.7487264,8
1719415252.9553022,8
1719415257.0551376,8
1719415261.2404685,8
1719415265.4730937,8
1719415269.5837579,8
1719415273.68506,8
1719415277.8387735,8
1719415281.962241,8
1719415286.2125273,8
1719415290.4189727,8
1719415294.5976112,8
1719415298.8620956,8
1719415302.9085457,8
1719415307.1379466,8
1719415311.3747964,8
1719415315.4873807,8
1719415319.6185737,8
1719415323.8442173,8
1719415328.0230584,8
1719415332.1992443,8
1719415336.3933089,8
1719415340.510382,8
1719415344.6377897,8
1719415348.8415163,8
1719415353.029934,8
1719415357.1709394,8
1719415361.4380348,8
1719415365.6027606,8
1719415369.8547976,8
1719415374.0421948,8
1719415378.1024528,8
1719415382.3211734,8
1719415386.5814803,8
1719415390.7723622,8
1719415394.9494376,8
1719415398.9270651,8
1719415403.290976,8
1719415407.5571852,8
1719415411.719493,8
1719415415.8951018,8
1719415420.089276,8
1719415424.045358,8
1719415428.230844,8
1719415432.3626049,8
1719415436.4931595,8
1719415440.595763,8
1719415444.854218,8
1719415448.8753524,8
1719415453.0364938,8
1719415457.1771972,8
1719415461.378472,8
1719415465.5676074,8
1719415469.6802895,8
1719415473.7745862,8
1719415477.8388138,8
1719415482.0814977,8
1719415486.294205,8
1719415490.3953416,8
1719415494.504547,8
1719415498.612937,8
1719415502.6485565,8
1719415506.837379,8
1719415510.992599,8
1719415515.1020453,8
1719415519.2592342,8
1719415523.4599912,8
1719415527.566785,8
1719415531.578286,8
1719415535.7037487,8
1719415539.8237693,8
1719415543.936058,8
1719415548.0731807,8
1719415552.4193172,8
1719415556.575113,8
1719415560.796707,8
1719415564.926829,8
1719415569.0909338,8
1719415573.2503383,8
1719415577.412234,8
1719415581.6255872,8
1719415586.0415437,8
1719415590.163527,8
1719415594.2364645,8
1719415598.2910025,8
1719415602.542793,8
1719415606.643125,8
1719415610.9403877,8
1719415615.199764,8
1719415619.3221676,8
1719415623.4252026,8
1719415627.5557423,8
1719415631.687916,8
1719415635.8660502,8
1719415639.985319,8
1719415644.1528513,8
1719415648.2656999,8
1719415652.4605312,8
1719415656.4345686,8
1719415660.5393476,8
1719415665.0214894,8
1719415668.9488173,8
1719415673.1653132,8
1719415677.253539,8
1719415681.406286,8
1719415685.6388388,8
1719415689.8028736,8
1719415693.841161,8
1719415698.0223444,8
1719415702.1060553,8
1719415706.3800907,8
1719415710.5037634,8
1719415714.7127378,8
1719415718.799219,8
1719415722.9686854,8
1719415727.0664175,8
1719415731.1766849,8
1719415735.2572443,8
1719415739.5435517,8
1719415743.830863,8
1719415747.9678102,8
1719415751.9818153,8
1719415756.1225338,8
1719415760.5762744,8
1719415764.7234595,8
1719415768.941925,8
1719415773.1158512,8
1719415777.2149343,8
1719415781.44776,8
1719415785.580325,8
1719415789.6846771,8
1719415793.934533,8
1719415798.0168607,8
1719415802.1769798,8
1719415806.3940027,8
1719415810.502378,8
1719415814.5556982,8
1719415818.6494606,8
1719415822.8981829,8
1719415826.9420664,8
1719415831.1146257,8
1719415835.26493,8
1719415839.3508406,8
1719415843.4769235,8
1719415847.5967057,8
1719415851.7202423,8
1719415855.9319224,8
1719415860.030978,8
1719415864.2333953,8
1719415868.3434057,8
1719415872.5138803,8
1719415876.7918031,8
1719415880.985889,8
1719415885.122862,8
1719415889.2608795,8
1719415893.6686943,8
1719415897.9330518,8
1719415902.0714612,8
1719415906.3558843,8
1719415910.5736656,8
1719415914.8129091,8
1719415918.966399,8
1719415923.097696,8
1719415927.1614711,8
1719415931.2746844,8
1719415935.5421233,8
1719415939.7533484,8
1719415943.867487,8
1719415948.0567458,8
1719415952.189288,8
1719415956.268965,8
1719415960.3072524,8
1719415964.4241447,8
1719415968.6084163,8
1719415972.9898944,8
1719415977.0637383,8
1719415981.1582396,8
1719415985.340054,8
1719415989.4462335,8
1719415993.693776,8
1719415997.7771966,8
1719416001.9476779,8
1719416006.184976,8
1719416010.2431915,8
1719416014.4913456,8
1719416018.7314742,8
1719416022.7983263,8
1719416026.9514668,8
1719416031.0951064,8
1719416035.0600433,8
1719416039.1911283,8
1719416043.2884817,8
1719416047.4948645,8
1719416051.6544716,8
1719416055.810452,8
1719416059.901527,8
1719416064.1110685,8
1719416068.303839,8
1719416072.5563483,8
1719416076.6298814,8
1719416080.8815954,8
1719416085.025008,8
1719416089.1074996,8
1719416093.3972108,8
1719416097.590066,8
1719416101.7769418,8
1719416106.004584,8
1719416110.1691196,8
1719416114.3376768,8
1719416118.4994538,8
1719416122.7500575,8
1719416126.8976922,8
1719416131.0594075,8
1719416135.1714997,8
1719416139.407968,8
1719416143.5468538,8
1719416147.6298275,8
1719416151.712047,8
1719416155.9328027,8
1719416160.021703,8
1719416164.2608495,8
1719416168.4259403,8
1719416172.7919924,8
1719416177.0676475,8
1719416181.2026875,8
1719416185.3758764,8
1719416189.6134765,8
1719416193.6695423,8
1719416197.8082838,8
1719416201.929019,8
1719416206.0240462,8
1719416210.147533,8
1719416214.3556888,8
1719416218.499062,8
1719416222.5418355,8
1719416226.6821227,8
1719416230.8877053,8
1719416234.8129468,8
1719416239.3069403,8
1719416243.4134178,8
1719416247.5095248,8
1719416251.6333694,8
1719416255.7141528,8
1719416259.9971218,8
1719416264.243396,8
1719416268.3817337,8
1719416272.6628158,8
1719416276.8036382,8
1719416280.9341094,8
1719416285.2677965,8
1719416289.382342,8
1719416293.4418786,8
1719416297.6220844,8
1719416301.6883876,8
1719416305.8034573,8
1719416309.9050834,8
1719416314.2319057,8
1719416318.3567379,8
1719416322.4430165,8
1719416326.627843,8
1719416330.6826015,8
1719416334.835774,8
1719416339.05903,8
1719416343.3335593,8
1719416347.3841715,8
1719416351.4583333,8
1719416355.5976944,8
1719416359.801169,8
1719416363.9568024,8
1719416368.0090613,8
1719416372.223653,8
1719416376.380522,8
1719416380.5076327,8
1719416384.6973646,8
1719416388.8891838,8
1719416393.06974,8
1719416397.2603154,8
1719416401.413913,8
1719416405.633516,8
1719416409.821861,8
1719416413.9744213,8
1719416418.102746,8
1719416422.372807,8
1719416426.4949772,8
1719416430.7145045,8
1719416434.8359551,8
1719416438.9240916,8
1719416443.0832455,8
1719416447.0367584,8
1719416451.288269,8
1719416455.392655,8
1719416459.5206223,8
1719416463.721706,8
1719416467.8036199,8
1719416471.9681594,8
1719416476.1199453,8
1719416480.2663577,8
1719416484.3616247,8
1719416488.5038395,8
1719416492.636894,8
1719416496.7825708,8
1719416500.8450818,8
1719416505.011132,8
1719416509.202746,8
1719416513.2882378,8
1719416517.5076356,8
1719416521.693489,8
1719416525.8729866,8
1719416529.9562812,8
1719416533.9087253,8
1719416538.1245353,8
1719416542.2432413,8
1719416546.5794055,8
1719416550.7430043,8
1719416554.8750446,8
1719416559.0710182,8
1719416563.180151,8
1719416567.2205503,8
1719416571.4128642,8
1719416575.6674848,8
1719416579.7658715,8
1719416583.882171,8
1719416588.1561737,8
1719416592.261676,8
1719416596.52493,8
1719416600.7027197,8
1719416604.84118,8
1719416608.9779925,8
1719416613.0807884,8
1719416617.2105453,8
1719416621.4252965,8
1719416625.6028533,8
1719416629.6602662,8
1719416633.859989,8
1719416637.9895363,8
1719416642.2053812,8
1719416646.4484506,8
1719416650.5709887,8
1719416654.7431555,8
1719416658.849822,8
1719416662.9155433,8
1719416667.041499,8
1719416671.2516694,8
1719416675.4200044,8
1719416679.540649,8
1719416683.89261,8
1719416688.128595,8
1719416692.2065163,8
1719416696.30468,8
1719416700.5131502,8
1719416704.6177433,8
1719416708.8067808,8
1719416713.0231538,8
1719416717.2203746,8
1719416721.4047701,8
1719416725.5523932,8
1719416729.7252302,8
1719416733.9390697,8
1719416738.1201842,8
1719416742.2788205,8
1719416746.386918,8
1719416750.4731658,8
1719416754.6513524,8
1719416758.7225413,8
1719416762.8416996,8
1719416766.8785193,8
1719416771.0501926,8
1719416774.9925754,8
1719416779.1552556,8
1719416783.2341099,8
1719416787.443089,8
1719416791.6639473,8
1719416795.8027961,8
1719416799.8734894,8
1719416803.955324,8
1719416808.023772,8
1719416812.254406,8
1719416816.2209697,8
1719416820.2765927,8
1719416824.4104843,8
1719416828.628053,8
1719416832.7743013,8
1719416836.8449972,8
1719416840.9725852,8
1719416845.1346056,8
1719416849.1600509,8
1719416853.4700582,8
1719416857.6230354,8
1719416861.7886631,8
1719416865.9152894,8
1719416870.0794113,8
1719416874.357125,8
1719416878.5595734,8
1719416882.6875355,8
1719416886.831688,8
1719416890.8984804,8
1719416895.0300097,8
1719416899.133384,8
1719416903.2703414,8
1719416907.3114629,8
1719416911.4672916,8
1719416915.7895567,8
1719416920.0373833,8
1719416924.1156812,8
1719416928.3568707,8
1719416932.752446,8
1719416936.824393,8
1719416941.1500957,8
1719416945.2906928,8
1719416949.3664656,8
1719416953.4479773,8
1719416957.5778892,8
1719416961.722105,8
1719416965.822572,8
1719416969.9641724,8
1719416974.22999,8
1719416978.5516043,8
1719416982.7355077,8
1719416987.0414948,8
1719416991.1363945,8
1719416995.2864747,8
1719416999.3334613,8
1719417003.4727347,8
1719417007.680473,8
1719417012.0637364,8
1719417016.2097774,8
1719417020.4565718,8
1719417024.3684545,8
1719417028.6924245,8
1719417032.780246,8
1719417037.0714564,8
1719417041.260559,8
1719417045.4362955,8
1719417049.5639493,8
1719417053.5591664,8
1719417057.6839244,8
1719417061.8299456,8
1719417065.9271917,8
1719417070.0922978,8
1719417074.2134626,8
1719417078.3951263,8
1719417082.539644,8
1719417086.808744,8
1719417090.927639,8
1719417095.1554124,8
1719417099.2606943,8
1719417103.5147789,8
1719417107.6653397,8
1719417111.7886329,8
1719417116.0184617,8
1719417120.1331048,8
1719417124.1883857,8
1719417128.3679373,8
1719417132.5616925,8
1719417136.77901,8
1719417140.8783867,8
1719417145.153055,8
1719417149.1941001,8
1719417153.3770854,8
1719417157.6128132,8
1719417161.8733308,8
1719417165.9369586,8
1719417170.1846333,8
1719417174.429241,8
1719417178.5316188,8
1719417182.7792683,8
1719417186.9990408,8
1719417191.1610677,8
1719417195.328333,8
1719417199.5000062,8
1719417203.625859,8
1719417207.6975565,8
1719417211.722098,8
1719417215.7945223,8
1719417219.8953936,8
1719417223.98641,8
1719417228.3350568,8
1719417232.433486,8
1719417236.430699,8
1719417240.5875566,8
1719417244.7023838,8
1719417248.7771752,8
1719417252.9902477,8
1719417257.0952978,8
1719417261.4344857,8
1719417265.693434,8
1719417269.928541,8
1719417274.141971,8
1719417278.2398727,8
1719417282.2971594,8
1719417286.5223644,8
1719417290.6292655,8
1719417294.779637,8
1719417298.897613,8
1719417303.0438917,8
1719417306.9897864,8
1719417311.0363226,8
1719417315.1377518,8
1719417319.1362977,8
1719417323.0615535,8
1719417327.2360322,8
1719417331.2878306,8
1719417335.4342487,8
1719417339.669163,8
1719417343.9874146,8
1719417348.1790934,8
1719417352.4598691,8
1719417356.6012344,8
1719417360.7600307,8
1719417364.8812969,8
1719417369.0799282,8
1719417373.195848,8
1719417377.58044,8
1719417381.6890032,8
1719417385.8511083,8
1719417390.081648,8
1719417394.1919167,8
1719417398.2705326,8
1719417402.504092,8
1719417406.630532,8
1719417410.9175785,8
1719417415.013813,8
1719417419.208651,8
1719417423.286126,8
1719417427.4966714,8
1719417431.7323024,8
1719417435.876554,8
1719417440.0610852,8
1719417444.3143928,8
1719417448.418374,8
1719417452.5548203,8
1719417456.6834366,8
1719417460.9887455,8
1719417465.1210284,8
1719417469.2159603,8
1719417473.3884816,8
1719417477.5269225,8
1719417481.5944538,8
1719417485.7629912,8
1719417489.8533964,8
1719417494.0486853,8
1719417498.1834633,8
1719417502.3033972,8
1719417506.4558036,8
1719417510.6455586,8
1719417514.7527702,8
1719417518.877913,8
1719417522.8055415,8
1719417526.8970065,8
1719417531.0130708,8
1719417535.140825,8
1719417539.255607,8
1719417543.3558617,8
1719417547.7432745,8
1719417552.0253475,8
1719417556.1212623,8
1719417560.2350683,8
1719417564.2943375,8
1719417568.404803,8
1719417572.5067487,8
1719417576.5706809,8
1719417580.6260662,8
1719417584.855811,8
1719417588.9398699,8
1719417593.1029406,8
1719417597.176981,8
1719417601.4243665,8
1719417605.627852,8
1719417609.8191664,8
1719417613.7310352,8
1719417617.746627,8
1719417621.8619857,8
1719417626.0136273,8
1719417630.1309605,8
1719417634.3709671,8
1719417638.5209074,8
1719417642.6501706,8
1719417646.827103,8
1719417650.9054434,8
1719417654.830025,8
1719417659.0009959,8
1719417663.122747,8
1719417667.3156385,8
1719417671.461657,8
1719417675.6388974,8
1719417679.793706,8
1719417683.959838,8
1719417688.0313897,8
1719417692.1264067,8
1719417696.2305784,8
1719417700.3498774,8
1719417704.5536702,8
1719417708.7712932,8
1719417712.9164984,8
1719417717.013298,8
1719417721.096913,8
1719417725.3085382,8
1719417729.4958065,8
1719417733.6125956,8
1719417737.7121024,8
1719417741.8703434,8
1719417745.9432585,8
1719417750.136565,8
1719417754.1942892,8
1719417758.3199005,8
1719417762.2942204,8
1719417766.3881226,8
1719417770.5964122,8
1719417774.7224658,8
1719417778.7952714,8
1719417782.9560869,8
1719417787.0491645,8
1719417791.1908875,8
1719417795.3982968,8
1719417799.5541677,8
1719417803.6814432,8
1719417807.864269,8
1719417811.9925098,8
1719417816.1011581,8
1719417820.2166252,8
1719417824.1716833,8
1719417828.247343,8
1719417832.4272885,8
1719417836.6184058,8
1719417840.8092148,8
1719417845.0597982,8
1719417849.2587352,8
1719417853.5014546,8
1719417857.8492281,8
1719417862.424329,8
1719417866.5187645,8
1719417870.6095977,8
1719417874.7294292,8
1719417878.9137833,8
1719417883.0355039,8
1719417887.0751958,8
1719417891.2164168,8
1719417895.2837775,8
1719417899.5201583,8
1719417903.7201462,8
1719417907.702871,8
1719417911.8671763,8
1719417915.976542,8
1719417920.093839,8
1719417924.2464483,8
1719417928.390081,8
1719417932.4593425,8
1719417936.585595,8
1719417940.7372544,8
1719417944.9726346,8
1719417949.1570637,8
1719417953.256271,8
1719417957.3983326,8
1719417961.5190384,8
1719417965.6168127,8
1719417969.8074293,8
1719417973.89776,8
1719417978.0314105,8
1719417982.188214,8
1719417986.5213077,8
1719417990.5403156,8
1719417994.6878912,8
1719417998.8984427,8
1719418003.0572672,8
1719418007.1889822,8
1719418011.2740014,8
1719418015.3888226,8
1719418019.5726678,8
1719418023.8062408,8
1719418027.9427984,8
1719418032.2146637,8
1719418036.301024,8
1719418040.2427452,8
1719418044.3517625,8
1719418048.5808587,8
1719418052.7266712,8
1719418056.9214106,8
1719418061.2333584,8
1719418065.3634348,8
1719418069.2842917,8
1719418073.393096,8
1719418077.561159,8
1719418081.6012852,8
1719418085.7152607,8
1719418089.7790303,8
1719418093.8869808,8
1719418098.031926,8
1719418102.2208967,8
1719418106.5894125,8
1719418110.8270316,8
1719418115.023179,8
1719418119.2342741,8
1719418123.3963437,8
1719418127.4546683,8
1719418131.5670874,8
1719418135.8947518,8
1719418140.0701215,8
1719418144.2945707,8
1719418148.4131365,8
1719418152.7770152,8
1719418156.8947227,8
1719418160.661249,8
1719418164.8410716,8
1719418169.3189423,8
1719418173.4673402,8
1719418177.6498415,8
1719418181.8238726,8
1719418185.9236736,8
1719418190.117668,8
1719418194.2918339,8
1719418198.533267,8
1719418202.5531685,8
1719418206.8189332,8
1719418210.9115243,8
1719418215.0174844,8
1719418219.2203119,8
1719418223.5138822,8
1719418227.6747506,8
1719418231.9968233,8
1719418236.0762262,8
1719418240.3125224,8
1719418244.2745569,8
1719418248.3844373,8
1719418252.4555311,8
1719418256.58594,8
1719418260.7249238,8
1719418264.9577842,8
1719418269.2218485,8
1719418273.2983875,8
1719418277.4248047,8
1719418281.5825884,8
1719418285.7153049,8
1719418289.787087,8
1719418293.9805114,8
1719418298.2166946,8
1719418302.3031673,8
1719418306.5177958,8
1719418310.6395562,8
1719418314.90246,8
1719418319.020873,8
1719418323.155618,8
1719418327.2651365,8
1719418331.4724102,8
1719418335.5399344,8
1719418339.6648476,8
1719418343.9487035,8
1719418348.0934665,8
1719418352.3311596,8
1719418356.4907808,8
1719418360.588654,8
1719418364.7766528,8
1719418368.962994,8
1719418373.1117556,8
1719418377.2226574,8
1719418381.3974726,8
1719418385.5505834,8
1719418389.6561284,8
1719418393.7719874,8
1719418398.0748131,8
1719418402.208227,8
1719418406.3591049,8
1719418410.4028683,8
1719418414.5466614,8
1719418418.671513,8
1719418423.0646718,8
1719418427.0934632,8
1719418431.3333433,8
1719418435.2796526,8
1719418439.4387918,8
1719418443.6732502,8
1719418447.872298,8
1719418452.0259883,8
1719418456.195588,8
1719418460.2669523,8
1719418464.395837,8
1719418468.490849,8
1719418472.5609603,8
1719418476.7442563,8
1719418480.8889349,8
1719418485.0010219,8
1719418489.1180196,8
1719418493.2705078,8
1719418497.4077508,8
1719418501.5485296,8
1719418505.668222,8
1719418509.7378917,8
1719418513.9286635,8
1719418518.0461812,8
1719418522.2833211,8
1719418526.415317,8
1719418530.7291446,8
1719418534.817989,8
1719418538.9445963,8
1719418543.1359725,8
1719418547.1927621,8
1719418551.404347,8
1719418555.5907984,8
1719418559.6979234,8
1719418563.7921932,8
1719418567.9749477,8
1719418572.2972162,8
1719418576.426589,8
1719418580.5739233,8
1719418584.6866102,8
1719418588.8560376,8
1719418593.049146,8
1719418597.170151,8
1719418601.3644395,8
1719418605.529509,8
1719418609.6369388,8
1719418613.724111,8
1719418617.7417185,8
1719418622.155521,8
1719418626.2203417,8
1719418630.3772798,8
1719418634.533475,8
1719418638.5707564,8
1719418642.7155457,8
1719418646.8489888,8
1719418650.948518,8
1719418655.0201857,8
1719418659.163739,8
1719418663.3765397,8
1719418667.4548874,8
1719418671.6874924,8
1719418675.8025029,8
1719418680.0445814,8
1719418684.2033389,8
1719418688.3969347,8
1719418692.6682768,8
1719418696.8288717,8
1719418700.9229846,8
1719418705.0409508,8
1719418709.2303298,8
1719418713.4013402,8
1719418717.5804086,8
1719418721.6828003,8
1719418725.7799938,8
1719418729.8871367,8
1719418733.9332492,8
1719418738.0242705,8
1719418742.1390548,8
1719418746.226943,8
1719418750.616461,8
1719418754.7742229,8
1719418758.9424667,8
1719418763.172713,8
1719418767.2964272,8
1719418771.536466,8
1719418775.6555626,8
1719418779.797747,8
1719418783.9303727,8
1719418788.1365259,8
1719418792.2467606,8
1719418796.3931198,8
1719418800.5648816,8
1719418804.7489145,8
1719418808.8441718,8
1719418813.1897306,8
1719418817.3315156,8
1719418821.5779908,8
1719418825.7342727,8
1719418829.8996,8
1719418833.9822285,8
1719418838.20908,8
1719418842.2796912,8
1719418846.5119317,8
1719418850.7100372,8
1719418854.8763642,8
1719418859.0273926,8
1719418863.2324972,8
1719418867.3414476,8
1719418871.4396563,8
1719418875.6906772,8
1719418879.9406261,8
1719418883.9784164,8
1719418888.1832404,8
1719418892.3643475,8
1719418896.5296192,8
1719418900.6336076,8
1719418904.759049,8
1719418908.7307143,8
1719418912.8870199,8
1719418917.0844967,8
1719418921.232921,8
1719418925.414558,8
1719418929.698709,8
1719418933.9514215,8
1719418938.2380626,8
1719418942.5091922,8
1719418946.5894983,8
1719418950.6485765,8
1719418954.7814548,8
1719418958.9669971,8
1719418963.081627,8
1719418967.3507333,8
1719418971.4565904,8
1719418975.595958,8
1719418979.7291195,8
1719418983.7878134,8
1719418987.9701638,8
1719418992.1482086,8
1719418996.1641927,8
1719419000.2503364,8
1719419004.4434738,8
1719419008.6550295,8
1719419012.8074768,8
1719419016.924771,8
1719419021.174365,8
1719419025.401387,8
1719419029.4362383,8
1719419033.6612515,8
1719419037.6313047,8
1719419041.8084402,8
1719419046.091056,8
1719419050.2406247,8
1719419054.500063,8
1719419058.6209264,8
1719419062.8039515,8
1719419066.9747195,8
1719419071.0744867,8
1719419075.1919782,8
1719419079.230456,8
1719419083.4271748,8
1719419087.6314828,8
1719419091.6805313,8
1719419095.8463833,8
1719419100.0389109,8
1719419103.9249582,8
1719419108.0487406,8
1719419112.0375786,8
1719419116.1234071,8
1719419120.3745956,8
1719419124.5878856,8
1719419128.6640322,8
1719419132.8157861,8
1719419136.8757396,8
1719419140.9453704,8
1719419145.169808,8
1719419149.2723331,8
1719419153.3628688,8
1719419157.4925911,8
1719419161.6222186,8
1719419165.8435824,8
1719419170.087019,8
1719419174.1889505,8
1719419178.4584699,8
1719419182.7280915,8
1719419186.6360772,8
1719419190.7641618,8
1719419194.9269135,8
1719419199.0263052,8
1719419203.2466142,8
1719419207.4444287,8
1719419211.5963218,8
1719419215.8134756,8
1719419220.0298662,8
1719419224.2115657,8
1719419228.2964134,8
1719419232.3801014,8
1719419236.6352975,8
1719419240.858668,8
1719419245.0350578,8
1719419249.6054034,8
1719419253.6911745,8
1719419257.7675421,8
1719419261.972385,8
1719419266.088286,8
1719419270.28594,8
1719419274.4848752,8
1719419278.6725163,8
1719419282.8064737,8
1719419286.7416131,8
1719419290.8670695,8
1719419295.0057,8
1719419299.5226135,8
1719419303.6429358,8
1719419307.842633,8
1719419312.0617383,8
1719419316.1012838,8
1719419320.2325366,8
1719419324.3703866,8
1719419328.3199012,8
1719419332.4038756,8
1719419336.4750016,8
1719419340.6447227,8
1719419344.7534904,8
1719419348.6571515,8
1719419352.7739103,8
1719419356.858356,8
1719419360.9759371,8
1719419365.094367,8
1719419369.3155968,8
1719419373.385397,8
1719419377.5043974,8
1719419381.587056,8
1719419385.8300874,8
1719419390.102171,8
1719419394.3402827,8
1719419398.5461886,8
1719419402.7133162,8
1719419407.104725,8
1719419411.1775222,8
1719419415.276991,8
1719419419.4315636,8
1719419423.596054,8
1719419427.7923057,8
1719419432.0005755,8
1719419436.1422074,8
1719419440.2960262,8
1719419444.509445,8
1719419448.6707141,8
1719419452.8564909,8
1719419456.7788875,8
1719419460.9623775,8
1719419465.141961,8
1719419469.461838,8
1719419473.7302418,8
1719419477.7582784,8
1719419482.027041,8
1719419486.220066,8
1719419490.2835126,8
1719419494.525766,8
1719419498.4253812,8
1719419502.5623116,8
1719419506.6616893,8
1719419510.9466348,8
1719419515.187742,8
1719419519.2912025,8
1719419523.6565678,8
1719419527.8140898,8
1719419531.979014,8
1719419536.1426966,8
1719419540.2533429,8
1719419544.5364125,8
1719419548.6512191,8
1719419552.8010092,8
1719419557.1939952,8
1719419561.4207642,8
1719419565.539139,8
1719419569.7028918,8
1719419573.8911884,8
1719419578.0976908,8
1719419582.1794832,8
1719419586.4196124,8
1719419590.5758827,8
1719419595.1054513,8
1719419599.3537936,8
1719419603.6348953,8
1719419607.6215184,8
1719419611.705913,8
1719419615.7874086,8
1719419619.8681564,8
1719419623.8681517,8
1719419628.06959,8
1719419632.1777012,8
1719419636.306344,8
1719419640.320736,8
1719419644.5399334,8
1719419648.6768904,8
1719419652.9553888,8
1719419657.0097957,8
1719419661.4390142,8
1719419665.5129886,8
1719419669.596684,8
1719419673.7702067,8
1719419677.9120328,8
1719419682.0954819,8
1719419686.253542,8
1719419690.3758094,8
1719419694.6528041,8
1719419698.7867916,8
1719419702.8989112,8
1719419707.119562,8
1719419711.2779174,8
1719419715.3684282,8
1719419719.5437648,8
1719419723.673221,8
1719419727.7620356,8
1719419731.9124894,8
1719419736.069046,8
1719419740.0571327,8
1719419744.2651591,8
1719419748.3592818,8
1719419752.4897335,8
1719419756.5903363,8
1719419760.7383444,8
1719419764.788313,8
1719419768.9530048,8
1719419773.1412234,8
1719419777.2447853,8
1719419781.4983494,8
1719419785.7309692,8
1719419789.7486556,8
1719419793.8159502,8
1719419798.2109926,8
1719419802.384262,8
1719419806.3496163,8
1719419810.655328,8
1719419814.720226,8
1719419819.07698,8
1719419823.2285862,8
1719419827.3453162,8
1719419831.4754434,8
1719419835.7019727,8
1719419839.8348434,8
1719419843.9908292,8
1719419848.15709,8
1719419852.3788528,8
1719419856.5708299,8
1719419860.653432,8
1719419864.7445047,8
1719419868.909838,8
1719419872.982861,8
1719419877.0897393,8
1719419881.2356617,8
1719419885.3652132,8
1719419889.4843576,8
1719419893.5626988,8
1719419897.658147,8
1719419901.8578334,8
1719419905.9056516,8
1719419909.9944353,8
1719419914.2586412,8
1719419918.3268197,8
1719419922.4095306,8
1719419926.4793422,8
1719419930.402488,8
1719419934.4976149,8
1719419938.5863364,8
1719419942.6852312,8
1719419946.859779,8
1719419950.960854,8
1719419955.090215,8
1719419959.2077408,8
1719419963.572615,8
1719419967.7666585,8
1719419971.8106294,8
1719419975.8345718,8
1719419980.0882971,8
1719419984.4875228,8
1719419988.6557176,8
1719419992.879324,8
1719419996.987161,8
1719420000.9410534,8
1719420005.1148102,8
1719420009.3189425,8
1719420013.5570774,8
1719420017.816572,8
1719420022.057902,8
1719420026.2391322,8
1719420030.3516064,8
1719420034.6921923,8
1719420039.013757,8
1719420042.9717104,8
1719420047.0569506,8
1719420051.176415,8
1719420055.398708,8
1719420059.5622497,8
1719420063.7895496,8
1719420068.0264685,8
1719420072.141884,8
1719420076.3301346,8
1719420080.349987,8
1719420084.3865328,8
1719420088.5668352,8
1719420092.7610767,8
1719420096.8591993,8
1719420101.109592,8
1719420105.1993132,8
1719420109.6183777,8
1719420113.8199015,8
1719420117.7581265,8
1719420121.8707566,8
1719420125.8017557,8
1719420129.8927693,8
1719420134.0972595,8
1719420138.1886647,8
1719420142.3084867,8
1719420146.5401511,8
1719420150.6421564,8
1719420154.6462464,8
1719420158.827657,8
1719420163.1577516,8
1719420167.3026688,8
1719420171.6018348,8
1719420175.7227352,8
1719420179.824758,8
1719420183.9428577,8
1719420187.9953604,8
1719420192.112867,8
1719420196.2445176,8
1719420200.4527147,8
1719420204.5896537,8
1719420208.6979036,8
1719420212.7969239,8
1719420216.9837568,8
1719420221.062035,8
1719420225.1827984,8
1719420229.3773108,8
1719420233.632173,8
1719420237.865875,8
1719420241.935355,8
1719420246.075732,8
1719420250.2960637,8
1719420254.32297,8
1719420258.585074,8
1719420262.6497622,8
1719420266.9084482,8
1719420271.0538173,8
1719420275.167045,8
1719420279.1319578,8
1719420283.365896,8
1719420287.4720614,8
1719420291.610096,8
1719420295.778372,8
1719420299.837632,8
1719420303.9820921,8
1719420308.2462602,8
1719420312.5185735,8
1719420316.6464908,8
1719420320.7083013,8
1719420324.870232,8
1719420329.01535,8
1719420333.2648408,8
1719420337.441385,8
1719420341.35413,8
1719420345.41586,8
1719420349.6802413,8
1719420353.794447,8
1719420357.982933,8
1719420362.1680937,8
1719420366.1170957,8
1719420370.2319558,8
1719420374.5013983,8
1719420378.5792844,8
1719420382.7085788,8
1719420386.8319745,8
1719420390.9505985,8
1719420395.1401021,8
1719420399.2304988,8
1719420403.3292658,8
1719420407.4290411,8
1719420411.491305,8
1719420415.5353963,8
1719420419.7950792,8
1719420423.927065,8
1719420428.0462728,8
1719420432.2281206,8
1719420436.4001021,8
1719420440.579917,8
1719420444.8506663,8
1719420449.0061574,8
1719420453.0635242,8
1719420457.270457,8
1719420461.4866912,8
1719420465.7003295,8
1719420469.806096,8
1719420473.87783,8
1719420478.3083618,8
1719420482.4462683,8
1719420486.5412,8
1719420490.6432793,8
1719420494.8038607,8
1719420499.0587018,8
1719420503.5998032,8
1719420507.7868836,8
1719420511.8949966,8
1719420516.1284337,8
1719420520.2497993,8
1719420524.3314698,8
1719420528.580326,8
1719420532.7454653,8
1719420536.7825496,8
1719420540.976477,8
1719420545.098719,8
1719420549.3050957,8
1719420553.3760984,8
1719420557.5137658,8
1719420561.6944776,8
1719420565.8855586,8
1719420569.9867308,8
1719420574.0986288,8
1719420578.184469,8
1719420582.3799264,8
1719420586.4849956,8
1719420590.6568544,8
1719420594.8061516,8
1719420599.0206428,8
1719420603.4552293,8
1719420607.5768917,8
1719420611.7463398,8
1719420615.8881733,8
1719420620.1394327,8
1719420624.2440941,8
1719420628.3742077,8
1719420632.679552,8
1719420636.8093698,8
1719420640.891208,8
1719420645.3609242,8
1719420649.4594889,8
1719420653.5514104,8
1719420657.7752228,8
1719420662.02679,8
1719420665.9460087,8
1719420670.078433,8
1719420674.1971698,8
1719420678.2937922,8
1719420682.3492656,8
1719420686.5552878,8
1719420690.6736999,8
1719420694.7667475,8
1719420698.925993,8
1719420703.065193,8
1719420707.2337048,8
1719420711.3298373,8
1719420715.4205122,8
1719420719.6522548,8
1719420723.8326569,8
1719420728.0386653,8
1719420732.2166731,8
1719420736.268234,8
1719420740.4715362,8
1719420744.6873584,8
1719420748.8979008,8
1719420753.0370011,8
1719420757.142631,8
1719420761.321403,8
1719420765.5096776,8
1719420769.8352919,8
1719420773.9550555,8
1719420778.1669638,8
1719420782.4083254,8
1719420786.4986637,8
1719420790.6850953,8
1719420794.7522466,8
1719420799.0148351,8
1719420803.0688787,8
1719420807.1857212,8
1719420811.2559862,8
1719420815.3193612,8
1719420819.5014303,8
1719420823.9403756,8
1719420828.0193772,8
1719420832.0811162,8
1719420836.153035,8
1719420840.5191493,8
1719420844.5890896,8
1719420848.835669,8
1719420852.8958116,8
1719420857.0964463,8
1719420861.7205844,8
1719420865.806973,8
1719420869.9153376,8
1719420874.0965405,8
1719420878.2830102,8
1719420882.4888089,8
1719420886.7446303,8
1719420890.9117022,8
1719420895.0217671,8
1719420899.2474272,8
1719420903.4184468,8
1719420907.5932903,8
1719420911.7825172,8
1719420915.9222784,8
1719420920.0172455,8
1719420924.2327483,8
1719420928.3996313,8
1719420932.5742502,8
1719420936.78335,8
1719420940.9593544,8
1719420945.0164807,8
1719420949.0965276,8
1719420953.1777372,8
1719420957.2906783,8
1719420961.430745,8
1719420965.6522303,8
1719420969.774943,8
1719420973.9574673,8
1719420978.0870974,8
1719420982.2504528,8
1719420986.3538766,8
1719420990.3305957,8
1719420994.4281013,8
1719420998.5279744,8
1719421002.6854904,8
1719421006.7972567,8
1719421010.8896542,8
1719421015.0231261,8
1719421019.1075861,8
1719421023.3763328,8
1719421027.4925776,8
1719421031.8652546,8
1719421035.9872143,8
1719421040.0711243,8
1719421044.3247204,8
1719421048.4411356,8
1719421052.5074322,8
1719421056.615975,8
1719421060.8003395,8
1719421064.8628852,8
1719421068.8895464,8
1719421073.0052843,8
1719421077.1981726,8
1719421081.292984,8
1719421085.4364572,8
1719421089.687674,8
1719421093.863749,8
1719421098.0119667,8
1719421102.1109245,8
1719421106.3170931,8
1719421110.4669278,8
1719421114.586887,8
1719421118.7205641,8
1719421123.1192997,8
1719421127.0782013,8
1719421131.3291316,8
1719421135.5062249,8
1719421139.4781487,8
1719421143.5208368,8
1719421147.657254,8
1719421151.8519874,8
1719421155.8530366,8
1719421159.8681765,8
1719421163.9556441,8
1719421167.899255,8
1719421172.0156674,8
1719421176.1554604,8
1719421180.3261468,8
1719421184.4774003,8
1719421188.4377224,8
1719421192.5360496,8
1719421196.5979052,8
1719421200.8036485,8
1719421205.0608497,8
1719421209.1110597,8
1719421213.3331316,8
1719421217.5204396,8
1719421221.6895897,8
1719421225.9324641,8
1719421230.0272279,8
1719421234.139956,8
1719421238.4908063,8
1719421242.9434872,8
1719421247.0972366,8
1719421251.0562484,8
1719421255.3498409,8
1719421259.4885585,8
1719421263.8479145,8
1719421267.968412,8
1719421272.1980066,8
1719421276.2670634,8
1719421280.4312441,8
1719421284.5127647,8
1719421288.755054,8
1719421292.6004734,8
1719421296.7692232,8
1719421300.891696,8
1719421304.986741,8
1719421309.1397572,8
1719421313.3263886,8
1719421317.4351826,8
1719421321.6838157,8
1719421325.7819424,8
1719421329.9105632,8
1719421334.0138605,8
1719421338.1922917,8
1719421342.2880452,8
1719421346.370254,8
1719421350.547777,8
1719421354.7177215,8
1719421358.7952297,8
1719421362.9377625,8
1719421367.0733612,8
1719421371.2777753,8
1719421375.4058998,8
1719421379.5448585,8
1719421383.4624484,8
1719421387.5161846,8
1719421391.557846,8
1719421395.7754507,8
1719421399.8546069,8
1719421403.9954267,8
1719421408.127472,8
1719421412.3208852,8
1719421416.5384862,8
1719421420.9182947,8
1719421425.0079844,8
1719421429.0880437,8
1719421433.280813,8
1719421437.4221044,8
1719421441.448425,8
1719421445.7257664,8
1719421449.854098,8
1719421453.988704,8
1719421458.1509864,8
1719421462.2732716,8
1719421466.3171334,8
1719421470.3789275,8
1719421474.4436574,8
1719421478.6335742,8
1719421482.755783,8
1719421486.9690478,8
1719421491.0648289,8
1719421495.1659055,8
1719421499.2908792,8
1719421503.2486205,8
1719421507.4303684,8
1719421511.670962,8
1719421515.762406,8
1719421520.0325885,8
1719421524.1837306,8
1719421528.2964458,8
1719421532.4192472,8
1719421536.5014925,8
1719421540.64747,8
1719421544.6155963,8
1719421548.9773035,8
1719421553.2024686,8
1719421557.3978717,8
1719421561.582236,8
1719421565.6514454,8
1719421569.8947136,8
1719421574.0139217,8
1719421577.992321,8
1719421582.1550903,8
1719421586.1396298,8
1719421590.2974465,8
1719421594.4119408,8
1719421598.5647852,8
1719421602.7929046,8
1719421606.9205644,8
1719421611.1606534,8
1719421615.2728717,8
1719421619.4737618,8
1719421623.74124,8
1719421627.7347817,8
1719421631.897705,8
1719421636.0919216,8
1719421640.1198554,8
1719421644.3267066,8
1719421648.7058673,8
1719421652.8573635,8
1719421656.8562155,8
1719421661.0907028,8
1719421665.1638887,8
1719421669.3823712,8
1719421673.5414734,8
1719421677.7021053,8
1719421681.856679,8
1719421685.9881384,8
1719421690.1085985,8
1719421694.2719352,8
1719421698.3474844,8
1719421702.5225441,8
1719421706.6182237,8
1719421710.6075072,8
1719421714.8975356,8
1719421719.168685,8
1719421723.1081672,8
1719421727.2311172,8
1719421731.2096138,8
1719421735.3657048,8
1719421739.525491,8
1719421743.7826564,8
1719421747.8397856,8
1719421751.8053317,8
1719421756.0109663,8
1719421760.3620617,8
1719421764.5521982,8
1719421768.6393712,8
1719421772.807472,8
1719421776.9485776,8
1719421781.0230353,8
1719421785.2762165,8
1719421789.490125,8
1719421793.5112848,8
1719421797.641137,8
1719421801.7474759,8
1719421806.0314882,8
1719421810.1060448,8
1719421814.296058,8
1719421818.4132912,8
1719421822.4744565,8
1719421826.5384138,8
1719421830.6745567,8
1719421834.8400116,8
1719421838.9091275,8
1719421843.0265918,8
1719421847.1644378,8
1719421851.3410058,8
1719421855.416285,8
1719421859.5020666,8
1719421863.551946,8
1719421867.733984,8
1719421871.9363835,8
1719421876.2144582,8
1719421880.4910405,8
1719421884.6708086,8
1719421888.7559476,8
1719421892.9039743,8
1719421897.1055,8
1719421901.190588,8
1719421905.2239661,8
1719421909.4047434,8
1719421913.5079052,8
1719421917.607104,8
1719421921.8303983,8
1719421925.9522214,8
1719421930.1722,8
1719421934.304742,8
1719421938.3732257,8
1719421942.5483987,8
1719421946.6602063,8
1719421950.7780862,8
1719421954.9412034,8
1719421959.128012,8
1719421963.3686204,8
1719421967.6073718,8
1719421971.5129724,8
1719421975.678811,8
1719421979.7668216,8
1719421983.8729148,8
1719421987.9202611,8
1719421992.2569377,8
1719421996.6355035,8
1719422000.9045792,8
1719422005.028146,8
1719422009.147607,8
1719422013.3678334,8
1719422017.5775177,8
1719422021.6451707,8
1719422025.8750732,8
1719422029.9277065,8
1719422034.1814494,8
1719422038.479192,8
1719422042.816877,8
1719422046.931733,8
1719422051.0158272,8
1719422055.1747682,8
1719422059.3876517,8
1719422063.6253023,8
1719422067.7014117,8
1719422071.74358,8
1719422076.1436348,8
1719422080.3106852,8
1719422084.5205398,8
1719422088.5970056,8
1719422092.743117,8
1719422096.9935334,8
1719422100.9639125,8
1719422105.215033,8
1719422109.3344548,8
1719422113.4708188,8
1719422117.7028568,8
1719422121.794062,8
1719422125.9238095,8
1719422130.0792484,8
1719422134.235408,8
1719422138.2849126,8
1719422142.4429338,8
1719422146.5516653,8
1719422150.7718434,8
1719422154.8595047,8
1719422159.0516012,8
1719422163.1711032,8
1719422167.3097754,8
1719422171.1583033,8
1719422175.2638996,8
1719422179.472294,8
1719422183.7105806,8
1719422187.724063,8
1719422192.0295088,8
1719422196.2508726,8
1719422200.3923166,8
1719422204.3344452,8
1719422208.477334,8
1719422212.6646776,8
1719422216.8433833,8
1719422220.9479713,8
1719422225.1089206,8
1719422229.2719007,8
1719422233.5324326,8
1719422237.7433598,8
1719422241.9187858,8
1719422246.0585668,8
1719422250.22224,8
1719422254.5024443,8
1719422258.66436,8
1719422262.7640395,8
1719422266.958802,8
1719422271.1197822,8
1719422275.373471,8
1719422279.55995,8
1719422283.74387,8
1719422287.7260861,8
1719422291.9197478,8
1719422296.05306,8
1719422300.2421918,8
1719422304.3835094,8
1719422308.4951851,8
1719422312.569495,8
1719422316.5430763,8
1719422320.7704453,8
1719422324.9393861,8
1719422329.0020754,8
1719422333.1576862,8
1719422336.9585195,8
1719422341.1886601,8
1719422345.357727,8
1719422349.5607655,8
1719422353.7049568,8
1719422357.8411224,8
1719422362.0424201,8
1719422366.3484228,8
1719422370.5842235,8
1719422374.835915,8
1719422378.8810046,8
1719422383.001205,8
1719422387.0765939,8
1719422391.216708,8
1719422395.3487685,8
1719422399.2710297,8
1719422403.3046553,8
1719422407.4310653,8
1719422411.50422,8
1719422415.6666362,8
1719422419.6377933,8
1719422423.8981054,8
1719422428.108727,8
1719422432.2589743,8
1719422436.4120498,8
1719422440.5369506,8
1719422444.7876077,8
1719422448.943541,8
1719422453.0498745,8
1719422457.36427,8
1719422461.409825,8
1719422465.6446548,8
1719422469.7757332,8
1719422474.027671,8
1719422478.1003463,8
1719422482.2322829,8
1719422486.4093082,8
1719422490.7459922,8
1719422494.847409,8
1719422499.004153,8
1719422503.1002345,8
1719422507.3105574,8
1719422511.408782,8
1719422515.561105,8
1719422519.604756,8
1719422523.821028,8
1719422528.0014584,8
1719422532.0558686,8
1719422536.2156012,8
1719422540.4348314,8
1719422544.516569,8
1719422548.7429883,8
1719422552.9109237,8
1719422557.279809,8
1719422561.4557354,8
1719422565.6623015,8
1719422569.7554038,8
1719422573.926421,8
1719422578.1250591,8
1719422582.3263948,8
1719422586.5577922,8
1719422590.622063,8
1719422594.7342172,8
1719422598.6589656,8
1719422602.824501,8
1719422606.9316368,8
1719422611.017386,8
1719422615.1798902,8
1719422619.2512355,8
1719422623.4076638,8
1719422627.591944,8
1719422631.8564124,8
1719422636.0455928,8
1719422640.2728589,8
1719422644.3783133,8
1719422648.6422017,8
1719422652.7284296,8
1719422656.8115077,8
1719422660.8389204,8
1719422664.948916,8
1719422669.316574,8
1719422673.5595207,8
1719422677.613918,8
1719422681.7663693,8
1719422685.8611476,8
1719422690.1281857,8
1719422694.2571003,8
1719422698.5334466,8
1719422702.6671512,8
1719422706.9106395,8
1719422711.0594623,8
1719422715.1964202,8
1719422719.2847219,8
1719422723.5478382,8
1719422727.6695595,8
1719422731.656159,8
1719422735.7562935,8
1719422739.9810212,8
1719422744.105639,8
1719422748.5707884,8
1719422752.509742,8
1719422756.6787744,8
1719422760.9177144,8
1719422765.2279236,8
1719422769.3642492,8
1719422773.578384,8
1719422777.6101704,8
1719422781.74295,8
1719422785.7950914,8
1719422789.9330401,8
1719422793.8976963,8
1719422798.1230304,8
1719422802.2713947,8
1719422806.50007,8
1719422810.6342952,8
1719422814.8177867,8
1719422818.9023747,8
1719422822.9880612,8
1719422827.0854576,8
1719422831.3449352,8
1719422835.5211017,8
1719422839.5652642,8
1719422843.6861463,8
1719422847.9096677,8
1719422852.0693398,8
1719422856.3031025,8
1719422860.461913,8
1719422864.6301715,8
1719422868.8378298,8
1719422873.0432448,8
1719422877.0081046,8
1719422881.1956174,8
1719422885.41819,8
1719422889.6224294,8
1719422893.7272155,8
1719422897.857155,8
1719422902.0548952,8
1719422906.1986704,8
1719422910.4336677,8
1719422914.52061,8
1719422918.6723971,8
1719422922.7912676,8
1719422926.8885138,8
1719422930.9546578,8
1719422935.1999617,8
1719422939.3143876,8
1719422943.5055556,8
1719422947.7785997,8
1719422952.0016148,8
1719422956.1189034,8
1719422960.3528647,8
1719422964.4745786,8
1719422968.6513937,8
1719422972.8603106,8
1719422977.008543,8
1719422981.134977,8
1719422985.232205,8
1719422989.414998,8
1719422993.486273,8
1719422997.555567,8
1719423001.6528196,8
1719423005.7607558,8
1719423009.8131273,8
1719423013.9664786,8
1719423018.1351075,8
1719423022.345249,8
1719423026.5452535,8
1719423030.7470877,8
1719423034.7479987,8
1719423038.937008,8
1719423043.1611373,8
1719423047.1513336,8
1719423051.2661443,8
1719423055.3687997,8
1719423059.5403154,8
1719423063.634485,8
1719423067.7171943,8
1719423071.921559,8
1719423075.9332778,8
1719423080.0739725,8
1719423084.1431503,8
1719423088.105424,8
1719423092.3326204,8
1719423096.5879323,8
1719423100.785678,8
1719423105.1001422,8
1719423109.172008,8
1719423113.2914429,8
1719423117.458719,8
1719423121.6623402,8
1719423125.7266235,8
1719423129.7034862,8
1719423133.7638605,8
1719423137.9808915,8
1719423142.0540786,8
1719423146.346574,8
1719423150.429827,8
1719423154.606903,8
1719423158.7996647,8
1719423162.8565786,8
1719423166.9902341,8
1719423171.1703234,8
1719423175.296948,8
1719423179.4704568,8
1719423183.6359682,8
1719423187.9210532,8
1719423192.131973,8
1719423196.400284,8
1719423200.5972784,8
1719423204.7545645,8
1719423208.8059683,8
1719423212.912279,8
1719423217.042899,8
1719423221.239537,8
1719423225.437171,8
1719423229.7029893,8
1719423233.937575,8
1719423238.075041,8
1719423242.153325,8
1719423246.3068101,8
1719423250.4312336,8
1719423254.7271373,8
1719423258.8479552,8
1719423262.981746,8
1719423267.1846902,8
1719423271.4062564,8
1719423275.619415,8
1719423279.790425,8
1719423283.938161,8
1719423288.0670304,8
1719423292.0519338,8
1719423296.220689,8
1719423300.3751287,8
1719423304.4620872,8
1719423308.5354578,8
1719423312.6184742,8
1719423316.756205,8
1719423320.9105952,8
1719423325.0852268,8
1719423329.307296,8
1719423333.3476381,8
1719423337.424012,8
1719423341.582054,8
1719423345.7618852,8
1719423349.9642234,8
1719423354.3833506,8
1719423358.4943619,8
1719423362.61959,8
1719423366.7135584,8
1719423370.887936,8
1719423375.035156,8
1719423379.4729002,8
1719423383.5931902,8
1719423387.6991627,8
1719423391.7997253,8
1719423395.935116,8
1719423400.0108583,8
1719423404.0295117,8
1719423408.2372417,8
1719423412.2749007,8
1719423416.5290122,8
1719423420.713783,8
1719423424.9163077,8
1719423428.9452798,8
1719423433.1135802,8
1719423437.303933,8
1719423441.2175303,8
1719423445.3676078,8
1719423449.5980892,8
1719423453.7227619,8
1719423457.862424,8
1719423461.983028,8
1719423466.0730727,8
1719423470.1581984,8
1719423474.2381504,8
1719423478.4514072,8
1719423482.4965866,8
1719423486.6636465,8
1719423490.9612947,8
1719423494.914162,8
1719423498.9471962,8
1719423503.1565347,8
1719423507.3692176,8
1719423511.6511607,8
1719423515.7489715,8
1719423520.016293,8
1719423524.2481523,8
1719423528.365429,8
1719423532.626715,8
1719423536.9160776,8
1719423541.0639281,8
1719423545.2540436,8
1719423549.404381,8
1719423553.6622336,8
1719423557.8468313,8
1719423562.112327,8
1719423566.1838481,8
1719423570.3666263,8
1719423574.5518384,8
1719423578.6538923,8
1719423582.743867,8
1719423586.9825764,8
1719423591.081713,8
1719423595.4121761,8
1719423599.5087295,8
1719423603.5365198,8
1719423607.6819544,8
1719423611.8201432,8
1719423615.9473338,8
1719423620.033488,8
1719423624.0895,8
1719423628.252049,8
1719423632.428828,8
1719423636.5062954,8
1719423640.581669,8
1719423644.7489069,8
1719423648.7596188,8
1719423652.8516874,8
1719423656.9669745,8
1719423661.1650093,8
1719423665.2881703,8
1719423669.446869,8
1719423673.5695157,8
1719423677.692305,8
1719423681.883585,8
1719423686.0978172,8
1719423690.252395,8
1719423694.3021495,8
1719423698.413042,8
1719423702.5275195,8
1719423706.529992,8
1719423710.8419712,8
1719423714.973154,8
1719423719.070378,8
1719423723.1284564,8
1719423727.3472424,8
1719423731.5643485,8
1719423735.6624212,8
1719423739.742516,8
1719423743.8611732,8
1719423747.9790616,8
1719423752.1801252,8
1719423756.3095639,8
1719423760.5393052,8
1719423764.6612248,8
1719423768.786768,8
1719423772.9632561,8
1719423777.026525,8
1719423781.1194348,8
1719423785.2426863,8
1719423789.3344235,8
1719423793.4437432,8
1719423797.5999913,8
1719423801.5742605,8
1719423805.7395618,8
1719423809.8697014,8
1719423813.9465442,8
1719423818.053038,8
1719423822.1485465,8
1719423826.3321779,8
1719423830.5088046,8
1719423834.5965407,8
1719423838.5458891,8
1719423842.7431712,8
1719423846.8954492,8
1719423850.939523,8
1719423854.9951572,8
1719423859.096563,8
1719423863.2465837,8
1719423867.4328399,8
1719423871.5218406,8
1719423875.7149189,8
1719423879.6100507,8
1719423883.7089143,8
1719423887.9319093,8
1719423892.037757,8
1719423896.1681097,8
1719423900.4242585,8
1719423904.3597949,8
1719423908.5120208,8
1719423912.494583,8
1719423916.7174375,8
1719423920.8005733,8
1719423924.976912,8
1719423929.2472913,8
1719423933.4891942,8
1719423937.6544957,8
1719423941.796989,8
1719423946.0042846,8
1719423950.1242862,8
1719423954.2386255,8
1719423958.3076613,8
1719423962.7742765,8
1719423967.0085225,8
1719423971.1775765,8
1719423975.4204447,8
1719423979.558616,8
1719423983.874158,8
1719423988.1097002,8
1719423992.29145,8
1719423996.51768,8
1719424000.783604,8
1719424004.9712944,8
1719424009.0953274,8
1719424013.215125,8
1719424017.3379407,8
1719424021.5754156,8
1719424025.681917,8
1719424029.8769197,8
1719424034.0136023,8
1719424038.0971704,8
1719424042.3753388,8
1719424046.4614685,8
1719424050.591827,8
1719424054.6373415,8
1719424058.8450375,8
1719424063.0987391,8
1719424067.2978253,8
1719424071.5093937,8
1719424075.788447,8
1719424080.0073884,8
1719424084.2470548,8
1719424088.0256765,8
1719424092.2111049,8
1719424096.3384964,8
1719424100.543471,8
1719424104.640683,8
1719424108.7112124,8
1719424112.8863642,8
1719424117.14043,8
1719424121.2274022,8
1719424125.6767423,8
1719424129.8580754,8
1719424133.9481728,8
1719424138.108381,8
1719424142.1928017,8
1719424146.369253,8
1719424150.599298,8
1719424154.6984694,8
1719424158.8208594,8
1719424162.9897215,8
1719424167.164021,8
1719424171.3066123,8
1719424175.4921916,8
1719424179.6472878,8
1719424183.743138,8
1719424188.086918,8
1719424192.2329006,8
1719424196.3988059,8
1719424200.5698707,8
1719424204.7922783,8
1719424208.9620428,8
1719424213.0678344,8
1719424217.2538762,8
1719424221.4275086,8
1719424225.4943714,8
1719424229.6839757,8
1719424233.88327,8
1719424238.0939662,8
1719424242.1951358,8
1719424246.480116,8
1719424250.6671793,8
1719424254.7646635,8
1719424258.6788218,8
1719424262.8854742,8
1719424267.1040914,8
1719424271.1988962,8
1719424275.7919438,8
1719424279.9977362,8
1719424284.1025007,8
1719424288.1887434,8
1719424292.304926,8
1719424296.5591948,8
1719424300.7705598,8
1719424304.8557086,8
1719424308.9653578,8
1719424313.1008592,8
1719424317.4969938,8
1719424321.6130195,8
1719424325.847465,8
1719424329.9722059,8
1719424334.1301105,8
1719424338.047491,8
1719424342.216868,8
1719424346.3522785,8
1719424350.4489646,8
1719424354.7396173,8
1719424358.870991,8
1719424363.03792,8
1719424367.197925,8
1719424371.32282,8
1719424375.5270364,8
1719424379.6364496,8
1719424383.81009,8
1719424388.0106304,8
1719424392.2906473,8
1719424396.312724,8
1719424400.3851655,8
1719424404.4851968,8
1719424408.810736,8
1719424412.9744265,8
1719424417.5400364,8
1719424421.5957649,8
1719424426.134091,8
1719424430.3038044,8
1719424434.6218297,8
1719424438.7244194,8
1719424442.9219656,8
1719424447.1153615,8
1719424451.2353542,8
1719424455.4278643,8
1719424459.569144,8
1719424463.7203672,8
1719424467.9479728,8
1719424472.1855798,8
1719424476.338417,8
1719424480.4622214,8
1719424484.6446912,8
1719424488.7365696,8
1719424492.8475318,8
1719424497.0150063,8
1719424501.2462971,8
1719424505.5536609,8
1719424509.7314556,8
1719424513.9372222,8
1719424518.4277713,8
1719424522.6068544,8
1719424527.1407163,8
1719424531.2021642,8
1719424535.4571621,8
1719424539.5240238,8
1719424543.7115939,8
1719424547.9227278,8
1719424552.0222168,8
1719424556.083421,8
1719424560.3632514,8
1719424564.5444314,8
1719424568.7072508,8
1719424572.8838246,8
1719424577.0005903,8
1719424581.1439664,8
1719424585.4813921,8
1719424589.646666,8
1719424593.7223797,8
1719424598.0833142,8
1719424602.215626,8
1719424606.4647887,8
1719424610.5954478,8
1719424614.637841,8
1719424618.9021096,8
1719424623.0332515,8
1719424627.2114916,8
1719424631.490421,8
1719424635.6729007,8
1719424639.799256,8
1719424643.9199588,8
1719424648.0410225,8
1719424652.5326862,8
1719424656.6871696,8
1719424660.8514442,8
1719424664.928479,8
1719424669.042686,8
1719424673.1449864,8
1719424677.1152537,8
1719424681.3216403,8
1719424685.5016255,8
1719424689.672489,8
1719424693.810538,8
1719424697.9353964,8
1719424702.0419338,8
1719424706.2910957,8
1719424710.4678998,8
1719424714.6110253,8
1719424718.5283456,8
1719424722.4519172,8
1719424726.5880966,8
1719424730.8428328,8
1719424735.1132247,8
1719424739.239634,8
1719424743.552783,8
1719424747.7146876,8
1719424751.90964,8
1719424756.0039983,8
1719424759.8172922,8
1719424763.9971757,8
1719424768.2614756,8
1719424772.4716992,8
1719424776.7389922,8
1719424780.799105,8
1719424784.904126,8
1719424788.9881797,8
1719424793.1432106,8
1719424797.182724,8
1719424801.2560954,8
1719424805.510089,8
1719424809.692266,8
1719424813.8061514,8
1719424817.8411996,8
1719424821.937728,8
1719424826.0679975,8
1719424830.1308196,8
1719424834.4174774,8
1719424838.7182472,8
1719424842.729797,8
1719424846.9377108,8
1719424851.1235275,8
1719424855.1915934,8
1719424859.6316605,8
1719424863.8230824,8
1719424867.9150321,8
1719424872.0449147,8
1719424876.235389,8
1719424880.335673,8
1719424884.5208795,8
1719424888.5879014,8
1719424892.8519187,8
1719424896.9023821,8
1719424900.9660964,8
1719424905.0389848,8
1719424909.267221,8
1719424913.1587188,8
1719424917.2351906,8
1719424921.388391,8
1719424925.5269442,8
1719424929.6375256,8
1719424933.7947667,8
1719424937.8687327,8
1719424941.9743025,8
1719424946.035099,8
1719424950.1480253,8
1719424954.2636395,8
1719424958.4860718,8
1719424962.382483,8
1719424966.6599038,8
1719424970.6738443,8
1719424974.909349,8
1719424979.0888944,8
1719424983.1857858,8
1719424987.2715425,8
1719424991.4123094,8
1719424995.5138564,8
1719424999.639269,8
1719425003.823039,8
1719425007.9791112,8
1719425012.0321448,8
1719425016.2185042,8
1719425020.375501,8
1719425024.5105786,8
1719425028.6728113,8
1719425032.81893,8
1719425036.9298227,8
1719425041.1079423,8
1719425045.2094402,8
1719425049.4856472,8
1719425053.4619153,8
1719425057.696591,8
1719425061.9728212,8
1719425066.1834202,8
1719425070.3506448,8
1719425074.424543,8
1719425078.550167,8
1719425082.602692,8
1719425086.7649395,8
1719425090.809728,8
1719425094.8808303,8
1719425099.1451943,8
1719425103.2201602,8
1719425107.6022341,8
1719425111.6888325,8
1719425116.1213593,8
1719425120.3562436,8
1719425124.6009946,8
1719425128.665505,8
1719425132.8737397,8
1719425136.8669665,8
1719425141.0260713,8
1719425144.9299948,8
1719425149.032062,8
1719425153.362981,8
1719425157.5933506,8
1719425161.743906,8
1719425165.8450465,8
1719425169.9482424,8
1719425174.1540549,8
1719425178.0903752,8
1719425182.3655598,8
1719425186.6349573,8
1719425190.8874793,8
1719425195.0316446,8
1719425199.1969342,8
1719425203.1700242,8
1719425207.3478553,8
1719425211.4564838,8
1719425215.5905232,8
1719425219.5905278,8
1719425223.791165,8
1719425228.2280722,8
1719425232.4102702,8
1719425236.6613345,8
1719425240.8081536,8
1719425244.9875894,8
1719425249.2131257,8
1719425253.326486,8
1719425257.551122,8
1719425261.5127535,8
1719425265.6843817,8
1719425269.816201,8
1719425273.9508314,8
1719425278.088993,8
1719425282.22215,8
1719425286.4339688,8
1719425290.5079236,8
1719425294.6876388,8
1719425298.8063085,8
1719425302.7479272,8
1719425306.935823,8
1719425311.0696619,8
1719425315.158947,8
1719425319.4004455,8
1719425323.6375792,8
1719425327.7033374,8
1719425331.8252933,8
1719425336.0491815,8
1719425340.2500603,8
1719425344.2580028,8
1719425348.3787625,8
1719425352.2689087,8
1719425356.4036815,8
1719425360.532423,8
1719425364.639291,8
1719425368.8021138,8
1719425372.897925,8
1719425377.1178136,8
1719425381.5446882,8
1719425385.5412006,8
1719425389.647461,8
1719425393.6975396,8
1719425397.8517077,8
1719425401.7490506,8
1719425406.0494096,8
1719425410.0788052,8
1719425414.2426593,8
1719425418.5283508,8
1719425422.6876974,8
1719425426.6202145,8
1719425430.6786134,8
1719425434.9778378,8
1719425439.0390975,8
1719425443.0329769,8
1719425447.1393592,8
1719425451.209489,8
1719425455.3639154,8
1719425459.6075518,8
1719425463.8484135,8
1719425467.9746017,8
1719425472.1297069,8
1719425476.4248788,8
1719425480.5942512,8
1719425484.6668723,8
1719425488.7534776,8
1719425492.9751422,8
1719425497.0812526,8
1719425501.238615,8
1719425505.456258,8
1719425509.6530812,8
1719425513.817024,8
1719425517.9315293,8
1719425522.0687172,8
1719425526.2912798,8
1719425530.4363027,8
1719425534.5567405,8
1719425538.8622794,8
1719425543.0670588,8
1719425547.146453,8
1719425551.2742748,8
1719425555.4111335,8
1719425559.5343435,8
1719425563.6836483,8
1719425567.8701613,8
1719425572.052647,8
1719425576.140807,8
1719425580.3359988,8
1719425584.4377623,8
1719425588.6593754,8
1719425592.9441714,8
1719425597.078531,8
1719425601.2921326,8
1719425605.497835,8
1719425609.6480248,8
1719425613.8951633,8
1719425617.9481788,8
1719425622.0936213,8
1719425626.1792238,8
1719425630.3326359,8
1719425634.558513,8
1719425638.765753,8
1719425643.005953,8
1719425647.1004095,8
1719425651.215591,8
1719425655.3678029,8
1719425659.605531,8
1719425663.7799351,8
1719425667.8577063,8
1719425671.9295127,8
1719425676.1148908,8
1719425680.2742047,8
1719425684.4511266,8
1719425688.5688748,8
1719425692.744415,8
1719425696.9856014,8
1719425701.0901825,8
1719425705.2138002,8
1719425709.358271,8
1719425713.5021708,8
1719425717.740529,8
1719425721.8242936,8
1719425725.9762537,8
1719425730.1499949,8
1719425734.2420108,8
1719425738.4272568,8
1719425742.5650268,8
1719425746.5019617,8
1719425750.6178796,8
1719425754.8066165,8
1719425758.9611824,8
1719425763.174618,8
1719425767.3100667,8
1719425771.360463,8
1719425775.4013283,8
1719425779.7805326,8
1719425783.9062939,8
1719425788.0634136,8
1719425792.1928096,8
1719425796.5779104,8
1719425800.7488937,8
1719425804.7139125,8
1719425809.0568917,8
1719425813.2463863,8
1719425817.4448857,8
1719425821.924253,8
1719425826.3514943,8
1719425830.5169003,8
1719425834.6798596,8
1719425838.7792373,8
1719425842.9868057,8
1719425846.9783282,8
1719425851.150517,8
1719425855.2564247,8
1719425859.4019458,8
1719425863.5711703,8
1719425867.6712976,8
1719425871.8873675,8
1719425875.895486,8
1719425879.9852142,8
1719425884.1039307,8
1719425888.0916474,8
1719425892.2725265,8
1719425896.4736402,8
1719425900.7545671,8
1719425904.9134905,8
1719425909.2218416,8
1719425913.4246051,8
1719425917.5184088,8
1719425921.6053772,8
1719425925.7112727,8
1719425929.8183293,8
1719425934.1607547,8
1719425938.0774388,8
1719425942.1720612,8
1719425946.2731278,8
1719425950.3841586,8
1719425954.5518515,8
1719425958.4034429,8
1719425962.5673287,8
1719425966.6897063,8
1719425970.8766127,8
1719425975.0351362,8
1719425979.1834526,8
1719425983.2602372,8
1719425987.4334257,8
1719425991.584106,8
1719425995.7335548,8
1719425999.8788025,8
1719426004.0551307,8
1719426008.1026042,8
1719426012.1600704,8
1719426016.2474926,8
1719426020.418815,8
1719426024.6840258,8
1719426028.7681448,8
1719426032.8413498,8
1719426036.9654288,8
1719426041.053555,8
1719426045.2274003,8
1719426049.3407512,8
1719426053.2741542,8
1719426057.340897,8
1719426061.434074,8
1719426065.7008178,8
1719426069.8884757,8
1719426074.0153422,8
1719426078.1960628,8
1719426082.374992,8
1719426086.5501335,8
1719426090.761086,8
1719426094.73659,8
1719426098.8488014,8
1719426103.1421428,8
1719426107.204183,8
1719426111.3374293,8
1719426115.6648953,8
1719426119.8129282,8
1719426124.0396109,8
1719426128.1526327,8
1719426132.3101084,8
1719426136.5582602,8
1719426140.7446625,8
1719426144.8486536,8
1719426148.951559,8
1719426153.1799457,8
1719426157.4149106,8
1719426161.6322424,8
1719426165.843594,8
1719426170.1087854,8
1719426174.3319583,8
1719426178.4591985,8
1719426182.6065602,8
1719426186.720886,8
1719426190.8114083,8
1719426194.9571254,8
1719426199.2233377,8
1719426203.3220139,8
1719426207.446804,8
1719426211.5305595,8
1719426215.667575,8
1719426219.8187745,8
1719426223.949993,8
1719426228.099337,8
1719426232.3877316,8
1719426236.549595,8
1719426240.744187,8
1719426244.8791394,8
1719426248.97003,8
1719426253.20833,8
1719426257.3046606,8
1719426261.4113178,8
1719426265.5117395,8
1719426269.746612,8
1719426273.931513,8
1719426278.1577432,8
1719426282.348788,8
1719426286.4816213,8
1719426290.6676407,8
1719426294.882189,8
1719426299.0422745,8
1719426303.1393895,8
1719426307.1861331,8
1719426311.5617452,8
1719426315.6709015,8
1719426319.8140404,8
1719426323.9923725,8
1719426328.2549384,8
1719426332.3461943,8
1719426336.5536685,8
1719426340.8674345,8
1719426345.1390064,8
1719426349.20365,8
1719426353.4232213,8
1719426357.6011274,8
1719426361.8125288,8
1719426365.9431796,8
1719426369.8592758,8
1719426374.0007026,8
1719426378.2844977,8
1719426382.523602,8
1719426386.6423438,8
1719426390.6088274,8
1719426394.7233608,8
1719426399.0323997,8
1719426402.987801,8
1719426407.1146214,8
1719426411.2007244,8
1719426415.2869031,8
1719426419.4447777,8
1719426423.5006442,8
1719426427.5820353,8
1719426431.675236,8
1719426435.8427548,8
1719426439.975471,8
1719426444.1043134,8
1719426448.1821868,8
1719426452.4434485,8
1719426456.51234,8
1719426460.8388839,8
1719426464.9503877,8
1719426469.0420837,8
1719426473.166278,8
1719426477.280009,8
1719426481.4289334,8
1719426485.5983534,8
1719426489.6452844,8
1719426493.8520644,8
1719426497.971417,8
1719426502.0589297,8
1719426506.1456223,8
1719426510.4134269,8
1719426514.5079558,8
1719426518.572905,8
1719426522.7193434,8
1719426527.1164541,8
1719426531.2209957,8
1719426535.3962533,8
1719426539.5465891,8
1719426543.6723661,8
1719426547.7091634,8
1719426552.0391688,8
1719426556.1450782,8
1719426560.2652369,8
1719426564.400877,8
1719426568.5755265,8
1719426572.80922,8
1719426576.9381866,8
1719426581.0450122,8
1719426585.2914476,8
1719426589.5266347,8
1719426593.6391487,8
1719426597.7145684,8
1719426601.8496408,8
1719426605.9374986,8
1719426610.1309643,8
1719426614.3120575,8
1719426618.4568825,8
1719426622.568577,8
1719426626.7203584,8
1719426630.8885968,8
1719426635.069109,8
1719426639.1269832,8
1719426643.100755,8
1719426647.1789582,8
1719426651.2981355,8
1719426655.5518749,8
1719426659.6606014,8
1719426663.7464054,8
1719426667.9135401,8
1719426672.0893679,8
1719426676.3622274,8
1719426680.4840553,8
1719426684.478774,8
1719426688.5976517,8
1719426692.7705677,8
1719426696.805038,8
1719426701.0430849,8
1719426705.215514,8
1719426709.3415217,8
1719426713.5523756,8
1719426717.7113037,8
1719426721.7643745,8
1719426725.953857,8
1719426730.1459942,8
1719426734.4024603,8
1719426738.6866672,8
1719426742.794707,8
1719426746.9124913,8
1719426751.0628011,8
1719426755.173998,8
1719426759.373109,8
1719426763.587113,8
1719426767.7983375,8
1719426771.889601,8
1719426775.960732,8
1719426780.1709993,8
1719426784.303554,8
1719426788.4725516,8
1719426792.7753978,8
1719426796.9006507,8
1719426800.9497085,8
1719426805.1894,8
1719426809.3854008,8
1719426813.4747398,8
1719426817.6014671,8
1719426821.7303274,8
1719426825.8744566,8
1719426829.9867918,8
1719426834.12847,8
1719426838.3237474,8
1719426842.5447173,8
1719426846.7944968,8
1719426851.020033,8
1719426855.2076893,8
1719426859.3126853,8
1719426863.4957666,8
1719426867.7478657,8
1719426871.890923,8
1719426875.981523,8
1719426880.048502,8
1719426884.199455,8
1719426888.4363313,8
1719426892.597525,8
1719426896.7280586,8
1719426900.982311,8
1719426905.0583224,8
1719426909.2243683,8
1719426913.4970555,8
1719426917.637001,8
1719426921.8351521,8
1719426926.068776,8
1719426930.2982025,8
1719426934.5462775,8
1719426938.6694524,8
1719426942.7883012,8
1719426946.964389,8
1719426951.1097298,8
1719426955.5352876,8
1719426959.5591793,8
1719426963.6857996,8
1719426967.8210278,8
1719426972.0870957,8
1719426976.1669512,8
1719426980.2714567,8
1719426984.44118,8
1719426988.5265005,8
1719426992.6191099,8
1719426996.7479959,8
1719427000.8967168,8
1719427005.0524063,8
1719427009.1530442,8
1719427013.3511784,8
1719427017.577524,8
1719427021.6644228,8
1719427025.810512,8
1719427029.9114387,8
1719427034.0579898,8
1719427038.227792,8
1719427042.2903597,8
1719427046.3926451,8
1719427050.6136107,8
1719427054.7740958,8
1719427058.9816043,8
1719427062.876878,8
1719427067.0170364,8
1719427071.0937424,8
1719427075.3498864,8
1719427079.4982743,8
1719427083.624438,8
1719427087.7948403,8
1719427092.0211098,8
1719427096.1302567,8
1719427100.4560487,8
1719427104.405915,8
1719427108.4574893,8
1719427112.5301843,8
1719427116.7530012,8
1719427121.0438898,8
1719427125.265109,8
1719427129.4096787,8
1719427133.551707,8
1719427137.6543622,8
1719427141.8482077,8
1719427146.010416,8
1719427150.2662942,8
1719427154.6238577,8
1719427158.8651922,8
1719427163.258703,8
1719427167.3235683,8
1719427171.383543,8
1719427175.559775,8
1719427179.829825,8
1719427183.9650562,8
1719427188.080186,8
1719427192.224111,8
1719427196.373451,8
1719427200.4912171,8
1719427204.5424054,8
1719427208.7045455,8
1719427212.9895585,8
1719427217.0926826,8
1719427221.1676672,8
1719427225.2693775,8
1719427229.3150005,8
1719427233.3945951,8
1719427237.4880688,8
1719427241.6763704,8
1719427245.7476277,8
1719427249.8372014,8
1719427253.9087048,8
1719427258.116922,8
1719427262.316877,8
1719427266.5733187,8
1719427270.7103946,8
1719427274.8504994,8
1719427279.0489845,8
1719427283.2191992,8
1719427287.4062343,8
1719427291.565387,8
1719427295.8815126,8
1719427299.987336,8
1719427304.1607242,8
1719427308.426956,8
1719427312.6112952,8
1719427316.8865297,8
1719427321.0128825,8
1719427325.1831071,8
1719427329.3191066,8
1719427333.552415,8
1719427337.682314,8
1719427341.8720763,8
1719427345.925021,8
1719427350.1857235,8
1719427354.4128435,8
1719427358.3797817,8
1719427362.5850778,8
1719427366.7454724,8
1719427370.9310384,8
1719427375.039546,8
1719427379.2383687,8
1719427383.401633,8
1719427387.48416,8
1719427391.6564052,8
1719427395.8054318,8
1719427399.649761,8
1719427403.8573432,8
1719427408.0608115,8
1719427412.121474,8
1719427416.3628867,8
1719427420.4245927,8
1719427424.5058644,8
1719427428.7454586,8
1719427432.964212,8
1719427437.1126812,8
1719427441.0657794,8
1719427445.290811,8
1719427449.5064964,8
1719427453.8071682,8
1719427458.0311248,8
1719427462.2045488,8
1719427466.2561622,8
1719427470.384915,8
1719427474.5317414,8
1719427478.6930876,8
1719427482.8623085,8
1719427487.0860474,8
1719427491.2085104,8
1719427495.3121703,8
1719427499.3975337,8
1719427503.6037118,8
1719427507.7303631,8
1719427511.8328779,8
1719427516.1007695,8
1719427520.2346811,8
1719427524.4218922,8
1719427528.4471946,8
1719427532.638231,8
1719427536.7590764,8
1719427540.8828287,8
1719427545.0823448,8
1719427549.0602634,8
1719427553.3096285,8
1719427557.3341289,8
1719427561.4973404,8
1719427565.6273708,8
1719427569.7608857,8
1719427573.9740982,8
1719427578.0891159,8
1719427582.2017276,8
1719427586.3362045,8
1719427590.4715843,8
1719427594.6117513,8
1719427598.7136965,8
1719427602.9539258,8
1719427607.1701827,8
1719427611.2710235,8
1719427615.4993796,8
1719427619.7778463,8
1719427623.9340937,8
1719427627.8882957,8
1719427631.8836255,8
1719427636.0040727,8
1719427640.3480132,8
1719427644.4948041,8
1719427648.6076775,8
1719427652.5299146,8
1719427656.5940812,8
1719427660.8368058,8
1719427665.0273755,8
1719427669.230518,8
1719427673.4267673,8
1719427677.594744,8
1719427681.5614908,8
1719427685.6045427,8
1719427689.7123775,8
1719427693.6277792,8
1719427697.7836168,8
1719427701.8443203,8
1719427705.9541032,8
1719427710.0940442,8
1719427714.1953206,8
1719427718.2711203,8
1719427722.4253566,8
1719427726.648332,8
1719427730.9940674,8
1719427735.0512445,8
1719427739.1941144,8
1719427743.3561738,8
1719427747.504849,8
1719427751.4944336,8
1719427755.5991993,8
1719427759.6602585,8
1719427763.8896894,8
1719427768.026321,8
1719427772.1600747,8
1719427776.5542438,8
1719427780.7291842,8
1719427785.004361,8
1719427789.1162105,8
1719427793.270403,8
1719427797.3473697,8
1719427801.402627,8
1719427805.7081568,8
1719427809.8931763,8
1719427814.0729887,8
1719427818.2077434,8
1719427822.4465976,8
1719427826.5520082,8
1719427830.564459,8
1719427834.718036,8
1719427838.8399518,8
1719427843.0166528,8
1719427847.2138278,8
1719427851.3308234,8
1719427855.5240953,8
1719427859.7190914,8
1719427863.8483324,8
1719427867.9656885,8
1719427872.0667868,8
1719427876.1183445,8
1719427880.3662355,8
1719427884.518739,8
1719427888.7756715,8
1719427893.079268,8
1719427897.1528308,8
1719427901.337043,8
1719427905.7341094,8
1719427909.918324,8
1719427914.1608775,8
1719427918.280002,8
1719427922.435337,8
1719427926.5378437,8
1719427930.7608564,8
1719427934.7466428,8
1719427938.87211,8
1719427943.1860695,8
1719427947.3719451,8
1719427951.6859717,8
1719427955.8135788,8
1719427959.9038625,8
1719427964.1074576,8
1719427968.2423103,8
1719427972.38029,8
1719427976.4684753,8
1719427980.609121,8
1719427984.741792,8
1719427988.895814,8
1719427992.9749985,8
1719427997.1086943,8
1719428001.4667284,8
1719428005.5840032,8
1719428009.6471395,8
1719428013.7904303,8
1719428017.8804247,8
1719428022.050469,8
1719428026.2195532,8
1719428030.1967697,8
1719428034.226393,8
1719428038.365603,8
1719428042.6991162,8
1719428046.8092797,8
1719428050.9516032,8
1719428054.8899403,8
1719428059.1143162,8
1719428063.3155334,8
1719428067.341472,8
1719428071.682087,8
1719428075.8543127,8
1719428080.098464,8
1719428084.288561,8
1719428088.4527879,8
1719428092.6053977,8
1719428096.9405465,8
1719428101.0441217,8
1719428105.2375154,8
1719428109.335945,8
1719428113.437452,8
1719428117.6492572,8
1719428121.7967703,8
1719428125.6939044,8
1719428129.8964148,8
1719428133.987139,8
1719428137.8878784,8
1719428141.9362676,8
1719428146.0959811,8
1719428150.2116964,8
1719428154.3531904,8
1719428158.4795058,8
1719428162.658357,8
1719428166.7519555,8
1719428170.8461907,8
1719428175.0219018,8
1719428179.1805677,8
1719428183.3582919,8
1719428187.4338927,8
1719428191.629212,8
1719428195.7480369,8
1719428199.8651826,8
1719428203.9779088,8
1719428208.0730538,8
1719428212.3028264,8
1719428216.4118812,8
1719428220.335853,8
1719428224.4857855,8
1719428228.5938494,8
1719428232.7028356,8
1719428236.9492168,8
1719428241.084245,8
1719428245.2655246,8
1719428249.350888,8
1719428253.502117,8
1719428257.8492055,8
1719428262.0116727,8
1719428266.199831,8
1719428270.430278,8
1719428274.6688788,8
1719428278.65462,8
1719428282.830298,8
1719428286.952203,8
1719428291.011252,8
1719428295.1680982,8
1719428299.2845545,8
1719428303.5501413,8
1719428307.6930294,8
1719428311.8106332,8
1719428315.8992589,8
1719428319.8718257,8
1719428324.0755575,8
1719428328.3053043,8
1719428332.476921,8
1719428336.6808677,8
1719428340.884136,8
1719428345.5389059,8
1719428349.6712759,8
1719428353.8126488,8
1719428358.0146737,8
1719428361.9269133,8
1719428365.9945848,8
1719428370.223385,8
1719428374.0944107,8
1719428378.2414765,8
1719428382.3432431,8
1719428386.4232845,8
1719428390.571241,8
1719428394.7146,8
1719428398.968222,8
1719428402.938568,8
1719428407.0912557,8
1719428411.1321814,8
1719428415.2478564,8
1719428419.470029,8
1719428423.6993406,8
1719428427.9364195,8
1719428432.0175312,8
1719428436.454393,8
1719428440.5629606,8
1719428444.672068,8
1719428449.0577633,8
1719428453.2298744,8
1719428457.402384,8
1719428461.5747855,8
1719428465.6374216,8
1719428469.9661376,8
1719428474.0406013,8
1719428478.297662,8
1719428482.5700138,8
1719428486.6698835,8
1719428490.900477,8
1719428495.3165255,8
1719428499.5210347,8
1719428503.7044513,8
1719428507.8152158,8
1719428512.0575016,8
1719428516.139341,8
1719428520.3184514,8
1719428524.3684247,8
1719428528.8820374,8
1719428532.9803545,8
1719428537.1816945,8
1719428541.344998,8
1719428545.4623358,8
1719428549.5220423,8
1719428553.7151127,8
1719428557.8811996,8
1719428562.0985856,8
1719428566.3100915,8
1719428570.4554095,8
1719428574.6656947,8
1719428578.9070926,8
1719428583.0408676,8
1719428587.217686,8
1719428591.390964,8
1719428595.7461758,8
1719428599.9481251,8
1719428604.0825148,8
1719428608.2979074,8
1719428612.4941847,8
1719428616.561005,8
1719428620.8267224,8
1719428624.9744053,8
1719428629.1432157,8
1719428633.2448313,8
1719428637.370645,8
1719428641.5223222,8
1719428645.6799893,8
1719428649.7898886,8
1719428653.9807878,8
1719428658.474117,8
1719428662.612688,8
1719428666.7356339,8
1719428670.9615488,8
1719428675.069758,8
1719428679.2203443,8
1719428683.3275454,8
1719428687.6803172,8
1719428691.745554,8
1719428695.8865192,8
1719428699.9737415,8
1719428704.1421845,8
1719428708.1907258,8
1719428712.3079185,8
1719428716.412426,8
1719428720.5212703,8
1719428724.5751815,8
1719428728.9277577,8
1719428733.0060976,8
1719428737.2458189,8
1719428741.361472,8
1719428745.5011978,8
1719428749.5890296,8
1719428753.7520306,8
1719428757.8715098,8
1719428762.0255585,8
1719428766.0743394,8
1719428770.2222254,8
1719428774.3243792,8
1719428778.5552297,8
1719428782.3939817,8
1719428786.4826632,8
1719428790.5067313,8
1719428794.4977772,8
1719428798.6894045,8
1719428802.8365746,8
1719428806.9313424,8
1719428811.1834447,8
1719428815.3674185,8
1719428819.5339873,8
1719428823.4277527,8
1719428827.5651522,8
1719428831.7817743,8
1719428835.8526597,8
1719428839.9392478,8
1719428844.2045667,8
1719428848.29888,8
1719428852.4140124,8
1719428856.5362995,8
1719428860.7757025,8
1719428864.9831173,8
1719428869.2938662,8
1719428873.4630392,8
1719428877.5649712,8
1719428881.7801955,8
1719428885.8914642,8
1719428889.9467797,8
1719428894.178027,8
1719428898.0804038,8
1719428902.078713,8
1719428906.22958,8
1719428910.6604106,8
1719428914.7142904,8
1719428918.8590999,8
1719428923.192252,8
1719428927.4183726,8
1719428931.4839,8
1719428935.5938911,8
1719428939.8249261,8
1719428943.8579335,8
1719428948.0909843,8
1719428952.1341114,8
1719428956.3779314,8
1719428960.6538765,8
1719428964.978965,8
1719428969.1111743,8
1719428973.3061066,8
1719428977.4756196,8
1719428981.6036851,8
1719428985.713027,8
1719428989.8840957,8
1719428994.0397563,8
1719428998.2592907,8
1719429002.160084,8
1719429006.1957831,8
1719429010.4338734,8
1719429014.34713,8
1719429018.5081906,8
1719429022.6493886,8
1719429026.8324938,8
1719429030.9615664,8
1719429035.0067074,8
1719429039.024642,8
1719429043.1666439,8
1719429047.3821387,8
1719429051.5870414,8
1719429055.7022169,8
1719429059.7832382,8
1719429063.875476,8
1719429068.05198,8
1719429072.147889,8
1719429076.2495568,8
1719429080.3150902,8
1719429084.4507313,8
1719429088.553151,8
1719429092.796279,8
1719429096.8898137,8
1719429100.966549,8
1719429105.1063418,8
1719429109.1388838,8
1719429113.192935,8
1719429117.1421473,8
1719429121.4295077,8
1719429125.636524,8
1719429129.7811744,8
1719429133.964542,8
1719429138.2149427,8
1719429142.2548833,8
1719429146.3912613,8
1719429150.5875125,8
1719429154.6271427,8
1719429158.5841727,8
1719429162.7100394,8
1719429166.8492963,8
1719429170.937813,8
1719429175.0671566,8
1719429179.1269383,8
1719429183.3926463,8
1719429187.5257733,8
1719429191.6656644,8
1719429195.7809796,8
1719429200.013471,8
1719429204.192183,8
1719429208.4468899,8
1719429212.7557106,8
1719429216.8547826,8
1719429220.95659,8
1719429225.2423038,8
1719429229.3138545,8
1719429233.4811058,8
1719429237.546524,8
1719429241.641584,8
1719429245.8645337,8
1719429250.0727432,8
1719429254.2219396,8
1719429258.4006166,8
1719429262.5033083,8
1719429266.649759,8
1719429270.8661022,8
1719429275.0361595,8
1719429279.1753807,8
1719429283.4370637,8
1719429287.6183553,8
1719429291.6820827,8
1719429295.6365721,8
1719429299.8630028,8
1719429304.0566475,8
1719429308.160638,8
1719429312.3781703,8
1719429316.5865798,8
1719429320.8062162,8
1719429324.9690065,8
1719429329.1548262,8
1719429333.279079,8
1719429337.4315531,8
1719429341.725612,8
1719429345.7923322,8
1719429350.0445085,8
1719429354.039481,8
1719429358.3009994,8
1719429362.4042213,8
1719429366.6943893,8
1719429370.854748,8
1719429374.9870822,8
1719429379.0896606,8
1719429383.2730389,8
1719429387.1545932,8
1719429391.2493436,8
1719429395.3548596,8
1719429399.9334803,8
1719429403.9940338,8
1719429408.160241,8
1719429412.2864423,8
1719429416.650937,8
1719429420.8122249,8
1719429424.9102697,8
1719429429.0241807,8
1719429433.432763,8
1719429437.52279,8
1719429441.5796638,8
1719429445.6812823,8
1719429449.8129776,8
1719429453.8731554,8
1719429458.100991,8
1719429462.2410493,8
1719429466.4631817,8
1719429470.574492,8
1719429474.62763,8
1719429478.8535383,8
1719429483.012912,8
1719429487.1587133,8
1719429491.2511973,8
1719429495.2857916,8
1719429499.325243,8
1719429503.5171504,8
1719429507.53621,8
1719429511.6710298,8
1719429515.881585,8
1719429520.015654,8
1719429524.108841,8
1719429528.2053795,8
1719429532.303941,8
1719429536.2406287,8
1719429540.3696175,8
1719429544.4302,8
1719429548.5453007,8
1719429552.6680284,8
1719429557.0130265,8
1719429561.093155,8
1719429565.2170653,8
1719429569.370545,8
1719429573.5271056,8
1719429577.4452152,8
1719429581.6303945,8
1719429585.741843,8
1719429589.995939,8
1719429594.0476449,8
1719429598.175133,8
1719429602.362172,8
1719429606.4623532,8
1719429610.544561,8
1719429614.7949312,8
1719429618.9335957,8
1719429623.0889761,8
1719429627.3501084,8
1719429631.5675945,8
1719429635.6276183,8
1719429639.837758,8
1719429643.9811385,8
1719429648.3703234,8
1719429652.596071,8
1719429656.7720776,8
1719429660.8234725,8
1719429664.9677672,8
1719429669.1682737,8
1719429673.4470937,8
1719429677.499818,8
1719429681.6260948,8
1719429685.7953985,8
1719429689.8822367,8
1719429694.0303392,8
1719429698.136962,8
1719429702.21042,8
1719429706.5425162,8
1719429710.662096,8
1719429714.8545926,8
1719429718.9978673,8
1719429723.2150533,8
1719429727.2747378,8
1719429731.3058338,8
1719429735.5036373,8
1719429739.6412437,8
1719429743.8987994,8
1719429748.1027298,8
1719429752.1312368,8
1719429756.1964626,8
1719429760.2585,8
1719429764.3845747,8
1719429768.6121721,8
1719429772.7868557,8
1719429776.953029,8
1719429781.1439412,8
1719429785.2685554,8
1719429789.3430414,8
1719429793.4603796,8
1719429797.7106495,8
1719429801.8259497,8
1719429805.9587798,8
1719429810.1517456,8
1719429814.3255818,8
1719429818.534198,8
1719429822.7794383,8
1719429826.7382286,8
1719429830.8914425,8
1719429834.998209,8
1719429839.212919,8
1719429843.4268749,8
1719429847.32987,8
1719429851.5829847,8
1719429855.6586602,8
1719429859.7352393,8
1719429864.0145762,8
1719429868.0017323,8
1719429872.1970592,8
1719429876.2571282,8
1719429880.4658587,8
1719429884.7193232,8
1719429888.9104967,8
1719429893.091622,8
1719429897.3782203,8
1719429901.4808862,8
1719429905.5808568,8
1719429909.549911,8
1719429913.7505248,8
1719429918.0203474,8
1719429922.1240065,8
1719429926.3090415,8
1719429930.4608853,8
1719429934.7224872,8
1719429938.8090942,8
1719429942.9714906,8
1719429947.0438662,8
1719429951.1379228,8
1719429955.4410453,8
1719429959.6602268,8
1719429963.8508031,8
1719429968.0462677,8
1719429972.190326,8
1719429976.4074728,8
1719429980.584418,8
1719429984.5901093,8
1719429988.7140834,8
1719429992.8879712,8
1719429997.0447812,8
1719430001.176136,8
1719430005.3971694,8
1719430009.4728417,8
1719430013.563165,8
1719430017.736087,8
1719430021.9081743,8
1719430025.9785514,8
1719430030.062414,8
1719430034.152634,8
1719430038.3421545,8
1719430042.442238,8
1719430046.6658604,8
1719430050.8404758,8
1719430054.9525704,8
1719430059.0386286,8
1719430063.1780186,8
1719430067.2373235,8
1719430071.4422429,8
1719430075.6123943,8
1719430079.7687836,8
1719430083.8838449,8
1719430088.1089091,8
1719430092.414993,8
1719430096.637416,8
1719430100.8550286,8
1719430105.0457811,8
1719430109.1829515,8
1719430113.3562438,8
1719430117.4648943,8
1719430121.627718,8
1719430125.547298,8
1719430129.7255192,8
1719430133.8993812,8
1719430137.9852617,8
1719430142.0219574,8
1719430146.121026,8
1719430150.392491,8
1719430154.5710983,8
1719430158.640128,8
1719430162.7683938,8
1719430166.816777,8
1719430171.0121047,8
1719430174.9587183,8
1719430179.0870485,8
1719430183.308448,8
1719430187.3763976,8
1719430191.5314934,8
1719430195.772882,8
1719430199.73743,8
1719430203.928232,8
1719430208.058273,8
1719430212.3101861,8
1719430216.438278,8
1719430220.7563279,8
1719430224.9873245,8
1719430229.1517332,8
1719430233.092426,8
1719430237.1840682,8
1719430241.277081,8
1719430245.387873,8
1719430249.562463,8
1719430253.8589838,8
1719430258.6118026,8
1719430262.7782056,8
1719430266.9277601,8
1719430271.0238452,8
1719430275.137466,8
1719430279.3076022,8
1719430283.4605353,8
1719430287.4415724,8
1719430291.6115196,8
1719430295.740271,8
1719430299.8601747,8
1719430303.9766922,8
1719430308.0460894,8
1719430312.1755538,8
1719430316.4972856,8
1719430320.6997805,8
1719430324.8575518,8
1719430328.693853,8
1719430332.826504,8
1719430336.9549923,8
1719430341.0749416,8
1719430345.329365,8
1719430349.522057,8
1719430353.725201,8
1719430357.638727,8
1719430361.7414064,8
1719430365.9741418,8
1719430369.940682,8
1719430374.195595,8
1719430378.3654604,8
1719430382.566999,8
1719430386.7777908,8
1719430390.9197943,8
1719430395.116914,8
1719430399.1276321,8
1719430403.3564968,8
1719430407.4758945,8
1719430411.4467313,8
1719430415.758095,8
1719430420.0568845,8
1719430424.244005,8
1719430428.4100275,8
1719430432.5808427,8
1719430436.7922935,8
1719430440.9948752,8
1719430445.286133,8
1719430449.3619509,8
1719430453.5177944,8
1719430457.7642398,8
1719430461.9779446,8
1719430466.0624607,8
1719430470.1492977,8
1719430474.3941798,8
1719430478.3519504,8
1719430482.4176133,8
1719430486.6733203,8
1719430490.7793415,8
1719430495.092764,8
1719430499.4641075,8
1719430503.5883582,8
1719430507.7340991,8
1719430512.1019225,8
1719430516.3727226,8
1719430520.4568133,8
1719430524.6852977,8
1719430528.8001413,8
1719430532.9161797,8
1719430537.1435359,8
1719430541.2681718,8
1719430545.4299183,8
1719430549.398898,8
1719430553.5483546,8
1719430557.6358938,8
1719430561.7585204,8
1719430565.792849,8
1719430569.928766,8
1719430574.1516476,8
1719430578.3462522,8
1719430582.5750446,8
1719430586.7230346,8
1719430591.009754,8
1719430595.2110183,8
1719430599.3691888,8
1719430603.529775,8
1719430607.7535968,8
1719430611.99631,8
1719430616.266083,8
1719430620.3910615,8
1719430624.5599911,8
1719430628.7476268,8
1719430632.904843,8
1719430637.1427708,8
1719430641.232312,8
1719430645.3747177,8
1719430649.5828185,8
1719430653.852308,8
1719430658.0052109,8
1719430662.0850484,8
1719430666.1961834,8
1719430670.4320226,8
1719430674.6942525,8
1719430678.7905326,8
1719430682.8451138,8
1719430687.044793,8
1719430691.213566,8
1719430695.1634724,8
1719430699.2735293,8
1719430703.5411394,8
1719430707.6385713,8
1719430711.8910677,8
1719430715.9889104,8
1719430720.252271,8
1719430724.3680012,8
1719430728.508821,8
1719430732.7598147,8
1719430736.9869046,8
1719430741.0659628,8
1719430745.189599,8
1719430749.3972056,8
1719430753.707124,8
1719430757.8630106,8
1719430761.9732795,8
1719430766.0568082,8
1719430770.177773,8
1719430774.324069,8
1719430778.5808058,8
1719430782.7126744,8
1719430786.9358642,8
1719430791.0469275,8
1719430795.1904593,8
1719430799.3984196,8
1719430803.515514,8
1719430807.6539543,8
1719430811.7844079,8
1719430815.9442227,8
1719430820.0514965,8
1719430824.2957962,8
1719430828.2865741,8
1719430832.4163406,8
1719430836.520723,8
1719430840.7773676,8
1719430844.9430215,8
1719430849.0527048,8
1719430853.1539612,8
1719430857.3428118,8
1719430861.5784032,8
1719430865.7551389,8
1719430869.8900628,8
1719430874.0574777,8
1719430878.1630447,8
1719430882.2158437,8
1719430886.3262234,8
1719430890.4676018,8
1719430894.6069884,8
1719430898.7247813,8
1719430902.9051874,8
1719430907.0558565,8
1719430911.2264786,8
1719430915.4331827,8
1719430919.6991515,8
1719430923.8127077,8
1719430927.923241,8
1719430932.0178225,8
1719430936.148836,8
1719430940.2629082,8
1719430944.4364922,8
1719430948.671682,8
1719430952.6051784,8
1719430956.5846114,8
1719430960.695411,8
1719430964.8728826,8
1719430969.0140002,8
1719430973.1168668,8
1719430977.243309,8
1719430981.4721715,8
1719430985.6920729,8
1719430989.905501,8
1719430994.206808,8
1719430998.1549377,8
1719431002.2642379,8
1719431006.3076224,8
1719431010.5165355,8
1719431014.7383204,8
1719431018.8889573,8
1719431023.0822268,8
1719431027.1556518,8
1719431031.27003,8
1719431035.4726799,8
1719431039.4554665,8
1719431043.5697093,8
1719431047.6817715,8
1719431051.8905346,8
1719431056.0745838,8
1719431060.1837044,8
1719431064.5112078,8
1719431068.6906953,8
1719431072.7882025,8
1719431077.137484,8
1719431081.0982492,8
1719431085.217446,8
1719431089.360374,8
1719431093.6433375,8
1719431097.7859244,8
1719431101.9515746,8
1719431106.0651536,8
1719431110.1490257,8
1719431114.2488217,8
1719431118.356019,8
1719431122.3338358,8
1719431126.446732,8
1719431130.6757538,8
1719431135.0697253,8
1719431139.2079372,8
1719431143.526967,8
1719431147.6959786,8
