1719415147.1501348,7
1719415151.1293044,7
1719415154.9796853,7
1719415158.7916112,7
1719415162.678474,7
1719415166.4602654,7
1719415170.3945713,7
1719415174.2754931,7
1719415178.0960696,7
1719415181.8780215,7
1719415185.8941994,7
1719415189.7807207,7
1719415193.5850189,7
1719415197.4085708,7
1719415201.3357382,7
1719415205.0845327,7
1719415209.1262424,7
1719415212.9857662,7
1719415216.9737327,7
1719415220.9008865,7
1719415224.8998623,7
1719415228.8421535,7
1719415232.5259564,7
1719415236.3045223,7
1719415240.319753,7
1719415244.138108,7
1719415248.0527396,7
1719415251.9067702,7
1719415255.7820494,7
1719415259.6570454,7
1719415263.5425615,7
1719415267.3733325,7
1719415271.3227813,7
1719415275.0007818,7
1719415278.8423767,7
1719415282.648528,7
1719415286.5196905,7
1719415290.4211597,7
1719415294.3298197,7
1719415298.1136837,7
1719415302.0332854,7
1719415305.8910253,7
1719415309.9160738,7
1719415313.8200812,7
1719415317.6864915,7
1719415321.4726198,7
1719415325.4255564,7
1719415329.3510447,7
1719415333.2720814,7
1719415337.2125866,7
1719415341.091799,7
1719415344.9113815,7
1719415348.8430796,7
1719415352.7037535,7
1719415356.6465983,7
1719415360.544359,7
1719415364.3383927,7
1719415368.1840281,7
1719415372.116522,7
1719415375.9938273,7
1719415379.8638587,7
1719415383.622794,7
1719415387.4660125,7
1719415391.250698,7
1719415395.0538785,7
1719415398.732717,7
1719415402.9524338,7
1719415406.8354309,7
1719415410.8236797,7
1719415414.8787868,7
1719415418.7568038,7
1719415422.6611817,7
1719415426.5753126,7
1719415430.426646,7
1719415434.3610146,7
1719415438.2102728,7
1719415441.911825,7
1719415445.8254495,7
1719415449.6783187,7
1719415453.5062792,7
1719415457.2888308,7
1719415461.240554,7
1719415465.1366892,7
1719415469.0565681,7
1719415472.8623943,7
1719415476.7937763,7
1719415480.6629288,7
1719415484.400673,7
1719415488.2809079,7
1719415492.196393,7
1719415496.1890545,7
1719415500.0068076,7
1719415504.198266,7
1719415508.0594535,7
1719415511.90189,7
1719415515.7201858,7
1719415519.679557,7
1719415523.4975622,7
1719415527.3154857,7
1719415531.1910598,7
1719415535.074052,7
1719415538.9763863,7
1719415542.9032419,7
1719415546.7565374,7
1719415550.575914,7
1719415554.4008718,7
1719415558.2874475,7
1719415562.2361834,7
1719415566.0343266,7
1719415569.8446188,7
1719415573.6725912,7
1719415577.471085,7
1719415581.3254988,7
1719415585.1746926,7
1719415589.0430293,7
1719415592.8389761,7
1719415596.5296876,7
1719415600.1907806,7
1719415603.9993172,7
1719415607.648579,7
1719415611.5423007,7
1719415615.5645747,7
1719415619.5395598,7
1719415623.5036936,7
1719415627.3805282,7
1719415631.3013787,7
1719415635.2246165,7
1719415639.0514135,7
1719415642.869965,7
1719415646.7458887,7
1719415650.2387495,7
1719415654.1148868,7
1719415657.9758263,7
1719415661.8444417,7
1719415665.6762905,7
1719415669.480669,7
1719415673.369765,7
1719415677.186063,7
1719415681.0916564,7
1719415684.9201157,7
1719415688.6866894,7
1719415692.5114224,7
1719415696.3587933,7
1719415700.129555,7
1719415703.9932892,7
1719415707.7361846,7
1719415711.8342311,7
1719415715.7271206,7
1719415719.6947913,7
1719415723.4677134,7
1719415727.2812793,7
1719415731.16791,7
1719415735.0313623,7
1719415738.746126,7
1719415742.5651903,7
1719415746.6288033,7
1719415750.5144725,7
1719415754.3567123,7
1719415758.2398143,7
1719415761.8841293,7
1719415765.6662421,7
1719415769.5601702,7
1719415773.4109747,7
1719415777.21747,7
1719415781.313645,7
1719415785.1650405,7
1719415789.113678,7
1719415793.0988922,7
1719415796.8422391,7
1719415800.6633968,7
1719415804.5444384,7
1719415808.3299985,7
1719415812.173854,7
1719415815.8298147,7
1719415819.8381493,7
1719415823.715403,7
1719415827.4775045,7
1719415831.1462073,7
1719415835.032923,7
1719415839.0224729,7
1719415842.8519459,7
1719415846.6454406,7
1719415850.4376657,7
1719415854.3145173,7
1719415858.0317307,7
1719415861.8756726,7
1719415865.7333276,7
1719415869.5550067,7
1719415873.4676702,7
1719415877.2532966,7
1719415881.0410974,7
1719415884.969583,7
1719415888.8239245,7
1719415892.741014,7
1719415896.6446087,7
1719415900.4392605,7
1719415904.3361413,7
1719415908.1656952,7
1719415912.0792425,7
1719415916.0732565,7
1719415919.9732816,7
1719415923.7478683,7
1719415927.7206402,7
1719415931.6835878,7
1719415935.6718628,7
1719415939.6255727,7
1719415943.5733552,7
1719415947.517268,7
1719415951.4024568,7
1719415955.2837725,7
1719415959.112478,7
1719415962.9480753,7
1719415966.9007595,7
1719415970.856732,7
1719415974.758098,7
1719415978.6039076,7
1719415982.3650951,7
1719415986.234974,7
1719415990.0414217,7
1719415993.8838413,7
1719415997.7697718,7
1719416001.4767425,7
1719416005.330659,7
1719416009.1329007,7
1719416012.958144,7
1719416016.818822,7
1719416020.6206667,7
1719416024.2519178,7
1719416028.1102114,7
1719416031.9020107,7
1719416035.6700656,7
1719416039.680542,7
1719416043.5468204,7
1719416047.457642,7
1719416051.3235798,7
1719416055.2408357,7
1719416059.2741537,7
1719416063.1400578,7
1719416066.8025334,7
1719416070.4606402,7
1719416074.3202498,7
1719416078.1503255,7
1719416081.948575,7
1719416085.782868,7
1719416089.6685207,7
1719416093.5966556,7
1719416097.5735564,7
1719416101.3726995,7
1719416105.241135,7
1719416108.8869543,7
1719416112.8166018,7
1719416116.582907,7
1719416120.4822006,7
1719416124.3211455,7
1719416128.183295,7
1719416132.0314364,7
1719416135.8725893,7
1719416139.7274716,7
1719416143.7061777,7
1719416147.5155113,7
1719416151.2269194,7
1719416155.053868,7
1719416159.041873,7
1719416163.0615802,7
1719416166.8979697,7
1719416170.6864781,7
1719416174.6935656,7
1719416178.647209,7
1719416182.454961,7
1719416186.233934,7
1719416189.965453,7
1719416193.7133904,7
1719416197.504607,7
1719416201.4112015,7
1719416205.3177738,7
1719416208.9840517,7
1719416212.894173,7
1719416216.6383617,7
1719416220.506528,7
1719416224.3932111,7
1719416228.085122,7
1719416231.917716,7
1719416235.7907062,7
1719416239.6955295,7
1719416243.650402,7
1719416247.5645282,7
1719416251.4273674,7
1719416255.3574126,7
1719416259.0834804,7
1719416262.9810417,7
1719416266.677098,7
1719416270.427607,7
1719416274.257994,7
1719416278.1270747,7
1719416281.9990594,7
1719416285.786417,7
1719416289.5950391,7
1719416293.4747136,7
1719416297.3427858,7
1719416301.1689706,7
1719416304.9747894,7
1719416308.7188277,7
1719416312.498315,7
1719416316.1479568,7
1719416319.9800098,7
1719416323.8275824,7
1719416327.6240323,7
1719416331.4305253,7
1719416335.4020498,7
1719416339.1973593,7
1719416343.0811286,7
1719416346.8464842,7
1719416350.7261708,7
1719416354.6385202,7
1719416358.270122,7
1719416362.2027507,7
1719416366.1753697,7
1719416370.0037055,7
1719416373.9296134,7
1719416377.7405624,7
1719416381.5791318,7
1719416385.5237582,7
1719416389.390438,7
1719416393.1868334,7
1719416397.1820395,7
1719416401.0198643,7
1719416404.8070664,7
1719416408.6306326,7
1719416412.6131625,7
1719416416.447509,7
1719416420.2564645,7
1719416424.1047308,7
1719416427.9652963,7
1719416431.7327,7
1719416435.655627,7
1719416439.4967396,7
1719416443.3587186,7
1719416447.210956,7
1719416451.1165137,7
1719416454.939862,7
1719416458.8427317,7
1719416462.5999393,7
1719416466.4021523,7
1719416470.1896193,7
1719416474.1448722,7
1719416477.941642,7
1719416481.5660226,7
1719416485.3936107,7
1719416489.3534367,7
1719416493.343046,7
1719416497.152049,7
1719416500.9480488,7
1719416504.9078426,7
1719416508.6796396,7
1719416512.6165876,7
1719416516.5664496,7
1719416520.4724243,7
1719416524.0836234,7
1719416527.9319932,7
1719416531.609838,7
1719416535.5026426,7
1719416539.1969306,7
1719416542.994211,7
1719416546.824219,7
1719416550.6437743,7
1719416554.551378,7
1719416558.4068813,7
1719416562.149355,7
1719416565.7756364,7
1719416569.5525227,7
1719416573.3258908,7
1719416577.2029827,7
1719416580.992091,7
1719416584.7164257,7
1719416588.5066488,7
1719416592.3021355,7
1719416596.1499004,7
1719416600.0256433,7
1719416604.0091887,7
1719416607.7940211,7
1719416611.6842732,7
1719416615.532736,7
1719416619.4652672,7
1719416623.4062004,7
1719416627.3244078,7
1719416631.0930555,7
1719416635.0332515,7
1719416638.8503337,7
1719416642.7481618,7
1719416646.5149639,7
1719416650.3459535,7
1719416654.164036,7
1719416658.011395,7
1719416661.809011,7
1719416665.746271,7
1719416669.6100976,7
1719416673.345651,7
1719416677.104928,7
1719416681.104348,7
1719416684.9790552,7
1719416688.891559,7
1719416692.6578267,7
1719416696.579299,7
1719416700.4788473,7
1719416704.205587,7
1719416708.1047497,7
1719416712.2146447,7
1719416716.2696748,7
1719416720.1161828,7
1719416724.023044,7
1719416727.9542317,7
1719416731.4920435,7
1719416735.4154658,7
1719416739.223195,7
1719416743.0554059,7
1719416746.8819065,7
1719416750.7359753,7
1719416754.6704912,7
1719416758.477171,7
1719416762.4255753,7
1719416766.3574572,7
1719416770.150329,7
1719416773.8218596,7
1719416777.6815627,7
1719416781.4604678,7
1719416785.315113,7
1719416789.1459246,7
1719416793.0906851,7
1719416796.8907769,7
1719416800.7246733,7
1719416804.6612074,7
1719416808.6550841,7
1719416812.5469005,7
1719416816.2286272,7
1719416819.8843722,7
1719416823.8192403,7
1719416827.466625,7
1719416831.101411,7
1719416834.9232512,7
1719416838.7422242,7
1719416842.625277,7
1719416846.4256098,7
1719416850.2023292,7
1719416853.9641955,7
1719416857.6273513,7
1719416861.4679606,7
1719416865.3439827,7
1719416869.0959687,7
1719416872.9140487,7
1719416876.7286437,7
1719416880.6223893,7
1719416884.5230236,7
1719416888.3838484,7
1719416892.1589468,7
1719416896.1290324,7
1719416899.7971447,7
1719416903.8281043,7
1719416907.638254,7
1719416911.5502,7
1719416915.3573298,7
1719416919.211757,7
1719416923.0485225,7
1719416926.930067,7
1719416930.7703917,7
1719416934.6779418,7
1719416938.4523537,7
1719416942.1458151,7
1719416945.9702182,7
1719416949.8536413,7
1719416953.607994,7
1719416957.5212717,7
1719416961.297409,7
1719416965.088378,7
1719416968.9792995,7
1719416972.9357138,7
1719416976.7386496,7
1719416980.7116663,7
1719416984.6938183,7
1719416988.536969,7
1719416992.4227908,7
1719416996.3687308,7
1719417000.135955,7
1719417003.8144517,7
1719417007.6352143,7
1719417011.4556105,7
1719417015.281412,7
1719417019.0951095,7
1719417022.970689,7
1719417026.8321302,7
1719417030.6655571,7
1719417034.5037014,7
1719417038.5762575,7
1719417042.469274,7
1719417046.301119,7
1719417050.1849644,7
1719417054.112075,7
1719417058.0950952,7
1719417061.986849,7
1719417065.8782132,7
1719417069.6815107,7
1719417073.624149,7
1719417077.4363916,7
1719417081.2354388,7
1719417085.1805055,7
1719417089.1604414,7
1719417093.014005,7
1719417096.833214,7
1719417100.746188,7
1719417104.6612213,7
1719417108.309472,7
1719417112.3136072,7
1719417116.2569838,7
1719417120.1940618,7
1719417123.9691575,7
1719417127.856079,7
1719417131.6655347,7
1719417135.5885816,7
1719417139.4869864,7
1719417143.3473048,7
1719417147.2906704,7
1719417151.0253828,7
1719417155.0025609,7
1719417158.8245928,7
1719417162.6978438,7
1719417166.5009677,7
1719417170.3972912,7
1719417174.34721,7
1719417178.1472466,7
1719417181.951172,7
1719417185.8563561,7
1719417189.602819,7
1719417193.3458216,7
1719417197.1687706,7
1719417200.9315796,7
1719417204.8785017,7
1719417208.784572,7
1719417212.7098942,7
1719417216.5474548,7
1719417220.3767684,7
1719417224.1001346,7
1719417228.1960974,7
1719417232.007943,7
1719417235.694574,7
1719417239.4972916,7
1719417243.3804135,7
1719417247.1651616,7
1719417250.9881225,7
1719417254.8025122,7
1719417258.6885076,7
1719417262.5468006,7
1719417266.5236125,7
1719417270.3315787,7
1719417274.1616077,7
1719417277.8648589,7
1719417281.722802,7
1719417285.5810876,7
1719417289.4482887,7
1719417293.3303728,7
1719417297.1487877,7
1719417300.8956895,7
1719417305.061851,7
1719417308.8637707,7
1719417312.7008858,7
1719417316.5668292,7
1719417320.262559,7
1719417324.1185315,7
1719417328.0107698,7
1719417331.8407102,7
1719417335.6415858,7
1719417339.4755707,7
1719417343.468835,7
1719417347.2397573,7
1719417351.1778471,7
1719417355.011139,7
1719417358.995325,7
1719417362.8878727,7
1719417366.6998644,7
1719417370.5072632,7
1719417374.3064306,7
1719417378.0620954,7
1719417381.8749936,7
1719417385.6970732,7
1719417389.7517993,7
1719417393.6248274,7
1719417397.4903712,7
1719417401.1773994,7
1719417405.1274867,7
1719417408.8952844,7
1719417412.722807,7
1719417416.5096707,7
1719417420.442904,7
1719417424.2694418,7
1719417428.0464456,7
1719417431.8712893,7
1719417436.0139947,7
1719417439.8166795,7
1719417443.6663187,7
1719417447.471652,7
1719417451.4741614,7
1719417455.3901684,7
1719417459.3619711,7
1719417463.227011,7
1719417467.032313,7
1719417470.8444061,7
1719417474.518188,7
1719417478.3686297,7
1719417482.2648144,7
1719417485.9839408,7
1719417489.846713,7
1719417493.7478783,7
1719417497.5818343,7
1719417501.352866,7
1719417505.2161498,7
1719417509.0847306,7
1719417512.90767,7
1719417516.8089235,7
1719417520.6601577,7
1719417524.4944491,7
1719417528.1318712,7
1719417531.9480822,7
1719417535.7910233,7
1719417539.4945283,7
1719417543.3922608,7
1719417547.3250444,7
1719417551.2840443,7
1719417555.0888753,7
1719417559.0311196,7
1719417562.8256338,7
1719417566.7958612,7
1719417570.4786985,7
1719417574.3989515,7
1719417578.2631564,7
1719417582.1132615,7
1719417585.9374993,7
1719417589.7710264,7
1719417593.605352,7
1719417597.5060782,7
1719417601.315598,7
1719417605.2104104,7
1719417609.0860255,7
1719417612.8042426,7
1719417616.7075453,7
1719417620.63251,7
1719417624.5318198,7
1719417628.5794222,7
1719417632.519285,7
1719417636.3467975,7
1719417640.1484177,7
1719417644.0722811,7
1719417647.9787443,7
1719417652.0110326,7
1719417655.6552505,7
1719417659.493592,7
1719417663.3299441,7
1719417667.106445,7
1719417670.874262,7
1719417674.7653847,7
1719417678.5680788,7
1719417682.3899555,7
1719417686.2446146,7
1719417690.099788,7
1719417693.8811061,7
1719417697.5227966,7
1719417701.4635022,7
1719417705.3409653,7
1719417709.136551,7
1719417713.0662212,7
1719417716.9282126,7
1719417720.7494924,7
1719417724.542139,7
1719417728.4680312,7
1719417732.284765,7
1719417736.093199,7
1719417740.0027697,7
1719417743.9387815,7
1719417747.7750366,7
1719417751.6160362,7
1719417755.5547724,7
1719417759.3348963,7
1719417763.1166446,7
1719417767.0217743,7
1719417770.8682141,7
1719417774.751974,7
1719417778.4909048,7
1719417782.3186238,7
1719417786.1756992,7
1719417790.1705346,7
1719417794.0356064,7
1719417797.950339,7
1719417801.828475,7
1719417805.680619,7
1719417809.4259548,7
1719417813.2470021,7
1719417817.239511,7
1719417821.0855868,7
1719417824.9410954,7
1719417828.7687771,7
1719417832.7166364,7
1719417836.7013607,7
1719417840.546323,7
1719417844.3449154,7
1719417848.3181477,7
1719417852.1598012,7
1719417855.9340978,7
1719417859.7518795,7
1719417863.6194565,7
1719417867.53469,7
1719417871.3649008,7
1719417875.2024403,7
1719417879.093639,7
1719417882.985725,7
1719417886.8140156,7
1719417890.7229116,7
1719417894.5418222,7
1719417898.4140675,7
1719417902.2140255,7
1719417906.0017388,7
1719417909.724501,7
1719417913.7123759,7
1719417917.6058807,7
1719417921.6188438,7
1719417925.453879,7
1719417929.2843242,7
1719417933.0887642,7
1719417937.0861077,7
1719417940.9895039,7
1719417944.8627021,7
1719417948.5193417,7
1719417952.325334,7
1719417956.1066582,7
1719417959.905807,7
1719417963.769127,7
1719417967.6181383,7
1719417971.506201,7
1719417975.356592,7
1719417979.2885318,7
1719417983.1493855,7
1719417987.0016453,7
1719417990.6660264,7
1719417994.4624693,7
1719417998.3366044,7
1719418002.1074247,7
1719418006.0460563,7
1719418009.970731,7
1719418013.699791,7
1719418017.5019171,7
1719418021.3074422,7
1719418025.245102,7
1719418029.0000842,7
1719418032.710277,7
1719418036.6428685,7
1719418040.5444145,7
1719418044.481548,7
1719418048.3915787,7
1719418052.2635753,7
1719418056.1486342,7
1719418059.9524639,7
1719418063.9208426,7
1719418067.8991683,7
1719418071.6512418,7
1719418075.2918456,7
1719418079.0734653,7
1719418082.959808,7
1719418086.841229,7
1719418090.7667825,7
1719418094.6412294,7
1719418098.4955769,7
1719418102.4671302,7
1719418106.3014057,7
1719418110.1941073,7
1719418114.1445255,7
1719418117.756458,7
1719418121.5620573,7
1719418125.3517952,7
1719418129.2459986,7
1719418133.0675027,7
1719418136.8882432,7
1719418140.679244,7
1719418144.6848736,7
1719418148.64459,7
1719418152.4662614,7
1719418156.3549063,7
1719418159.8566616,7
1719418163.658485,7
1719418167.5433726,7
1719418171.4282222,7
1719418175.3071961,7
1719418179.2397017,7
1719418183.0608528,7
1719418186.8871222,7
1719418190.741481,7
1719418194.6828916,7
1719418198.5614083,7
1719418202.0997834,7
1719418205.9773183,7
1719418209.9135575,7
1719418213.7719147,7
1719418217.6685028,7
1719418221.4776223,7
1719418225.370976,7
1719418229.3063924,7
1719418233.1324112,7
1719418236.9927416,7
1719418240.9015534,7
1719418244.6163552,7
1719418248.4369717,7
1719418252.2702303,7
1719418256.1280265,7
1719418260.0237575,7
1719418263.8021111,7
1719418267.658637,7
1719418271.545658,7
1719418275.5149586,7
1719418279.3468692,7
1719418283.1858232,7
1719418286.8494136,7
1719418290.7517943,7
1719418294.5215461,7
1719418298.35108,7
1719418302.1659634,7
1719418305.9940634,7
1719418309.8035583,7
1719418313.6965241,7
1719418317.4974968,7
1719418321.3498127,7
1719418325.171755,7
1719418328.8571699,7
1719418332.6938124,7
1719418336.5391378,7
1719418340.399996,7
1719418344.2876332,7
1719418348.088441,7
1719418351.9087522,7
1719418355.8252451,7
1719418359.6782465,7
1719418363.4566352,7
1719418367.3841252,7
1719418371.3302886,7
1719418375.3527963,7
1719418379.1748948,7
1719418383.1377878,7
1719418386.919243,7
1719418390.8055582,7
1719418394.6420732,7
1719418398.456589,7
1719418402.254703,7
1719418406.177859,7
1719418410.023317,7
1719418413.9492729,7
1719418417.7547274,7
1719418421.6030412,7
1719418425.444026,7
1719418429.2435029,7
1719418433.0961344,7
1719418436.9994395,7
1719418440.8558834,7
1719418444.6467342,7
1719418448.4144506,7
1719418452.3475788,7
1719418456.220056,7
1719418460.1582122,7
1719418463.9277446,7
1719418467.8066626,7
1719418471.6028998,7
1719418475.378494,7
1719418479.328891,7
1719418483.2596552,7
1719418487.1484437,7
1719418490.966388,7
1719418494.7273424,7
1719418498.5546129,7
1719418502.354837,7
1719418506.2869265,7
1719418510.0446343,7
1719418513.9453812,7
1719418517.8492503,7
1719418521.6053228,7
1719418525.4875407,7
1719418529.460106,7
1719418533.385066,7
1719418537.0399501,7
1719418540.9510841,7
1719418544.9542193,7
1719418548.7679205,7
1719418552.639492,7
1719418556.4263248,7
1719418560.3401496,7
1719418564.0772946,7
1719418567.907246,7
1719418571.7376263,7
1719418575.6027656,7
1719418579.2548053,7
1719418583.0981932,7
1719418586.9565063,7
1719418590.834887,7
1719418594.792939,7
1719418598.6867428,7
1719418602.5052817,7
1719418606.375883,7
1719418610.1732655,7
1719418614.0303562,7
1719418617.870902,7
1719418621.6967292,7
1719418625.6303048,7
1719418629.5091553,7
1719418633.3691194,7
1719418637.205672,7
1719418640.9801936,7
1719418644.8562195,7
1719418648.7107642,7
1719418652.5300477,7
1719418656.3504417,7
1719418660.1737247,7
1719418664.0527585,7
1719418667.8237422,7
1719418671.5459442,7
1719418675.484846,7
1719418679.2749474,7
1719418683.2183235,7
1719418687.0743396,7
1719418690.9003103,7
1719418694.7049658,7
1719418698.660057,7
1719418702.2972348,7
1719418706.09939,7
1719418709.980775,7
1719418713.8846862,7
1719418717.8058372,7
1719418721.7520406,7
1719418725.5208442,7
1719418729.3726652,7
1719418733.1773415,7
1719418737.071637,7
1719418740.9504085,7
1719418744.6008844,7
1719418748.5572796,7
1719418752.3205848,7
1719418756.0951767,7
1719418759.9024756,7
1719418763.6652145,7
1719418767.5328794,7
1719418771.3181906,7
1719418775.0373163,7
1719418778.8853679,7
1719418782.9740665,7
1719418786.6203659,7
1719418790.4028587,7
1719418794.2086155,7
1719418798.1823678,7
1719418802.0861378,7
1719418805.9096434,7
1719418809.7581222,7
1719418813.54169,7
1719418817.392924,7
1719418821.2609246,7
1719418825.009457,7
1719418828.6613698,7
1719418832.472041,7
1719418836.2960653,7
1719418840.078329,7
1719418843.9272823,7
1719418847.8679266,7
1719418851.759285,7
1719418855.5261958,7
1719418859.1623988,7
1719418862.9618697,7
1719418866.7611253,7
1719418870.4466863,7
1719418874.3055441,7
1719418878.0773773,7
1719418881.974762,7
1719418885.9669888,7
1719418889.8003626,7
1719418893.5898507,7
1719418897.3997147,7
1719418901.2272348,7
1719418905.2072353,7
1719418909.2040167,7
1719418913.0867827,7
1719418917.0323193,7
1719418920.8525033,7
1719418924.722581,7
1719418928.5489,7
1719418932.394068,7
1719418936.277257,7
1719418940.1490037,7
1719418944.1517355,7
1719418948.08249,7
1719418951.826461,7
1719418955.578305,7
1719418959.413744,7
1719418963.319926,7
1719418967.3589704,7
1719418971.17191,7
1719418975.0210376,7
1719418978.810977,7
1719418982.688849,7
1719418986.544258,7
1719418990.4337356,7
1719418994.0865734,7
1719418997.9885035,7
1719419001.675146,7
1719419005.702119,7
1719419009.608663,7
1719419013.5514667,7
1719419017.386226,7
1719419021.2603533,7
1719419025.085084,7
1719419028.8680894,7
1719419032.6735196,7
1719419036.3332646,7
1719419040.1549141,7
1719419043.935788,7
1719419047.7457318,7
1719419051.6467695,7
1719419055.4543085,7
1719419059.2146277,7
1719419063.009429,7
1719419067.0595994,7
1719419070.7642083,7
1719419074.560965,7
1719419078.2237005,7
1719419082.2097788,7
1719419086.021146,7
1719419089.931617,7
1719419093.7847471,7
1719419097.591659,7
1719419101.3920548,7
1719419105.3291473,7
1719419109.2835968,7
1719419113.0732398,7
1719419116.973903,7
1719419120.7051234,7
1719419124.5594542,7
1719419128.3999562,7
1719419132.3375854,7
1719419136.1774745,7
1719419140.1438766,7
1719419144.1610537,7
1719419147.9853535,7
1719419151.9173493,7
1719419155.8390882,7
1719419159.7378302,7
1719419163.3922014,7
1719419167.3545897,7
1719419171.2549412,7
1719419175.1732605,7
1719419178.899011,7
1719419182.7624593,7
1719419186.7443366,7
1719419190.6562285,7
1719419194.476352,7
1719419198.3411846,7
1719419202.1473427,7
1719419206.049215,7
1719419209.9447844,7
1719419213.8732834,7
1719419217.7214658,7
1719419221.5579488,7
1719419225.4185684,7
1719419229.3216555,7
1719419233.2607715,7
1719419237.0391967,7
1719419240.7883406,7
1719419244.685844,7
1719419248.6949773,7
1719419252.5446277,7
1719419256.4424698,7
1719419260.37811,7
1719419264.1397262,7
1719419267.9062707,7
1719419271.7046375,7
1719419275.6340277,7
1719419279.6302004,7
1719419283.4780426,7
1719419287.1153774,7
1719419290.978325,7
1719419294.7867343,7
1719419298.6774871,7
1719419302.4518206,7
1719419306.3870797,7
1719419310.2503088,7
1719419314.0824857,7
1719419317.9393852,7
1719419321.7901053,7
1719419325.6820369,7
1719419329.3367162,7
1719419333.2277732,7
1719419337.0217807,7
1719419340.9156735,7
1719419344.8834116,7
1719419348.7400198,7
1719419352.6810691,7
1719419356.4927373,7
1719419360.3397043,7
1719419364.2985528,7
1719419368.0979059,7
1719419371.7477906,7
1719419375.6731472,7
1719419379.5196497,7
1719419383.3606186,7
1719419387.187873,7
1719419391.0142345,7
1719419394.843752,7
1719419398.724028,7
1719419402.5636292,7
1719419406.529736,7
1719419410.3831055,7
1719419414.0667298,7
1719419418.0529914,7
1719419421.922522,7
1719419425.7463114,7
1719419429.6583703,7
1719419433.5403209,7
1719419437.320166,7
1719419441.168291,7
1719419445.11214,7
1719419448.9680367,7
1719419452.830092,7
1719419456.4926953,7
1719419460.3235192,7
1719419464.2430546,7
1719419467.8776195,7
1719419471.7168274,7
1719419475.5351112,7
1719419479.2616112,7
1719419483.0773308,7
1719419486.9415028,7
1719419490.80213,7
1719419494.715602,7
1719419498.3695443,7
1719419502.2383583,7
1719419506.0704265,7
1719419509.9709291,7
1719419513.8955433,7
1719419517.7057638,7
1719419521.5050473,7
1719419525.3658507,7
1719419529.2723997,7
1719419533.3309543,7
1719419537.1679192,7
1719419540.8120217,7
1719419544.6689327,7
1719419548.6052992,7
1719419552.3981564,7
1719419556.1657424,7
1719419560.0360906,7
1719419563.8400226,7
1719419567.6403873,7
1719419571.3934672,7
1719419575.2695663,7
1719419579.1471496,7
1719419582.8062446,7
1719419586.5744836,7
1719419590.6009996,7
1719419594.5654926,7
1719419598.3989367,7
1719419602.1994586,7
1719419606.0207627,7
1719419609.8271055,7
1719419613.658756,7
1719419617.6539083,7
1719419621.5913298,7
1719419625.1377804,7
1719419628.9645157,7
1719419632.8319192,7
1719419636.7401495,7
1719419640.5329645,7
1719419644.3540595,7
1719419648.306009,7
1719419652.0920112,7
1719419655.9614418,7
1719419659.7384984,7
1719419663.4704046,7
1719419667.0085673,7
1719419671.0141094,7
1719419674.781202,7
1719419678.6643116,7
1719419682.5931642,7
1719419686.5400922,7
1719419690.4380555,7
1719419694.328485,7
1719419698.2413623,7
1719419701.9301832,7
1719419705.8681815,7
1719419709.6480784,7
1719419713.5574934,7
1719419717.3551953,7
1719419721.3169363,7
1719419725.2173624,7
1719419729.1506135,7
1719419732.9436083,7
1719419736.9459343,7
1719419740.937088,7
1719419744.7733018,7
1719419748.6534781,7
1719419752.459958,7
1719419756.3147688,7
1719419760.1931655,7
1719419764.0887148,7
1719419767.9710238,7
1719419771.9021163,7
1719419775.7419124,7
1719419779.6363943,7
1719419783.5175552,7
1719419787.479009,7
1719419791.1905386,7
1719419795.1010878,7
1719419798.9784644,7
1719419802.7628965,7
1719419806.7163372,7
1719419810.6498685,7
1719419814.434933,7
1719419818.2137654,7
1719419822.0635948,7
1719419825.958331,7
1719419829.8208268,7
1719419833.5771284,7
1719419837.5098593,7
1719419841.3759146,7
1719419845.1940947,7
1719419849.0815096,7
1719419852.8592138,7
1719419856.8397782,7
1719419860.897652,7
1719419864.6856945,7
1719419868.4880767,7
1719419872.2126126,7
1719419876.0483866,7
1719419879.9905474,7
1719419883.81313,7
1719419887.6331458,7
1719419891.579646,7
1719419895.4177513,7
1719419899.080154,7
1719419902.9316163,7
1719419906.8655872,7
1719419910.535403,7
1719419914.2482555,7
1719419918.0660014,7
1719419921.9109654,7
1719419925.809888,7
1719419929.6191442,7
1719419933.5608833,7
1719419937.3712063,7
1719419941.1800404,7
1719419945.1075344,7
1719419948.905058,7
1719419952.7504816,7
1719419956.6491673,7
1719419960.5358505,7
1719419964.4296691,7
1719419968.15833,7
1719419972.0735786,7
1719419975.908027,7
1719419979.8424768,7
1719419983.7194428,7
1719419987.5287118,7
1719419991.2511563,7
1719419995.008673,7
1719419998.8972,7
1719420002.9894981,7
1719420006.833285,7
1719420010.7315626,7
1719420014.597644,7
1719420018.4390962,7
1719420022.434961,7
1719420026.3903458,7
1719420030.300989,7
1719420034.1263723,7
1719420038.041423,7
1719420041.7017014,7
1719420045.6558619,7
1719420049.4279833,7
1719420053.242142,7
1719420057.0698795,7
1719420060.949358,7
1719420064.7337432,7
1719420068.4968028,7
1719420072.3511705,7
1719420076.3422868,7
1719420080.1831875,7
1719420083.8700693,7
1719420087.6825356,7
1719420091.496119,7
1719420095.312553,7
1719420099.0982256,7
1719420102.869129,7
1719420106.7684915,7
1719420110.6668324,7
1719420114.5161097,7
1719420118.4446304,7
1719420122.2956235,7
1719420125.9779685,7
1719420129.8657334,7
1719420133.7621546,7
1719420137.712686,7
1719420141.601299,7
1719420145.5290916,7
1719420149.479886,7
1719420153.2810516,7
1719420157.0885298,7
1719420161.0518248,7
1719420164.964216,7
1719420168.6559403,7
1719420172.4931824,7
1719420176.4387083,7
1719420180.2338202,7
1719420184.2199936,7
1719420188.1328301,7
1719420191.981988,7
1719420195.8724418,7
1719420199.7677534,7
1719420203.7114263,7
1719420207.552984,7
1719420211.335801,7
1719420215.304996,7
1719420219.1407633,7
1719420223.0165398,7
1719420226.851793,7
1719420230.6592605,7
1719420234.469673,7
1719420238.119648,7
1719420241.896604,7
1719420245.7377152,7
1719420249.6141076,7
1719420253.407636,7
1719420257.2125132,7
1719420261.0526614,7
1719420265.1312377,7
1719420268.930431,7
1719420272.80244,7
1719420276.5237188,7
1719420280.4430249,7
1719420284.2211742,7
1719420288.022992,7
1719420292.0037477,7
1719420295.8184822,7
1719420299.6149743,7
1719420303.4628482,7
1719420307.3046257,7
1719420311.0642636,7
1719420314.816299,7
1719420318.547448,7
1719420322.387833,7
1719420326.3064587,7
1719420330.0204253,7
1719420333.6729422,7
1719420337.5014794,7
1719420341.3711908,7
1719420345.2112784,7
1719420349.061017,7
1719420352.935908,7
1719420356.7294824,7
1719420360.5847247,7
1719420364.3441129,7
1719420368.2239394,7
1719420372.0844793,7
1719420375.7505095,7
1719420379.5683174,7
1719420383.4907608,7
1719420387.2756937,7
1719420391.2000952,7
1719420395.0584102,7
1719420398.937696,7
1719420402.764011,7
1719420406.6693318,7
1719420410.4724188,7
1719420414.2401605,7
1719420417.9366958,7
1719420421.7875288,7
1719420425.6874483,7
1719420429.6457977,7
1719420433.442716,7
1719420437.2397919,7
1719420441.060227,7
1719420444.9699445,7
1719420448.7995937,7
1719420452.7675478,7
1719420456.4395177,7
1719420460.3630576,7
1719420464.2271826,7
1719420468.1219256,7
1719420471.9843712,7
1719420475.8721585,7
1719420479.6643016,7
1719420483.5190375,7
1719420487.3111718,7
1719420491.2215567,7
1719420495.0809608,7
1719420498.9751549,7
1719420502.8387554,7
1719420506.8050199,7
1719420510.5933354,7
1719420514.3983154,7
1719420518.2589695,7
1719420522.1612306,7
1719420526.0845375,7
1719420530.0833087,7
1719420533.9850543,7
1719420537.9125745,7
1719420541.5294588,7
1719420545.4308996,7
1719420549.239779,7
1719420553.1051784,7
1719420557.0113227,7
1719420560.830178,7
1719420564.6860445,7
1719420568.5402918,7
1719420572.2954924,7
1719420576.3489532,7
1719420580.1945212,7
1719420583.8681374,7
1719420587.8134694,7
1719420591.8507667,7
1719420595.6450393,7
1719420599.6052377,7
1719420603.4683118,7
1719420607.1984358,7
1719420611.0134003,7
1719420614.85094,7
1719420618.8511996,7
1719420622.6745334,7
1719420626.5235827,7
1719420630.4210138,7
1719420634.24603,7
1719420637.9157891,7
1719420641.6274354,7
1719420645.324311,7
1719420649.1761127,7
1719420653.0059447,7
1719420656.8181164,7
1719420660.661703,7
1719420664.520706,7
1719420668.3967936,7
1719420672.1927717,7
1719420676.0200512,7
1719420679.866786,7
1719420683.7096977,7
1719420687.6403983,7
1719420691.5617144,7
1719420695.6211972,7
1719420699.4099445,7
1719420703.1632123,7
1719420706.6793973,7
1719420710.7142448,7
1719420714.6562462,7
1719420718.4940517,7
1719420722.4678335,7
1719420726.528706,7
1719420730.4130628,7
1719420734.360749,7
1719420738.2501717,7
1719420741.9123433,7
1719420745.7558937,7
1719420749.4050617,7
1719420753.2182899,7
1719420757.0202465,7
1719420760.886671,7
1719420764.664332,7
1719420768.701882,7
1719420772.5588508,7
1719420776.3750038,7
1719420780.26034,7
1719420784.160845,7
1719420787.9331665,7
1719420791.568026,7
1719420795.3591123,7
1719420799.1465929,7
1719420803.0544877,7
1719420806.7118382,7
1719420810.56855,7
1719420814.3872497,7
1719420818.213049,7
1719420822.0460367,7
1719420825.8010623,7
1719420829.6281292,7
1719420833.3087454,7
1719420837.2359822,7
1719420841.0044713,7
1719420844.9332178,7
1719420848.868233,7
1719420852.6659598,7
1719420856.536368,7
1719420860.3405476,7
1719420864.299427,7
1719420868.0508823,7
1719420871.8543558,7
1719420875.4983575,7
1719420879.2906177,7
1719420883.193686,7
1719420887.111517,7
1719420890.9672854,7
1719420894.7579656,7
1719420898.6675162,7
1719420902.4846432,7
1719420906.3738303,7
1719420910.0224016,7
1719420913.883238,7
1719420917.5598733,7
1719420921.442131,7
1719420925.332241,7
1719420929.2325323,7
1719420933.1204789,7
1719420937.0128248,7
1719420940.9069483,7
1719420944.8412163,7
1719420948.690706,7
1719420952.645278,7
1719420956.5976038,7
1719420960.3888662,7
1719420964.327361,7
1719420968.2805436,7
1719420972.0704696,7
1719420975.9119954,7
1719420979.8008187,7
1719420983.716377,7
1719420987.5646276,7
1719420991.438695,7
1719420995.2870922,7
1719420998.9784837,7
1719421002.827488,7
1719421006.567088,7
1719421010.3837159,7
1719421014.1839614,7
1719421017.9486992,7
1719421021.725812,7
1719421025.5139222,7
1719421029.1870837,7
1719421032.9968889,7
1719421036.7999394,7
1719421040.4484136,7
1719421044.3250759,7
1719421048.1526325,7
1719421051.956182,7
1719421055.8027039,7
1719421059.755715,7
1719421063.7911396,7
1719421067.7415838,7
1719421071.6317534,7
1719421075.5094447,7
1719421079.408014,7
1719421083.133668,7
1719421087.0366936,7
1719421090.9363306,7
1719421094.697059,7
1719421098.8325355,7
1719421102.652259,7
1719421106.5927258,7
1719421110.4313157,7
1719421114.2960515,7
1719421118.2058966,7
1719421122.0425289,7
1719421125.5733583,7
1719421129.410691,7
1719421133.2131572,7
1719421137.0669134,7
1719421141.0366895,7
1719421144.956224,7
1719421148.9414332,7
1719421152.8309364,7
1719421156.702706,7
1719421160.788333,7
1719421164.623341,7
1719421168.3159907,7
1719421172.272366,7
1719421176.2158313,7
1719421180.0154514,7
1719421183.9391818,7
1719421187.7577775,7
1719421191.6192303,7
1719421195.5203772,7
1719421199.5017188,7
1719421203.298034,7
1719421207.11746,7
1719421211.0347745,7
1719421214.8698652,7
1719421218.7862787,7
1719421222.7101173,7
1719421226.621106,7
1719421230.528734,7
1719421234.4765308,7
1719421238.310904,7
1719421242.199394,7
1719421246.0341318,7
1719421249.8160672,7
1719421253.6428933,7
1719421257.5360143,7
1719421261.4476547,7
1719421265.343414,7
1719421269.1787932,7
1719421272.9702249,7
1719421276.7889555,7
1719421280.5362587,7
1719421284.3047135,7
1719421288.1484349,7
1719421292.0793395,7
1719421295.971611,7
1719421299.8042083,7
1719421303.644879,7
1719421307.55005,7
1719421311.37805,7
1719421315.2313845,7
1719421319.0016088,7
1719421322.8859694,7
1719421326.8339374,7
1719421330.6668046,7
1719421334.4219391,7
1719421338.217657,7
1719421342.011729,7
1719421345.913301,7
1719421349.705068,7
1719421353.5763283,7
1719421357.4155893,7
1719421361.390078,7
1719421365.393705,7
1719421369.2578797,7
1719421373.0972989,7
1719421376.8627434,7
1719421380.737741,7
1719421384.6156673,7
1719421388.4829707,7
1719421392.2559237,7
1719421396.0400128,7
1719421399.902835,7
1719421403.747651,7
1719421407.6410387,7
1719421411.4695995,7
1719421415.4536712,7
1719421419.078757,7
1719421422.9964108,7
1719421426.8765733,7
1719421430.7853687,7
1719421434.719311,7
1719421438.5001903,7
1719421442.3411598,7
1719421446.15064,7
1719421449.9418323,7
1719421453.716231,7
1719421457.6858249,7
1719421461.5001051,7
1719421465.3064914,7
1719421469.2028778,7
1719421472.9511876,7
1719421476.8534083,7
1719421480.6072848,7
1719421484.442631,7
1719421488.2470672,7
1719421492.1058545,7
1719421495.877392,7
1719421499.8370943,7
1719421503.6974294,7
1719421507.5327191,7
1719421511.4804404,7
1719421515.2415564,7
1719421519.0678372,7
1719421522.9524395,7
1719421526.765144,7
1719421530.5554252,7
1719421534.3919055,7
1719421538.232499,7
1719421541.9098597,7
1719421545.7100675,7
1719421549.5209131,7
1719421553.1966803,7
1719421557.012408,7
1719421560.963201,7
1719421564.7237473,7
1719421568.611088,7
1719421572.551233,7
1719421576.3854935,7
1719421580.3131044,7
1719421584.3268151,7
1719421588.2185242,7
1719421592.0728583,7
1719421596.0239046,7
1719421599.8475766,7
1719421603.652396,7
1719421607.5100355,7
1719421611.407406,7
1719421615.1824899,7
1719421618.830991,7
1719421622.78601,7
1719421626.4209268,7
1719421630.2719276,7
1719421634.132556,7
1719421637.9753683,7
1719421641.9185114,7
1719421645.6765897,7
1719421649.4686558,7
1719421653.3451536,7
1719421657.2000625,7
1719421661.1320992,7
1719421665.0830715,7
1719421668.7571807,7
1719421672.6606746,7
1719421676.4709175,7
1719421680.3873775,7
1719421684.2648773,7
1719421688.1820958,7
1719421692.0659492,7
1719421695.9684408,7
1719421699.8235455,7
1719421703.6236422,7
1719421707.4979098,7
1719421711.118001,7
1719421715.0540898,7
1719421718.9762948,7
1719421722.8543959,7
1719421726.6641161,7
1719421730.5563319,7
1719421734.4182744,7
1719421738.3131423,7
1719421742.2101502,7
1719421746.0467727,7
1719421749.90283,7
1719421753.7812288,7
1719421757.652152,7
1719421761.5733485,7
1719421765.47611,7
1719421769.3567882,7
1719421773.1191757,7
1719421777.1224296,7
1719421780.884512,7
1719421784.9273665,7
1719421788.7579072,7
1719421792.4657757,7
1719421796.299069,7
1719421800.1246657,7
1719421803.8901534,7
1719421807.888234,7
1719421811.7279532,7
1719421815.5391762,7
1719421819.338299,7
1719421823.188306,7
1719421827.022836,7
1719421830.8539522,7
1719421834.5913587,7
1719421838.3268855,7
1719421842.1838815,7
1719421846.0953314,7
1719421850.053219,7
1719421853.869032,7
1719421857.7816768,7
1719421861.646973,7
1719421865.4413414,7
1719421869.2972598,7
1719421873.1783597,7
1719421876.8613548,7
1719421880.7649395,7
1719421884.641545,7
1719421888.5560608,7
1719421892.436447,7
1719421896.2293072,7
1719421900.1800122,7
1719421904.0531127,7
1719421907.8586977,7
1719421911.7854316,7
1719421915.6426628,7
1719421919.4414194,7
1719421923.3347094,7
1719421927.2722647,7
1719421931.1061358,7
1719421934.9808264,7
1719421938.8548496,7
1719421942.677938,7
1719421946.5092523,7
1719421950.4138522,7
1719421954.2255414,7
1719421958.1433303,7
1719421961.8062866,7
1719421965.4679344,7
1719421969.405217,7
1719421973.2805135,7
1719421977.1926656,7
1719421980.996529,7
1719421984.7894928,7
1719421988.7720041,7
1719421992.651457,7
1719421996.4870245,7
1719422000.3967257,7
1719422004.164074,7
1719422008.1230192,7
1719422011.9682622,7
1719422015.7657077,7
1719422019.5837088,7
1719422023.4894536,7
1719422027.172512,7
1719422031.04368,7
1719422034.8611715,7
1719422038.790089,7
1719422042.6165261,7
1719422046.444204,7
1719422050.418133,7
1719422054.3454015,7
1719422058.184383,7
1719422062.0348237,7
1719422065.8867574,7
1719422069.635655,7
1719422073.5702503,7
1719422077.4293962,7
1719422081.2086232,7
1719422084.9949272,7
1719422088.8453393,7
1719422092.8017309,7
1719422096.8017209,7
1719422100.8432155,7
1719422104.7554717,7
1719422108.5781646,7
1719422112.4418867,7
1719422116.3325503,7
1719422120.1180947,7
1719422123.993862,7
1719422127.6314692,7
1719422131.3876333,7
1719422135.2075143,7
1719422139.1243858,7
1719422143.0219712,7
1719422146.9985423,7
1719422150.849882,7
1719422154.6507764,7
1719422158.5165048,7
1719422162.1534083,7
1719422165.9870417,7
1719422169.663137,7
1719422173.5486586,7
1719422177.3791926,7
1719422181.3216329,7
1719422185.1365905,7
1719422188.9416192,7
1719422192.9450374,7
1719422196.760434,7
1719422200.5457783,7
1719422204.4167044,7
1719422208.067179,7
1719422211.8683903,7
1719422215.6644454,7
1719422219.4947567,7
1719422223.3300488,7
1719422227.139247,7
1719422231.0525625,7
1719422234.9256716,7
1719422238.9373493,7
1719422242.7189014,7
1719422246.6029131,7
1719422250.4027996,7
1719422254.4047933,7
1719422258.3832903,7
1719422262.27541,7
1719422266.0700731,7
1719422269.931981,7
1719422273.77421,7
1719422277.6917307,7
1719422281.5557764,7
1719422285.4555078,7
1719422289.1496818,7
1719422292.8013077,7
1719422296.6886656,7
1719422300.4163468,7
1719422304.1847215,7
1719422308.0161335,7
1719422311.7853765,7
1719422315.7495308,7
1719422319.6215723,7
1719422323.509703,7
1719422327.3539448,7
1719422331.2202144,7
1719422334.9075725,7
1719422338.8517118,7
1719422342.743884,7
1719422346.6325798,7
1719422350.441306,7
1719422354.1232886,7
1719422357.986013,7
1719422361.850908,7
1719422365.713543,7
1719422369.5505674,7
1719422373.36695,7
1719422377.0684679,7
1719422380.8571024,7
1719422384.7150323,7
1719422388.732502,7
1719422392.5508518,7
1719422396.304443,7
1719422400.2308555,7
1719422404.1922746,7
1719422407.9749198,7
1719422411.8168144,7
1719422415.5048048,7
1719422419.4474812,7
1719422423.396067,7
1719422427.1939523,7
1719422430.8986893,7
1719422434.723335,7
1719422438.68235,7
1719422442.5200796,7
1719422446.4653766,7
1719422450.267992,7
1719422454.1319323,7
1719422457.9366474,7
1719422461.5866642,7
1719422465.445389,7
1719422469.382683,7
1719422473.1871283,7
1719422476.997426,7
1719422480.811694,7
1719422484.6680455,7
1719422488.497495,7
1719422492.3538318,7
1719422496.2076595,7
1719422500.0203795,7
1719422503.8346362,7
1719422507.6308732,7
1719422511.469766,7
1719422515.286635,7
1719422519.1065614,7
1719422522.972536,7
1719422526.9545333,7
1719422530.747527,7
1719422534.5831535,7
1719422538.4780765,7
1719422542.256931,7
1719422545.8806157,7
1719422549.6831214,7
1719422553.6459637,7
1719422557.338174,7
1719422561.1486008,7
1719422565.1088471,7
1719422568.921755,7
1719422572.5544057,7
1719422576.4580796,7
1719422580.305051,7
1719422584.1706517,7
1719422587.8585668,7
1719422591.837591,7
1719422595.7424977,7
1719422599.6852694,7
1719422603.5152996,7
1719422607.4546084,7
1719422611.380688,7
1719422615.3141415,7
1719422619.2608988,7
1719422623.1844912,7
1719422626.941112,7
1719422630.7593312,7
1719422634.556725,7
1719422638.4901638,7
1719422642.2717977,7
1719422646.1119454,7
1719422649.938057,7
1719422653.8617449,7
1719422657.6597931,7
1719422661.457792,7
1719422665.3826892,7
1719422669.2578077,7
1719422673.3450983,7
1719422677.1792688,7
1719422681.0315552,7
1719422684.9577544,7
1719422688.7229302,7
1719422692.5406368,7
1719422696.4386392,7
1719422700.297442,7
1719422704.2679546,7
1719422708.101601,7
1719422711.7757304,7
1719422715.7591558,7
1719422719.8044374,7
1719422723.7003887,7
1719422727.578482,7
1719422731.4309084,7
1719422735.3704658,7
1719422739.1876104,7
1719422743.0148256,7
1719422746.9707541,7
1719422750.8179002,7
1719422754.6284914,7
1719422758.4275868,7
1719422762.235463,7
1719422766.0744863,7
1719422770.0060637,7
1719422773.8480673,7
1719422777.701521,7
1719422781.4017937,7
1719422785.319867,7
1719422789.3366437,7
1719422793.1682487,7
1719422796.8787835,7
1719422800.7210767,7
1719422804.4823902,7
1719422808.5368757,7
1719422812.425449,7
1719422816.1382504,7
1719422819.961535,7
1719422823.7484202,7
1719422827.6138022,7
1719422831.5722358,7
1719422835.210545,7
1719422839.0797288,7
1719422842.9871552,7
1719422846.813896,7
1719422850.689521,7
1719422854.5205352,7
1719422858.3274298,7
1719422862.1650956,7
1719422866.0388083,7
1719422869.8387628,7
1719422873.8272576,7
1719422877.521081,7
1719422881.387043,7
1719422885.3732529,7
1719422889.3208404,7
1719422893.3166623,7
1719422897.2651205,7
1719422901.0308435,7
1719422904.8174326,7
1719422908.6176302,7
1719422912.504025,7
1719422916.3735576,7
1719422920.2162843,7
1719422924.0724607,7
1719422927.9755836,7
1719422931.711083,7
1719422935.5411634,7
1719422939.4201548,7
1719422943.2226396,7
1719422947.1002614,7
1719422951.0113788,7
1719422954.9081907,7
1719422958.7870436,7
1719422962.475545,7
1719422966.3695073,7
1719422970.1997194,7
1719422973.9867148,7
1719422977.6523986,7
1719422981.5588071,7
1719422985.346691,7
1719422989.1857502,7
1719422992.9966965,7
1719422996.868695,7
1719423000.6115375,7
1719423004.2839682,7
1719423008.267084,7
1719423012.0897796,7
1719423015.9390776,7
1719423019.8258593,7
1719423023.596868,7
1719423027.3698819,7
1719423031.2398732,7
1719423034.9938731,7
1719423038.81984,7
1719423042.6466885,7
1719423046.307035,7
1719423050.2455666,7
1719423054.0178475,7
1719423057.9281712,7
1719423061.7051842,7
1719423065.3722448,7
1719423069.1372824,7
1719423072.9418502,7
1719423076.8192117,7
1719423080.6561782,7
1719423084.5112112,7
1719423088.1561198,7
1719423092.0447626,7
1719423095.8300436,7
1719423099.7115798,7
1719423103.5535111,7
1719423107.445049,7
1719423111.2884305,7
1719423115.0868123,7
1719423118.837293,7
1719423122.6690598,7
1719423126.5637836,7
1719423130.2772367,7
1719423134.174626,7
1719423138.1647942,7
1719423141.8060327,7
1719423145.6719103,7
1719423149.5321205,7
1719423153.4223676,7
1719423157.216105,7
1719423161.0599291,7
1719423165.0192955,7
1719423168.9842174,7
1719423172.6195288,7
1719423176.4356542,7
1719423180.3496463,7
1719423184.0990808,7
1719423188.0096037,7
1719423191.930295,7
1719423195.7276871,7
1719423199.5472252,7
1719423203.44485,7
1719423207.4191923,7
1719423211.2192132,7
1719423214.8843086,7
1719423218.6558568,7
1719423222.5720599,7
1719423226.5210097,7
1719423230.3190875,7
1719423234.0747564,7
1719423237.9920478,7
1719423241.8834255,7
1719423245.815025,7
1719423249.7465577,7
1719423253.6552558,7
1719423257.314636,7
1719423261.364924,7
1719423265.1898835,7
1719423269.1300342,7
1719423272.9792042,7
1719423276.722398,7
1719423280.4779408,7
1719423284.3176196,7
1719423288.1288667,7
1719423291.9532979,7
1719423295.7594717,7
1719423299.5575714,7
1719423303.4761283,7
1719423307.4622626,7
1719423311.3934646,7
1719423315.309647,7
1719423319.0502234,7
1719423322.9697552,7
1719423326.8789332,7
1719423330.8628292,7
1719423334.6161616,7
1719423338.428218,7
1719423342.3384726,7
1719423346.174563,7
1719423350.060187,7
1719423353.9720168,7
1719423357.8928537,7
1719423361.7784073,7
1719423365.6031625,7
1719423369.5528927,7
1719423373.4310384,7
1719423377.3849564,7
1719423381.08565,7
1719423384.907816,7
1719423388.851044,7
1719423392.8152375,7
1719423396.6517735,7
1719423400.3438294,7
1719423404.2643745,7
1719423408.073475,7
1719423411.9127781,7
1719423415.5303345,7
1719423419.3726268,7
1719423423.1372664,7
1719423426.9100041,7
1719423430.8768196,7
1719423434.7352316,7
1719423438.6917026,7
1719423442.569074,7
1719423446.4894514,7
1719423450.319774,7
1719423454.0914292,7
1719423457.9084623,7
1719423461.7386122,7
1719423465.6257954,7
1719423469.2885094,7
1719423473.0903678,7
1719423476.937165,7
1719423480.7944791,7
1719423484.644803,7
1719423488.423098,7
1719423492.2587132,7
1719423496.027367,7
1719423499.8150778,7
1719423503.7045352,7
1719423507.4658027,7
1719423511.3738492,7
1719423515.2627244,7
1719423519.030262,7
1719423522.9584477,7
1719423526.748241,7
1719423530.581781,7
1719423534.4997861,7
1719423538.3481345,7
1719423542.3847094,7
1719423546.0569432,7
1719423549.9171267,7
1719423553.8275628,7
1719423557.7342727,7
1719423561.5570083,7
1719423565.4428117,7
1719423569.4085777,7
1719423573.3531191,7
1719423577.2032516,7
1719423580.983944,7
1719423585.0524652,7
1719423588.7232215,7
1719423592.5794535,7
1719423596.4320276,7
1719423600.286136,7
1719423604.1302245,7
1719423608.0140822,7
1719423611.8813097,7
1719423615.6887403,7
1719423619.3047736,7
1719423623.0929003,7
1719423626.9270108,7
1719423630.8125858,7
1719423634.632458,7
1719423638.4891558,7
1719423642.3035808,7
1719423646.2426639,7
1719423650.1179862,7
1719423653.964142,7
1719423657.7838953,7
1719423661.6375341,7
1719423665.6229956,7
1719423669.5178223,7
1719423673.2993512,7
1719423677.2091293,7
1719423681.0290933,7
1719423684.8314433,7
1719423688.6844356,7
1719423692.5388384,7
1719423696.3465223,7
1719423700.1895282,7
1719423703.9900475,7
1719423707.7240584,7
1719423711.4091456,7
1719423715.241122,7
1719423719.2624347,7
1719423723.1195264,7
1719423726.9715583,7
1719423730.8119748,7
1719423734.623156,7
1719423738.5324893,7
1719423742.44946,7
1719423746.334407,7
1719423750.1372275,7
1719423753.8146396,7
1719423757.7033877,7
1719423761.5215898,7
1719423765.4245586,7
1719423769.1607537,7
1719423773.098123,7
1719423777.0393088,7
1719423780.9142063,7
1719423784.770797,7
1719423788.6313682,7
1719423792.2966278,7
1719423795.934249,7
1719423799.8180661,7
1719423803.6714828,7
1719423807.548019,7
1719423811.5187817,7
1719423815.3280206,7
1719423819.1763513,7
1719423823.1790426,7
1719423827.0722075,7
1719423830.940467,7
1719423834.864016,7
1719423838.6994736,7
1719423842.6192932,7
1719423846.405912,7
1719423850.367224,7
1719423854.267593,7
1719423858.113422,7
1719423862.0475216,7
1719423865.8500588,7
1719423869.697224,7
1719423873.5061803,7
1719423877.3897657,7
1719423881.2573457,7
1719423885.1120596,7
1719423888.883194,7
1719423892.8050206,7
1719423896.6488838,7
1719423900.5199482,7
1719423904.286966,7
1719423908.1019902,7
1719423911.9011881,7
1719423915.9602506,7
1719423920.0732453,7
1719423923.836696,7
1719423927.6429858,7
1719423931.555211,7
1719423935.5384572,7
1719423939.4295366,7
1719423943.3363917,7
1719423947.2764983,7
1719423951.1542833,7
1719423955.129685,7
1719423959.0008333,7
1719423962.9771175,7
1719423967.0726147,7
1719423971.048337,7
1719423974.9170015,7
1719423979.11438,7
1719423983.0243936,7
1719423986.8498738,7
1719423990.7665918,7
1719423994.76965,7
1719423998.7047396,7
1719424002.5291348,7
1719424006.1511664,7
1719424009.7592463,7
1719424013.5960348,7
1719424017.5184672,7
1719424021.290165,7
1719424025.1693118,7
1719424028.9770463,7
1719424032.8647516,7
1719424036.7346537,7
1719424040.52015,7
1719424044.4105432,7
1719424048.1805604,7
1719424052.0693061,7
1719424055.8600237,7
1719424059.7146902,7
1719424063.5904884,7
1719424067.581634,7
1719424071.5813937,7
1719424075.3386967,7
1719424079.176313,7
1719424082.9457984,7
1719424086.8352833,7
1719424090.623215,7
1719424094.4028716,7
1719424098.2873044,7
1719424102.2367032,7
1719424106.1493754,7
1719424110.032912,7
1719424113.881197,7
1719424117.8120286,7
1719424121.5891628,7
1719424125.594701,7
1719424129.3978,7
1719424133.341006,7
1719424137.2668734,7
1719424141.1030378,7
1719424144.8511753,7
1719424148.6273124,7
1719424152.4292507,7
1719424156.3224995,7
1719424160.24363,7
1719424164.1458201,7
1719424167.9833906,7
1719424171.8435235,7
1719424175.7385876,7
1719424179.6834824,7
1719424183.6013858,7
1719424187.5312085,7
1719424191.2842119,7
1719424195.1139312,7
1719424198.8550043,7
1719424202.8017497,7
1719424206.553673,7
1719424210.4818645,7
1719424214.4342227,7
1719424218.3357956,7
1719424222.0920396,7
1719424226.0483978,7
1719424229.9090145,7
1719424233.7926445,7
1719424237.6050475,7
1719424241.511405,7
1719424245.3933113,7
1719424249.2845864,7
1719424253.109848,7
1719424256.8201723,7
1719424260.6243057,7
1719424264.5452604,7
1719424268.3954656,7
1719424272.2109094,7
1719424276.0447464,7
1719424280.0047684,7
1719424283.751969,7
1719424287.59065,7
1719424291.3592548,7
1719424295.2210746,7
1719424299.0493367,7
1719424302.8813179,7
1719424306.6578975,7
1719424310.6626475,7
1719424314.2953653,7
1719424318.2570736,7
1719424322.2079127,7
1719424326.1547825,7
1719424329.9374602,7
1719424333.8429546,7
1719424337.632255,7
1719424341.5313857,7
1719424345.3683293,7
1719424349.253479,7
1719424352.982355,7
1719424356.854591,7
1719424360.6026468,7
1719424364.519691,7
1719424368.3654127,7
1719424372.3390574,7
1719424376.2503207,7
1719424379.9294374,7
1719424383.737854,7
1719424387.5646312,7
1719424391.4280608,7
1719424395.324064,7
1719424399.2100382,7
1719424403.0232031,7
1719424406.9591668,7
1719424410.8096664,7
1719424414.6756756,7
1719424418.581898,7
1719424422.4946988,7
1719424426.2772355,7
1719424430.0527034,7
1719424434.129743,7
1719424438.0232081,7
1719424442.0059223,7
1719424445.9103358,7
1719424449.7806008,7
1719424453.5938303,7
1719424457.5260491,7
1719424461.4241822,7
1719424465.118147,7
1719424468.996674,7
1719424472.808356,7
1719424476.762129,7
1719424480.712235,7
1719424484.5552466,7
1719424488.47117,7
1719424492.3040824,7
1719424496.1688282,7
1719424499.9825368,7
1719424503.8138049,7
1719424507.5461156,7
1719424511.6285973,7
1719424515.386709,7
1719424519.145632,7
1719424523.0120175,7
1719424526.889853,7
1719424530.5978668,7
1719424534.528231,7
1719424538.3342867,7
1719424542.1175811,7
1719424546.0988405,7
1719424549.809547,7
1719424553.768188,7
1719424557.5852973,7
1719424561.3417523,7
1719424565.2919774,7
1719424569.180407,7
1719424573.0241592,7
1719424576.8653576,7
1719424580.7284923,7
1719424584.5846965,7
1719424588.5498624,7
1719424592.2150295,7
1719424596.1911943,7
1719424600.2160316,7
1719424604.035126,7
1719424607.859138,7
1719424611.7428048,7
1719424615.598671,7
1719424619.444397,7
1719424623.331076,7
1719424627.1758113,7
1719424631.1576767,7
1719424634.8705168,7
1719424638.7891266,7
1719424642.6609228,7
1719424646.6176217,7
1719424650.5454576,7
1719424654.4510758,7
1719424658.2556841,7
1719424662.0628886,7
1719424665.886423,7
1719424669.8186436,7
1719424673.6891158,7
1719424677.549023,7
1719424681.355421,7
1719424685.133818,7
1719424688.8960013,7
1719424692.586651,7
1719424696.2425375,7
1719424700.023867,7
1719424703.8644419,7
1719424707.7927291,7
1719424711.5561764,7
1719424715.4175766,7
1719424719.2103403,7
1719424722.990078,7
1719424726.88119,7
1719424730.6613896,7
1719424734.5057812,7
1719424738.3506193,7
1719424742.1910572,7
1719424745.9583735,7
1719424749.838928,7
1719424753.7039316,7
1719424757.7078106,7
1719424761.4567032,7
1719424765.3499897,7
1719424769.1472108,7
1719424772.934016,7
1719424776.8401146,7
1719424780.6556482,7
1719424784.4598293,7
1719424788.3170826,7
1719424792.2957425,7
1719424796.0762465,7
1719424799.9940243,7
1719424803.8056808,7
1719424807.5572886,7
1719424811.4655924,7
1719424815.3776355,7
1719424819.2165878,7
1719424823.0810328,7
1719424826.9655528,7
1719424830.8383374,7
1719424834.744254,7
1719424838.7021568,7
1719424842.7535622,7
1719424846.4898107,7
1719424850.2860792,7
1719424854.2526164,7
1719424858.129871,7
1719424862.0267951,7
1719424865.8851957,7
1719424869.6523397,7
1719424873.51081,7
1719424877.292056,7
1719424881.0747857,7
1719424884.7445257,7
1719424888.552251,7
1719424892.505388,7
1719424896.3461227,7
1719424900.147341,7
1719424903.9739552,7
1719424907.7804866,7
1719424911.578861,7
1719424915.4880514,7
1719424919.4541342,7
1719424923.3430614,7
1719424927.2154446,7
1719424931.089012,7
1719424934.875023,7
1719424938.5394313,7
1719424942.387477,7
1719424946.2014434,7
1719424950.1797588,7
1719424954.024197,7
1719424957.9535072,7
1719424961.669604,7
1719424965.5184536,7
1719424968.989546,7
1719424972.8299935,7
1719424976.6865475,7
1719424980.6639552,7
1719424984.6267753,7
1719424988.5146291,7
1719424992.4487422,7
1719424996.297438,7
1719425000.1429183,7
1719425004.0099173,7
1719425007.9304085,7
1719425011.7879684,7
1719425015.5738106,7
1719425019.4145474,7
1719425023.2475824,7
1719425027.2473774,7
1719425031.0825946,7
1719425035.0245304,7
1719425038.8211484,7
1719425042.6364338,7
1719425046.5230806,7
1719425050.4706683,7
1719425054.2238374,7
1719425058.0501473,7
1719425061.861874,7
1719425065.700314,7
1719425069.5605896,7
1719425073.3734808,7
1719425077.2443647,7
1719425081.1263337,7
1719425084.9156954,7
1719425088.8102558,7
1719425092.6137948,7
1719425096.4595783,7
1719425100.4133437,7
1719425104.3183868,7
1719425108.1963933,7
1719425112.0089266,7
1719425115.868123,7
1719425119.7678525,7
1719425123.5660348,7
1719425127.3941658,7
1719425131.1802533,7
1719425134.8809173,7
1719425138.7293816,7
1719425142.5667088,7
1719425146.4818046,7
1719425150.3156874,7
1719425154.2561696,7
1719425158.0939865,7
1719425161.8734896,7
1719425165.6776993,7
1719425169.4592772,7
1719425173.3177423,7
1719425176.9617233,7
1719425180.6175082,7
1719425184.4169364,7
1719425188.2362788,7
1719425192.0802684,7
1719425196.1124542,7
1719425200.006916,7
1719425203.8147185,7
1719425207.618433,7
1719425211.5087445,7
1719425215.2562952,7
1719425218.9461737,7
1719425222.7283683,7
1719425226.6305234,7
1719425230.250254,7
1719425234.084484,7
1719425237.829447,7
1719425241.4728005,7
1719425245.2972825,7
1719425249.2696264,7
1719425253.0855281,7
1719425256.9580946,7
1719425260.6123216,7
1719425264.4340851,7
1719425268.1861951,7
1719425272.0900326,7
1719425276.0845125,7
1719425279.99125,7
1719425283.8102138,7
1719425287.6821084,7
1719425291.5385096,7
1719425295.3638868,7
1719425299.261164,7
1719425302.9560375,7
1719425306.774139,7
1719425310.840226,7
1719425314.6771686,7
1719425318.4626956,7
1719425322.2652497,7
1719425326.0854425,7
1719425329.8948808,7
1719425333.869519,7
1719425337.7386742,7
1719425341.6638591,7
1719425345.4591959,7
1719425349.3286598,7
1719425353.282549,7
1719425357.1769807,7
1719425360.986302,7
1719425364.863966,7
1719425368.798118,7
1719425372.6283765,7
1719425376.430108,7
1719425380.3019216,7
1719425384.1010919,7
1719425387.9386108,7
1719425391.7534776,7
1719425395.6890428,7
1719425399.5270634,7
1719425403.3316832,7
1719425407.1531503,7
1719425411.0623903,7
1719425414.8532002,7
1719425418.7004192,7
1719425422.6186845,7
1719425426.557894,7
1719425430.3931959,7
1719425434.30448,7
1719425438.100967,7
1719425441.879659,7
1719425445.7686229,7
1719425449.6987026,7
1719425453.4712756,7
1719425457.3452375,7
1719425461.212958,7
1719425465.0977857,7
1719425468.7071135,7
1719425472.6454403,7
1719425476.4404247,7
1719425480.2510548,7
1719425484.0361829,7
1719425487.8479664,7
1719425491.6338618,7
1719425495.5341036,7
1719425499.506399,7
1719425503.3888812,7
1719425507.3230636,7
1719425510.964382,7
1719425514.729303,7
1719425518.5543616,7
1719425522.4292502,7
1719425526.2645013,7
1719425530.0213153,7
1719425533.9888387,7
1719425537.8834147,7
1719425541.8016655,7
1719425545.5838327,7
1719425549.4008713,7
1719425553.1537027,7
1719425557.012618,7
1719425560.689507,7
1719425564.4993687,7
1719425568.399462,7
1719425572.215572,7
1719425576.0113683,7
1719425579.8220537,7
1719425583.7213433,7
1719425587.570952,7
1719425591.4640405,7
1719425595.0970073,7
1719425598.9410934,7
1719425602.8687632,7
1719425606.7531953,7
1719425610.678172,7
1719425614.4816887,7
1719425618.3051383,7
1719425622.1338153,7
1719425625.9780922,7
1719425629.809075,7
1719425633.7239907,7
1719425637.4356282,7
1719425641.2920384,7
1719425645.1278217,7
1719425648.9877977,7
1719425652.7674754,7
1719425656.7278507,7
1719425660.5229442,7
1719425664.3139303,7
1719425668.3051898,7
1719425672.1464756,7
1719425675.9767609,7
1719425679.8782604,7
1719425683.752532,7
1719425687.5920258,7
1719425691.3865492,7
1719425695.3007038,7
1719425699.1607602,7
1719425703.0408342,7
1719425706.8297923,7
1719425710.708987,7
1719425714.545168,7
1719425718.3446946,7
1719425722.08394,7
1719425725.9302924,7
1719425729.8208666,7
1719425733.7124577,7
1719425737.5435052,7
1719425741.519202,7
1719425745.380036,7
1719425749.1939416,7
1719425753.103048,7
1719425756.8905354,7
1719425760.6991844,7
1719425764.559575,7
1719425768.4692845,7
1719425772.3775632,7
1719425776.3264322,7
1719425780.262363,7
1719425784.1159189,7
1719425787.7502873,7
1719425791.5021827,7
1719425795.3207605,7
1719425799.1304421,7
1719425802.8339868,7
1719425806.5791657,7
1719425810.423926,7
1719425814.2874782,7
1719425818.115367,7
1719425822.0512638,7
1719425825.984001,7
1719425829.767933,7
1719425833.4876227,7
1719425837.3289633,7
1719425841.2184315,7
1719425845.194406,7
1719425849.1018465,7
1719425852.9365444,7
1719425856.868144,7
1719425860.5419936,7
1719425864.4386134,7
1719425868.3531377,7
1719425872.3162227,7
1719425876.1681378,7
1719425880.0214,7
1719425883.8144479,7
1719425887.5179226,7
1719425891.4715796,7
1719425895.2790594,7
1719425899.0756938,7
1719425903.035961,7
1719425906.8138568,7
1719425910.7169833,7
1719425914.3985853,7
1719425918.3079476,7
1719425922.2097907,7
1719425926.1947298,7
1719425929.8946097,7
1719425933.8933213,7
1719425937.7627919,7
1719425941.5837584,7
1719425945.4938283,7
1719425949.4047737,7
1719425953.3784416,7
1719425957.3310075,7
1719425961.3045006,7
1719425965.074282,7
1719425968.865538,7
1719425972.7550752,7
1719425976.4952013,7
1719425980.413528,7
1719425984.3286586,7
1719425988.1920826,7
1719425991.991886,7
1719425995.9601402,7
1719425999.8030236,7
1719426003.6704874,7
1719426007.422339,7
1719426011.4425278,7
1719426015.2392552,7
1719426019.0763452,7
1719426022.9726796,7
1719426026.694807,7
1719426030.5683682,7
1719426034.4014263,7
1719426038.3447483,7
1719426042.2461061,7
1719426046.0522075,7
1719426049.9066594,7
1719426053.5849903,7
1719426057.4394484,7
1719426061.2329562,7
1719426065.0750387,7
1719426068.9355052,7
1719426072.8934355,7
1719426076.8148232,7
1719426080.6606965,7
1719426084.55309,7
1719426088.4372647,7
1719426092.3126123,7
1719426095.8369408,7
1719426099.7368586,7
1719426103.636393,7
1719426107.4951868,7
1719426111.3963168,7
1719426115.192928,7
1719426119.0259712,7
1719426122.8952458,7
1719426126.7058377,7
1719426130.6047227,7
1719426134.4920335,7
1719426138.1634367,7
1719426142.0212445,7
1719426145.9062192,7
1719426149.7483728,7
1719426153.4506388,7
1719426157.2599132,7
1719426161.0348833,7
1719426164.858846,7
1719426168.6398096,7
1719426172.451717,7
1719426176.275654,7
1719426179.9239817,7
1719426183.5540833,7
1719426187.663083,7
1719426191.531691,7
1719426195.390942,7
1719426199.1739423,7
1719426202.9371433,7
1719426206.7536886,7
1719426210.546255,7
1719426214.3958123,7
1719426218.228548,7
1719426221.8653808,7
1719426225.718561,7
1719426229.7736995,7
1719426233.4818504,7
1719426237.3647506,7
1719426241.1735234,7
1719426245.1567965,7
1719426249.1341002,7
1719426252.9278383,7
1719426256.7977366,7
1719426260.734442,7
1719426264.4656694,7
1719426268.3190625,7
1719426272.0187032,7
1719426275.9357667,7
1719426279.7499073,7
1719426283.612098,7
1719426287.5948474,7
1719426291.4419563,7
1719426295.3082628,7
1719426299.243722,7
1719426303.0434065,7
1719426306.9126897,7
1719426310.762684,7
1719426314.7241454,7
1719426318.6783357,7
1719426322.5805564,7
1719426326.4777627,7
1719426330.4961715,7
1719426334.6211605,7
1719426338.4387345,7
1719426342.3696177,7
1719426346.1394205,7
1719426349.9137986,7
1719426353.7111003,7
1719426357.590246,7
1719426361.3474412,7
1719426365.132672,7
1719426369.070055,7
1719426372.900993,7
1719426376.8536844,7
1719426380.664708,7
1719426384.4689817,7
1719426388.2643528,7
1719426392.1335907,7
1719426395.939488,7
1719426399.855375,7
1719426403.6842453,7
1719426407.505148,7
1719426411.3953128,7
1719426415.327624,7
1719426419.1339254,7
1719426422.8940487,7
1719426426.7847636,7
1719426430.654646,7
1719426434.5483227,7
1719426438.406169,7
1719426442.3362916,7
1719426446.424388,7
1719426450.3668733,7
1719426454.2812998,7
1719426457.9302137,7
1719426461.7593987,7
1719426465.677634,7
1719426469.5388012,7
1719426473.355773,7
1719426477.375346,7
1719426481.2212124,7
1719426485.0153832,7
1719426488.808428,7
1719426492.7631161,7
1719426496.3727193,7
1719426500.2899203,7
1719426504.0795012,7
1719426508.133176,7
1719426512.040839,7
1719426515.7223794,7
1719426519.638451,7
1719426523.5664878,7
1719426527.4225466,7
1719426531.2916365,7
1719426535.371468,7
1719426539.245565,7
1719426543.0800877,7
1719426546.9317582,7
1719426550.8167973,7
1719426554.6402023,7
1719426558.3506627,7
1719426562.202726,7
1719426566.1634004,7
1719426569.9971278,7
1719426573.9561229,7
1719426577.7970371,7
1719426581.4818273,7
1719426585.2934551,7
1719426589.2114613,7
1719426593.0253036,7
1719426596.9391673,7
1719426600.6401958,7
1719426604.3592618,7
1719426608.2294195,7
1719426612.036546,7
1719426615.9731338,7
1719426619.676733,7
1719426623.5966287,7
1719426627.4353313,7
1719426631.2521193,7
1719426635.1893435,7
1719426639.1311839,7
1719426642.8245711,7
1719426646.7433608,7
1719426650.646907,7
1719426654.4789658,7
1719426658.2592618,7
1719426662.108095,7
1719426665.9658875,7
1719426669.7688658,7
1719426673.6437619,7
1719426677.5597,7
1719426681.3925798,7
1719426685.11675,7
1719426688.9053075,7
1719426692.772833,7
1719426696.5835257,7
1719426700.5222805,7
1719426704.492486,7
1719426708.501035,7
1719426712.3754954,7
1719426716.2588637,7
1719426720.0775146,7
1719426723.9471953,7
1719426727.610268,7
1719426731.510725,7
1719426735.3810556,7
1719426739.2757692,7
1719426743.1252756,7
1719426746.9776406,7
1719426750.802624,7
1719426754.4320378,7
1719426758.3113644,7
1719426762.248203,7
1719426766.060838,7
1719426769.8952608,7
1719426773.7558484,7
1719426777.4071174,7
1719426781.254005,7
1719426785.1323159,7
1719426789.1367552,7
1719426793.017703,7
1719426796.9237928,7
1719426800.757428,7
1719426804.6322663,7
1719426808.437333,7
1719426812.5029533,7
1719426816.2689202,7
1719426820.1032817,7
1719426823.9738584,7
1719426827.7934465,7
1719426831.6682756,7
1719426835.6424816,7
1719426839.516895,7
1719426843.4104054,7
1719426847.341915,7
1719426851.181817,7
1719426855.2115786,7
1719426858.900225,7
1719426862.7553759,7
1719426866.6001372,7
1719426870.4574847,7
1719426874.7037883,7
1719426878.486204,7
1719426882.2512248,7
1719426886.0466065,7
1719426889.6335847,7
1719426893.4523478,7
1719426897.4732015,7
1719426901.2472336,7
1719426905.1219006,7
1719426908.9557316,7
1719426912.850105,7
1719426916.791688,7
1719426920.6228764,7
1719426924.4277349,7
1719426928.1599839,7
1719426931.9769537,7
1719426935.6646466,7
1719426939.5650835,7
1719426943.4284859,7
1719426947.2129564,7
1719426951.1050045,7
1719426954.9659624,7
1719426958.8367536,7
1719426962.7321517,7
1719426966.5355346,7
1719426970.387775,7
1719426974.3090835,7
1719426977.9847245,7
1719426981.8140883,7
1719426985.6341355,7
1719426989.5044947,7
1719426993.4482043,7
1719426997.1538987,7
1719427000.8098829,7
1719427004.79034,7
1719427008.617558,7
1719427012.4719088,7
1719427016.3694563,7
1719427019.9722092,7
1719427023.8019435,7
1719427027.7175968,7
1719427031.645754,7
1719427035.60097,7
1719427039.4882064,7
1719427043.3750498,7
1719427047.212143,7
1719427051.0363243,7
1719427054.8601694,7
1719427058.765527,7
1719427062.419644,7
1719427066.2323642,7
1719427070.1319747,7
1719427073.9695528,7
1719427077.8393824,7
1719427081.7012732,7
1719427085.575909,7
1719427089.494566,7
1719427093.4234755,7
1719427097.4068449,7
1719427101.1502724,7
1719427105.4191942,7
1719427109.3409765,7
1719427113.2388647,7
1719427117.039576,7
1719427120.8748093,7
1719427124.746615,7
1719427128.7427056,7
1719427132.6347845,7
1719427136.4712925,7
1719427140.3119583,7
1719427144.2829547,7
1719427148.1887782,7
1719427152.121601,7
1719427155.9747372,7
1719427159.9084885,7
1719427163.6900907,7
1719427167.4942126,7
1719427171.447925,7
1719427175.306908,7
1719427179.3219392,7
1719427183.2666268,7
1719427187.099926,7
1719427190.9577937,7
1719427194.729505,7
1719427198.623827,7
1719427202.6391478,7
1719427206.6152139,7
1719427210.6527734,7
1719427214.4178808,7
1719427218.2579515,7
1719427222.223968,7
1719427226.1679218,7
1719427229.865337,7
1719427233.7470067,7
1719427237.658976,7
1719427241.5246787,7
1719427245.368801,7
1719427249.275838,7
1719427253.2281182,7
1719427257.063457,7
1719427261.073432,7
1719427265.0468414,7
1719427268.860822,7
1719427272.4692972,7
1719427276.4506626,7
1719427280.341576,7
1719427284.2210112,7
1719427287.9188473,7
1719427291.8502018,7
1719427295.798256,7
1719427299.7606616,7
1719427303.4557078,7
1719427307.3676643,7
1719427311.2876267,7
1719427314.953367,7
1719427318.780873,7
1719427322.5737507,7
1719427326.430794,7
1719427330.4451845,7
1719427334.3523693,7
1719427338.193606,7
1719427342.0720696,7
1719427345.939857,7
1719427350.047591,7
1719427353.8612862,7
1719427357.5465884,7
1719427361.4434,7
1719427365.340854,7
1719427369.2550793,7
1719427373.0666704,7
1719427376.9241204,7
1719427380.8383553,7
1719427384.6711652,7
1719427388.6933486,7
1719427392.5204782,7
1719427396.429946,7
1719427400.157576,7
1719427404.1034677,7
1719427407.9521961,7
1719427411.88,7
1719427415.6426032,7
1719427419.5715744,7
1719427423.4336681,7
1719427427.378245,7
1719427431.3480783,7
1719427435.2524438,7
1719427439.0262232,7
1719427442.8906252,7
1719427446.7658672,7
1719427450.6007414,7
1719427454.3903806,7
1719427458.2841957,7
1719427462.1255999,7
1719427466.014702,7
1719427469.9642978,7
1719427473.783337,7
1719427477.566691,7
1719427481.450726,7
1719427485.3117847,7
1719427489.1898372,7
1719427493.118659,7
1719427497.003359,7
1719427500.9389598,7
1719427504.7007794,7
1719427508.4992266,7
1719427512.3290925,7
1719427516.2786756,7
1719427520.0968254,7
1719427523.9786398,7
1719427527.8145847,7
1719427531.710536,7
1719427535.6748397,7
1719427539.5369225,7
1719427543.3951807,7
1719427547.2251556,7
1719427551.1008742,7
1719427554.975502,7
1719427558.8167243,7
1719427562.7366989,7
1719427566.3994844,7
1719427570.2603476,7
1719427574.064583,7
1719427577.7972732,7
1719427581.6362247,7
1719427585.534788,7
1719427589.2041726,7
1719427592.9633782,7
1719427596.9857085,7
1719427600.9607713,7
1719427604.8588958,7
1719427608.7312348,7
1719427612.5336509,7
1719427616.5184605,7
1719427620.3899698,7
1719427624.4503593,7
1719427628.4709992,7
1719427632.4181828,7
1719427636.346227,7
1719427640.250514,7
1719427644.1311026,7
1719427648.0807664,7
1719427651.7516813,7
1719427655.6156194,7
1719427659.550429,7
1719427663.4849133,7
1719427667.4408917,7
1719427671.297533,7
1719427675.1388292,7
1719427678.97768,7
1719427682.8161597,7
1719427686.5957117,7
1719427690.38774,7
1719427694.0902374,7
1719427697.925018,7
1719427701.8645713,7
1719427705.7218237,7
1719427709.5676448,7
1719427713.4154043,7
1719427717.323999,7
1719427721.0813663,7
1719427725.015321,7
1719427728.83554,7
1719427732.529868,7
1719427736.174516,7
1719427739.9968226,7
1719427743.8467982,7
1719427747.7995727,7
1719427751.869267,7
1719427755.7726154,7
1719427759.7879295,7
1719427763.7461143,7
1719427767.5653296,7
1719427771.506991,7
1719427775.2966413,7
1719427779.1263247,7
1719427782.8386543,7
1719427786.6813207,7
1719427790.4752228,7
1719427794.3301554,7
1719427798.1642916,7
1719427801.9772348,7
1719427805.890581,7
1719427809.714456,7
1719427813.588071,7
1719427817.5085855,7
1719427821.4085588,7
1719427825.2715976,7
1719427829.1490211,7
1719427833.005217,7
1719427836.8149319,7
1719427840.608748,7
1719427844.421023,7
1719427848.376267,7
1719427852.236144,7
1719427856.1564286,7
1719427859.9701135,7
1719427863.861465,7
1719427867.7641191,7
1719427871.6065087,7
1719427875.4470067,7
1719427879.4639637,7
1719427883.4413543,7
1719427887.3313072,7
1719427891.117198,7
1719427895.216727,7
1719427899.0502152,7
1719427902.8132215,7
1719427906.607849,7
1719427910.529292,7
1719427914.357306,7
1719427918.2669952,7
1719427922.1410766,7
1719427925.883305,7
1719427929.7229676,7
1719427933.6870022,7
1719427937.6121047,7
1719427941.5546412,7
1719427945.2578447,7
1719427949.130146,7
1719427953.0532146,7
1719427956.955808,7
1719427960.7173543,7
1719427964.5630195,7
1719427968.7710383,7
1719427972.5681615,7
1719427976.3517473,7
1719427980.1780102,7
1719427983.9703135,7
1719427987.925296,7
1719427991.6973896,7
1719427995.5802555,7
1719427999.4425604,7
1719428003.2679634,7
1719428007.1287456,7
1719428010.8795831,7
1719428014.6708212,7
1719428018.4158416,7
1719428022.1839292,7
1719428026.1102564,7
1719428030.1330721,7
1719428033.9603176,7
1719428037.857102,7
1719428041.7047887,7
1719428045.55616,7
1719428049.4165888,7
1719428053.4376652,7
1719428057.3535552,7
1719428061.2249947,7
1719428065.0457637,7
1719428068.8081362,7
1719428072.6474295,7
1719428076.526201,7
1719428080.3888311,7
1719428084.3175051,7
1719428088.1058915,7
1719428091.9857948,7
1719428095.8573875,7
1719428099.6992767,7
1719428103.5772984,7
1719428107.3637054,7
1719428111.2007866,7
1719428114.9822628,7
1719428118.8220613,7
1719428122.6970384,7
1719428126.576951,7
1719428130.5008833,7
1719428134.3072753,7
1719428138.213195,7
1719428142.0689254,7
1719428145.9022512,7
1719428149.8036287,7
1719428153.7012002,7
1719428157.6406949,7
1719428161.428085,7
1719428165.2601175,7
1719428169.0912,7
1719428172.9494202,7
1719428176.894637,7
1719428180.8069599,7
1719428184.607352,7
1719428188.5227895,7
1719428192.173476,7
1719428196.1062694,7
1719428199.992726,7
1719428203.7672114,7
1719428207.6400943,7
1719428211.4575498,7
1719428215.416112,7
1719428219.3437912,7
1719428223.2011359,7
1719428227.0500093,7
1719428230.8219233,7
1719428234.4904556,7
1719428238.3078883,7
1719428242.2534838,7
1719428246.0973861,7
1719428249.9162087,7
1719428253.68425,7
1719428257.4810014,7
1719428261.3645144,7
1719428265.1571755,7
1719428268.951149,7
1719428272.732287,7
1719428276.4274075,7
1719428280.224893,7
1719428284.0906885,7
1719428287.9176295,7
1719428291.5348532,7
1719428295.528739,7
1719428299.349352,7
1719428303.1476917,7
1719428306.9883647,7
1719428310.7766662,7
1719428314.5650973,7
1719428318.3360813,7
1719428322.1511316,7
1719428326.0110292,7
1719428329.923258,7
1719428333.7381618,7
1719428337.5630827,7
1719428341.3326156,7
1719428345.1350622,7
1719428348.9590821,7
1719428352.8167388,7
1719428356.6945932,7
1719428360.6450343,7
1719428364.564555,7
1719428368.3161626,7
1719428372.2040188,7
1719428376.0794013,7
1719428379.985309,7
1719428383.806297,7
1719428387.6742644,7
1719428391.5637348,7
1719428395.3246763,7
1719428399.182926,7
1719428403.062035,7
1719428406.8920681,7
1719428410.8018394,7
1719428414.699957,7
1719428418.3331084,7
1719428422.187151,7
1719428426.0532882,7
1719428429.8829148,7
1719428433.7813683,7
1719428437.5842888,7
1719428441.507868,7
1719428445.1526558,7
1719428449.0368383,7
1719428452.8494508,7
1719428456.7741077,7
1719428460.6789327,7
1719428464.5083084,7
1719428468.539927,7
1719428472.5212595,7
1719428476.4949508,7
1719428480.3138707,7
1719428483.9337876,7
1719428487.7418659,7
1719428491.537829,7
1719428495.4869518,7
1719428499.3288076,7
1719428503.1319008,7
1719428507.0320168,7
1719428510.965998,7
1719428514.5950558,7
1719428518.4502833,7
1719428522.1140728,7
1719428525.9363763,7
1719428529.589373,7
1719428533.698351,7
1719428537.482186,7
1719428541.30312,7
1719428545.081941,7
1719428548.9194834,7
1719428552.8163102,7
1719428556.6603322,7
1719428560.5244083,7
1719428564.3706882,7
1719428568.146017,7
1719428571.8025494,7
1719428575.6544542,7
1719428579.357344,7
1719428583.1666772,7
1719428586.8211205,7
1719428590.6008244,7
1719428594.4074621,7
1719428598.233412,7
1719428602.1865394,7
1719428606.0627675,7
1719428609.7877586,7
1719428613.4333873,7
1719428617.324492,7
1719428621.1477857,7
1719428625.0188293,7
1719428628.9094124,7
1719428632.8204353,7
1719428636.6608589,7
1719428640.4421945,7
1719428644.217726,7
1719428648.1210601,7
1719428651.7719104,7
1719428655.3066878,7
1719428659.09365,7
1719428662.9181552,7
1719428666.8100398,7
1719428670.696881,7
1719428674.6129327,7
1719428678.3884816,7
1719428682.240198,7
1719428686.0485666,7
1719428689.9228487,7
1719428693.6419363,7
1719428697.288103,7
1719428701.210768,7
1719428705.1944392,7
1719428709.0772464,7
1719428713.0548272,7
1719428716.8683197,7
1719428720.7480063,7
1719428724.547886,7
1719428728.3182287,7
1719428732.1255925,7
1719428735.9889421,7
1719428739.691837,7
1719428743.490512,7
1719428747.3341691,7
1719428751.2183394,7
1719428755.1026788,7
1719428758.9830985,7
1719428762.8088198,7
1719428766.5858772,7
1719428770.5477333,7
1719428774.3433096,7
1719428778.3199184,7
1719428781.9777827,7
1719428785.8690221,7
1719428789.881241,7
1719428793.7144802,7
1719428797.4914293,7
1719428801.3034682,7
1719428805.2118216,7
1719428809.1470113,7
1719428813.0178392,7
1719428816.8318725,7
1719428820.5095673,7
1719428824.1771922,7
1719428828.011143,7
1719428831.798571,7
1719428835.649618,7
1719428839.5965154,7
1719428843.41539,7
1719428847.1980855,7
1719428851.0866947,7
1719428854.9645312,7
1719428858.7918408,7
1719428862.7933762,7
1719428866.4942853,7
1719428870.288351,7
1719428874.0657184,7
1719428877.9688146,7
1719428881.8384595,7
1719428885.6561348,7
1719428889.6033723,7
1719428893.5440564,7
1719428897.35094,7
1719428901.2291837,7
1719428905.090518,7
1719428909.0362868,7
1719428912.8298478,7
1719428916.6892827,7
1719428920.5576932,7
1719428924.502337,7
1719428928.1955342,7
1719428932.1233332,7
1719428935.898614,7
1719428939.6574357,7
1719428943.5547466,7
1719428947.4195235,7
1719428951.220664,7
1719428955.0954533,7
1719428959.014227,7
1719428962.8409555,7
1719428966.659953,7
1719428970.5753403,7
1719428974.3999062,7
1719428978.2146332,7
1719428981.967557,7
1719428985.7485201,7
1719428989.4472816,7
1719428993.2940285,7
1719428997.2747629,7
1719429001.1882915,7
1719429004.9676287,7
1719429008.796915,7
1719429012.583518,7
1719429016.510947,7
1719429020.3880115,7
1719429024.2335427,7
1719429028.1115212,7
1719429031.7895114,7
1719429035.6122174,7
1719429039.512118,7
1719429043.3908477,7
1719429047.2506092,7
1719429051.097099,7
1719429054.939612,7
1719429058.8096318,7
1719429062.7748003,7
1719429066.520502,7
1719429070.3025818,7
1719429073.9988668,7
1719429077.947816,7
1719429081.7144802,7
1719429085.572306,7
1719429089.4822187,7
1719429093.421754,7
1719429097.2794254,7
1719429101.1736083,7
1719429105.0089953,7
1719429108.8853679,7
1719429112.8647566,7
1719429116.5613797,7
1719429120.3920505,7
1719429124.3171551,7
1719429128.185303,7
1719429131.8194444,7
1719429135.644109,7
1719429139.550559,7
1719429143.4035056,7
1719429147.248096,7
1719429151.1085181,7
1719429154.961933,7
1719429158.6393266,7
1719429162.5117333,7
1719429166.3766384,7
1719429170.3392,7
1719429174.1864731,7
1719429178.087071,7
1719429181.891162,7
1719429185.6322653,7
1719429189.4782615,7
1719429193.353684,7
1719429197.1277642,7
1719429200.836301,7
1719429204.6916482,7
1719429208.4844363,7
1719429212.1619086,7
1719429216.0571866,7
1719429220.0099127,7
1719429224.0125408,7
1719429227.8865697,7
1719429231.8238041,7
1719429235.6599836,7
1719429239.4575942,7
1719429243.174288,7
1719429246.9790637,7
1719429250.8721917,7
1719429254.5924647,7
1719429258.4707065,7
1719429262.3416576,7
1719429266.134987,7
1719429270.1344135,7
1719429273.9761293,7
1719429277.6882555,7
1719429281.4854755,7
1719429285.147781,7
1719429288.9200768,7
1719429292.8220415,7
1719429296.8651893,7
1719429300.7159803,7
1719429304.540407,7
1719429308.432239,7
1719429312.2214146,7
1719429316.1166377,7
1719429320.101321,7
1719429324.1211123,7
1719429327.7654696,7
1719429331.7186873,7
1719429335.6115909,7
1719429339.4138052,7
1719429343.2669368,7
1719429347.2553954,7
1719429351.0027332,7
1719429354.933044,7
1719429358.8179688,7
1719429362.7562332,7
1719429366.5781384,7
1719429370.435415,7
1719429374.0778162,7
1719429377.987458,7
1719429381.902072,7
1719429385.7365627,7
1719429389.642567,7
1719429393.5087025,7
1719429397.3499298,7
1719429401.185425,7
1719429404.9395397,7
1719429408.7989538,7
1719429412.718786,7
1719429416.636598,7
1719429420.4494822,7
1719429424.4117942,7
1719429428.266995,7
1719429432.1648657,7
1719429436.0454113,7
1719429439.9203694,7
1719429443.8127153,7
1719429447.6224432,7
1719429451.106107,7
1719429454.9762795,7
1719429458.7934284,7
1719429462.6681976,7
1719429466.4839723,7
1719429470.3334174,7
1719429474.2641597,7
1719429478.0598164,7
1719429481.8754327,7
1719429485.7716284,7
1719429489.6738844,7
1719429493.3203938,7
1719429496.9729528,7
1719429500.9702408,7
1719429504.6063943,7
1719429508.4737656,7
1719429512.3794715,7
1719429516.1841621,7
1719429520.0853794,7
1719429523.897194,7
1719429527.778167,7
1719429531.7305396,7
1719429535.3461714,7
1719429539.264718,7
1719429543.2233543,7
1719429547.1244113,7
1719429550.9465451,7
1719429554.8706815,7
1719429558.7178843,7
1719429562.5237975,7
1719429566.4054065,7
1719429570.2284935,7
1719429574.1368074,7
1719429577.7911124,7
1719429581.602549,7
1719429585.4391341,7
1719429589.253898,7
1719429593.0589356,7
1719429596.8710082,7
1719429600.7040663,7
1719429604.4923258,7
1719429608.3668337,7
1719429612.2599247,7
1719429615.9267826,7
1719429619.6323645,7
1719429623.4579856,7
1719429627.3691335,7
1719429631.2601728,7
1719429635.045995,7
1719429639.013866,7
1719429642.934046,7
1719429646.7500992,7
1719429650.6761072,7
1719429654.5316608,7
1719429658.457216,7
1719429662.1508608,7
1719429666.0394711,7
1719429669.8148913,7
1719429673.7557151,7
1719429677.681081,7
1719429681.4589257,7
1719429685.2724051,7
1719429689.241417,7
1719429693.0914974,7
1719429696.9642062,7
1719429700.798907,7
1719429704.5853443,7
1719429708.4720368,7
1719429712.359736,7
1719429716.2802413,7
1719429720.185137,7
1719429724.1186779,7
1719429727.8296845,7
1719429731.7680538,7
1719429735.7025614,7
1719429739.7114973,7
1719429743.570175,7
1719429747.5313654,7
1719429751.4844384,7
1719429755.3585565,7
1719429759.36079,7
1719429763.27957,7
1719429767.2015133,7
1719429771.1426105,7
1719429774.8273907,7
1719429778.7572863,7
1719429782.7335126,7
1719429786.3880408,7
1719429790.1021712,7
1719429794.0725863,7
1719429797.8991542,7
1719429801.7461655,7
1719429805.5480115,7
1719429809.409998,7
1719429813.2071779,7
1719429817.068355,7
1719429821.0055885,7
1719429824.8264375,7
1719429828.6033685,7
1719429832.4927003,7
1719429836.4207008,7
1719429840.381343,7
1719429844.1635485,7
1719429847.933393,7
1719429851.7509267,7
1719429855.6428828,7
1719429859.5765595,7
1719429863.5205274,7
1719429867.422852,7
1719429871.355259,7
1719429875.2202327,7
1719429879.0293274,7
1719429882.9758618,7
1719429886.7895186,7
1719429890.6753316,7
1719429894.594305,7
1719429898.4165847,7
1719429902.2448874,7
1719429906.1668067,7
1719429909.8197947,7
1719429913.6624334,7
1719429917.560097,7
1719429921.4691634,7
1719429925.383351,7
1719429929.207406,7
1719429933.1820343,7
1719429937.207999,7
1719429941.087359,7
1719429945.012525,7
1719429948.9432302,7
1719429952.6060855,7
1719429956.4830503,7
1719429960.3002567,7
1719429964.1576865,7
1719429968.0365777,7
1719429971.8539867,7
1719429975.6102777,7
1719429979.4755304,7
1719429983.2801867,7
1719429987.2054935,7
1719429991.075353,7
1719429994.957067,7
1719429998.8126674,7
1719430002.6426373,7
1719430006.5657525,7
1719430010.4231362,7
1719430014.268438,7
1719430018.2342687,7
1719430022.0881255,7
1719430025.9929576,7
1719430029.8414083,7
1719430033.7141392,7
1719430037.5300446,7
1719430041.3937516,7
1719430045.3350732,7
1719430049.2161965,7
1719430052.984563,7
1719430056.7964025,7
1719430060.603955,7
1719430064.405169,7
1719430068.2068357,7
1719430072.0627704,7
1719430075.7471101,7
1719430079.6941624,7
1719430083.6352143,7
1719430087.7783458,7
1719430091.580499,7
1719430095.4511106,7
1719430099.4306033,7
1719430103.4042532,7
1719430107.2351117,7
1719430111.0864756,7
1719430114.9251206,7
1719430118.6490512,7
1719430122.6450312,7
1719430126.4932256,7
1719430130.4813359,7
1719430134.4069529,7
1719430138.214349,7
1719430142.0574908,7
1719430145.7963724,7
1719430149.6598783,7
1719430153.5659993,7
1719430157.4381132,7
1719430161.3781974,7
1719430165.2501674,7
1719430169.12863,7
1719430172.9546535,7
1719430176.9652593,7
1719430180.8237524,7
1719430184.841024,7
1719430188.692889,7
1719430192.6163368,7
1719430196.5682309,7
1719430200.581455,7
1719430204.5666852,7
1719430208.3313782,7
1719430212.1368597,7
1719430216.0787327,7
1719430219.9821928,7
1719430223.9047968,7
1719430227.8630111,7
1719430231.6683977,7
1719430235.5460248,7
1719430239.4034367,7
1719430243.1998065,7
1719430247.195063,7
1719430250.9017143,7
1719430254.681318,7
1719430258.4963615,7
1719430262.274004,7
1719430266.10186,7
1719430269.8912036,7
1719430273.737153,7
1719430277.4621956,7
1719430281.3477006,7
1719430285.173463,7
1719430289.1645074,7
1719430292.9320428,7
1719430296.8178694,7
1719430300.6434488,7
1719430304.4520648,7
1719430308.5125027,7
1719430312.5084329,7
1719430316.2817326,7
1719430320.0851238,7
1719430323.8754544,7
1719430327.597375,7
1719430331.4111056,7
1719430335.3122344,7
1719430339.0701225,7
1719430342.9884825,7
1719430346.907775,7
1719430350.8443174,7
1719430354.6719394,7
1719430358.5501149,7
1719430362.5499947,7
1719430366.3726778,7
1719430370.0404778,7
1719430374.0151675,7
1719430377.895369,7
1719430381.741021,7
1719430385.489614,7
1719430389.4136474,7
1719430393.2725465,7
1719430397.1163628,7
1719430401.017151,7
1719430404.94526,7
1719430408.8251815,7
1719430412.5222707,7
1719430416.4027252,7
1719430420.2018955,7
1719430424.1668215,7
1719430428.0816338,7
1719430431.8406107,7
1719430435.792759,7
1719430439.6057968,7
1719430443.5639625,7
1719430447.4573624,7
1719430451.3075902,7
1719430454.9336472,7
1719430458.7642286,7
1719430462.5687578,7
1719430466.47685,7
1719430470.3059473,7
1719430474.268157,7
1719430478.1019385,7
1719430482.035223,7
1719430485.8900266,7
1719430489.769579,7
1719430493.6589487,7
1719430497.5871077,7
1719430501.4628656,7
1719430505.3175368,7
1719430509.1845133,7
1719430513.0540948,7
1719430516.978463,7
1719430520.8395092,7
1719430524.6824706,7
1719430528.5535998,7
1719430532.471675,7
1719430536.2618523,7
1719430540.3126545,7
1719430544.199226,7
1719430548.004456,7
1719430551.8683548,7
1719430555.719279,7
1719430559.5911798,7
1719430563.3928242,7
1719430567.313342,7
1719430571.1326907,7
1719430574.9571767,7
1719430578.7730613,7
1719430582.6149583,7
1719430586.4626503,7
1719430590.1324172,7
1719430593.93739,7
1719430597.770993,7
1719430601.7293515,7
1719430605.58617,7
1719430609.5352352,7
1719430613.3593404,7
1719430617.321289,7
1719430620.9547293,7
1719430624.834277,7
1719430628.7096648,7
1719430632.5426242,7
1719430636.2985513,7
1719430640.1106215,7
1719430643.9275193,7
1719430647.7375524,7
1719430651.7308965,7
1719430655.577413,7
1719430659.3515341,7
1719430663.0179236,7
1719430666.8473306,7
1719430670.754056,7
1719430674.6089263,7
1719430678.4476593,7
1719430682.5156732,7
1719430686.3514688,7
1719430690.130907,7
1719430693.905363,7
1719430697.6923137,7
1719430701.4971752,7
1719430705.2130957,7
1719430709.1064315,7
1719430713.010683,7
1719430716.8359158,7
1719430720.647358,7
1719430724.4288208,7
1719430728.401013,7
1719430732.2120438,7
1719430736.0927994,7
1719430739.9717574,7
1719430743.8079338,7
1719430747.509989,7
1719430751.3661008,7
1719430755.2940233,7
1719430759.2291925,7
1719430763.0881476,7
1719430767.034936,7
1719430770.9253628,7
1719430774.7922971,7
1719430778.6311011,7
1719430782.5457103,7
1719430786.4370103,7
1719430790.3387897,7
1719430794.3136268,7
1719430798.226286,7
1719430801.9925685,7
1719430805.9743583,7
1719430809.76187,7
1719430813.6273048,7
1719430817.2588062,7
1719430821.2405958,7
1719430825.106114,7
1719430828.925173,7
1719430832.8677127,7
1719430836.7617757,7
1719430840.4111772,7
1719430844.2930417,7
1719430848.1252244,7
1719430852.0448542,7
1719430855.8546014,7
1719430859.8198044,7
1719430863.6682303,7
1719430867.5587952,7
1719430871.3344915,7
1719430875.221556,7
1719430879.0197473,7
1719430882.8386776,7
1719430886.9117594,7
1719430890.7808511,7
1719430894.6859279,7
1719430898.5646825,7
1719430902.4297523,7
1719430906.421091,7
1719430910.3213105,7
1719430914.0546482,7
1719430917.922192,7
1719430921.7823687,7
1719430925.680119,7
1719430929.5157933,7
1719430933.2965684,7
1719430937.2368348,7
1719430941.1168242,7
1719430944.982788,7
1719430949.008891,7
1719430952.8341403,7
1719430956.4817984,7
1719430960.3786204,7
1719430964.1032674,7
1719430967.9653811,7
1719430971.8285909,7
1719430975.7221322,7
1719430979.528706,7
1719430983.433136,7
1719430987.2747822,7
1719430991.1712377,7
1719430994.9512348,7
1719430998.8418248,7
1719431002.6821268,7
1719431006.569043,7
1719431010.4870849,7
1719431014.2908788,7
1719431018.123681,7
1719431021.978955,7
1719431025.800632,7
1719431029.729012,7
1719431033.5254304,7
1719431037.3944583,7
1719431041.2039468,7
1719431045.0614607,7
1719431048.9228184,7
1719431052.8793802,7
1719431056.7143238,7
1719431060.52954,7
1719431064.4109297,7
1719431068.2792423,7
1719431072.0904899,7
1719431075.905292,7
1719431079.8102102,7
1719431083.8575764,7
1719431087.715242,7
1719431091.6035628,7
1719431095.4576776,7
1719431099.3710692,7
1719431103.1876562,7
1719431107.2061837,7
1719431111.0074914,7
1719431114.8710222,7
1719431118.7818189,7
1719431122.4873536,7
1719431126.3257692,7
1719431130.1609604,7
1719431133.971887,7
1719431137.8512516,7
1719431141.6215863,7
1719431145.3809917,7
1719431149.1468017,7
