1719415149.2017183,1
1719415153.3395395,1
1719415157.4335167,1
1719415161.4690158,1
1719415165.5679493,1
1719415169.7130404,1
1719415173.833516,1
1719415177.8984723,1
1719415182.048717,1
1719415186.1499314,1
1719415190.3280184,1
1719415194.4170995,1
1719415198.5161328,1
1719415202.6676135,1
1719415206.8296952,1
1719415211.1581972,1
1719415215.2398477,1
1719415219.4355083,1
1719415223.5175908,1
1719415227.7205684,1
1719415231.9250178,1
1719415236.0430708,1
1719415240.1984189,1
1719415244.365643,1
1719415248.687475,1
1719415253.0176365,1
1719415257.1608403,1
1719415261.2525709,1
1719415265.4970968,1
1719415269.52458,1
1719415273.6659684,1
1719415277.822201,1
1719415281.8945112,1
1719415286.0202112,1
1719415290.1144953,1
1719415294.5993834,1
1719415298.747797,1
1719415302.8062065,1
1719415306.9598458,1
1719415311.136355,1
1719415315.1924207,1
1719415319.2573807,1
1719415323.5922434,1
1719415327.7161791,1
1719415331.80325,1
1719415335.9001799,1
1719415339.972312,1
1719415344.1689863,1
1719415348.3339398,1
1719415352.3796065,1
1719415356.511892,1
1719415360.5716505,1
1719415364.679159,1
1719415368.779578,1
1719415372.9167783,1
1719415376.984092,1
1719415381.0842168,1
1719415385.0756419,1
1719415389.2191236,1
1719415393.09281,1
1719415397.2083235,1
1719415401.2779477,1
1719415405.4797819,1
1719415409.629278,1
1719415413.855443,1
1719415417.914692,1
1719415422.038934,1
1719415426.1277816,1
1719415430.2645829,1
1719415434.369258,1
1719415438.5470383,1
1719415442.4563768,1
1719415446.5672743,1
1719415450.6378284,1
1719415454.8151715,1
1719415458.8442333,1
1719415462.753557,1
1719415466.812664,1
1719415470.9115958,1
1719415474.893415,1
1719415479.0585291,1
1719415482.9978864,1
1719415487.2634833,1
1719415491.4523363,1
1719415495.650676,1
1719415499.852228,1
1719415504.0029223,1
1719415508.1093504,1
1719415512.2836142,1
1719415516.4041376,1
1719415520.4751134,1
1719415524.6397305,1
1719415528.8674326,1
1719415533.0583222,1
1719415537.4003603,1
1719415541.456502,1
1719415545.7162132,1
1719415549.9245799,1
1719415554.020223,1
1719415558.0596223,1
1719415562.3486233,1
1719415566.2141955,1
1719415570.415817,1
1719415574.559138,1
1719415578.710054,1
1719415582.7930324,1
1719415586.8542843,1
1719415591.0976532,1
1719415595.3236415,1
1719415599.406165,1
1719415603.6354098,1
1719415607.7047222,1
1719415611.7494676,1
1719415615.942043,1
1719415620.0887606,1
1719415624.2689703,1
1719415628.3648438,1
1719415632.37896,1
1719415636.5109298,1
1719415640.4348626,1
1719415644.5402904,1
1719415648.6199105,1
1719415652.677556,1
1719415656.7290823,1
1719415660.8831184,1
1719415665.0505657,1
1719415669.1410642,1
1719415673.1288068,1
1719415677.1697187,1
1719415681.3155107,1
1719415685.422354,1
1719415689.3950324,1
1719415693.4269004,1
1719415697.4480448,1
1719415701.6279447,1
1719415705.656615,1
1719415709.7379909,1
1719415713.8490999,1
1719415717.845659,1
1719415721.8775358,1
1719415725.9911644,1
1719415730.0487626,1
1719415733.9534643,1
1719415738.0197058,1
1719415742.041012,1
1719415746.1362855,1
1719415750.2498236,1
1719415754.3522103,1
1719415758.3460245,1
1719415762.212085,1
1719415766.2909524,1
1719415770.2360647,1
1719415774.0751703,1
1719415778.14885,1
1719415782.2843287,1
1719415786.3224063,1
1719415790.465551,1
1719415794.486336,1
1719415798.6335738,1
1719415802.7789662,1
1719415806.9486003,1
1719415811.1133275,1
1719415815.1933515,1
1719415819.3791525,1
1719415823.6900532,1
1719415827.740936,1
1719415831.961151,1
1719415836.1272304,1
1719415840.282639,1
1719415844.198805,1
1719415848.3076568,1
1719415852.3851223,1
1719415856.4355247,1
1719415860.5245767,1
1719415864.6841106,1
1719415868.9001577,1
1719415873.0850427,1
1719415877.187395,1
1719415881.248686,1
1719415885.3168335,1
1719415889.5178013,1
1719415893.4685013,1
1719415897.5901668,1
1719415901.700988,1
1719415905.8179088,1
1719415909.8773994,1
1719415913.9307218,1
1719415918.0352845,1
1719415922.0845182,1
1719415926.1608994,1
1719415930.2073236,1
1719415934.2819216,1
1719415938.2577088,1
1719415942.1312802,1
1719415946.14189,1
1719415950.1600916,1
1719415954.2151012,1
1719415958.3346848,1
1719415962.4206197,1
1719415966.539676,1
1719415970.6533535,1
1719415974.6600296,1
1719415978.751103,1
1719415982.7414846,1
1719415987.020656,1
1719415991.1568556,1
1719415995.3018138,1
1719415999.4577992,1
1719416003.5768564,1
1719416007.7675533,1
1719416011.9249816,1
1719416015.916866,1
1719416019.9302466,1
1719416023.9784667,1
1719416028.0653143,1
1719416032.1269088,1
1719416036.2676342,1
1719416040.3249724,1
1719416044.1997797,1
1719416048.2530608,1
1719416052.286554,1
1719416056.367164,1
1719416060.4397187,1
1719416064.4384072,1
1719416068.4985673,1
1719416072.5846636,1
1719416076.4376564,1
1719416080.4984126,1
1719416084.6918433,1
1719416088.7476964,1
1719416092.8290644,1
1719416096.983117,1
1719416101.0420465,1
1719416105.0298185,1
1719416108.8733122,1
1719416112.8698065,1
1719416116.8967621,1
1719416120.963421,1
1719416125.034847,1
1719416129.238928,1
1719416133.313463,1
1719416137.390341,1
1719416141.438442,1
1719416145.6169233,1
1719416149.710784,1
1719416153.7414584,1
1719416157.7534406,1
1719416161.839135,1
1719416165.9506242,1
1719416170.0275974,1
1719416174.1968043,1
1719416178.1590323,1
1719416182.408216,1
1719416186.4795651,1
1719416190.8706284,1
1719416194.921279,1
1719416199.0796258,1
1719416203.1402647,1
1719416207.3478694,1
1719416211.529777,1
1719416215.5879707,1
1719416219.7720742,1
1719416223.9153802,1
1719416228.0879667,1
1719416232.2387793,1
1719416236.3332062,1
1719416240.4068215,1
1719416244.444367,1
1719416248.482417,1
1719416252.5075912,1
1719416256.5452318,1
1719416260.6035593,1
1719416264.7039127,1
1719416268.75885,1
1719416272.8345942,1
1719416276.8628693,1
1719416280.8754854,1
1719416285.0215518,1
1719416289.1987176,1
1719416293.2267725,1
1719416297.386033,1
1719416301.4438334,1
1719416305.541218,1
1719416309.668278,1
1719416313.821476,1
1719416317.972422,1
1719416322.0161731,1
1719416326.1466694,1
1719416330.2118287,1
1719416334.2389126,1
1719416338.2643754,1
1719416342.3364875,1
1719416346.4011233,1
1719416350.5357547,1
1719416354.5374756,1
1719416358.4238265,1
1719416362.6693997,1
1719416366.8099205,1
1719416371.1103,1
1719416375.2347994,1
1719416379.2713704,1
1719416383.2424998,1
1719416387.3920364,1
1719416391.4084072,1
1719416395.4310987,1
1719416399.3478513,1
1719416403.566028,1
1719416407.7618787,1
1719416411.8029919,1
1719416415.843741,1
1719416419.937279,1
1719416423.967033,1
1719416427.985421,1
1719416432.0922337,1
1719416436.3209622,1
1719416440.2350483,1
1719416444.4515617,1
1719416448.5231037,1
1719416452.6810207,1
1719416456.8148382,1
1719416460.9654515,1
1719416465.0106707,1
1719416469.1081598,1
1719416473.2540855,1
1719416477.3436434,1
1719416481.435471,1
1719416485.5048892,1
1719416489.5443175,1
1719416493.6234338,1
1719416497.6998634,1
1719416501.968031,1
1719416505.9576573,1
1719416510.1040053,1
1719416514.096632,1
1719416518.1280522,1
1719416522.146618,1
1719416526.284531,1
1719416530.4929805,1
1719416534.5685427,1
1719416538.7241848,1
1719416542.690132,1
1719416546.7962224,1
1719416550.8175108,1
1719416554.9398246,1
1719416558.8493001,1
1719416562.8653276,1
1719416567.0501504,1
1719416571.154763,1
1719416575.3159533,1
1719416579.4429886,1
1719416583.5391426,1
1719416587.668263,1
1719416591.7709165,1
1719416596.0908432,1
1719416600.15512,1
1719416604.1450596,1
1719416608.232106,1
1719416612.4150512,1
1719416616.4572196,1
1719416620.4083822,1
1719416624.4955862,1
1719416628.7366993,1
1719416632.718695,1
1719416636.7475016,1
1719416640.842202,1
1719416644.874699,1
1719416648.7918503,1
1719416652.8800364,1
1719416656.886263,1
1719416661.0622244,1
1719416665.2375672,1
1719416669.2476788,1
1719416673.3321886,1
1719416677.3261774,1
1719416681.4246747,1
1719416685.4825664,1
1719416689.6181142,1
1719416693.6817937,1
1719416697.6883633,1
1719416701.5875804,1
1719416705.487106,1
1719416709.4729311,1
1719416713.5020676,1
1719416717.3661144,1
1719416721.4791405,1
1719416725.5527499,1
1719416729.5784833,1
1719416733.307063,1
1719416737.4064722,1
1719416741.8544552,1
1719416745.8480744,1
1719416749.8859646,1
1719416753.888566,1
1719416758.067426,1
1719416762.1425264,1
1719416766.236008,1
1719416770.306691,1
1719416774.2287567,1
1719416778.2131364,1
1719416782.3736935,1
1719416786.396794,1
1719416790.26217,1
1719416794.4034946,1
1719416798.4708211,1
1719416802.5173523,1
1719416806.594161,1
1719416810.6314907,1
1719416814.7704027,1
1719416818.7756011,1
1719416822.8082995,1
1719416826.8908179,1
1719416831.0367687,1
1719416835.081775,1
1719416838.9843264,1
1719416842.9931548,1
1719416847.0818512,1
1719416851.073523,1
1719416855.1216304,1
1719416858.9621992,1
1719416863.0079987,1
1719416867.0028436,1
1719416870.8699098,1
1719416874.9408207,1
1719416879.1341107,1
1719416883.1668832,1
1719416887.2177026,1
1719416891.313483,1
1719416895.7177029,1
1719416899.841141,1
1719416904.1211717,1
1719416908.188145,1
1719416912.1857798,1
1719416916.362842,1
1719416920.638771,1
1719416924.8951092,1
1719416928.9310098,1
1719416932.931536,1
1719416936.946978,1
1719416941.0920777,1
1719416945.2274954,1
1719416949.3551128,1
1719416953.4323182,1
1719416957.560484,1
1719416961.7587805,1
1719416965.7971587,1
1719416969.7892785,1
1719416973.8500836,1
1719416977.9075074,1
1719416981.9763634,1
1719416985.9767134,1
1719416990.0581815,1
1719416994.1311812,1
1719416998.110371,1
1719417002.1613567,1
1719417006.2541425,1
1719417010.2646353,1
1719417014.3415542,1
1719417018.3907135,1
1719417022.2981806,1
1719417026.3144221,1
1719417030.4091556,1
1719417034.5364997,1
1719417038.811691,1
1719417042.9577692,1
1719417047.1478562,1
1719417051.24378,1
1719417055.3288448,1
1719417059.5128148,1
1719417063.727208,1
1719417067.569422,1
1719417071.710043,1
1719417075.8434818,1
1719417079.8885794,1
1719417083.8811953,1
1719417088.0315125,1
1719417092.1795318,1
1719417096.3646147,1
1719417100.481133,1
1719417104.4363701,1
1719417108.4197037,1
1719417112.6371799,1
1719417116.6744056,1
1719417120.7295094,1
1719417125.0096989,1
1719417128.9952257,1
1719417133.264222,1
1719417137.4615884,1
1719417141.423899,1
1719417145.5752213,1
1719417149.7293854,1
1719417153.8703308,1
1719417157.8918393,1
1719417162.1812027,1
1719417166.2038896,1
1719417170.24245,1
1719417174.3914385,1
1719417178.6876113,1
1719417182.675398,1
1719417186.5851238,1
1719417191.0781422,1
1719417195.2267427,1
1719417199.7903864,1
1719417203.8156235,1
1719417207.810068,1
1719417211.6409137,1
1719417215.7075663,1
1719417219.7664628,1
1719417224.1352262,1
1719417228.381419,1
1719417232.4449553,1
1719417236.3986967,1
1719417240.583305,1
1719417244.5777438,1
1719417248.709103,1
1719417252.9179964,1
1719417257.05155,1
1719417261.1688938,1
1719417265.292159,1
1719417269.419245,1
1719417273.5449965,1
1719417277.4623,1
1719417281.5294197,1
1719417285.5744517,1
1719417289.6075113,1
1719417293.67535,1
1719417297.7903738,1
1719417301.9083805,1
1719417305.9737513,1
1719417310.1661487,1
1719417314.2328165,1
1719417318.245509,1
1719417322.3659935,1
1719417326.3969908,1
1719417330.4512632,1
1719417334.474479,1
1719417338.5760975,1
1719417342.7476819,1
1719417346.6913354,1
1719417350.5692914,1
1719417354.6029878,1
1719417358.7485168,1
1719417363.019971,1
1719417367.0741544,1
1719417371.0846555,1
1719417375.283984,1
1719417379.4875565,1
1719417383.573854,1
1719417387.6410477,1
1719417391.6949646,1
1719417395.7985203,1
1719417399.8831182,1
1719417403.7988489,1
1719417407.8440564,1
1719417411.8232253,1
1719417415.9284594,1
1719417420.0624752,1
1719417423.9412956,1
1719417427.9230711,1
1719417432.1087947,1
1719417436.2712479,1
1719417440.2839072,1
1719417444.318283,1
1719417448.3412354,1
1719417452.446767,1
1719417456.688421,1
1719417460.7780359,1
1719417464.938762,1
1719417469.0218737,1
1719417473.0350783,1
1719417477.1466336,1
1719417481.2286835,1
1719417485.271204,1
1719417489.1472757,1
1719417493.5356874,1
1719417497.5965648,1
1719417501.737046,1
1719417506.19233,1
1719417510.2856352,1
1719417514.5075147,1
1719417518.6249385,1
1719417522.6787941,1
1719417526.7602923,1
1719417530.8423738,1
1719417534.940597,1
1719417539.0998988,1
1719417543.458931,1
1719417547.5962346,1
1719417551.7520754,1
1719417555.720806,1
1719417559.8467443,1
1719417564.1222339,1
1719417568.207881,1
1719417572.3281722,1
1719417576.4644697,1
1719417580.465608,1
1719417584.4825125,1
1719417588.5793834,1
1719417592.6622946,1
1719417596.605053,1
1719417600.7715662,1
1719417604.9094396,1
1719417609.0128126,1
1719417612.8996284,1
1719417616.933635,1
1719417620.9965513,1
1719417625.285555,1
1719417629.2826343,1
1719417633.7668486,1
1719417637.8316379,1
1719417641.8290868,1
1719417645.9989088,1
1719417650.1594808,1
1719417654.2524307,1
1719417658.4051776,1
1719417662.488359,1
1719417666.5642345,1
1719417670.695905,1
1719417674.7706814,1
1719417678.9033232,1
1719417682.8889246,1
1719417686.8945556,1
1719417691.0379126,1
1719417695.2294438,1
1719417699.3922656,1
1719417703.5191834,1
1719417707.6499517,1
1719417711.761836,1
1719417715.914557,1
1719417720.1185336,1
1719417724.1243343,1
1719417728.3172927,1
1719417732.4891,1
1719417736.664684,1
1719417740.8229868,1
1719417744.8848736,1
1719417748.985103,1
1719417753.0708783,1
1719417757.2054393,1
1719417761.370355,1
1719417765.4286988,1
1719417769.4907591,1
1719417773.6758096,1
1719417777.8133955,1
1719417781.744226,1
1719417785.8128457,1
1719417789.842187,1
1719417793.8891783,1
1719417798.0910404,1
1719417802.1922026,1
1719417806.383525,1
1719417810.5402465,1
1719417814.6512017,1
1719417818.7528899,1
1719417822.6793983,1
1719417826.771574,1
1719417830.987367,1
1719417835.2755046,1
1719417839.430376,1
1719417843.6566072,1
1719417847.7720284,1
1719417851.813868,1
1719417856.2467637,1
1719417860.4071517,1
1719417864.4953785,1
1719417868.5245678,1
1719417872.6229262,1
1719417876.7583761,1
1719417880.837276,1
1719417884.952776,1
1719417889.0116282,1
1719417893.109786,1
1719417897.15109,1
1719417901.217734,1
1719417905.23515,1
1719417909.0979998,1
1719417913.238127,1
1719417917.3950772,1
1719417921.540304,1
1719417925.5501916,1
1719417929.6541076,1
1719417933.7396405,1
1719417937.7823498,1
1719417941.8319232,1
1719417945.817594,1
1719417949.707607,1
1719417953.7861166,1
1719417957.846412,1
1719417961.9715655,1
1719417966.0945659,1
1719417970.197869,1
1719417974.2432249,1
1719417978.350428,1
1719417982.4146137,1
1719417986.3968756,1
1719417990.5095017,1
1719417994.517055,1
1719417998.5998015,1
1719418002.6273153,1
1719418006.7023091,1
1719418010.863559,1
1719418015.2036848,1
1719418019.502094,1
1719418023.6299818,1
1719418027.722977,1
1719418031.8200545,1
1719418035.9225373,1
1719418040.0775084,1
1719418044.0926368,1
1719418048.209152,1
1719418052.4463353,1
1719418056.4849932,1
1719418060.5015364,1
1719418064.4702942,1
1719418068.5023496,1
1719418072.6223583,1
1719418076.5643713,1
1719418080.5477765,1
1719418084.594459,1
1719418088.794008,1
1719418093.0323112,1
1719418096.998194,1
1719418101.0648074,1
1719418105.3190906,1
1719418109.3688896,1
1719418113.3841095,1
1719418117.2847958,1
1719418121.4317703,1
1719418125.52858,1
1719418129.7384834,1
1719418133.8127623,1
1719418138.040028,1
1719418142.035107,1
1719418146.141554,1
1719418150.1605952,1
1719418154.386266,1
1719418158.432148,1
1719418162.4878669,1
1719418166.4976523,1
1719418170.5906243,1
1719418174.6389782,1
1719418178.7735944,1
1719418182.8250532,1
1719418186.8790014,1
1719418190.8514528,1
1719418195.2100832,1
1719418199.340744,1
1719418203.2103474,1
1719418207.359465,1
1719418211.363859,1
1719418215.4495773,1
1719418219.4804413,1
1719418223.5176816,1
1719418227.5840096,1
1719418231.7367857,1
1719418235.8439353,1
1719418239.964208,1
1719418244.0283225,1
1719418248.167655,1
1719418252.3029134,1
1719418256.3020153,1
1719418260.3382478,1
1719418264.3647847,1
1719418268.5189164,1
1719418272.6078343,1
1719418276.61953,1
1719418280.6314301,1
1719418284.743987,1
1719418288.935501,1
1719418293.0830038,1
1719418297.31247,1
1719418301.1794343,1
1719418305.2275448,1
1719418309.2862763,1
1719418313.4017851,1
1719418317.5308144,1
1719418321.617409,1
1719418325.6566954,1
1719418329.7795975,1
1719418333.8616083,1
1719418337.9811652,1
1719418342.264152,1
1719418346.457565,1
1719418350.6053202,1
1719418354.7767994,1
1719418358.8741395,1
1719418362.8962142,1
1719418366.9080667,1
1719418370.829489,1
1719418374.913527,1
1719418379.0022416,1
1719418383.3023689,1
1719418387.659954,1
1719418391.7799969,1
1719418395.923263,1
1719418400.0183892,1
1719418403.9441884,1
1719418408.3054671,1
1719418412.234293,1
1719418416.3727098,1
1719418420.4030414,1
1719418424.533515,1
1719418428.6200256,1
1719418432.7564452,1
1719418436.828549,1
1719418440.8870642,1
1719418444.9219954,1
1719418449.0973005,1
1719418453.1850595,1
1719418457.1878154,1
1719418461.1939905,1
1719418465.262479,1
1719418469.3220353,1
1719418473.5185244,1
1719418477.6325586,1
1719418481.8669674,1
1719418486.0411127,1
1719418490.1399405,1
1719418494.1305985,1
1719418498.2516484,1
1719418502.314234,1
1719418506.4382906,1
1719418510.3835442,1
1719418514.36475,1
1719418518.3775694,1
1719418522.3679671,1
1719418526.389468,1
1719418530.1816936,1
1719418534.2045019,1
1719418538.1033041,1
1719418542.215967,1
1719418546.1722627,1
1719418550.2286,1
1719418554.222436,1
1719418558.2747552,1
1719418562.2393699,1
1719418566.2024655,1
1719418570.2520165,1
1719418574.353379,1
1719418578.2028966,1
1719418582.2498963,1
1719418586.28408,1
1719418590.3459375,1
1719418594.5201757,1
1719418598.6241608,1
1719418602.6514642,1
1719418606.7496521,1
1719418610.6959293,1
1719418614.7717426,1
1719418618.9014823,1
1719418623.1803493,1
1719418627.2906485,1
1719418631.313033,1
1719418635.3373373,1
1719418639.3462336,1
1719418643.4594305,1
1719418647.5442007,1
1719418651.6911423,1
1719418655.7441819,1
1719418659.823997,1
1719418663.8811448,1
1719418667.834674,1
1719418671.9526181,1
1719418676.1495185,1
1719418680.408563,1
1719418684.4634054,1
1719418688.4369211,1
1719418692.6558774,1
1719418696.7041466,1
1719418700.8602188,1
1719418704.9716723,1
1719418709.0570688,1
1719418713.058965,1
1719418717.2376847,1
1719418721.3821204,1
1719418725.5647612,1
1719418729.6082716,1
1719418733.8881912,1
1719418737.9268944,1
1719418741.9872386,1
1719418745.9580805,1
1719418749.9867122,1
1719418754.049425,1
1719418758.1563566,1
1719418762.287141,1
1719418766.375583,1
1719418770.4748383,1
1719418774.5095434,1
1719418778.6241426,1
1719418782.906727,1
1719418786.7535625,1
1719418790.9852052,1
1719418795.1086857,1
1719418799.270703,1
1719418803.3899605,1
1719418807.6835213,1
1719418811.724515,1
1719418815.7681973,1
1719418819.8266447,1
1719418823.878483,1
1719418827.7428148,1
1719418831.7743094,1
1719418835.9311528,1
1719418839.9428914,1
1719418844.0509953,1
1719418848.302672,1
1719418852.3617246,1
1719418856.5738542,1
1719418860.7270374,1
1719418864.8629632,1
1719418868.9280863,1
1719418873.052952,1
1719418877.1780033,1
1719418881.3155377,1
1719418885.3405912,1
1719418889.367944,1
1719418893.4377604,1
1719418897.4834065,1
1719418901.6001763,1
1719418905.6446629,1
1719418909.7051675,1
1719418913.7960143,1
1719418917.9392564,1
1719418922.1272404,1
1719418926.132887,1
1719418930.2493246,1
1719418934.3633764,1
1719418938.325137,1
1719418942.4184408,1
1719418946.4862528,1
1719418950.5405967,1
1719418954.5744834,1
1719418958.6180983,1
1719418962.7267256,1
1719418966.7768402,1
1719418970.9853504,1
1719418975.0969045,1
1719418979.137588,1
1719418983.215742,1
1719418987.3678384,1
1719418991.4796371,1
1719418995.3661058,1
1719418999.3873725,1
1719419003.4767992,1
1719419007.5475538,1
1719419011.7108047,1
1719419015.713761,1
1719419019.910058,1
1719419023.9727154,1
1719419028.0721662,1
1719419032.1642768,1
1719419036.1267219,1
1719419040.149263,1
1719419044.1367953,1
1719419048.0799124,1
1719419052.1311235,1
1719419056.1327796,1
1719419060.2086053,1
1719419064.24111,1
1719419068.35002,1
1719419072.4908972,1
1719419076.5713568,1
1719419080.5015628,1
1719419084.5915134,1
1719419088.720979,1
1719419092.8847246,1
1719419097.033475,1
1719419101.0396821,1
1719419105.0531697,1
1719419109.211626,1
1719419113.2454073,1
1719419117.2717936,1
1719419121.1261208,1
1719419125.2362216,1
1719419129.332872,1
1719419133.4586933,1
1719419137.549422,1
1719419141.665553,1
1719419145.7842476,1
1719419149.8049212,1
1719419153.9016747,1
1719419157.9380357,1
1719419161.9870539,1
1719419166.0116193,1
1719419170.0469232,1
1719419174.090895,1
1719419178.1455457,1
1719419182.2791958,1
1719419186.5332882,1
1719419190.6463974,1
1719419194.6510136,1
1719419198.6614544,1
1719419202.7707725,1
1719419206.8768697,1
1719419210.9395962,1
1719419215.116891,1
1719419219.2174113,1
1719419223.3872285,1
1719419227.4872665,1
1719419231.5480213,1
1719419235.557394,1
1719419239.6474288,1
1719419243.6495156,1
1719419247.7056391,1
1719419251.7423558,1
1719419255.832376,1
1719419259.986743,1
1719419264.1019046,1
1719419268.1538165,1
1719419272.103552,1
1719419276.1649072,1
1719419280.2222779,1
1719419284.2940872,1
1719419288.3038447,1
1719419292.3510735,1
1719419296.6135962,1
1719419300.887979,1
1719419305.0634973,1
1719419309.1269853,1
1719419313.0985472,1
1719419317.2442513,1
1719419321.2535021,1
1719419325.3032277,1
1719419329.1591346,1
1719419333.1797564,1
1719419337.2935383,1
1719419341.4184668,1
1719419345.469348,1
1719419349.5347438,1
1719419353.6425753,1
1719419357.6760817,1
1719419361.7132874,1
1719419365.747723,1
1719419369.7752674,1
1719419373.9794767,1
1719419378.1029687,1
1719419382.0980709,1
1719419386.0633073,1
1719419390.1389198,1
1719419394.1060717,1
1719419398.1301153,1
1719419402.244703,1
1719419406.1437366,1
1719419410.2077568,1
1719419414.1846569,1
1719419418.2507133,1
1719419422.343046,1
1719419426.4157927,1
1719419430.5331664,1
1719419434.5910227,1
1719419438.6094732,1
1719419442.760417,1
1719419446.8691034,1
1719419450.909002,1
1719419454.866993,1
1719419458.8836741,1
1719419463.0171485,1
1719419467.1153598,1
1719419471.204194,1
1719419475.21029,1
1719419479.2952547,1
1719419483.3658547,1
1719419487.46884,1
1719419491.4669032,1
1719419495.423323,1
1719419499.3320577,1
1719419503.3433313,1
1719419507.378694,1
1719419511.4860926,1
1719419515.626251,1
1719419519.7988656,1
1719419523.9583132,1
1719419527.9681118,1
1719419532.0522776,1
1719419535.8552778,1
1719419539.975747,1
1719419543.9981177,1
1719419548.0734715,1
1719419552.2232606,1
1719419556.3128178,1
1719419560.3032484,1
1719419564.3985412,1
1719419568.3585265,1
1719419572.3320715,1
1719419576.3241131,1
1719419580.4231281,1
1719419584.5035367,1
1719419588.7472105,1
1719419592.9022176,1
1719419597.0985484,1
1719419601.2437177,1
1719419605.4101326,1
1719419609.492437,1
1719419613.5382566,1
1719419617.6823967,1
1719419621.8106475,1
1719419625.691493,1
1719419629.809238,1
1719419633.875041,1
1719419637.9057062,1
1719419642.0307012,1
1719419646.1556923,1
1719419650.2969108,1
1719419654.3253894,1
1719419658.4263647,1
1719419662.3643303,1
1719419666.3656044,1
1719419670.3802934,1
1719419674.3655312,1
1719419678.3323407,1
1719419682.4169388,1
1719419686.4150352,1
1719419690.501581,1
1719419694.6467843,1
1719419698.7256083,1
1719419702.7493277,1
1719419706.8957946,1
1719419710.9120853,1
1719419714.9118242,1
1719419718.941118,1
1719419723.071708,1
1719419727.1045356,1
1719419731.3105977,1
1719419735.3922017,1
1719419739.4185777,1
1719419743.4654505,1
1719419747.6259646,1
1719419751.7553484,1
1719419755.6677983,1
1719419759.7617726,1
1719419763.7961798,1
1719419767.8420434,1
1719419771.7866938,1
1719419775.8855832,1
1719419779.992588,1
1719419783.9675245,1
1719419788.0893419,1
1719419791.966366,1
1719419795.9969387,1
1719419800.0785506,1
1719419804.1968288,1
1719419808.3582876,1
1719419812.1867683,1
1719419816.2341325,1
1719419820.272788,1
1719419824.394114,1
1719419828.4179435,1
1719419832.30177,1
1719419836.3678224,1
1719419840.4162734,1
1719419844.5801709,1
1719419848.5882118,1
1719419852.5996864,1
1719419856.5978487,1
1719419860.6028214,1
1719419864.7627323,1
1719419868.878238,1
1719419872.8363507,1
1719419876.8429568,1
1719419880.9209144,1
1719419884.906233,1
1719419889.039021,1
1719419893.24744,1
1719419897.3608649,1
1719419901.5148098,1
1719419905.6548576,1
1719419909.7168658,1
1719419913.8595152,1
1719419918.0239732,1
1719419922.07152,1
1719419926.2371511,1
1719419930.381996,1
1719419934.5343497,1
1719419938.619309,1
1719419942.7981343,1
1719419946.8793514,1
1719419950.9066403,1
1719419954.9972298,1
1719419959.0593886,1
1719419963.1482291,1
1719419967.1596844,1
1719419971.1637917,1
1719419975.2739785,1
1719419979.4105723,1
1719419983.4449873,1
1719419987.6482263,1
1719419991.7470524,1
1719419995.7793744,1
1719419999.4847791,1
1719420003.6035147,1
1719420007.5672379,1
1719420011.598607,1
1719420015.7350647,1
1719420019.8295717,1
1719420023.7984774,1
1719420027.7893593,1
1719420031.863466,1
1719420035.806466,1
1719420039.7958798,1
1719420043.9042206,1
1719420048.004477,1
1719420052.507208,1
1719420056.5721703,1
1719420060.7827544,1
1719420064.7565846,1
1719420068.7793071,1
1719420072.8192594,1
1719420076.8172736,1
1719420080.8377125,1
1719420084.6617904,1
1719420088.5293534,1
1719420092.654917,1
1719420096.6625497,1
1719420100.719656,1
1719420104.7748961,1
1719420108.787553,1
1719420112.879981,1
1719420116.8933036,1
1719420120.934458,1
1719420125.0277467,1
1719420129.0374892,1
1719420133.165746,1
1719420137.1962256,1
1719420141.1754136,1
1719420145.2387867,1
1719420149.338858,1
1719420153.3878155,1
1719420157.483585,1
1719420161.5492353,1
1719420165.526924,1
1719420169.523872,1
1719420173.6730466,1
1719420177.8566737,1
1719420181.9154506,1
1719420185.933523,1
1719420190.0701447,1
1719420194.1986835,1
1719420198.2352607,1
1719420202.3262517,1
1719420206.3673167,1
1719420210.118607,1
1719420214.2207906,1
1719420218.3354926,1
1719420222.466948,1
1719420226.4536471,1
1719420230.6393363,1
1719420234.4259493,1
1719420238.5197906,1
1719420242.7397032,1
1719420246.891807,1
1719420250.7769685,1
1719420254.8583431,1
1719420259.0559442,1
1719420262.9602635,1
1719420267.070199,1
1719420271.307714,1
1719420275.4288352,1
1719420279.553782,1
1719420283.57608,1
1719420287.7102914,1
1719420291.7727623,1
1719420295.8019464,1
1719420299.8575404,1
1719420303.937445,1
1719420308.0844917,1
1719420312.2564573,1
1719420316.3749394,1
1719420320.3894145,1
1719420324.4955673,1
1719420328.5861597,1
1719420332.574219,1
1719420336.7035892,1
1719420340.7447639,1
1719420344.7416737,1
1719420348.7496786,1
1719420352.8449671,1
1719420356.9262462,1
1719420360.9818096,1
1719420364.9693997,1
1719420369.167177,1
1719420373.0741448,1
1719420377.1017854,1
1719420381.2595742,1
1719420385.201915,1
1719420389.2568214,1
1719420393.2878623,1
1719420397.2899754,1
1719420401.342551,1
1719420405.38379,1
1719420409.4849217,1
1719420413.5232687,1
1719420417.3716738,1
1719420421.4677181,1
1719420425.5955348,1
1719420429.6475182,1
1719420433.7615595,1
1719420437.7820964,1
1719420441.8490455,1
1719420445.8483148,1
1719420449.901669,1
1719420454.0219223,1
1719420457.8943517,1
1719420462.070833,1
1719420466.1772869,1
1719420470.2783818,1
1719420474.4393876,1
1719420478.7252731,1
1719420482.903185,1
1719420486.9186273,1
1719420491.069246,1
1719420495.1879954,1
1719420499.227358,1
1719420503.3733687,1
1719420507.3291,1
1719420511.5053504,1
1719420515.6873524,1
1719420519.7593772,1
1719420524.0735683,1
1719420528.1502707,1
1719420532.1439962,1
1719420536.2416422,1
1719420540.3673446,1
1719420544.455218,1
1719420548.4858823,1
1719420552.551191,1
1719420556.6712112,1
1719420560.7960696,1
1719420564.876576,1
1719420568.8947678,1
1719420572.9769137,1
1719420577.0948293,1
1719420581.1453502,1
1719420585.286057,1
1719420589.4481714,1
1719420593.3466265,1
1719420597.379977,1
1719420601.4647949,1
1719420605.5107746,1
1719420609.6119664,1
1719420613.6629968,1
1719420617.7881753,1
1719420621.8443162,1
1719420625.7482092,1
1719420629.8808591,1
1719420633.9828196,1
1719420638.0777843,1
1719420642.166515,1
1719420646.21797,1
1719420650.2979136,1
1719420654.4690645,1
1719420658.4870603,1
1719420662.4033628,1
1719420666.2256846,1
1719420670.2647917,1
1719420674.3917944,1
1719420678.375049,1
1719420682.350914,1
1719420686.276936,1
1719420690.2973642,1
1719420694.3975687,1
1719420698.5277612,1
1719420702.5879397,1
1719420706.6542528,1
1719420710.8891041,1
1719420714.9698744,1
1719420719.0437076,1
1719420723.1163406,1
1719420727.173516,1
1719420731.1679025,1
1719420735.2697856,1
1719420739.1901386,1
1719420743.3325353,1
1719420747.305463,1
1719420751.4551191,1
1719420755.5443676,1
1719420759.7155137,1
1719420763.5293844,1
1719420767.4409113,1
1719420771.7258182,1
1719420775.8374946,1
1719420779.9283388,1
1719420784.0516353,1
1719420788.0450244,1
1719420791.9230287,1
1719420795.9739888,1
1719420800.1290658,1
1719420804.1711955,1
1719420808.2056546,1
1719420812.3095589,1
1719420816.4740605,1
1719420820.6004148,1
1719420824.7275305,1
1719420828.7288003,1
1719420832.9032476,1
1719420837.0879352,1
1719420841.1958916,1
1719420845.2369094,1
1719420849.3591766,1
1719420853.4702709,1
1719420857.608656,1
1719420861.721254,1
1719420865.877377,1
1719420869.9223256,1
1719420874.1178658,1
1719420878.144914,1
1719420882.2535398,1
1719420886.2229407,1
1719420890.334014,1
1719420894.4828217,1
1719420898.4902804,1
1719420902.494825,1
1719420906.5862973,1
1719420910.6159108,1
1719420914.895612,1
1719420918.982962,1
1719420923.0789454,1
1719420927.0563197,1
1719420931.120933,1
1719420935.254435,1
1719420939.3446388,1
1719420943.418602,1
1719420947.5316963,1
1719420951.545412,1
1719420955.544692,1
1719420959.5155284,1
1719420963.6443002,1
1719420967.6660862,1
1719420971.7818294,1
1719420975.876602,1
1719420979.9961762,1
1719420984.105603,1
1719420988.210734,1
1719420992.2693622,1
1719420996.4588988,1
1719421000.3497295,1
1719421004.8190885,1
1719421008.825681,1
1719421012.881106,1
1719421017.1145945,1
1719421020.954754,1
1719421024.9598794,1
1719421029.2437377,1
1719421033.2706318,1
1719421037.3999386,1
1719421041.4570642,1
1719421045.4509163,1
1719421049.509811,1
1719421053.3821917,1
1719421057.494235,1
1719421061.675995,1
1719421065.795884,1
1719421069.7930796,1
1719421073.9253473,1
1719421077.960268,1
1719421082.0952744,1
1719421086.2846227,1
1719421090.266342,1
1719421094.4644768,1
1719421098.6585786,1
1719421102.6972532,1
1719421106.9845624,1
1719421111.0262039,1
1719421115.1692588,1
1719421119.370129,1
1719421123.5025578,1
1719421127.3676255,1
1719421131.5109558,1
1719421135.5135136,1
1719421139.628715,1
1719421143.884983,1
1719421147.9294648,1
1719421151.9854848,1
1719421156.0776908,1
1719421160.0946493,1
1719421164.1719377,1
1719421168.0350614,1
1719421172.1211407,1
1719421176.1703463,1
1719421180.2766612,1
1719421184.338756,1
1719421188.3401635,1
1719421192.444532,1
1719421196.5019035,1
1719421200.8702097,1
1719421204.928322,1
1719421208.947246,1
1719421213.0435848,1
1719421217.099099,1
1719421221.1011937,1
1719421225.1843624,1
1719421229.2558537,1
1719421233.2975824,1
1719421237.428072,1
1719421241.533504,1
1719421245.6245954,1
1719421249.70364,1
1719421253.8010657,1
1719421257.8628883,1
1719421261.9673152,1
1719421266.1413512,1
1719421270.211318,1
1719421274.7277505,1
1719421278.7062867,1
1719421282.921071,1
1719421287.0165417,1
1719421291.085625,1
1719421295.1676986,1
1719421299.2362149,1
1719421303.2773418,1
1719421307.3533685,1
1719421311.4191198,1
1719421315.571227,1
1719421319.5959346,1
1719421323.5927033,1
1719421327.6761153,1
1719421331.7656238,1
1719421335.631324,1
1719421340.1192098,1
1719421344.1369503,1
1719421348.2099228,1
1719421352.5361066,1
1719421356.5708802,1
1719421360.5601645,1
1719421364.6795254,1
1719421368.8087869,1
1719421372.8605363,1
1719421376.8986726,1
1719421380.8718367,1
1719421385.007363,1
1719421389.0839336,1
1719421393.1584327,1
1719421397.181509,1
1719421401.2467651,1
1719421405.2779477,1
1719421409.2223532,1
1719421413.2084537,1
1719421417.3385847,1
1719421421.3629296,1
1719421425.385122,1
1719421429.4310017,1
1719421433.4384272,1
1719421437.5059378,1
1719421441.5205772,1
1719421445.6278827,1
1719421449.689808,1
1719421453.816461,1
1719421457.9038956,1
1719421461.9942846,1
1719421466.1571999,1
1719421470.249111,1
1719421474.3577862,1
1719421478.4762487,1
1719421482.5088162,1
1719421486.56049,1
1719421490.6532354,1
1719421494.6547847,1
1719421498.899475,1
1719421502.732081,1
1719421506.751178,1
1719421510.8620884,1
1719421514.906383,1
1719421518.9066048,1
1719421523.0232732,1
1719421527.0429287,1
1719421531.1038778,1
1719421535.2602131,1
1719421539.4690619,1
1719421543.6177118,1
1719421547.7080424,1
1719421551.770167,1
1719421555.8169117,1
1719421559.7826774,1
1719421563.9266107,1
1719421568.0328043,1
1719421572.0991828,1
1719421576.2964866,1
1719421580.3803291,1
1719421584.3172827,1
1719421588.3040361,1
1719421592.3329494,1
1719421596.4318902,1
1719421600.531691,1
1719421604.7533174,1
1719421608.821013,1
1719421612.9299724,1
1719421616.9230769,1
1719421621.0500894,1
1719421625.117832,1
1719421629.2394428,1
1719421633.270855,1
1719421637.3187532,1
1719421641.392641,1
1719421645.4104834,1
1719421649.4612942,1
1719421653.4566412,1
1719421657.4442372,1
1719421661.5625854,1
1719421665.6147435,1
1719421669.5167546,1
1719421673.587311,1
1719421677.6625082,1
1719421681.8802247,1
1719421685.9310596,1
1719421690.0111277,1
1719421694.239483,1
1719421698.320725,1
1719421702.4336116,1
1719421706.4334638,1
1719421710.280339,1
1719421714.2929907,1
1719421718.2676427,1
1719421722.3527107,1
1719421726.419816,1
1719421730.5128162,1
1719421734.54676,1
1719421738.7569122,1
1719421742.8776622,1
1719421747.04607,1
1719421750.9031646,1
1719421754.9385571,1
1719421758.8928216,1
1719421763.0171816,1
1719421767.1109335,1
1719421771.1371703,1
1719421775.2068534,1
1719421779.3479686,1
1719421783.3334727,1
1719421787.417432,1
1719421791.4690835,1
1719421795.2947395,1
1719421799.309567,1
1719421803.332144,1
1719421807.4281447,1
1719421811.5046408,1
1719421815.6613371,1
1719421819.706646,1
1719421823.7951243,1
1719421827.8761725,1
1719421831.9206324,1
1719421835.8346684,1
1719421840.0052214,1
1719421843.9807928,1
1719421847.9129908,1
1719421852.029035,1
1719421856.0850039,1
1719421860.206934,1
1719421864.2488568,1
1719421868.3004541,1
1719421872.4292676,1
1719421876.6199257,1
1719421880.7621408,1
1719421884.8971186,1
1719421889.0943215,1
1719421893.111605,1
1719421897.104307,1
1719421901.110946,1
1719421905.1412277,1
1719421909.1388943,1
1719421913.2385044,1
1719421917.3539577,1
1719421921.389481,1
1719421925.6048124,1
1719421929.5135283,1
1719421933.5114331,1
1719421937.5909364,1
1719421941.581006,1
1719421945.6744027,1
1719421949.693409,1
1719421954.053086,1
1719421958.072322,1
1719421962.0091395,1
1719421966.2561836,1
1719421970.4029684,1
1719421974.4959142,1
1719421978.6080852,1
1719421982.6656969,1
1719421986.7201302,1
1719421990.8477666,1
1719421994.962603,1
1719421999.0541613,1
1719422002.761603,1
1719422006.8358035,1
1719422010.984224,1
1719422015.0601847,1
1719422019.1510327,1
1719422023.2793922,1
1719422027.4370165,1
1719422031.6704335,1
1719422035.8458555,1
1719422040.076902,1
1719422043.99556,1
1719422048.1454,1
1719422052.2708495,1
1719422056.3441288,1
1719422060.4804716,1
1719422064.5540593,1
1719422068.5367324,1
1719422072.6886802,1
1719422076.779855,1
1719422080.6069775,1
1719422084.7334757,1
1719422088.7131612,1
1719422092.699255,1
1719422096.7396016,1
1719422100.9798765,1
1719422105.1247823,1
1719422109.1880853,1
1719422113.3160355,1
1719422117.4139264,1
1719422121.6167843,1
1719422125.6103582,1
1719422129.6873546,1
1719422133.9320426,1
1719422137.9542365,1
1719422141.910487,1
1719422146.010249,1
1719422150.4073846,1
1719422154.4050655,1
1719422158.50042,1
1719422162.3040023,1
1719422166.32509,1
1719422170.1721072,1
1719422174.355908,1
1719422178.5106168,1
1719422182.5571532,1
1719422186.6546264,1
1719422190.7087054,1
1719422194.7644553,1
1719422198.744813,1
1719422202.7477229,1
1719422206.8116963,1
1719422210.6645155,1
1719422214.6656382,1
1719422218.7998488,1
1719422222.6459687,1
1719422226.7398226,1
1719422230.8359795,1
1719422234.8052561,1
1719422238.9499886,1
1719422243.0743625,1
1719422247.0706732,1
1719422251.0273817,1
1719422255.0775375,1
1719422259.113073,1
1719422263.2786653,1
1719422267.3327131,1
1719422271.3108356,1
1719422275.408299,1
1719422279.443045,1
1719422283.5798085,1
1719422287.6796887,1
1719422291.7868059,1
1719422295.895283,1
1719422299.9189675,1
1719422303.91881,1
1719422307.9376833,1
1719422311.9000704,1
1719422315.9216805,1
1719422320.0395494,1
1719422324.035736,1
1719422328.0270467,1
1719422332.1917036,1
1719422336.0214636,1
1719422340.104352,1
1719422344.1290083,1
1719422348.1783612,1
1719422352.2743556,1
1719422356.3691747,1
1719422360.4063187,1
1719422364.517258,1
1719422368.6488388,1
1719422372.6934185,1
1719422376.6976376,1
1719422380.892488,1
1719422384.9500074,1
1719422388.9592683,1
1719422392.7961495,1
1719422396.8370805,1
1719422400.8822126,1
1719422404.876134,1
1719422409.0060809,1
1719422413.0182686,1
1719422417.1093574,1
1719422421.0545352,1
1719422425.0386276,1
1719422429.4070585,1
1719422433.5009203,1
1719422437.4463744,1
1719422441.5813236,1
1719422445.5890102,1
1719422449.6870053,1
1719422453.9213884,1
1719422457.8954992,1
1719422462.00645,1
1719422466.072261,1
1719422470.1788838,1
1719422474.2819884,1
1719422478.3959603,1
1719422482.4637392,1
1719422486.5202358,1
1719422490.6867244,1
1719422494.7151284,1
1719422498.8407488,1
1719422502.9133337,1
1719422506.9135702,1
1719422510.9916806,1
1719422515.1021543,1
1719422519.249527,1
1719422523.241209,1
1719422527.3305051,1
1719422531.4763243,1
1719422535.5987391,1
1719422539.6851625,1
1719422543.8548808,1
1719422547.762136,1
1719422551.9068112,1
1719422555.9996479,1
1719422560.069623,1
1719422564.152878,1
1719422568.2684662,1
1719422572.331874,1
1719422576.3214653,1
1719422580.2585356,1
1719422584.3346443,1
1719422588.2536707,1
1719422592.3309639,1
1719422596.3692951,1
1719422600.3187244,1
1719422604.3669665,1
1719422608.4060082,1
1719422612.3723085,1
1719422616.7723448,1
1719422620.9091907,1
1719422624.8927393,1
1719422628.9301074,1
1719422632.9058518,1
1719422637.058175,1
1719422641.0198095,1
1719422645.002542,1
1719422648.751129,1
1719422652.8157067,1
1719422656.8821342,1
1719422660.8692603,1
1719422665.0294988,1
1719422669.0584447,1
1719422673.0414286,1
1719422677.1010065,1
1719422681.1763895,1
1719422685.3145616,1
1719422689.4322836,1
1719422693.4656508,1
1719422697.4865897,1
1719422701.5751748,1
1719422705.5952103,1
1719422709.7544308,1
1719422713.8067575,1
1719422717.8406086,1
1719422721.792852,1
1719422725.9174151,1
1719422730.062513,1
1719422734.192124,1
1719422738.2580178,1
1719422742.4693835,1
1719422746.6220722,1
1719422750.7066858,1
1719422754.7611363,1
1719422758.9023128,1
1719422762.896437,1
1719422766.9466782,1
1719422771.0975919,1
1719422775.2094953,1
1719422779.254022,1
1719422783.4001133,1
1719422787.5229442,1
1719422791.5546796,1
1719422795.7616844,1
1719422799.740509,1
1719422803.8060741,1
1719422807.9947166,1
1719422811.9976022,1
1719422816.016298,1
1719422819.984073,1
1719422824.0791945,1
1719422827.8867407,1
1719422832.0459595,1
1719422835.8852403,1
1719422839.92603,1
1719422844.0295537,1
1719422848.1673057,1
1719422852.2632291,1
1719422856.3873725,1
1719422860.3738048,1
1719422864.4114263,1
1719422868.491992,1
1719422872.775399,1
1719422876.617234,1
1719422880.635937,1
1719422884.6459146,1
1719422888.7028983,1
1719422892.8548713,1
1719422896.9049082,1
1719422901.045661,1
1719422905.3223484,1
1719422909.338281,1
1719422913.3457913,1
1719422917.4078207,1
1719422921.2421017,1
1719422925.3517427,1
1719422929.3421826,1
1719422933.3363404,1
1719422937.1657093,1
1719422941.173927,1
1719422945.3656938,1
1719422949.469255,1
1719422953.4417446,1
1719422957.537448,1
1719422961.487625,1
1719422965.563747,1
1719422969.5793874,1
1719422973.6171386,1
1719422977.6268258,1
1719422981.597118,1
1719422985.535326,1
1719422989.4925213,1
1719422993.5552485,1
1719422997.568884,1
1719423001.6835973,1
1719423005.7076743,1
1719423009.7939575,1
1719423013.7588737,1
1719423017.9199443,1
1719423021.9430625,1
1719423026.0756223,1
1719423030.0987842,1
1719423034.2082937,1
1719423038.2256272,1
1719423042.2099743,1
1719423046.0776079,1
1719423050.1538699,1
1719423054.241463,1
1719423058.292284,1
1719423062.3097298,1
1719423066.3862667,1
1719423070.419554,1
1719423074.4781609,1
1719423078.4934204,1
1719423082.5256946,1
1719423086.5715408,1
1719423090.3899295,1
1719423094.5358553,1
1719423098.7096562,1
1719423102.74808,1
1719423106.7454906,1
1719423110.8787029,1
1719423115.0102253,1
1719423119.0678136,1
1719423123.217463,1
1719423127.2635531,1
1719423131.1381836,1
1719423135.3258169,1
1719423139.3756545,1
1719423143.382945,1
1719423147.5058734,1
1719423151.3551073,1
1719423155.4163213,1
1719423159.3210104,1
1719423163.319115,1
1719423167.4716282,1
1719423171.5433254,1
1719423175.5826967,1
1719423179.6348295,1
1719423183.7103817,1
1719423188.1666458,1
1719423192.2046056,1
1719423196.2810407,1
1719423200.4049172,1
1719423204.4848733,1
1719423208.617258,1
1719423212.7025683,1
1719423216.7660134,1
1719423220.774144,1
1719423224.906596,1
1719423229.0281947,1
1719423233.1206143,1
1719423237.1488616,1
1719423241.2009156,1
1719423245.224788,1
1719423249.3733003,1
1719423253.4620688,1
1719423257.322381,1
1719423261.3710787,1
1719423265.3896449,1
1719423269.4870605,1
1719423273.5229113,1
1719423277.5824301,1
1719423281.5933137,1
1719423285.6536436,1
1719423289.6889782,1
1719423293.7460299,1
1719423297.7940953,1
1719423301.8575337,1
1719423305.9103885,1
1719423309.9264817,1
1719423313.9973898,1
1719423318.0470328,1
1719423322.0664563,1
1719423326.1297662,1
1719423330.2627575,1
1719423334.2899194,1
1719423338.2928908,1
1719423342.3923528,1
1719423346.396098,1
1719423350.3922725,1
1719423354.516233,1
1719423358.5683901,1
1719423362.6311097,1
1719423366.8313353,1
1719423370.953391,1
1719423375.1880662,1
1719423379.088902,1
1719423383.224832,1
1719423387.390275,1
1719423391.5493298,1
1719423395.7893028,1
1719423399.8176458,1
1719423403.8017757,1
1719423407.9555805,1
1719423412.1041446,1
1719423416.2419927,1
1719423420.2634776,1
1719423424.4450836,1
1719423428.4604056,1
1719423432.5681942,1
1719423436.4978657,1
1719423440.6316364,1
1719423444.669702,1
1719423448.692003,1
1719423452.85973,1
1719423456.929219,1
1719423460.8667605,1
1719423464.9532547,1
1719423469.0424237,1
1719423473.0396934,1
1719423477.0870795,1
1719423481.1736515,1
1719423485.2525275,1
1719423489.42497,1
1719423493.440231,1
1719423497.518344,1
1719423501.5604506,1
1719423505.4537702,1
1719423509.5758436,1
1719423513.8430822,1
1719423517.9174542,1
1719423522.01478,1
1719423526.1037374,1
1719423530.216806,1
1719423534.37654,1
1719423538.5022085,1
1719423542.5972311,1
1719423546.4743314,1
1719423550.6689956,1
1719423554.7082038,1
1719423558.819884,1
1719423562.9648814,1
1719423566.973655,1
1719423571.0125675,1
1719423575.025216,1
1719423579.139401,1
1719423583.0971844,1
1719423586.9789975,1
1719423591.0304868,1
1719423595.1485054,1
1719423599.1845567,1
1719423603.2452226,1
1719423607.2685888,1
1719423611.3715394,1
1719423615.3161974,1
1719423619.4007387,1
1719423623.4191797,1
1719423627.2561333,1
1719423631.4376867,1
1719423635.5013814,1
1719423639.599829,1
1719423643.672061,1
1719423647.706047,1
1719423651.7583756,1
1719423655.8284981,1
1719423659.9433894,1
1719423663.8765264,1
1719423668.0314755,1
1719423672.100808,1
1719423676.173184,1
1719423680.2571056,1
1719423684.3495736,1
1719423688.5186965,1
1719423692.5813942,1
1719423696.596537,1
1719423700.781595,1
1719423704.9716125,1
1719423708.9794526,1
1719423712.8468332,1
1719423716.9147596,1
1719423720.9280677,1
1719423725.2349172,1
1719423729.2155569,1
1719423733.275278,1
1719423737.402551,1
1719423741.233295,1
1719423745.2807813,1
1719423749.410965,1
1719423753.317539,1
1719423757.4908016,1
1719423761.538763,1
1719423765.663469,1
1719423769.8051744,1
1719423773.8538363,1
1719423777.8822467,1
1719423781.943255,1
1719423786.0128467,1
1719423790.064614,1
1719423794.3638413,1
1719423798.5611446,1
1719423802.6732404,1
1719423806.7069361,1
1719423810.712173,1
1719423814.7532012,1
1719423818.857477,1
1719423822.9529119,1
1719423827.1202846,1
1719423831.2045758,1
1719423835.378906,1
1719423839.5393674,1
1719423843.5576503,1
1719423847.6609807,1
1719423851.8104694,1
1719423855.8186655,1
1719423859.6838243,1
1719423863.784203,1
1719423867.9380152,1
1719423871.9793947,1
1719423876.0213943,1
1719423879.921295,1
1719423884.200637,1
1719423888.2382555,1
1719423892.3273618,1
1719423896.3787487,1
1719423900.5311315,1
1719423904.6584146,1
1719423908.7601912,1
1719423912.8933403,1
1719423916.9185717,1
1719423920.84444,1
1719423925.0349853,1
1719423929.134021,1
1719423933.1568937,1
1719423937.2060132,1
1719423941.25148,1
1719423945.4468765,1
1719423949.5074003,1
1719423953.7864614,1
1719423957.814859,1
1719423961.931628,1
1719423966.022102,1
1719423970.0645597,1
1719423974.1933033,1
1719423978.3104932,1
1719423982.448957,1
1719423986.5083497,1
1719423990.5620637,1
1719423994.628496,1
1719423998.7529376,1
1719424002.815754,1
1719424006.7006536,1
1719424010.675295,1
1719424014.7460442,1
1719424018.8705413,1
1719424022.8946354,1
1719424027.087403,1
1719424031.0669315,1
1719424035.2956076,1
1719424039.3191526,1
1719424043.467738,1
1719424047.3301103,1
1719424051.6792688,1
1719424055.7789915,1
1719424059.7545412,1
1719424063.8386247,1
1719424067.8929362,1
1719424071.8982527,1
1719424075.9425926,1
1719424079.9909606,1
1719424084.0364492,1
1719424088.164412,1
1719424092.1720421,1
1719424096.2069125,1
1719424100.2922087,1
1719424104.3163166,1
1719424108.3816411,1
1719424112.3660257,1
1719424116.475038,1
1719424120.661806,1
1719424124.697743,1
1719424128.6716652,1
1719424132.761336,1
1719424136.7290008,1
1719424140.7567837,1
1719424144.790063,1
1719424148.5824935,1
1719424152.9382784,1
1719424156.909122,1
1719424160.9370008,1
1719424164.9762137,1
1719424168.972058,1
1719424172.8549433,1
1719424176.823053,1
1719424180.9198685,1
1719424185.0135508,1
1719424188.8543408,1
1719424192.9470575,1
1719424197.0060065,1
1719424201.1390514,1
1719424205.383229,1
1719424209.6775005,1
1719424213.7251534,1
1719424217.8039389,1
1719424221.8886971,1
1719424226.0464678,1
1719424230.1341941,1
1719424234.159632,1
1719424238.2336686,1
1719424242.2241151,1
1719424246.211847,1
1719424250.2501323,1
1719424254.4047809,1
1719424258.5098913,1
1719424262.5258293,1
1719424266.5711403,1
1719424270.6649075,1
1719424274.6964984,1
1719424278.6981084,1
1719424282.8958437,1
1719424287.0127718,1
1719424291.0263557,1
1719424295.1067119,1
1719424299.2459855,1
1719424303.4064815,1
1719424307.43896,1
1719424311.508129,1
1719424315.5329056,1
1719424319.6312082,1
1719424323.695376,1
1719424327.667621,1
1719424331.5658965,1
1719424335.529366,1
1719424339.3968332,1
1719424343.45422,1
1719424347.4787595,1
1719424351.4909666,1
1719424355.530586,1
1719424359.6571257,1
1719424363.849861,1
1719424367.9084315,1
1719424371.9785743,1
1719424376.1065226,1
1719424380.1591885,1
1719424384.2127671,1
1719424388.1952875,1
1719424392.2919672,1
1719424396.3370562,1
1719424400.3584168,1
1719424404.375542,1
1719424408.5127442,1
1719424412.535844,1
1719424416.5128655,1
1719424420.569335,1
1719424424.4303687,1
1719424428.5086775,1
1719424432.55718,1
1719424436.541226,1
1719424440.6432478,1
1719424444.7680867,1
1719424448.88673,1
1719424452.9133947,1
1719424457.0283546,1
1719424461.0066693,1
1719424464.9635322,1
1719424469.063409,1
1719424473.1521208,1
1719424477.4330184,1
1719424481.4383025,1
1719424485.4840136,1
1719424489.4705172,1
1719424493.4699028,1
1719424497.4884393,1
1719424501.6174834,1
1719424505.6876638,1
1719424509.8322592,1
1719424513.9779956,1
1719424518.0366561,1
1719424522.0603108,1
1719424526.2144032,1
1719424530.3465395,1
1719424534.4757643,1
1719424538.733902,1
1719424542.864671,1
1719424546.9755383,1
1719424550.8741388,1
1719424554.8479655,1
1719424558.9815218,1
1719424563.0790534,1
1719424567.0809546,1
1719424571.1229885,1
1719424575.0362384,1
1719424579.111436,1
1719424583.2420912,1
1719424587.340789,1
1719424591.2960374,1
1719424595.2989004,1
1719424599.2963712,1
1719424603.378613,1
1719424607.4633334,1
1719424611.5077777,1
1719424615.5955098,1
1719424619.6315699,1
1719424623.7182164,1
1719424627.8277657,1
1719424631.9969435,1
1719424636.1178715,1
1719424640.1514719,1
1719424644.295448,1
1719424648.3147957,1
1719424652.408276,1
1719424656.437738,1
1719424660.5506287,1
1719424664.6612306,1
1719424668.7125697,1
1719424672.8008947,1
1719424676.6974845,1
1719424680.7274065,1
1719424684.7578201,1
1719424688.8171546,1
1719424692.8949778,1
1719424696.947946,1
1719424701.017756,1
1719424705.012793,1
1719424709.0695648,1
1719424713.1899784,1
1719424717.253362,1
1719424721.3342137,1
1719424725.2814357,1
1719424729.3324559,1
1719424733.4216666,1
1719424737.687278,1
1719424741.637198,1
1719424745.7519991,1
1719424749.7677376,1
1719424753.9579537,1
1719424758.0107434,1
1719424762.0726483,1
1719424766.1003382,1
1719424770.4514008,1
1719424774.6048613,1
1719424778.809844,1
1719424783.071739,1
1719424787.1112103,1
1719424791.2864377,1
1719424795.460909,1
1719424799.560933,1
1719424803.693548,1
1719424807.7730005,1
1719424811.806113,1
1719424815.8588865,1
1719424819.9066896,1
1719424823.9147987,1
1719424827.9483318,1
1719424832.0091398,1
1719424836.048487,1
1719424840.1625068,1
1719424844.028512,1
1719424847.893567,1
1719424851.9820337,1
1719424856.1409981,1
1719424860.210539,1
1719424864.4642458,1
1719424868.5516598,1
1719424872.6153226,1
1719424876.8029525,1
1719424880.7866817,1
1719424884.7224512,1
1719424888.774809,1
1719424892.8616853,1
1719424897.048952,1
1719424901.156734,1
1719424905.1773064,1
1719424909.2082152,1
1719424913.3166142,1
1719424917.322537,1
1719424921.4109704,1
1719424925.456586,1
1719424929.4950447,1
1719424933.4950254,1
1719424937.5919373,1
1719424941.5858665,1
1719424945.8722363,1
1719424949.934828,1
1719424953.859869,1
1719424957.8711448,1
1719424961.9635737,1
1719424965.9718504,1
1719424970.011128,1
1719424973.992165,1
1719424978.095507,1
1719424982.2349067,1
1719424986.2389905,1
1719424990.2195158,1
1719424994.364035,1
1719424998.449896,1
1719425002.6601646,1
1719425006.9219651,1
1719425010.8244936,1
1719425014.8910494,1
1719425018.9565542,1
1719425023.0202181,1
1719425027.014478,1
1719425031.1399777,1
1719425035.2113621,1
1719425039.4110744,1
1719425043.643603,1
1719425047.6627016,1
1719425051.6896088,1
1719425055.7652004,1
1719425059.8287573,1
1719425063.7853715,1
1719425067.9652133,1
1719425071.9302003,1
1719425076.020413,1
1719425080.124318,1
1719425084.1667945,1
1719425088.315322,1
1719425092.4537044,1
1719425096.5432687,1
1719425100.603522,1
1719425104.702781,1
1719425108.7586863,1
1719425112.7469423,1
1719425116.7702487,1
1719425120.695758,1
1719425124.7974613,1
1719425128.6826262,1
1719425132.7471135,1
1719425136.6840136,1
1719425140.7008934,1
1719425144.8582458,1
1719425148.87118,1
1719425153.0311623,1
1719425157.0552006,1
1719425161.1229248,1
1719425165.1939588,1
1719425169.30647,1
1719425173.6464913,1
1719425177.5142813,1
1719425181.6069791,1
1719425185.608844,1
1719425189.582319,1
1719425193.6852076,1
1719425197.876632,1
1719425201.908454,1
1719425206.0172853,1
1719425210.140428,1
1719425214.232367,1
1719425218.1396205,1
1719425222.1933956,1
1719425226.2685924,1
1719425230.1183448,1
1719425234.110425,1
1719425238.1172457,1
1719425242.2392995,1
1719425246.2468946,1
1719425250.319503,1
1719425254.3953257,1
1719425258.5605376,1
1719425262.715325,1
1719425266.7598484,1
1719425270.9280217,1
1719425275.03353,1
1719425279.1761432,1
1719425283.1947463,1
1719425287.2891626,1
1719425291.4549086,1
1719425295.5573523,1
1719425299.6581054,1
1719425303.741465,1
1719425307.9601095,1
1719425312.0022728,1
1719425316.1485186,1
1719425320.2260952,1
1719425324.2852714,1
1719425328.2663481,1
1719425332.389134,1
1719425336.5573514,1
1719425340.8082538,1
1719425344.702712,1
1719425348.8754601,1
1719425352.9808438,1
1719425357.153001,1
1719425361.1453822,1
1719425365.288986,1
1719425369.3750694,1
1719425373.5310743,1
1719425377.6588175,1
1719425381.7663307,1
1719425385.6061568,1
1719425389.5541224,1
1719425393.6708252,1
1719425397.7444715,1
1719425401.8402183,1
1719425405.9066508,1
1719425410.120581,1
1719425414.033038,1
1719425418.1323671,1
1719425422.090459,1
1719425426.218406,1
1719425430.302495,1
1719425434.3039277,1
1719425438.4194813,1
1719425442.5622652,1
1719425446.7002044,1
1719425450.890449,1
1719425454.7982893,1
1719425458.723874,1
1719425462.8141782,1
1719425466.8464355,1
1719425470.8991263,1
1719425475.0700686,1
1719425479.1570733,1
1719425483.171635,1
1719425487.1379812,1
1719425491.1146774,1
1719425495.2320085,1
1719425499.2377226,1
1719425503.427363,1
1719425507.4706979,1
1719425511.467722,1
1719425515.54202,1
1719425519.4974296,1
1719425523.547058,1
1719425527.654943,1
1719425531.7749922,1
1719425535.845726,1
1719425539.820045,1
1719425543.821696,1
1719425547.813218,1
1719425551.8029392,1
1719425555.9017882,1
1719425560.06362,1
1719425564.1491907,1
1719425568.1287358,1
1719425572.1733065,1
1719425576.1886063,1
1719425580.2771606,1
1719425584.317387,1
1719425588.4697993,1
1719425592.440942,1
1719425596.487359,1
1719425600.6099544,1
1719425604.6088617,1
1719425608.665994,1
1719425612.7127573,1
1719425616.6756732,1
1719425620.6730406,1
1719425624.7408705,1
1719425628.987639,1
1719425633.004134,1
1719425636.9057739,1
1719425640.9761033,1
1719425645.0279148,1
1719425649.0373418,1
1719425653.1935983,1
1719425657.2548826,1
1719425661.3177333,1
1719425665.4162998,1
1719425669.4607038,1
1719425673.5659454,1
1719425677.4788651,1
1719425681.5245686,1
1719425685.7225902,1
1719425689.6872315,1
1719425693.795185,1
1719425697.8792539,1
1719425701.8980186,1
1719425705.9109423,1
1719425709.9170523,1
1719425714.0848274,1
1719425718.10767,1
1719425722.0036926,1
1719425725.9901264,1
1719425730.1314762,1
1719425734.273917,1
1719425738.4080613,1
1719425742.4406743,1
1719425746.488518,1
1719425750.5584204,1
1719425754.5552585,1
1719425758.525177,1
1719425762.4355159,1
1719425766.5497854,1
1719425770.6110218,1
1719425774.650914,1
1719425778.7159655,1
1719425782.7702837,1
1719425786.9323022,1
1719425790.9808784,1
1719425795.065609,1
1719425799.0293717,1
1719425803.109734,1
1719425807.130687,1
1719425811.212847,1
1719425815.2062783,1
1719425819.3123052,1
1719425823.3576934,1
1719425827.5927207,1
1719425831.7761703,1
1719425835.8558083,1
1719425839.9104946,1
1719425843.9847167,1
1719425848.0124304,1
1719425851.8692665,1
1719425855.763154,1
1719425859.807307,1
1719425863.8244727,1
1719425867.9225051,1
1719425871.918782,1
1719425876.0626616,1
1719425880.123289,1
1719425884.37571,1
1719425888.249961,1
1719425892.4563441,1
1719425896.6057231,1
1719425900.7115433,1
1719425904.7657466,1
1719425908.7729,1
1719425912.7573085,1
1719425916.966607,1
1719425921.0047398,1
1719425925.1690958,1
1719425929.3097823,1
1719425933.4887393,1
1719425937.5434837,1
1719425941.7073972,1
1719425945.734749,1
1719425949.7551384,1
1719425953.784461,1
1719425957.8361793,1
1719425961.828357,1
1719425965.780381,1
1719425969.814893,1
1719425973.9559562,1
1719425978.1376004,1
1719425982.1776493,1
1719425986.0767238,1
1719425990.2010152,1
1719425994.2197237,1
1719425998.2503304,1
1719426002.3188484,1
1719426006.3652558,1
1719426010.4538276,1
1719426014.7417774,1
1719426018.7879322,1
1719426022.9183288,1
1719426027.0418546,1
1719426031.098817,1
1719426035.1324084,1
1719426039.1110256,1
1719426043.191483,1
1719426047.2265856,1
1719426051.2935314,1
1719426055.3098414,1
1719426059.362039,1
1719426063.709646,1
1719426067.7628114,1
1719426071.8269525,1
1719426075.8792026,1
1719426079.9232934,1
1719426083.995561,1
1719426088.1329358,1
1719426092.247732,1
1719426096.0894616,1
1719426100.2895,1
1719426104.4242117,1
1719426108.5328755,1
1719426112.5545855,1
1719426116.665229,1
1719426120.9629583,1
1719426125.072842,1
1719426129.138703,1
1719426133.0995498,1
1719426137.1848342,1
1719426141.3571723,1
1719426145.438999,1
1719426149.4501948,1
1719426153.4934611,1
1719426157.525455,1
1719426161.5376108,1
1719426165.6191053,1
1719426169.7975028,1
1719426174.0467193,1
1719426178.2677658,1
1719426182.3304913,1
1719426186.5165706,1
1719426190.552311,1
1719426194.5420692,1
1719426198.6112945,1
1719426202.7081535,1
1719426206.7724307,1
1719426210.7365768,1
1719426214.8436027,1
1719426218.9289718,1
1719426222.7311943,1
1719426226.719738,1
1719426230.8491485,1
1719426234.8719974,1
1719426238.9795291,1
1719426243.0439053,1
1719426247.096675,1
1719426251.2099907,1
1719426255.3658004,1
1719426259.6019976,1
1719426263.4873412,1
1719426267.5615778,1
1719426271.6305382,1
1719426275.6827831,1
1719426279.7111285,1
1719426283.8269103,1
1719426287.88952,1
1719426291.962793,1
1719426295.9686341,1
1719426300.1213412,1
1719426304.1877966,1
1719426308.2065647,1
1719426312.2627118,1
1719426316.2365112,1
1719426320.283994,1
1719426324.3316052,1
1719426328.418054,1
1719426332.5614617,1
1719426336.5618722,1
1719426340.5919929,1
1719426344.6272197,1
1719426348.4833205,1
1719426352.6415126,1
1719426356.7237718,1
1719426360.7624607,1
1719426364.7697244,1
1719426368.863351,1
1719426372.94438,1
1719426377.0506542,1
1719426381.275197,1
1719426385.3217077,1
1719426389.1843002,1
1719426393.2368557,1
1719426397.4238105,1
1719426401.5087514,1
1719426405.765979,1
1719426409.7749906,1
1719426413.836619,1
1719426417.9013927,1
1719426421.9586678,1
1719426426.0823646,1
1719426430.1751416,1
1719426434.2417555,1
1719426438.2716415,1
1719426442.3801684,1
1719426446.5708563,1
1719426450.7270908,1
1719426454.7141223,1
1719426458.8084555,1
1719426462.9041939,1
1719426466.9634683,1
1719426471.0136745,1
1719426474.8196886,1
1719426478.9062464,1
1719426482.9674602,1
1719426487.1261444,1
1719426491.1162956,1
1719426495.1529655,1
1719426499.2691598,1
1719426503.3295624,1
1719426507.3330107,1
1719426511.5491698,1
1719426515.4391124,1
1719426519.2990353,1
1719426523.335788,1
1719426527.5018024,1
1719426531.4834683,1
1719426535.5850034,1
1719426539.387659,1
1719426543.439063,1
1719426547.5583076,1
1719426551.6626363,1
1719426555.6342428,1
1719426559.6817725,1
1719426563.8165092,1
1719426567.843739,1
1719426571.8508973,1
1719426575.8849466,1
1719426579.9867823,1
1719426584.1007938,1
1719426588.1537662,1
1719426592.2285295,1
1719426596.402875,1
1719426600.293812,1
1719426604.4614825,1
1719426608.5198014,1
1719426612.6305103,1
1719426616.7869692,1
1719426620.9593754,1
1719426625.252563,1
1719426629.3342268,1
1719426633.578941,1
1719426637.7799275,1
1719426641.877725,1
1719426645.9753144,1
1719426649.985589,1
1719426654.011359,1
1719426658.161147,1
1719426662.225135,1
1719426666.2905939,1
1719426670.3322158,1
1719426674.441245,1
1719426678.549982,1
1719426682.6292813,1
1719426686.7649412,1
1719426691.1126451,1
1719426695.1616185,1
1719426699.2639585,1
1719426703.2645893,1
1719426707.2827232,1
1719426711.2776875,1
1719426715.3620255,1
1719426719.174182,1
1719426723.2713718,1
1719426727.1530168,1
1719426731.3053617,1
1719426735.3192818,1
1719426739.4325805,1
1719426743.4271019,1
1719426747.4543877,1
1719426751.4772434,1
1719426755.5062542,1
1719426759.6314583,1
1719426763.7151713,1
1719426767.7507732,1
1719426771.7260456,1
1719426775.843623,1
1719426780.060504,1
1719426784.1508267,1
1719426788.0792081,1
1719426792.1077416,1
1719426796.1610115,1
1719426800.1761131,1
1719426804.191364,1
1719426808.1871178,1
1719426812.2971523,1
1719426816.415043,1
1719426820.610538,1
1719426824.5991604,1
1719426828.6311395,1
1719426832.7275136,1
1719426836.7310379,1
1719426840.7854815,1
1719426844.8392253,1
1719426848.9167278,1
1719426852.7529597,1
1719426856.8021376,1
1719426860.773318,1
1719426864.9433599,1
1719426869.0676954,1
1719426873.063695,1
1719426877.1023548,1
1719426881.19397,1
1719426885.275048,1
1719426889.4589288,1
1719426893.4793646,1
1719426897.6622791,1
1719426901.7580178,1
1719426905.8593495,1
1719426909.9935737,1
1719426914.1187685,1
1719426918.180312,1
1719426922.3252988,1
1719426926.36263,1
1719426930.5501575,1
1719426934.5627308,1
1719426938.6382818,1
1719426942.6628373,1
1719426946.7526772,1
1719426950.8809903,1
1719426954.8901842,1
1719426958.964191,1
1719426962.9636338,1
1719426966.8103037,1
1719426970.8457782,1
1719426974.8717046,1
1719426978.766275,1
1719426982.821104,1
1719426986.948438,1
1719426990.9378254,1
1719426995.3006074,1
1719426999.2415836,1
1719427003.852155,1
1719427007.8777246,1
1719427011.821684,1
1719427015.7862566,1
1719427019.6879606,1
1719427023.711386,1
1719427027.7240233,1
1719427031.690728,1
1719427035.7614286,1
1719427039.844027,1
1719427043.9373598,1
1719427048.0005133,1
1719427052.033204,1
1719427056.107812,1
1719427060.2162168,1
1719427064.2396078,1
1719427068.2639506,1
1719427072.2893686,1
1719427076.4096594,1
1719427080.618931,1
1719427084.6994188,1
1719427088.69002,1
1719427092.8018692,1
1719427097.0286648,1
1719427101.1170976,1
1719427104.9549923,1
1719427109.1275504,1
1719427113.2689505,1
1719427117.3603823,1
1719427121.4751787,1
1719427125.5803432,1
1719427129.640861,1
1719427133.843322,1
1719427137.8603885,1
1719427142.0291617,1
1719427145.8557944,1
1719427149.9856756,1
1719427154.1199622,1
1719427158.1089385,1
1719427162.1856275,1
1719427166.2441952,1
1719427170.2146459,1
1719427174.3001425,1
1719427178.2738514,1
1719427182.3262558,1
1719427186.3667896,1
1719427190.4412057,1
1719427194.5265577,1
1719427198.602569,1
1719427202.7819452,1
1719427206.7535527,1
1719427210.791566,1
1719427215.1243281,1
1719427219.1489327,1
1719427223.5289533,1
1719427227.551002,1
1719427231.5277772,1
1719427235.5841007,1
1719427239.6893144,1
1719427243.5085015,1
1719427247.6856947,1
1719427251.6831856,1
1719427255.7927651,1
1719427259.8418443,1
1719427263.9495454,1
1719427267.9855123,1
1719427272.1694403,1
1719427276.257678,1
1719427280.2459056,1
1719427284.2803886,1
1719427288.2730935,1
1719427292.2934434,1
1719427296.4459388,1
1719427300.4455595,1
1719427304.5293334,1
1719427308.6366765,1
1719427312.6688313,1
1719427316.791174,1
1719427320.9626157,1
1719427325.0998855,1
1719427329.4728005,1
1719427333.7230475,1
1719427337.8843734,1
1719427341.9433336,1
1719427346.1115718,1
1719427350.194367,1
1719427354.4161537,1
1719427358.2742238,1
1719427362.3879557,1
1719427366.3839374,1
1719427370.460954,1
1719427374.535723,1
1719427378.6540184,1
1719427382.6440632,1
1719427386.6934924,1
1719427390.738817,1
1719427394.7570605,1
1719427398.9257433,1
1719427402.900471,1
1719427406.8841379,1
1719427411.0349355,1
1719427415.2010844,1
1719427419.2437031,1
1719427423.3382976,1
1719427427.5298498,1
1719427431.702385,1
1719427435.8402255,1
1719427439.856374,1
1719427443.9860866,1
1719427448.0021062,1
1719427452.0709095,1
1719427456.1171825,1
1719427460.3026721,1
1719427464.3570082,1
1719427468.580835,1
1719427472.5596278,1
1719427476.6885512,1
1719427480.781542,1
1719427484.8545218,1
1719427488.706732,1
1719427492.7592392,1
1719427496.8948553,1
1719427500.9624608,1
1719427504.9453473,1
1719427508.9381268,1
1719427513.0425177,1
1719427517.0933356,1
1719427521.2529013,1
1719427525.1025925,1
1719427529.4792309,1
1719427533.6272569,1
1719427537.8796124,1
1719427541.9301858,1
1719427546.022139,1
1719427550.0179818,1
1719427554.028748,1
1719427558.0437603,1
1719427562.1067169,1
1719427566.162348,1
1719427570.2980254,1
1719427574.329524,1
1719427578.1374223,1
1719427582.2758193,1
1719427586.2913766,1
1719427590.4495811,1
1719427594.522153,1
1719427598.517203,1
1719427602.605728,1
1719427606.6480935,1
1719427610.5205648,1
1719427614.5383832,1
1719427618.6818233,1
1719427622.7697113,1
1719427626.8064296,1
1719427630.7915401,1
1719427634.8512611,1
1719427638.8804522,1
1719427642.9333394,1
1719427647.0366282,1
1719427651.1539516,1
1719427655.2372413,1
1719427659.139223,1
1719427663.2355878,1
1719427667.354068,1
1719427671.4985962,1
1719427675.8138418,1
1719427679.860754,1
1719427683.9500601,1
1719427688.00528,1
1719427692.0254076,1
1719427696.5231361,1
1719427700.8105853,1
1719427704.8346121,1
1719427708.9418106,1
1719427713.1765409,1
1719427717.2222757,1
1719427721.3048697,1
1719427725.3927705,1
1719427729.3657236,1
1719427733.4516735,1
1719427737.4995885,1
1719427741.535275,1
1719427745.5832298,1
1719427749.7058215,1
1719427753.82662,1
1719427757.9636724,1
1719427762.0883389,1
1719427766.1379097,1
1719427770.1950166,1
1719427774.2143092,1
1719427778.0752928,1
1719427782.1107812,1
1719427786.2081902,1
1719427790.3186033,1
1719427794.4117846,1
1719427798.608968,1
1719427802.4621308,1
1719427806.5566986,1
1719427810.7639542,1
1719427814.951199,1
1719427818.6937973,1
1719427822.7942085,1
1719427826.8229403,1
1719427830.992568,1
1719427835.0656853,1
1719427839.1528838,1
1719427843.1639366,1
1719427847.4042475,1
1719427851.4868138,1
1719427855.3753726,1
1719427859.5417736,1
1719427863.576548,1
1719427867.550669,1
1719427871.6303267,1
1719427875.7488306,1
1719427879.8115227,1
1719427883.8628113,1
1719427887.7984314,1
1719427891.836684,1
1719427895.8578331,1
1719427899.9068992,1
1719427903.8542633,1
1719427907.887299,1
1719427911.9846938,1
1719427915.9982717,1
1719427920.0579197,1
1719427924.0973287,1
1719427928.0493295,1
1719427932.0270483,1
1719427936.0752442,1
1719427940.0884953,1
1719427944.105816,1
1719427948.3213625,1
1719427952.367388,1
1719427956.385862,1
1719427960.4914126,1
1719427964.6021264,1
1719427968.9443955,1
1719427972.8971794,1
1719427977.0281935,1
1719427981.1743379,1
1719427985.2569966,1
1719427989.2915385,1
1719427993.3714857,1
1719427997.3720107,1
1719428001.4615219,1
1719428005.5059164,1
1719428009.540186,1
1719428013.5631554,1
1719428017.7397392,1
1719428021.7813282,1
1719428025.8728077,1
1719428029.8761785,1
1719428033.8894892,1
1719428037.95455,1
1719428041.956123,1
1719428046.0314782,1
1719428050.1789184,1
1719428054.3009367,1
1719428058.3044252,1
1719428062.30713,1
1719428066.322867,1
1719428070.4543622,1
1719428074.5180569,1
1719428078.5911448,1
1719428082.736459,1
1719428086.7409694,1
1719428090.8134358,1
1719428094.872292,1
1719428098.955967,1
1719428103.0035996,1
1719428107.1175025,1
1719428111.0603461,1
1719428114.9480715,1
1719428119.0018091,1
1719428123.0365293,1
1719428127.3187273,1
1719428131.332009,1
1719428135.433461,1
1719428139.458283,1
1719428143.574618,1
1719428147.6282036,1
1719428151.50643,1
1719428155.5750453,1
1719428159.6644351,1
1719428163.5471847,1
1719428167.6044452,1
1719428171.8979473,1
1719428176.074955,1
1719428180.1793642,1
1719428184.2576602,1
1719428188.3792217,1
1719428192.4264474,1
1719428196.459019,1
1719428200.5875626,1
1719428204.6286554,1
1719428208.8786225,1
1719428212.9633932,1
1719428216.9806414,1
1719428221.0311248,1
1719428225.0391314,1
1719428229.3685749,1
1719428233.4934285,1
1719428237.5607157,1
1719428241.6750865,1
1719428245.7707608,1
1719428249.70217,1
1719428253.7783313,1
1719428257.831111,1
1719428261.844889,1
1719428265.8517234,1
1719428270.012196,1
1719428273.976732,1
1719428277.8465347,1
1719428281.7199445,1
1719428285.8111215,1
1719428289.8145633,1
1719428293.8282166,1
1719428297.924948,1
1719428301.90624,1
1719428306.0108707,1
1719428310.1938233,1
1719428314.31982,1
1719428318.335381,1
1719428322.4116037,1
1719428326.4717157,1
1719428330.495588,1
1719428334.5879538,1
1719428338.649846,1
1719428342.5657892,1
1719428346.713001,1
1719428350.8324413,1
1719428354.947189,1
1719428358.998324,1
1719428363.136911,1
1719428367.0902371,1
1719428371.1617384,1
1719428375.2238188,1
1719428379.30995,1
1719428383.3320234,1
1719428387.3970594,1
1719428391.5671165,1
1719428395.6555047,1
1719428399.6691701,1
1719428403.5613945,1
1719428407.825921,1
1719428411.8876565,1
1719428415.9644606,1
1719428419.9946437,1
1719428424.0620792,1
1719428428.0870576,1
1719428431.9694269,1
1719428436.2363658,1
1719428440.283588,1
1719428444.2794135,1
1719428448.1652648,1
1719428452.31373,1
1719428456.4406044,1
1719428460.35275,1
1719428464.4104955,1
1719428468.4103026,1
1719428472.368487,1
1719428476.5040238,1
1719428480.764607,1
1719428485.1528552,1
1719428489.1948428,1
1719428493.3309965,1
1719428497.33276,1
1719428501.3250406,1
1719428505.3486433,1
1719428509.3410273,1
1719428513.3850513,1
1719428517.7806766,1
1719428521.8200278,1
1719428525.8708196,1
1719428529.728342,1
1719428533.8354359,1
1719428538.022836,1
1719428542.0545764,1
1719428546.2307389,1
1719428550.4049938,1
1719428554.6019678,1
1719428558.765894,1
1719428562.8448553,1
1719428566.9130616,1
1719428570.8252676,1
1719428574.8908842,1
1719428579.0884416,1
1719428583.1226788,1
1719428587.1778824,1
1719428591.2105448,1
1719428595.3258145,1
1719428599.4375896,1
1719428603.4707735,1
1719428607.441112,1
1719428611.4895983,1
1719428615.5296104,1
1719428619.5455837,1
1719428623.4360895,1
1719428627.5536435,1
1719428631.6594665,1
1719428635.792856,1
1719428639.8543303,1
1719428643.8646736,1
1719428648.016956,1
1719428652.0995047,1
1719428655.9913087,1
1719428660.1069856,1
1719428664.2175071,1
1719428668.2444873,1
1719428672.4699855,1
1719428676.5188649,1
1719428680.7202232,1
1719428684.8551278,1
1719428689.038869,1
1719428693.1158905,1
1719428697.0132432,1
1719428701.066375,1
1719428705.2269342,1
1719428709.4070082,1
1719428713.4593744,1
1719428717.5732255,1
1719428721.5668705,1
1719428725.6934059,1
1719428729.684757,1
1719428733.6698687,1
1719428737.721214,1
1719428741.696299,1
1719428745.7132077,1
1719428749.7224672,1
1719428753.7757342,1
1719428757.8343844,1
1719428761.8399835,1
1719428765.9197924,1
1719428769.9629595,1
1719428773.9777765,1
1719428778.077518,1
1719428782.0208666,1
1719428786.0742943,1
1719428789.9681914,1
1719428794.0546677,1
1719428798.01793,1
1719428801.963426,1
1719428806.0751042,1
1719428810.2055993,1
1719428814.3646684,1
1719428818.358595,1
1719428822.4015934,1
1719428826.5414596,1
1719428830.6566317,1
1719428834.876734,1
1719428839.0723822,1
1719428843.0647647,1
1719428847.2941668,1
1719428851.3016715,1
1719428855.4029121,1
1719428859.4725678,1
1719428863.5220828,1
1719428867.5912292,1
1719428871.6153471,1
1719428875.5483286,1
1719428879.5949504,1
1719428883.5598803,1
1719428887.70027,1
1719428891.8190339,1
1719428896.0361564,1
1719428900.0448282,1
1719428904.1094403,1
1719428907.9701252,1
1719428912.05428,1
1719428916.136962,1
1719428920.3044012,1
1719428924.3070722,1
1719428928.406275,1
1719428932.480826,1
1719428936.5641413,1
1719428940.5151606,1
1719428944.6369646,1
1719428948.4669473,1
1719428952.5808043,1
1719428956.7112334,1
1719428960.8210757,1
1719428964.945479,1
1719428969.1372557,1
1719428973.1209025,1
1719428977.2385337,1
1719428981.2919562,1
1719428985.4500222,1
1719428989.576877,1
1719428993.6662385,1
1719428997.6880913,1
1719429001.8096557,1
1719429005.7953372,1
1719429009.8026173,1
1719429013.9848351,1
1719429018.1176016,1
1719429022.3271832,1
1719429026.2333317,1
1719429030.3995686,1
1719429034.4850435,1
1719429038.6946871,1
1719429042.7965999,1
1719429046.7878113,1
1719429050.7782044,1
1719429054.8744597,1
1719429058.9375956,1
1719429063.1080947,1
1719429067.220753,1
1719429071.0783627,1
1719429074.9288433,1
1719429078.7586994,1
1719429082.90062,1
1719429086.9648247,1
1719429091.037201,1
1719429095.1152728,1
1719429099.1426332,1
1719429103.0025032,1
1719429106.9643025,1
1719429110.941616,1
1719429114.9217973,1
1719429119.1976016,1
1719429123.3054414,1
1719429127.350841,1
1719429131.4752629,1
1719429135.464417,1
1719429139.5407255,1
1719429143.624494,1
1719429147.6422503,1
1719429151.6702213,1
1719429155.7472837,1
1719429159.62675,1
1719429163.6499352,1
1719429167.6132865,1
1719429171.7159462,1
1719429175.729707,1
1719429179.8389356,1
1719429183.8916025,1
1719429188.039643,1
1719429192.0632946,1
1719429196.0901344,1
1719429200.055471,1
1719429204.1566644,1
1719429208.240191,1
1719429212.3785698,1
1719429216.5080924,1
1719429220.6997058,1
1719429224.8348076,1
1719429228.851806,1
1719429233.071123,1
1719429237.1814935,1
1719429241.2658849,1
1719429245.3902462,1
1719429249.5753644,1
1719429253.7170875,1
1719429257.7693832,1
1719429261.9211469,1
1719429265.710213,1
1719429269.7230558,1
1719429273.690129,1
1719429277.782555,1
1719429281.8712924,1
1719429285.9263265,1
1719429290.0487502,1
1719429294.2392519,1
1719429298.2363813,1
1719429302.2490063,1
1719429306.320746,1
1719429310.4377832,1
1719429314.4890902,1
1719429318.615516,1
1719429322.6942642,1
1719429326.8347318,1
1719429330.9146593,1
1719429334.9734974,1
1719429338.9792023,1
1719429343.0698411,1
1719429347.1846282,1
1719429351.2599075,1
1719429355.3702738,1
1719429359.420429,1
1719429363.4962482,1
1719429367.630849,1
1719429371.7911046,1
1719429375.9314935,1
1719429380.0983157,1
1719429384.161512,1
1719429388.1945188,1
1719429392.3424885,1
1719429396.4026852,1
1719429400.5487022,1
1719429404.508414,1
1719429408.563593,1
1719429412.6797411,1
1719429416.7038202,1
1719429420.7128644,1
1719429424.8328264,1
1719429429.0300872,1
1719429433.0832121,1
1719429437.0964453,1
1719429441.2178926,1
1719429445.3170571,1
1719429449.4654193,1
1719429453.4383688,1
1719429457.5518048,1
1719429461.6240644,1
1719429465.7372973,1
1719429469.8061814,1
1719429473.941136,1
1719429477.9474206,1
1719429482.1129508,1
1719429485.9125803,1
1719429490.0155065,1
1719429493.942852,1
1719429498.136711,1
1719429502.2175899,1
1719429506.2877872,1
1719429510.1721666,1
1719429514.4688625,1
1719429518.5310884,1
1719429522.5200222,1
1719429526.6222303,1
1719429530.7108932,1
1719429534.581277,1
1719429538.7904806,1
1719429542.8218884,1
1719429546.9098768,1
1719429550.8317828,1
1719429554.8817708,1
1719429558.7277434,1
1719429562.847575,1
1719429566.831767,1
1719429570.9821744,1
1719429575.0263586,1
1719429578.9705255,1
1719429583.178866,1
1719429587.22761,1
1719429591.1265416,1
1719429595.1831725,1
1719429599.3311844,1
1719429603.4517274,1
1719429607.4880753,1
1719429611.743033,1
1719429615.647155,1
1719429619.8022392,1
1719429623.8977935,1
1719429627.963685,1
1719429632.174436,1
1719429636.225119,1
1719429640.3133132,1
1719429644.3739612,1
1719429648.193104,1
1719429652.2272725,1
1719429656.3370233,1
1719429660.352148,1
1719429664.349415,1
1719429668.4309845,1
1719429672.513072,1
1719429676.6080832,1
1719429680.6530967,1
1719429684.6850111,1
1719429688.790179,1
1719429692.937424,1
1719429696.9300442,1
1719429701.0533671,1
1719429705.0515115,1
1719429709.1715503,1
1719429713.3017895,1
1719429717.3629856,1
1719429721.5401802,1
1719429725.8432832,1
1719429729.8960059,1
1719429733.9107144,1
1719429738.0578501,1
1719429742.093726,1
1719429746.325704,1
1719429750.4218717,1
1719429754.5484364,1
1719429758.6652248,1
1719429762.7031724,1
1719429766.903541,1
1719429770.9657588,1
1719429775.143227,1
1719429779.2662024,1
1719429783.342919,1
1719429787.520079,1
1719429791.5978265,1
1719429795.5828376,1
1719429799.7236085,1
1719429803.833701,1
1719429807.8017318,1
1719429811.857314,1
1719429815.9235356,1
1719429820.0001972,1
1719429824.097314,1
1719429828.0865057,1
1719429832.2034485,1
1719429836.2982216,1
1719429840.4207432,1
1719429844.4702485,1
1719429848.524023,1
1719429852.5877664,1
1719429856.6684582,1
1719429860.7366893,1
1719429864.7516632,1
1719429868.5701253,1
1719429872.6823282,1
1719429876.736657,1
1719429880.8171504,1
1719429884.815952,1
1719429888.9803362,1
1719429892.9640238,1
1719429897.0196273,1
1719429901.081561,1
1719429905.1990354,1
1719429909.251072,1
1719429913.4336572,1
1719429917.3991823,1
1719429921.5845313,1
1719429925.577547,1
1719429929.5002089,1
1719429933.4828994,1
1719429937.4971924,1
1719429941.5068684,1
1719429945.6227026,1
1719429949.649413,1
1719429953.7895284,1
1719429957.7647328,1
1719429961.901937,1
1719429965.9556694,1
1719429969.9343445,1
1719429973.9547038,1
1719429977.9761014,1
1719429981.968898,1
1719429986.0147135,1
1719429990.0747097,1
1719429993.9782436,1
1719429997.9380925,1
1719430001.9738464,1
1719430005.9882662,1
1719430010.0531507,1
1719430014.2815747,1
1719430018.5406404,1
1719430022.7788866,1
1719430026.9117575,1
1719430031.2385454,1
1719430035.143363,1
1719430039.3058724,1
1719430043.4609246,1
1719430047.4911463,1
1719430051.571068,1
1719430055.710877,1
1719430059.7401395,1
1719430063.7457852,1
1719430067.8145325,1
1719430071.8125327,1
1719430075.7888837,1
1719430079.8126867,1
1719430083.855668,1
1719430087.9567895,1
1719430092.1686084,1
1719430096.172793,1
1719430100.3712137,1
1719430104.4284067,1
1719430108.5047908,1
1719430112.5752122,1
1719430116.598556,1
1719430120.6707501,1
1719430124.778851,1
1719430128.808918,1
1719430133.0702314,1
1719430137.2077594,1
1719430141.2646227,1
1719430145.3491077,1
1719430149.5564463,1
1719430153.5308225,1
1719430157.6584704,1
1719430161.6947722,1
1719430165.830528,1
1719430169.921612,1
1719430173.7879784,1
1719430177.7851746,1
1719430181.8644843,1
1719430185.8862913,1
1719430189.8692577,1
1719430193.9055982,1
1719430198.0090415,1
1719430201.8569832,1
1719430205.8487618,1
1719430209.9203794,1
1719430213.889836,1
1719430217.8888123,1
1719430221.9181921,1
1719430225.911786,1
1719430229.9534295,1
1719430233.8332746,1
1719430237.8151784,1
1719430241.867985,1
1719430245.8507316,1
1719430249.888463,1
1719430254.0609195,1
1719430258.1622877,1
1719430262.2340944,1
1719430266.2073905,1
1719430270.2867486,1
1719430274.3611164,1
1719430278.5329266,1
1719430282.6732085,1
1719430286.5476124,1
1719430290.559267,1
1719430294.5146787,1
1719430298.5667372,1
1719430302.7924786,1
1719430306.8730178,1
1719430310.9261737,1
1719430314.989761,1
1719430319.0979218,1
1719430323.0919013,1
1719430327.2095003,1
1719430331.5924008,1
1719430335.6405165,1
1719430339.7239778,1
1719430343.825619,1
1719430347.8783364,1
1719430352.0367234,1
1719430356.0483544,1
1719430360.1754782,1
1719430364.2621384,1
1719430368.4051936,1
1719430372.4113355,1
1719430376.427376,1
1719430380.4972045,1
1719430384.5451157,1
1719430388.6559458,1
1719430392.7050078,1
1719430396.5722008,1
1719430400.720844,1
1719430404.756343,1
1719430408.7639544,1
1719430412.620049,1
1719430416.6531067,1
1719430420.7272565,1
1719430424.7881007,1
1719430428.90476,1
1719430432.9112067,1
1719430437.039267,1
1719430441.07097,1
1719430445.236531,1
1719430449.2095554,1
1719430453.2509794,1
1719430457.3654728,1
1719430461.4927003,1
1719430465.5353236,1
1719430469.709914,1
1719430473.7913558,1
1719430477.8271112,1
1719430481.9134786,1
1719430485.972556,1
1719430490.0805871,1
1719430494.2251754,1
1719430498.3282776,1
1719430502.4456291,1
1719430506.4855678,1
1719430510.5396519,1
1719430514.5434263,1
1719430518.7036686,1
1719430522.7422328,1
1719430526.834315,1
1719430530.84023,1
1719430534.8706696,1
1719430538.8164546,1
1719430542.9817033,1
1719430547.1331544,1
1719430551.269806,1
1719430555.439694,1
1719430559.3345685,1
1719430563.3589263,1
1719430567.4178941,1
1719430571.4499967,1
1719430575.6822379,1
1719430579.5360312,1
1719430583.4585536,1
1719430587.5445418,1
1719430591.6333601,1
1719430595.7108717,1
1719430599.766518,1
1719430603.7935352,1
1719430607.884556,1
1719430611.9255373,1
1719430616.0035985,1
1719430620.0378346,1
1719430624.06562,1
1719430628.1424773,1
1719430632.2415318,1
1719430636.3060966,1
1719430640.3791652,1
1719430644.3649592,1
1719430648.4881065,1
1719430652.6269217,1
1719430656.7020307,1
1719430660.8025432,1
1719430664.963536,1
1719430668.9872677,1
1719430673.125414,1
1719430677.1958857,1
1719430681.2605128,1
1719430685.367497,1
1719430689.5410645,1
1719430693.5675466,1
1719430697.7069561,1
1719430701.7757003,1
1719430705.794106,1
1719430709.9557302,1
1719430714.245879,1
1719430718.3858433,1
1719430722.410981,1
1719430726.445849,1
1719430730.5618,1
1719430734.6339831,1
1719430738.7567341,1
1719430742.8241851,1
1719430746.6843631,1
1719430750.7476006,1
1719430754.7948472,1
1719430758.844606,1
1719430762.895569,1
1719430766.995927,1
1719430770.9767334,1
1719430775.058951,1
1719430779.0592947,1
1719430783.2047398,1
1719430787.1473513,1
1719430791.3167853,1
1719430795.3851304,1
1719430799.518261,1
1719430803.6341634,1
1719430807.7779522,1
1719430811.8417628,1
1719430815.9293826,1
1719430819.903618,1
1719430823.8828058,1
1719430827.9700775,1
1719430832.1007276,1
1719430836.3090646,1
1719430840.4200685,1
1719430844.4194767,1
1719430848.4408667,1
1719430852.4617965,1
1719430856.5315661,1
1719430860.9131403,1
1719430864.987287,1
1719430868.9491277,1
1719430873.0043678,1
1719430877.1188226,1
1719430881.1705701,1
1719430885.1591327,1
1719430889.235331,1
1719430893.3526354,1
1719430897.4286425,1
1719430901.4994547,1
1719430905.5945275,1
1719430909.7008164,1
1719430913.6240764,1
1719430917.773846,1
1719430921.906864,1
1719430926.0169606,1
1719430930.0239706,1
1719430934.0638206,1
1719430938.2012792,1
1719430942.261009,1
1719430946.5072138,1
1719430950.5923173,1
1719430954.7944818,1
1719430958.9027262,1
1719430962.9420455,1
1719430966.9927256,1
1719430971.0903943,1
1719430975.1514184,1
1719430979.2345607,1
1719430983.2671084,1
1719430987.401385,1
1719430991.5654504,1
1719430995.649317,1
1719430999.6941538,1
1719431003.7639153,1
1719431007.8687031,1
1719431011.999945,1
1719431016.0544374,1
1719431020.2901084,1
1719431024.172448,1
1719431028.2657328,1
1719431032.268395,1
1719431036.3145103,1
1719431040.3149176,1
1719431044.681314,1
1719431048.7197568,1
1719431052.889548,1
1719431056.8880904,1
1719431061.0665646,1
1719431065.2237372,1
1719431069.3498561,1
1719431073.374792,1
1719431077.4818547,1
1719431081.3702369,1
1719431085.4456506,1
1719431089.4617748,1
1719431093.573417,1
1719431097.6431875,1
1719431101.8041945,1
1719431105.910348,1
1719431109.9460623,1
1719431113.97813,1
1719431118.0801175,1
1719431121.9551497,1
1719431126.0921037,1
1719431130.1702073,1
1719431134.1858296,1
1719431138.2363682,1
1719431142.1799493,1
1719431146.21255,1
