1719415147.0906844,3
1719415150.8391154,3
1719415154.4958873,3
1719415158.3140373,3
1719415162.0654206,3
1719415165.772703,3
1719415169.536972,3
1719415173.3346727,3
1719415177.0906503,3
1719415180.9349334,3
1719415184.642094,3
1719415188.3772802,3
1719415192.3664913,3
1719415196.1273837,3
1719415199.983006,3
1719415203.86081,3
1719415207.7660985,3
1719415211.553556,3
1719415215.295137,3
1719415219.5928981,3
1719415223.4274716,3
1719415227.5253105,3
1719415231.3318427,3
1719415235.0840392,3
1719415238.9243412,3
1719415242.6572464,3
1719415246.40674,3
1719415250.128822,3
1719415253.7916098,3
1719415257.5970545,3
1719415261.3972998,3
1719415265.2125728,3
1719415269.0073478,3
1719415272.8341296,3
1719415276.6238747,3
1719415280.4537218,3
1719415284.249636,3
1719415288.0116658,3
1719415291.7053716,3
1719415295.5046937,3
1719415299.2970583,3
1719415303.2192578,3
1719415306.9442723,3
1719415310.7057025,3
1719415314.4194145,3
1719415318.2129807,3
1719415321.953911,3
1719415325.7386084,3
1719415329.5725017,3
1719415333.6299243,3
1719415337.3243237,3
1719415341.1770191,3
1719415344.94435,3
1719415348.7925797,3
1719415352.692762,3
1719415356.4377666,3
1719415360.1980934,3
1719415364.001111,3
1719415367.8915925,3
1719415371.8750777,3
1719415375.6472976,3
1719415379.5378463,3
1719415383.3009248,3
1719415387.0638304,3
1719415390.9377267,3
1719415394.7903368,3
1719415398.5792687,3
1719415402.4266212,3
1719415406.2694438,3
1719415410.1103811,3
1719415413.9876788,3
1719415417.7297115,3
1719415421.608466,3
1719415425.3192213,3
1719415429.0589244,3
1719415432.7270844,3
1719415436.7818072,3
1719415440.5131123,3
1719415444.2550282,3
1719415447.9601927,3
1719415451.7208884,3
1719415455.4120977,3
1719415459.2693365,3
1719415463.112009,3
1719415466.9984832,3
1719415470.8244288,3
1719415474.5396178,3
1719415478.553135,3
1719415482.2734945,3
1719415486.304774,3
1719415490.1842215,3
1719415494.066195,3
1719415497.8922982,3
1719415501.9301198,3
1719415505.6693182,3
1719415509.5308378,3
1719415513.3173492,3
1719415517.1191967,3
1719415520.9286995,3
1719415524.5535,3
1719415528.5851185,3
1719415532.4474413,3
1719415536.2304611,3
1719415540.1159937,3
1719415543.9376569,3
1719415547.7378128,3
1719415551.4730859,3
1719415555.2851415,3
1719415559.1097324,3
1719415563.0134711,3
1719415566.6048439,3
1719415570.3115277,3
1719415573.8915913,3
1719415577.8357413,3
1719415581.6249218,3
1719415585.579544,3
1719415589.4059958,3
1719415593.2134786,3
1719415597.0280364,3
1719415600.8240569,3
1719415604.5839689,3
1719415608.1657178,3
1719415611.9635985,3
1719415615.751771,3
1719415619.6043284,3
1719415623.5100405,3
1719415627.3101916,3
1719415631.1487894,3
1719415634.9552052,3
1719415638.7576466,3
1719415642.540629,3
1719415646.509532,3
1719415650.0577457,3
1719415653.7829483,3
1719415657.6874676,3
1719415661.4349763,3
1719415665.1880686,3
1719415669.0216024,3
1719415672.7978392,3
1719415676.6190624,3
1719415680.3433814,3
1719415684.1327178,3
1719415687.8605769,3
1719415691.559767,3
1719415695.3763711,3
1719415699.5038872,3
1719415703.3052697,3
1719415707.1476784,3
1719415711.0948572,3
1719415714.9309068,3
1719415718.7687094,3
1719415722.5983956,3
1719415726.4171832,3
1719415730.2924085,3
1719415734.1552596,3
1719415738.0227537,3
1719415741.7972152,3
1719415745.6803024,3
1719415749.4389372,3
1719415753.5989332,3
1719415757.4711235,3
1719415761.2602599,3
1719415765.126553,3
1719415769.0157914,3
1719415772.8322024,3
1719415776.5609612,3
1719415780.5016398,3
1719415784.3374262,3
1719415788.2004516,3
1719415792.0980911,3
1719415795.8556888,3
1719415799.7383273,3
1719415803.3300586,3
1719415807.1885302,3
1719415811.009055,3
1719415814.8367364,3
1719415818.7197819,3
1719415822.7194872,3
1719415826.5250773,3
1719415830.3489096,3
1719415834.112912,3
1719415837.915475,3
1719415841.8262193,3
1719415845.6803145,3
1719415849.4277952,3
1719415853.1661313,3
1719415856.7535334,3
1719415860.6184816,3
1719415864.4309664,3
1719415868.2440073,3
1719415872.022295,3
1719415875.763395,3
1719415879.7332835,3
1719415883.4654171,3
1719415887.201031,3
1719415891.0380578,3
1719415894.9358785,3
1719415898.500032,3
1719415902.215445,3
1719415906.175167,3
1719415910.0246181,3
1719415913.808267,3
1719415917.590354,3
1719415921.393304,3
1719415925.1551075,3
1719415928.9136558,3
1719415932.7049384,3
1719415936.4464688,3
1719415940.213054,3
1719415943.986615,3
1719415947.7286825,3
1719415951.5024438,3
1719415955.2110612,3
1719415959.1092424,3
1719415963.105409,3
1719415967.1169043,3
1719415970.9690652,3
1719415974.7483542,3
1719415978.7355144,3
1719415982.3076515,3
1719415986.0457726,3
1719415989.8747404,3
1719415993.964284,3
1719415997.7363496,3
1719416001.5790365,3
1719416005.362873,3
1719416009.1704953,3
1719416012.86032,3
1719416016.7640345,3
1719416020.557299,3
1719416024.3158703,3
1719416028.0465982,3
1719416031.8297968,3
1719416035.4424121,3
1719416039.218405,3
1719416042.9589868,3
1719416046.8503497,3
1719416050.6707873,3
1719416054.4942815,3
1719416058.085935,3
1719416061.7633839,3
1719416065.5545912,3
1719416069.435381,3
1719416073.2561347,3
1719416077.0166447,3
1719416080.793114,3
1719416084.6779835,3
1719416088.3898516,3
1719416092.353644,3
1719416096.0857732,3
1719416099.936929,3
1719416103.7044065,3
1719416107.5436838,3
1719416111.2278907,3
1719416115.137247,3
1719416118.8418174,3
1719416122.6740625,3
1719416126.528816,3
1719416130.3497014,3
1719416134.0927873,3
1719416137.9160125,3
1719416141.6707485,3
1719416145.4715917,3
1719416149.2967854,3
1719416153.0924773,3
1719416156.9065306,3
1719416160.6699927,3
1719416164.3830209,3
1719416168.232929,3
1719416171.9823742,3
1719416175.868427,3
1719416179.6066515,3
1719416183.3606877,3
1719416186.996063,3
1719416190.8575644,3
1719416194.5595942,3
1719416198.3528402,3
1719416201.970222,3
1719416205.4929783,3
1719416209.3683698,3
1719416213.1268888,3
1719416216.8735266,3
1719416220.7388697,3
1719416224.448328,3
1719416228.1474319,3
1719416231.8660526,3
1719416235.6491027,3
1719416239.3358192,3
1719416243.0666811,3
1719416246.9126413,3
1719416250.5402417,3
1719416254.2953715,3
1719416258.1738687,3
1719416262.0063128,3
1719416265.8366163,3
1719416269.5918112,3
1719416273.3832104,3
1719416277.1195827,3
1719416281.1408277,3
1719416284.992693,3
1719416288.5408742,3
1719416292.3840578,3
1719416296.0870297,3
1719416299.8056517,3
1719416303.8862631,3
1719416307.6439753,3
1719416311.4533792,3
1719416315.2204313,3
1719416318.9956193,3
1719416322.744748,3
1719416326.556074,3
1719416330.1745124,3
1719416333.932402,3
1719416337.6670892,3
1719416341.4867969,3
1719416345.3444288,3
1719416349.12563,3
1719416352.945747,3
1719416356.7612727,3
1719416360.634438,3
1719416364.3897727,3
1719416368.134434,3
1719416371.9185107,3
1719416375.8288107,3
1719416379.7329803,3
1719416383.6155396,3
1719416387.3723354,3
1719416391.1063104,3
1719416394.8487105,3
1719416398.6255317,3
1719416402.4022622,3
1719416406.199477,3
1719416409.9360888,3
1719416413.7782452,3
1719416417.4861562,3
1719416421.4272707,3
1719416425.1250784,3
1719416428.8658547,3
1719416432.6132936,3
1719416436.4952042,3
1719416440.0644832,3
1719416443.8887367,3
1719416447.7180886,3
1719416451.4766383,3
1719416455.1355531,3
1719416458.9982934,3
1719416462.775882,3
1719416466.461159,3
1719416470.2906508,3
1719416474.129133,3
1719416477.9084144,3
1719416481.7733376,3
1719416485.5959203,3
1719416489.4297664,3
1719416493.2379217,3
1719416497.0391848,3
1719416500.9398804,3
1719416504.7618227,3
1719416508.7629511,3
1719416512.5563164,3
1719416516.4316335,3
1719416520.332102,3
1719416523.931077,3
1719416527.6747527,3
1719416531.2281053,3
1719416535.114201,3
1719416538.8065112,3
1719416542.6017692,3
1719416546.3867548,3
1719416550.1665,3
1719416553.890424,3
1719416557.7059321,3
1719416561.3904836,3
1719416565.0248687,3
1719416568.8481925,3
1719416572.7607007,3
1719416576.525107,3
1719416580.448342,3
1719416584.346821,3
1719416588.0826497,3
1719416591.8705535,3
1719416595.6011887,3
1719416599.5645504,3
1719416603.3906872,3
1719416606.9832752,3
1719416610.7841392,3
1719416614.6862664,3
1719416618.5337167,3
1719416622.181339,3
1719416625.819858,3
1719416629.6615205,3
1719416633.4190452,3
1719416637.190759,3
1719416640.9445274,3
1719416644.6305044,3
1719416648.2164178,3
1719416652.0194087,3
1719416655.8529372,3
1719416659.458437,3
1719416663.1730165,3
1719416667.2290244,3
1719416671.0474613,3
1719416674.7734892,3
1719416678.6500037,3
1719416682.4151495,3
1719416686.2560928,3
1719416689.893561,3
1719416693.4113245,3
1719416697.244034,3
1719416701.1764903,3
1719416704.9054446,3
1719416708.6032174,3
1719416712.3522801,3
1719416716.2827938,3
1719416719.8558443,3
1719416723.612252,3
1719416727.6943455,3
1719416731.4179327,3
1719416735.3312955,3
1719416739.1107001,3
1719416742.8682241,3
1719416746.6075113,3
1719416750.5243747,3
1719416754.2999098,3
1719416758.0675159,3
1719416762.0130694,3
1719416765.8938334,3
1719416769.6528711,3
1719416773.3647816,3
1719416777.098437,3
1719416780.9454231,3
1719416784.736378,3
1719416788.7071404,3
1719416792.484913,3
1719416796.4477506,3
1719416800.2757936,3
1719416804.0857866,3
1719416807.7370694,3
1719416811.5919108,3
1719416815.3545551,3
1719416819.1040986,3
1719416822.90483,3
1719416826.6270425,3
1719416830.4610667,3
1719416834.4523332,3
1719416838.2155886,3
1719416841.935896,3
1719416845.638974,3
1719416849.3756506,3
1719416853.0047703,3
1719416856.7502415,3
1719416860.4393444,3
1719416864.7229815,3
1719416868.5849805,3
1719416872.3542628,3
1719416876.2419908,3
1719416880.0034287,3
1719416883.8685033,3
1719416887.8853803,3
1719416891.7662878,3
1719416895.5377386,3
1719416899.2950864,3
1719416903.1852906,3
1719416906.9182422,3
1719416910.6077123,3
1719416914.3822691,3
1719416918.101245,3
1719416921.9984057,3
1719416925.8849044,3
1719416929.7930639,3
1719416933.5019436,3
1719416937.3209066,3
1719416940.902448,3
1719416944.7331946,3
1719416948.6455476,3
1719416952.4308705,3
1719416956.3027627,3
1719416960.0284274,3
1719416963.876284,3
1719416967.6126273,3
1719416971.4427547,3
1719416975.206746,3
1719416978.9704502,3
1719416982.5601647,3
1719416986.429319,3
1719416990.1925476,3
1719416994.1180987,3
1719416997.856608,3
1719417001.6915088,3
1719417005.6410508,3
1719417009.375517,3
1719417013.188282,3
1719417017.0613635,3
1719417020.7729626,3
1719417024.3808298,3
1719417028.2065618,3
1719417032.0418804,3
1719417035.7560012,3
1719417039.537413,3
1719417043.3959663,3
1719417047.1897879,3
1719417050.96325,3
1719417054.8076181,3
1719417058.6884725,3
1719417062.4277763,3
1719417065.967766,3
1719417069.7113929,3
1719417073.4044478,3
1719417077.2453625,3
1719417081.1013486,3
1719417085.1202216,3
1719417088.7322216,3
1719417092.447388,3
1719417096.2534912,3
1719417100.2201219,3
1719417103.9714503,3
1719417107.7588289,3
1719417111.5752804,3
1719417115.9166543,3
1719417119.7578697,3
1719417123.6710453,3
1719417127.4910223,3
1719417131.2935193,3
1719417135.1314652,3
1719417138.9969144,3
1719417142.793443,3
1719417146.5112584,3
1719417150.2393925,3
1719417153.9701445,3
1719417157.700704,3
1719417161.5314798,3
1719417165.320222,3
1719417169.1283157,3
1719417172.9465635,3
1719417176.7141113,3
1719417180.5138097,3
1719417184.4078543,3
1719417188.212644,3
1719417192.3459158,3
1719417196.1383262,3
1719417200.1099162,3
1719417204.0770285,3
1719417207.8958013,3
1719417211.805819,3
1719417215.6129963,3
1719417219.341579,3
1719417223.0948164,3
1719417226.942687,3
1719417230.7610142,3
1719417234.423882,3
1719417238.4289756,3
1719417242.20458,3
1719417246.0538971,3
1719417249.802635,3
1719417253.6437447,3
1719417257.4811907,3
1719417261.359176,3
1719417265.2493105,3
1719417269.1985643,3
1719417273.1073153,3
1719417276.9089549,3
1719417280.649212,3
1719417284.448551,3
1719417288.1335876,3
1719417291.995483,3
1719417295.7091932,3
1719417299.4967716,3
1719417303.5362837,3
1719417307.3019114,3
1719417311.085006,3
1719417314.819199,3
1719417318.6763248,3
1719417322.5409017,3
1719417326.323275,3
1719417330.1502035,3
1719417333.8802233,3
1719417337.6879408,3
1719417341.4127116,3
1719417345.3278868,3
1719417349.4363577,3
1719417353.2420747,3
1719417357.0295186,3
1719417360.6385982,3
1719417364.4906335,3
1719417368.3706071,3
1719417372.1211395,3
1719417375.9280398,3
1719417379.8362048,3
1719417383.7907794,3
1719417387.607162,3
1719417391.3944392,3
1719417395.273133,3
1719417399.002489,3
1719417402.941774,3
1719417406.787174,3
1719417410.7836802,3
1719417414.5679445,3
1719417418.4467936,3
1719417422.269092,3
1719417426.0953417,3
1719417429.842041,3
1719417433.5984735,3
1719417437.4485874,3
1719417441.2231872,3
1719417445.083676,3
1719417448.9472396,3
1719417452.6966634,3
1719417456.4426775,3
1719417460.2020893,3
1719417463.9356475,3
1719417467.6531088,3
1719417471.3796163,3
1719417475.244534,3
1719417479.0580328,3
1719417482.877911,3
1719417486.491109,3
1719417490.3437247,3
1719417494.1564116,3
1719417497.9685311,3
1719417501.773371,3
1719417505.5887353,3
1719417509.429875,3
1719417513.1881301,3
1719417516.893775,3
1719417520.630297,3
1719417524.454702,3
1719417528.0842443,3
1719417531.9716575,3
1719417535.7853866,3
1719417539.469729,3
1719417543.3308656,3
1719417547.119438,3
1719417551.0263762,3
1719417554.6977072,3
1719417558.6725938,3
1719417562.3727295,3
1719417566.1956968,3
1719417569.7164557,3
1719417573.4118564,3
1719417577.2615116,3
1719417581.1518772,3
1719417584.969046,3
1719417588.7470465,3
1719417592.604942,3
1719417596.4991186,3
1719417600.463189,3
1719417604.2142038,3
1719417607.971369,3
1719417611.726761,3
1719417615.7050786,3
1719417619.5923657,3
1719417623.4154074,3
1719417627.299282,3
1719417631.3126948,3
1719417635.1147175,3
1719417638.9327977,3
1719417642.7712047,3
1719417646.5020146,3
1719417650.3148308,3
1719417653.8966386,3
1719417657.6865332,3
1719417661.4975426,3
1719417665.3488436,3
1719417669.231313,3
1719417673.057492,3
1719417676.9538686,3
1719417680.844928,3
1719417684.6289372,3
1719417688.3904686,3
1719417692.258826,3
1719417695.9965708,3
1719417699.7992947,3
1719417703.6089044,3
1719417707.3611908,3
1719417711.171981,3
1719417715.0875742,3
1719417718.825639,3
1719417722.602373,3
1719417726.436795,3
1719417730.2384245,3
1719417734.0016344,3
1719417737.8716676,3
1719417741.882261,3
1719417745.5981784,3
1719417749.5284262,3
1719417753.4118257,3
1719417757.2003062,3
1719417761.0008385,3
1719417764.786706,3
1719417768.6649888,3
1719417772.4872699,3
1719417776.307941,3
1719417779.9045486,3
1719417783.7341063,3
1719417787.565375,3
1719417791.3165529,3
1719417795.115102,3
1719417799.182054,3
1719417803.0068357,3
1719417806.7238226,3
1719417810.5378652,3
1719417814.2733855,3
1719417818.252643,3
1719417822.0587704,3
1719417825.8264954,3
1719417829.6887558,3
1719417833.6039026,3
1719417837.3173614,3
1719417841.158473,3
1719417844.8612459,3
1719417848.588191,3
1719417852.3988428,3
1719417856.1654391,3
1719417860.1356795,3
1719417863.9054081,3
1719417867.5195909,3
1719417871.577303,3
1719417875.4243174,3
1719417879.1666415,3
1719417882.88129,3
1719417886.749311,3
1719417890.5162833,3
1719417894.4602692,3
1719417898.2054894,3
1719417902.0108862,3
1719417905.7943132,3
1719417909.5871813,3
1719417913.444478,3
1719417917.2916617,3
1719417921.1172976,3
1719417925.1936188,3
1719417928.9502385,3
1719417932.8174036,3
1719417936.6075428,3
1719417940.3757405,3
1719417944.1742218,3
1719417947.8817484,3
1719417951.827036,3
1719417955.5619123,3
1719417959.3501704,3
1719417963.2492332,3
1719417967.1117094,3
1719417970.9769201,3
1719417974.807965,3
1719417978.572299,3
1719417982.3463337,3
1719417986.178456,3
1719417990.0086725,3
1719417993.8299618,3
1719417997.8290617,3
1719418001.7659988,3
1719418005.7289214,3
1719418009.4699903,3
1719418013.2917047,3
1719418017.1465042,3
1719418021.1038947,3
1719418024.9919052,3
1719418028.9242911,3
1719418032.5788696,3
1719418036.3062143,3
1719418040.0504363,3
1719418043.7804012,3
1719418047.6502178,3
1719418051.4941306,3
1719418055.4202566,3
1719418059.3526745,3
1719418063.2264798,3
1719418067.0620062,3
1719418070.875438,3
1719418074.589612,3
1719418078.375985,3
1719418082.1356127,3
1719418086.222187,3
1719418090.0202165,3
1719418093.7456145,3
1719418097.5617652,3
1719418101.6694877,3
1719418105.4659028,3
1719418109.2784514,3
1719418113.0038197,3
1719418116.782567,3
1719418120.7549624,3
1719418124.5034099,3
1719418128.2631037,3
1719418132.0996451,3
1719418135.9030106,3
1719418139.7284713,3
1719418143.5125926,3
1719418147.4734936,3
1719418151.163569,3
1719418155.077936,3
1719418158.6588666,3
1719418162.5193982,3
1719418166.3095126,3
1719418170.1410842,3
1719418174.0007017,3
1719418177.813408,3
1719418181.843873,3
1719418185.6285098,3
1719418189.453124,3
1719418193.2667286,3
1719418197.1501389,3
1719418200.9979162,3
1719418204.8075166,3
1719418208.6234002,3
1719418212.4070926,3
1719418216.485455,3
1719418220.441351,3
1719418224.3126373,3
1719418228.1076632,3
1719418231.9801266,3
1719418235.7471337,3
1719418239.576912,3
1719418243.4561615,3
1719418247.427689,3
1719418251.2785854,3
1719418255.1696815,3
1719418259.0427613,3
1719418262.9167693,3
1719418266.8296022,3
1719418270.6577609,3
1719418274.4488995,3
1719418278.2035213,3
1719418282.063729,3
1719418285.6724157,3
1719418289.4036038,3
1719418293.1743479,3
1719418297.0257947,3
1719418300.8221345,3
1719418304.931723,3
1719418308.8463955,3
1719418312.6951115,3
1719418316.502597,3
1719418320.3384109,3
1719418324.1988177,3
1719418327.8447719,3
1719418331.6790547,3
1719418335.3940709,3
1719418339.1848958,3
1719418342.9752603,3
1719418346.8615546,3
1719418350.7109885,3
1719418354.537862,3
1719418358.5414448,3
1719418362.46114,3
1719418366.2113454,3
1719418369.8291526,3
1719418373.5646212,3
1719418377.4049184,3
1719418381.550229,3
1719418385.5342531,3
1719418389.2773275,3
1719418393.0748427,3
1719418396.9295206,3
1719418400.7438667,3
1719418404.5999658,3
1719418408.356817,3
1719418411.939876,3
1719418415.762282,3
1719418419.5456145,3
1719418423.308841,3
1719418427.0919547,3
1719418430.8712432,3
1719418434.6453621,3
1719418438.4397106,3
1719418442.4152672,3
1719418446.1880968,3
1719418449.9663944,3
1719418453.5772054,3
1719418457.3262994,3
1719418461.1365101,3
1719418464.8595653,3
1719418468.7125082,3
1719418472.483257,3
1719418476.3254187,3
1719418480.1430132,3
1719418483.958698,3
1719418487.809365,3
1719418491.5533783,3
1719418495.16918,3
1719418499.431864,3
1719418503.2289839,3
1719418507.010783,3
1719418510.8762753,3
1719418514.7200892,3
1719418518.4364111,3
1719418522.2506962,3
1719418525.9773426,3
1719418529.6789038,3
1719418533.4482803,3
1719418537.0914202,3
1719418540.9495413,3
1719418544.829602,3
1719418548.7075033,3
1719418552.6496885,3
1719418556.6077063,3
1719418560.332631,3
1719418564.0973709,3
1719418567.8052804,3
1719418571.6411576,3
1719418575.3837366,3
1719418578.98984,3
1719418582.8115416,3
1719418586.7281864,3
1719418590.5713265,3
1719418594.2859826,3
1719418598.1001892,3
1719418601.8417647,3
1719418605.593781,3
1719418609.467842,3
1719418613.2875597,3
1719418617.0881972,3
1719418620.5642898,3
1719418624.564541,3
1719418628.3484552,3
1719418632.0823357,3
1719418635.8446321,3
1719418639.606341,3
1719418643.4034708,3
1719418647.3205557,3
1719418651.0737875,3
1719418654.8651297,3
1719418658.6480455,3
1719418662.5340312,3
1719418666.3647091,3
1719418670.2180073,3
1719418673.9885182,3
1719418677.8073761,3
1719418681.6128786,3
1719418685.3894787,3
1719418689.1820521,3
1719418693.0389488,3
1719418696.7861753,3
1719418700.5196376,3
1719418704.4059587,3
1719418708.1841242,3
1719418711.9369228,3
1719418715.8488042,3
1719418719.651514,3
1719418723.4915993,3
1719418727.3937871,3
1719418731.1826284,3
1719418734.9253333,3
1719418738.637432,3
1719418742.3913617,3
1719418746.1489089,3
1719418749.7602663,3
1719418753.5315235,3
1719418757.2567477,3
1719418761.1532574,3
1719418765.0517662,3
1719418768.9334064,3
1719418772.7130997,3
1719418776.5074456,3
1719418780.3112009,3
1719418784.0077512,3
1719418788.0665224,3
1719418791.8730054,3
1719418795.7341864,3
1719418799.581265,3
1719418803.3862953,3
1719418807.0841987,3
1719418810.817104,3
1719418814.6302643,3
1719418818.526392,3
1719418822.4378166,3
1719418826.1489198,3
1719418829.9494703,3
1719418833.6685092,3
1719418837.6859195,3
1719418841.475734,3
1719418845.541384,3
1719418849.3150413,3
1719418853.03281,3
1719418856.8579688,3
1719418860.6158123,3
1719418864.3494425,3
1719418868.0867777,3
1719418871.7142,3
1719418875.486766,3
1719418879.188052,3
1719418883.0584328,3
1719418886.802279,3
1719418890.6454217,3
1719418894.4622326,3
1719418898.2176392,3
1719418902.1844866,3
1719418905.959953,3
1719418909.70291,3
1719418913.5062647,3
1719418917.4928806,3
1719418921.3718312,3
1719418925.1210134,3
1719418928.8671076,3
1719418932.6790311,3
1719418936.5123851,3
1719418940.2814205,3
1719418944.1601913,3
1719418947.8981438,3
1719418951.7621965,3
1719418955.6384218,3
1719418959.3725092,3
1719418963.066388,3
1719418966.7772436,3
1719418970.6053512,3
1719418974.398518,3
1719418978.400448,3
1719418982.1621997,3
1719418985.9316518,3
1719418989.6586988,3
1719418993.5578418,3
1719418997.3551605,3
1719419001.3156466,3
1719419005.024615,3
1719419008.7977846,3
1719419012.6141973,3
1719419016.4514594,3
1719419020.1953542,3
1719419024.0220904,3
1719419027.733641,3
1719419031.649599,3
1719419035.6016486,3
1719419039.5707083,3
1719419043.44778,3
1719419047.409653,3
1719419051.3145723,3
1719419055.1498053,3
1719419058.9903488,3
1719419062.7432098,3
1719419066.5139666,3
1719419070.3002777,3
1719419074.091258,3
1719419077.648413,3
1719419081.5849304,3
1719419085.6280649,3
1719419089.3267548,3
1719419093.1609683,3
1719419097.0912662,3
1719419100.798722,3
1719419104.782637,3
1719419108.5609467,3
1719419112.2650905,3
1719419116.1844425,3
1719419119.803621,3
1719419123.5894637,3
1719419127.3084338,3
1719419131.131444,3
1719419135.012635,3
1719419138.8471453,3
1719419142.66606,3
1719419146.450772,3
1719419150.152432,3
1719419153.96336,3
1719419157.7227287,3
1719419161.5192707,3
1719419165.2829957,3
1719419169.1275215,3
1719419173.0436854,3
1719419176.8410578,3
1719419180.6314714,3
1719419184.333273,3
1719419188.2064538,3
1719419191.976992,3
1719419195.7847836,3
1719419199.550536,3
1719419203.363637,3
1719419207.2837598,3
1719419211.0941758,3
1719419214.9149466,3
1719419218.796381,3
1719419222.6909454,3
1719419226.6356514,3
1719419230.4161708,3
1719419234.2996047,3
1719419238.2526596,3
1719419242.0117059,3
1719419245.6314874,3
1719419249.505969,3
1719419253.315052,3
1719419257.080253,3
1719419260.840984,3
1719419264.605993,3
1719419268.5557847,3
1719419272.4059923,3
1719419276.163538,3
1719419279.93713,3
1719419283.7581766,3
1719419287.3656995,3
1719419291.1839488,3
1719419294.9717271,3
1719419299.1653898,3
1719419302.8083377,3
1719419306.6975474,3
1719419310.3189054,3
1719419313.8375506,3
1719419317.6810184,3
1719419321.4743764,3
1719419325.2544043,3
1719419328.863966,3
1719419332.6459622,3
1719419336.4000363,3
1719419340.2850125,3
1719419344.1074166,3
1719419347.8110507,3
1719419351.8100655,3
1719419355.6790335,3
1719419359.5160933,3
1719419363.492756,3
1719419367.3227391,3
1719419370.8891263,3
1719419374.7838993,3
1719419378.5280735,3
1719419382.3806577,3
1719419386.3404305,3
1719419390.202704,3
1719419393.8933005,3
1719419397.7120955,3
1719419401.5655894,3
1719419405.3176606,3
1719419409.2222283,3
1719419412.850896,3
1719419416.5626006,3
1719419420.3011534,3
1719419424.2275405,3
1719419428.0380278,3
1719419431.8112576,3
1719419435.7349331,3
1719419439.4787798,3
1719419443.2453346,3
1719419447.0166955,3
1719419450.8994613,3
1719419454.6513124,3
1719419458.5178535,3
1719419462.40061,3
1719419466.2720156,3
1719419469.9685009,3
1719419473.8671076,3
1719419477.879509,3
1719419481.6492703,3
1719419485.3872533,3
1719419489.2660968,3
1719419493.0017498,3
1719419497.1537223,3
1719419500.899578,3
1719419504.6044035,3
1719419508.4220643,3
1719419512.1045206,3
1719419515.883051,3
1719419519.643581,3
1719419523.4711516,3
1719419527.2120643,3
1719419531.0128314,3
1719419534.7502844,3
1719419538.571366,3
1719419542.393614,3
1719419546.2014146,3
1719419549.9184396,3
1719419553.6330523,3
1719419557.368748,3
1719419561.1581035,3
1719419565.0175462,3
1719419568.9348497,3
1719419572.6527348,3
1719419576.4161224,3
1719419580.1381493,3
1719419584.045064,3
1719419587.775798,3
1719419591.4841256,3
1719419595.3281152,3
1719419599.093505,3
1719419602.9880521,3
1719419606.8907475,3
1719419610.6032362,3
1719419614.6273053,3
1719419618.3828225,3
1719419622.180202,3
1719419625.9870567,3
1719419629.7625692,3
1719419633.643618,3
1719419637.426463,3
1719419641.344091,3
1719419645.061997,3
1719419648.7942822,3
1719419652.6632638,3
1719419656.4835093,3
1719419660.299085,3
1719419664.0749438,3
1719419667.6935542,3
1719419671.5657263,3
1719419675.4419909,3
1719419679.201751,3
1719419683.071071,3
1719419686.8834689,3
1719419690.6450171,3
1719419694.3143718,3
1719419698.2767937,3
1719419702.1282842,3
1719419705.9888227,3
1719419709.7812364,3
1719419713.6359043,3
1719419717.6057694,3
1719419721.4648414,3
1719419725.3371806,3
1719419729.1341646,3
1719419733.00707,3
1719419736.9916794,3
1719419740.9139094,3
1719419744.7196808,3
1719419748.696329,3
1719419752.4203148,3
1719419756.2693691,3
1719419760.0061753,3
1719419763.846157,3
1719419767.6572294,3
1719419771.4510703,3
1719419775.1583655,3
1719419778.995177,3
1719419782.755852,3
1719419786.424692,3
1719419790.1495547,3
1719419793.9504502,3
1719419797.8605733,3
1719419801.6863012,3
1719419805.3783882,3
1719419809.2218685,3
1719419812.9627118,3
1719419816.8434682,3
1719419820.5589242,3
1719419824.4074037,3
1719419828.169701,3
1719419831.9119263,3
1719419835.8578248,3
1719419839.6783402,3
1719419843.53011,3
1719419847.3828464,3
1719419851.1740036,3
1719419854.9780445,3
1719419858.7361684,3
1719419862.484524,3
1719419866.2379897,3
1719419870.0633628,3
1719419873.7509944,3
1719419877.5575306,3
1719419881.4802823,3
1719419885.2470148,3
1719419889.124148,3
1719419893.074927,3
1719419896.9514053,3
1719419900.761365,3
1719419904.5189714,3
1719419908.477765,3
1719419912.138183,3
1719419915.7310264,3
1719419919.4699194,3
1719419923.254625,3
1719419927.0188997,3
1719419930.7589376,3
1719419934.5704288,3
1719419938.325562,3
1719419942.0687132,3
1719419945.9669015,3
1719419949.8816235,3
1719419953.7183895,3
1719419957.3562887,3
1719419961.2194626,3
1719419965.0555403,3
1719419968.8356934,3
1719419972.7369673,3
1719419976.5352235,3
1719419980.4637506,3
1719419984.172527,3
1719419988.0918374,3
1719419992.0229912,3
1719419995.7443774,3
1719419999.4503036,3
1719420003.281416,3
1719420007.0363479,3
1719420010.7383757,3
1719420014.566423,3
1719420018.2478132,3
1719420022.0061996,3
1719420025.9276419,3
1719420029.7292264,3
1719420033.587692,3
1719420037.386494,3
1719420040.996119,3
1719420044.7735763,3
1719420048.5969238,3
1719420052.437584,3
1719420056.2430933,3
1719420060.109626,3
1719420063.8637373,3
1719420067.7359293,3
1719420071.5742939,3
1719420075.6019528,3
1719420079.449402,3
1719420083.3475606,3
1719420087.1868508,3
1719420090.789963,3
1719420094.5581775,3
1719420098.3899288,3
1719420102.2008991,3
1719420106.0979438,3
1719420109.9627845,3
1719420113.7948244,3
1719420117.5544887,3
1719420121.3168957,3
1719420125.0870404,3
1719420128.8688514,3
1719420132.7280726,3
1719420136.557605,3
1719420140.3810346,3
1719420144.4229338,3
1719420148.057871,3
1719420151.9340496,3
1719420155.7678187,3
1719420159.5260117,3
1719420163.260442,3
1719420166.88401,3
1719420170.681734,3
1719420174.4179883,3
1719420178.2373986,3
1719420182.2869477,3
1719420186.377628,3
1719420190.3255496,3
1719420194.087599,3
1719420197.9667056,3
1719420201.798744,3
1719420205.686098,3
1719420209.4169025,3
1719420213.3051758,3
1719420217.018023,3
1719420220.825569,3
1719420224.601238,3
1719420228.3247166,3
1719420232.1441069,3
1719420235.9875138,3
1719420239.9706502,3
1719420243.8480604,3
1719420247.8852983,3
1719420251.5468223,3
1719420255.601769,3
1719420259.4575036,3
1719420263.2826114,3
1719420267.0355043,3
1719420270.9383676,3
1719420274.6944351,3
1719420278.4334085,3
1719420282.2241306,3
1719420286.1233468,3
1719420289.905804,3
1719420293.5539823,3
1719420297.4682744,3
1719420301.283738,3
1719420305.0421205,3
1719420308.8249252,3
1719420312.7315612,3
1719420316.5879762,3
1719420320.354584,3
1719420324.0861015,3
1719420327.9789753,3
1719420331.8627646,3
1719420335.5987163,3
1719420339.3594575,3
1719420343.2103093,3
1719420347.0648692,3
1719420350.8248763,3
1719420354.8182306,3
1719420358.6732287,3
1719420362.4504616,3
1719420366.1849582,3
1719420369.908286,3
1719420373.7092085,3
1719420377.6881845,3
1719420381.5943305,3
1719420385.4573426,3
1719420389.3741202,3
1719420393.1538658,3
1719420397.0343232,3
1719420400.9488301,3
1719420404.720427,3
1719420408.5803246,3
1719420412.4528422,3
1719420416.0807862,3
1719420419.8072066,3
1719420423.592612,3
1719420427.3318925,3
1719420431.3647566,3
1719420435.1478653,3
1719420439.0293188,3
1719420442.8090162,3
1719420446.6473336,3
1719420450.6174853,3
1719420454.3220172,3
1719420458.1591158,3
1719420462.5737627,3
1719420466.3198018,3
1719420469.9595792,3
1719420473.7492003,3
1719420477.544586,3
1719420481.39177,3
1719420485.1878378,3
1719420489.2492945,3
1719420492.9666893,3
1719420496.7150097,3
1719420500.3417733,3
1719420504.1727917,3
1719420507.9702742,3
1719420511.7581809,3
1719420515.533372,3
1719420519.4557583,3
1719420523.356176,3
1719420527.1948113,3
1719420530.955931,3
1719420534.8628492,3
1719420538.634449,3
1719420542.24442,3
1719420546.2507026,3
1719420550.0903625,3
1719420553.943153,3
1719420557.6859055,3
1719420561.4252245,3
1719420565.2077546,3
1719420569.1083257,3
1719420572.9032898,3
1719420576.8202155,3
1719420580.5834775,3
1719420584.5146563,3
1719420588.4174986,3
1719420592.2126288,3
1719420595.9488146,3
1719420600.0599554,3
1719420603.826679,3
1719420607.4912517,3
1719420611.2572153,3
1719420615.012135,3
1719420618.745742,3
1719420622.4645,3
1719420626.242515,3
1719420630.1579916,3
1719420633.882187,3
1719420637.6056366,3
1719420641.387951,3
1719420645.2603254,3
1719420649.0488775,3
1719420652.7900224,3
1719420656.548667,3
1719420660.439533,3
1719420664.2050433,3
1719420668.097297,3
1719420671.9618323,3
1719420675.599039,3
1719420679.4254005,3
1719420683.3322318,3
1719420687.3762374,3
1719420691.1019442,3
1719420694.9171271,3
1719420698.684372,3
1719420702.5401294,3
1719420706.2666478,3
1719420710.051209,3
1719420713.898886,3
1719420717.7398107,3
1719420721.554507,3
1719420725.3340008,3
1719420729.1283085,3
1719420732.988465,3
1719420736.757521,3
1719420740.559203,3
1719420744.3799877,3
1719420748.236224,3
1719420752.0091462,3
1719420755.802217,3
1719420759.5314434,3
1719420763.359992,3
1719420767.088405,3
1719420771.0060275,3
1719420774.7591138,3
1719420778.5249922,3
1719420782.3245153,3
1719420786.077809,3
1719420789.942934,3
1719420793.688449,3
1719420797.5494885,3
1719420801.3046436,3
1719420805.057506,3
1719420808.939658,3
1719420812.7897472,3
1719420816.5311084,3
1719420820.4393935,3
1719420824.3148823,3
1719420828.070884,3
1719420831.7501655,3
1719420835.5438933,3
1719420839.4009159,3
1719420843.2290335,3
1719420846.919718,3
1719420850.6743796,3
1719420854.5983725,3
1719420858.3563325,3
1719420862.0918016,3
1719420865.9311638,3
1719420869.6819916,3
1719420873.2615466,3
1719420876.9707665,3
1719420880.7637851,3
1719420884.5284836,3
1719420888.2883153,3
1719420892.068197,3
1719420895.906539,3
1719420899.6951299,3
1719420903.5248058,3
1719420907.283888,3
1719420911.1313593,3
1719420914.878879,3
1719420918.8122356,3
1719420922.514312,3
1719420926.325686,3
1719420930.2751453,3
1719420933.9746828,3
1719420937.9686995,3
1719420941.6691656,3
1719420945.3506572,3
1719420949.116706,3
1719420952.8424077,3
1719420956.879922,3
1719420960.6460273,3
1719420964.4777803,3
1719420968.2645907,3
1719420972.0220299,3
1719420975.8397183,3
1719420979.617419,3
1719420983.569592,3
1719420987.3712106,3
1719420991.2927573,3
1719420995.1267345,3
1719420998.772578,3
1719421002.605742,3
1719421006.376075,3
1719421010.149278,3
1719421013.880886,3
1719421017.7617743,3
1719421021.5956593,3
1719421025.2682517,3
1719421029.0673594,3
1719421032.8373091,3
1719421036.6181695,3
1719421040.1906,3
1719421044.480066,3
1719421048.326384,3
1719421052.0463896,3
1719421055.8068507,3
1719421059.5879288,3
1719421063.4104986,3
1719421067.3070471,3
1719421071.330085,3
1719421075.1576395,3
1719421079.072663,3
1719421082.825004,3
1719421086.6134436,3
1719421090.4476988,3
1719421094.339895,3
1719421098.196928,3
1719421101.9456067,3
1719421105.9603941,3
1719421109.759653,3
1719421113.6482234,3
1719421117.3647242,3
1719421121.16733,3
1719421124.836939,3
1719421128.8458226,3
1719421132.6479015,3
1719421136.1882555,3
1719421140.0847785,3
1719421143.8806503,3
1719421147.72952,3
1719421151.5671554,3
1719421155.318874,3
1719421159.0873656,3
1719421162.8861911,3
1719421166.7792206,3
1719421170.602113,3
1719421174.5268743,3
1719421178.4128985,3
1719421182.1832783,3
1719421185.936731,3
1719421189.692261,3
1719421193.5684047,3
1719421197.3883865,3
1719421201.3966742,3
1719421205.067834,3
1719421208.6669195,3
1719421212.2896981,3
1719421215.9802377,3
1719421219.7932293,3
1719421223.5641482,3
1719421227.5016146,3
1719421231.2831454,3
1719421235.1433597,3
1719421238.9278712,3
1719421242.6775792,3
1719421246.4375696,3
1719421250.1141415,3
1719421253.8942127,3
1719421257.6903336,3
1719421261.8067832,3
1719421265.7260325,3
1719421269.5510507,3
1719421273.3755975,3
1719421277.193685,3
1719421281.0494273,3
1719421285.0874753,3
1719421288.8761954,3
1719421292.5011854,3
1719421296.2392316,3
1719421300.075119,3
1719421303.858419,3
1719421307.6961174,3
1719421311.5447278,3
1719421315.2792845,3
1719421318.9845667,3
1719421322.7971182,3
1719421326.6791816,3
1719421330.432831,3
1719421333.9957542,3
1719421337.7471986,3
1719421341.5734143,3
1719421345.4606524,3
1719421349.332569,3
1719421353.1891296,3
1719421357.148358,3
1719421360.7719257,3
1719421364.4846,3
1719421368.2971942,3
1719421372.0175238,3
1719421375.8247252,3
1719421379.581064,3
1719421383.3341424,3
1719421387.2543542,3
1719421391.073105,3
1719421394.8892922,3
1719421398.4693847,3
1719421402.2945995,3
1719421406.140913,3
1719421410.0776958,3
1719421413.834121,3
1719421417.6491106,3
1719421421.4673667,3
1719421425.2296836,3
1719421428.9713051,3
1719421432.6873999,3
1719421436.3778722,3
1719421440.3673117,3
1719421444.2853348,3
1719421448.138477,3
1719421451.8674583,3
1719421455.6871285,3
1719421459.4894984,3
1719421463.3372276,3
1719421467.237557,3
1719421470.9857814,3
1719421474.7337422,3
1719421478.7285092,3
1719421482.4578745,3
1719421486.6139195,3
1719421490.3839636,3
1719421494.1727307,3
1719421497.9387,3
1719421501.4776583,3
1719421505.2362483,3
1719421508.9628813,3
1719421512.6084125,3
1719421516.4958632,3
1719421520.3436704,3
1719421524.1904738,3
1719421527.9977832,3
1719421531.9557812,3
1719421535.8445702,3
1719421539.6203637,3
1719421543.528032,3
1719421547.5192442,3
1719421551.4111903,3
1719421555.2140458,3
1719421559.0621054,3
1719421562.8578644,3
1719421566.5202682,3
1719421570.3639402,3
1719421574.171762,3
1719421578.1225426,3
1719421582.092535,3
1719421585.6866114,3
1719421589.4332676,3
1719421593.3856452,3
1719421597.2453606,3
1719421600.9769828,3
1719421604.7235076,3
1719421608.576561,3
1719421612.3792737,3
1719421616.2109373,3
1719421619.9994779,3
1719421623.8287997,3
1719421627.4937441,3
1719421631.2936957,3
1719421635.1435947,3
1719421638.9918017,3
1719421642.7895057,3
1719421646.694178,3
1719421650.5579033,3
1719421654.281469,3
1719421658.2606535,3
1719421662.1089342,3
1719421665.9323778,3
1719421669.7341828,3
1719421673.6324759,3
1719421677.3723233,3
1719421681.2493598,3
1719421685.2159884,3
1719421689.3085988,3
1719421693.0077314,3
1719421696.7701683,3
1719421700.636526,3
1719421704.5086951,3
1719421708.395621,3
1719421712.1736262,3
1719421715.9757726,3
1719421719.7242782,3
1719421723.723734,3
1719421727.5703695,3
1719421731.3172798,3
1719421735.105071,3
1719421738.8981178,3
1719421742.6933777,3
1719421746.5764875,3
1719421750.3060796,3
1719421754.0807264,3
1719421757.8205485,3
1719421761.6115527,3
1719421765.5154886,3
1719421769.2503314,3
1719421772.8507419,3
1719421776.6997716,3
1719421780.4153636,3
1719421784.4336517,3
1719421788.304729,3
1719421792.2057633,3
1719421795.9828267,3
1719421799.7425537,3
1719421803.522543,3
1719421807.321841,3
1719421811.098927,3
1719421814.8419564,3
1719421818.776659,3
1719421822.559927,3
1719421826.3174775,3
1719421830.1804116,3
1719421833.7369823,3
1719421837.6032097,3
1719421841.349977,3
1719421845.1074696,3
1719421849.023878,3
1719421852.8528652,3
1719421856.7525973,3
1719421860.47832,3
1719421864.189406,3
1719421867.9747348,3
1719421871.8110979,3
1719421875.6288972,3
1719421879.3557107,3
1719421883.1049552,3
1719421886.936233,3
1719421890.6739893,3
1719421894.4565532,3
1719421898.3755162,3
1719421902.1467574,3
1719421905.7105598,3
1719421909.833721,3
1719421913.65071,3
1719421917.3394375,3
1719421921.2816465,3
1719421925.0195756,3
1719421928.8759303,3
1719421932.7871795,3
1719421936.5825799,3
1719421940.4262187,3
1719421944.1669695,3
1719421947.9393487,3
1719421951.6973846,3
1719421955.4550843,3
1719421959.3759737,3
1719421963.2173388,3
1719421967.2979994,3
1719421971.1263833,3
1719421974.9974923,3
1719421978.717445,3
1719421982.4688745,3
1719421986.2315655,3
1719421990.2007074,3
1719421994.0771039,3
1719421997.9762502,3
1719422001.5444024,3
1719422005.2488368,3
1719422008.9890027,3
1719422012.8110676,3
1719422016.5953603,3
1719422020.4172194,3
1719422024.1418598,3
1719422028.0406585,3
1719422031.8605099,3
1719422035.5862682,3
1719422039.3910954,3
1719422043.231574,3
1719422046.9586766,3
1719422050.764508,3
1719422054.5047135,3
1719422058.3788157,3
1719422062.207334,3
1719422065.9592087,3
1719422069.7306652,3
1719422073.5165987,3
1719422077.378536,3
1719422080.9812663,3
1719422084.8051658,3
1719422088.7252922,3
1719422092.5205355,3
1719422096.3215792,3
1719422100.0571601,3
1719422103.9647696,3
1719422108.1067276,3
1719422111.8579433,3
1719422115.7709327,3
1719422119.3854136,3
1719422123.2869956,3
1719422126.883995,3
1719422130.662672,3
1719422134.4595456,3
1719422138.2567751,3
1719422141.8158436,3
1719422145.734599,3
1719422149.6947155,3
1719422153.458326,3
1719422157.2202213,3
1719422160.9730992,3
1719422164.7177558,3
1719422168.283648,3
1719422172.1457179,3
1719422175.8586075,3
1719422179.5718434,3
1719422183.3384614,3
1719422187.1188848,3
1719422190.8725028,3
1719422194.7224202,3
1719422198.470302,3
1719422202.3798187,3
1719422206.1690028,3
1719422209.7805283,3
1719422213.5143564,3
1719422217.254366,3
1719422221.0308137,3
1719422224.7772274,3
1719422228.5623488,3
1719422232.4785304,3
1719422236.2813416,3
1719422240.3174565,3
1719422244.1864548,3
1719422247.9763463,3
1719422251.4676993,3
1719422255.0903523,3
1719422258.9693356,3
1719422262.929992,3
1719422267.020621,3
1719422270.8345892,3
1719422274.5964112,3
1719422278.5145576,3
1719422282.226555,3
1719422286.1205478,3
1719422289.9542139,3
1719422293.6825,3
1719422297.5602233,3
1719422301.3416367,3
1719422305.1626983,3
1719422309.024453,3
1719422312.7988324,3
1719422316.655147,3
1719422320.33685,3
1719422324.2010853,3
1719422328.11648,3
1719422331.921014,3
1719422335.5115328,3
1719422339.2181714,3
1719422342.9704168,3
1719422346.7213914,3
1719422350.5542254,3
1719422354.4125128,3
1719422358.1571171,3
1719422362.0385175,3
1719422365.6517522,3
1719422369.5465202,3
1719422373.3212414,3
1719422377.2634764,3
1719422381.1150715,3
1719422384.9417415,3
1719422388.7609503,3
1719422392.7746856,3
1719422396.6439543,3
1719422400.4256313,3
1719422404.2333212,3
1719422407.9370022,3
1719422411.712984,3
1719422415.3547022,3
1719422419.279913,3
1719422423.2152174,3
1719422427.0030603,3
1719422430.7442956,3
1719422435.0428586,3
1719422438.782303,3
1719422442.6147969,3
1719422446.4392612,3
1719422450.2545817,3
1719422454.3889318,3
1719422458.1634932,3
1719422461.8099318,3
1719422465.7094777,3
1719422469.4747384,3
1719422473.4085429,3
1719422477.3235283,3
1719422481.231747,3
1719422485.157687,3
1719422488.9756455,3
1719422492.6289704,3
1719422496.5207028,3
1719422500.315817,3
1719422503.934143,3
1719422507.9313664,3
1719422511.7040584,3
1719422515.470651,3
1719422519.3689861,3
1719422523.1182494,3
1719422527.0412564,3
1719422530.8970625,3
1719422534.633908,3
1719422538.425132,3
1719422542.1589491,3
1719422545.8689802,3
1719422549.6143227,3
1719422553.6330905,3
1719422557.4847398,3
1719422561.2186832,3
1719422565.1150951,3
1719422568.8792357,3
1719422572.6264315,3
1719422576.4831595,3
1719422580.2798157,3
1719422584.0463789,3
1719422587.9647074,3
1719422591.7470703,3
1719422595.4301472,3
1719422599.2800705,3
1719422603.0221038,3
1719422606.9358754,3
1719422610.770989,3
1719422614.585286,3
1719422618.5875247,3
1719422622.381406,3
1719422626.272385,3
1719422629.8411076,3
1719422633.7913432,3
1719422637.6077888,3
1719422641.5023599,3
1719422645.405326,3
1719422649.1584048,3
1719422652.7260096,3
1719422656.4821572,3
1719422660.3933825,3
1719422664.2218764,3
1719422668.0889778,3
1719422671.8524783,3
1719422675.6484919,3
1719422679.3967288,3
1719422683.1753228,3
1719422687.086086,3
1719422690.9483774,3
1719422694.7398674,3
1719422698.487259,3
1719422702.3058267,3
1719422706.11504,3
1719422709.8391278,3
1719422713.7123637,3
1719422717.577365,3
1719422721.361034,3
1719422725.094376,3
1719422728.7586071,3
1719422732.5613554,3
1719422736.3964293,3
1719422740.121623,3
1719422744.0702376,3
1719422747.9933887,3
1719422751.803888,3
1719422755.4884377,3
1719422759.2909927,3
1719422762.9403841,3
1719422766.7288458,3
1719422770.5349412,3
1719422774.3770034,3
1719422778.1957161,3
1719422782.0223076,3
1719422785.8611832,3
1719422789.5912569,3
1719422793.174392,3
1719422796.9835148,3
1719422800.674374,3
1719422804.476457,3
1719422808.4455996,3
1719422812.2475564,3
1719422815.9959605,3
1719422819.781364,3
1719422823.5835228,3
1719422827.5214047,3
1719422831.2931054,3
1719422834.9226117,3
1719422838.8716383,3
1719422842.6983116,3
1719422846.4268181,3
1719422850.1903281,3
1719422853.9585953,3
1719422857.7471113,3
1719422861.4916496,3
1719422865.2543976,3
1719422869.089534,3
1719422872.7930517,3
1719422876.5884528,3
1719422880.426332,3
1719422884.2668,3
1719422888.1891983,3
1719422892.0063348,3
1719422895.882475,3
1719422899.7208548,3
1719422903.6470187,3
1719422907.6247327,3
1719422911.6734269,3
1719422915.5795164,3
1719422919.4885087,3
1719422923.4252481,3
1719422927.3202283,3
1719422931.2422373,3
1719422934.966412,3
1719422938.7596536,3
1719422942.6806993,3
1719422946.567936,3
1719422950.3940086,3
1719422954.2428367,3
1719422957.9698575,3
1719422961.7429745,3
1719422965.3998003,3
1719422969.1522408,3
1719422972.9621973,3
1719422976.763719,3
1719422980.541915,3
1719422984.3507211,3
1719422988.1312864,3
1719422992.1745398,3
1719422996.0364633,3
1719422999.795295,3
1719423003.401447,3
1719423007.1624532,3
1719423010.8889706,3
1719423014.6703618,3
1719423018.5498633,3
1719423022.5252235,3
1719423026.3034492,3
1719423030.208993,3
1719423034.022996,3
1719423037.9275928,3
1719423041.7807941,3
1719423045.376626,3
1719423049.3187153,3
1719423053.1138003,3
1719423056.9749436,3
1719423060.6496115,3
1719423064.3817885,3
1719423068.4115236,3
1719423072.3656714,3
1719423076.215611,3
1719423080.1038103,3
1719423083.915018,3
1719423087.581824,3
1719423091.4457982,3
1719423095.3907387,3
1719423099.23782,3
1719423103.179403,3
1719423106.9515188,3
1719423110.7345839,3
1719423114.549853,3
1719423118.4389007,3
1719423122.2321854,3
1719423126.140171,3
1719423129.7115643,3
1719423133.491526,3
1719423137.360403,3
1719423141.1226041,3
1719423144.9560704,3
1719423148.8556552,3
1719423152.7072506,3
1719423156.4435213,3
1719423160.3494184,3
1719423164.1747353,3
1719423168.1441305,3
1719423171.8067675,3
1719423175.6704855,3
1719423179.5985518,3
1719423183.408617,3
1719423187.260038,3
1719423190.950683,3
1719423194.8244483,3
1719423198.6794028,3
1719423202.3494132,3
1719423206.2485447,3
1719423210.0208995,3
1719423213.833747,3
1719423217.6376724,3
1719423221.4590635,3
1719423225.3178523,3
1719423229.0302262,3
1719423232.762798,3
1719423236.5996482,3
1719423240.4533653,3
1719423244.1819048,3
1719423247.9466677,3
1719423251.686546,3
1719423255.4042993,3
1719423259.233183,3
1719423262.9307535,3
1719423266.689682,3
1719423270.5405483,3
1719423274.5415852,3
1719423278.1781213,3
1719423281.8937163,3
1719423285.6887677,3
1719423289.367942,3
1719423293.1011643,3
1719423296.8866513,3
1719423300.7008448,3
1719423304.5387006,3
1719423308.279108,3
1719423312.0683005,3
1719423315.8130465,3
1719423319.5789766,3
1719423323.3064675,3
1719423327.1313117,3
1719423330.9280472,3
1719423334.6289287,3
1719423338.229407,3
1719423342.0913782,3
1719423345.9646287,3
1719423349.6974318,3
1719423353.4733865,3
1719423357.318946,3
1719423361.0013115,3
1719423364.8993928,3
1719423368.7067003,3
1719423372.5374832,3
1719423376.3634622,3
1719423379.7927268,3
1719423383.692752,3
1719423387.4959843,3
1719423391.3142226,3
1719423395.1462405,3
1719423399.0084817,3
1719423402.7654517,3
1719423406.5612044,3
1719423410.3010988,3
1719423414.1175916,3
1719423418.0148911,3
1719423421.6162589,3
1719423425.5032947,3
1719423429.2542267,3
1719423433.1007113,3
1719423436.9419231,3
1719423440.7438784,3
1719423444.515299,3
1719423448.44661,3
1719423452.21628,3
1719423455.954586,3
1719423459.7944293,3
1719423463.3016477,3
1719423467.1763697,3
1719423470.9924467,3
1719423474.8798928,3
1719423478.6853597,3
1719423482.4798708,3
1719423486.2971456,3
1719423490.1886802,3
1719423493.972546,3
1719423497.948011,3
1719423501.794655,3
1719423505.506857,3
1719423509.4242857,3
1719423513.1643317,3
1719423516.933528,3
1719423520.8064113,3
1719423524.6537247,3
1719423528.3686113,3
1719423532.2865078,3
1719423536.1459477,3
1719423540.1249895,3
1719423544.16273,3
1719423547.9512103,3
1719423551.7035174,3
1719423555.551334,3
1719423559.415171,3
1719423563.1229641,3
1719423566.9942038,3
1719423570.7566648,3
1719423574.609221,3
1719423578.3246553,3
1719423582.1300063,3
1719423585.959161,3
1719423589.8524916,3
1719423593.7548838,3
1719423597.6112888,3
1719423601.42497,3
1719423605.2630038,3
1719423609.1093488,3
1719423612.9545155,3
1719423616.7609577,3
1719423620.512764,3
1719423624.2767482,3
1719423628.0377786,3
1719423631.728758,3
1719423635.3605325,3
1719423639.1489964,3
1719423643.0732477,3
1719423646.856806,3
1719423650.6960073,3
1719423654.477994,3
1719423658.211872,3
1719423661.9495978,3
1719423665.8103328,3
1719423669.60059,3
1719423673.4139087,3
1719423677.1876018,3
1719423680.825674,3
1719423684.4920778,3
1719423688.3391538,3
1719423692.0999324,3
1719423695.8964567,3
1719423699.6937351,3
1719423703.4756038,3
1719423707.2298777,3
1719423710.8774045,3
1719423714.6383524,3
1719423718.4820242,3
1719423722.3013241,3
1719423726.0456822,3
1719423729.8413486,3
1719423733.5639858,3
1719423737.4171834,3
1719423741.2479124,3
1719423744.9921627,3
1719423748.8363628,3
1719423752.6441338,3
1719423756.5784302,3
1719423760.3370578,3
1719423764.1641605,3
1719423767.9815767,3
1719423771.7664492,3
1719423775.4882154,3
1719423779.2347631,3
1719423783.0136204,3
1719423786.9174767,3
1719423790.7385094,3
1719423794.3658137,3
1719423798.650443,3
1719423802.482487,3
1719423806.257515,3
1719423809.9790497,3
1719423813.7418096,3
1719423817.5254772,3
1719423821.3332372,3
1719423825.1854224,3
1719423829.0818172,3
1719423832.7164724,3
1719423836.4272068,3
1719423840.3059103,3
1719423844.0043113,3
1719423847.770071,3
1719423851.7805274,3
1719423855.5299182,3
1719423859.5119376,3
1719423863.5979962,3
1719423867.461097,3
1719423871.2469199,3
1719423874.9717832,3
1719423878.4796267,3
1719423882.3923693,3
1719423886.1985643,3
1719423890.0441477,3
1719423893.8846326,3
1719423897.6817675,3
1719423901.4914591,3
1719423905.3804765,3
1719423909.2856998,3
1719423912.9782295,3
1719423916.7227998,3
1719423920.3494601,3
1719423924.2521467,3
1719423928.181135,3
1719423931.956167,3
1719423935.6822793,3
1719423939.5262756,3
1719423943.282135,3
1719423947.157589,3
1719423950.9119024,3
1719423954.800484,3
1719423958.592189,3
1719423962.4380965,3
1719423966.1421533,3
1719423970.1514235,3
1719423973.906984,3
1719423977.807808,3
1719423981.5894508,3
1719423985.4857125,3
1719423989.1886673,3
1719423993.0045285,3
1719423996.7729669,3
1719424000.7041485,3
1719424004.4774423,3
1719424008.2442987,3
1719424012.107479,3
1719424015.9046915,3
1719424019.4549818,3
1719424023.2965925,3
1719424027.103564,3
1719424030.854818,3
1719424034.7196543,3
1719424038.5444376,3
1719424042.292366,3
1719424046.023054,3
1719424049.8785737,3
1719424053.7357206,3
1719424057.6337035,3
1719424061.3212492,3
1719424065.207257,3
1719424069.2487485,3
1719424073.1210704,3
1719424077.137661,3
1719424080.9222221,3
1719424084.831292,3
1719424088.471392,3
1719424092.2801702,3
1719424096.030413,3
1719424099.795003,3
1719424103.6999354,3
1719424107.4551363,3
1719424111.1990023,3
1719424115.1297038,3
1719424119.1354046,3
1719424122.9654965,3
1719424126.753473,3
1719424130.3596463,3
1719424134.297161,3
1719424138.0994442,3
1719424142.0257826,3
1719424145.7616248,3
1719424149.6203396,3
1719424153.5090616,3
1719424157.1477914,3
1719424160.9953701,3
1719424164.9861133,3
1719424168.8197145,3
1719424172.4030967,3
1719424176.2985284,3
1719424180.1661496,3
1719424184.0640688,3
1719424187.897981,3
1719424191.6532898,3
1719424195.3912141,3
1719424199.2436254,3
1719424203.0693214,3
1719424206.8140788,3
1719424210.5040238,3
1719424214.1418667,3
1719424217.9585533,3
1719424221.7979074,3
1719424225.491433,3
1719424229.3076904,3
1719424233.202889,3
1719424237.0767004,3
1719424240.850433,3
1719424244.7473614,3
1719424248.6059742,3
1719424252.4705253,3
1719424256.0663652,3
1719424259.8680723,3
1719424263.6637392,3
1719424267.451224,3
1719424271.2438204,3
1719424274.9992,3
1719424278.7717648,3
1719424282.5444722,3
1719424286.264139,3
1719424290.2416723,3
1719424294.0050988,3
1719424297.6288223,3
1719424301.3862643,3
1719424305.1488948,3
1719424308.848698,3
1719424312.5522902,3
1719424316.314493,3
1719424320.192843,3
1719424323.9976735,3
1719424327.7695417,3
1719424331.5098915,3
1719424335.2832792,3
1719424338.830032,3
1719424342.5830076,3
1719424346.358118,3
1719424350.161794,3
1719424354.0254972,3
1719424357.8154266,3
1719424361.6365445,3
1719424365.6429718,3
1719424369.423593,3
1719424373.19781,3
1719424377.0978253,3
1719424380.6697545,3
1719424384.4700127,3
1719424388.339468,3
1719424392.1052024,3
1719424395.846707,3
1719424399.7264433,3
1719424403.4504116,3
1719424407.2374067,3
1719424411.4263132,3
1719424415.270399,3
1719424419.1806002,3
1719424422.7822769,3
1719424426.638645,3
1719424430.4097118,3
1719424434.2554216,3
1719424438.0726857,3
1719424441.8703206,3
1719424445.6865945,3
1719424449.540632,3
1719424453.4324205,3
1719424457.1907103,3
1719424461.0384636,3
1719424464.6748044,3
1719424468.5257998,3
1719424472.379126,3
1719424476.2126856,3
1719424480.0715284,3
1719424483.8860438,3
1719424487.7289333,3
1719424491.6845083,3
1719424495.4885933,3
1719424499.248069,3
1719424503.1452575,3
1719424506.9592123,3
1719424510.7924213,3
1719424514.7485201,3
1719424518.544133,3
1719424522.4182603,3
1719424526.2189198,3
1719424529.944122,3
1719424533.8956826,3
1719424537.6298218,3
1719424541.4587324,3
1719424545.4306564,3
1719424549.1315641,3
1719424552.877218,3
1719424556.6924891,3
1719424560.6072762,3
1719424564.4227624,3
1719424568.1715922,3
1719424572.0562146,3
1719424575.8756793,3
1719424579.629926,3
1719424583.5389144,3
1719424587.5100303,3
1719424591.0594332,3
1719424594.6946964,3
1719424598.5468397,3
1719424602.331624,3
1719424606.2277179,3
1719424610.279923,3
1719424614.09752,3
1719424617.9690464,3
1719424621.7844262,3
1719424625.5687895,3
1719424629.262645,3
1719424633.0868642,3
1719424636.8194764,3
1719424640.6610682,3
1719424644.4065056,3
1719424648.2015882,3
1719424652.5199277,3
1719424656.6938221,3
1719424660.6672578,3
1719424664.412844,3
1719424668.265818,3
1719424672.0533469,3
1719424675.6553457,3
1719424679.3353233,3
1719424683.0948164,3
1719424687.0202475,3
1719424690.841493,3
1719424694.7460902,3
1719424698.50293,3
1719424702.3008974,3
1719424706.518355,3
1719424710.2959719,3
1719424714.1302474,3
1719424717.7391744,3
1719424721.6466317,3
1719424725.5560486,3
1719424729.1220472,3
1719424732.9319298,3
1719424736.8146722,3
1719424740.5905905,3
1719424744.501978,3
1719424748.2452657,3
1719424752.0051837,3
1719424755.9030752,3
1719424759.5288923,3
1719424763.3768585,3
1719424767.2549565,3
1719424771.0229702,3
1719424774.8350568,3
1719424778.7056148,3
1719424782.5286286,3
1719424786.2602174,3
1719424790.2144563,3
1719424793.9533417,3
1719424797.7540302,3
1719424801.237391,3
1719424805.3074327,3
1719424809.193683,3
1719424812.994285,3
1719424816.829166,3
1719424820.6824002,3
1719424824.4095047,3
1719424828.150275,3
1719424831.89154,3
1719424835.8195207,3
1719424839.659736,3
1719424843.2758865,3
1719424847.2291489,3
1719424851.0658307,3
1719424854.922813,3
1719424858.6312084,3
1719424862.4734044,3
1719424866.2281485,3
1719424870.1907568,3
1719424873.9803524,3
1719424877.738557,3
1719424881.5135734,3
1719424885.1980252,3
1719424889.0939784,3
1719424892.8606718,3
1719424896.677829,3
1719424900.560139,3
1719424904.4591558,3
1719424908.4090075,3
1719424912.4041784,3
1719424916.1803265,3
1719424919.940615,3
1719424923.7457483,3
1719424927.3362384,3
1719424931.0668082,3
1719424934.8891068,3
1719424938.6506946,3
1719424942.559625,3
1719424946.4786568,3
1719424950.2202635,3
1719424954.2437258,3
1719424958.0364177,3
1719424961.9943168,3
1719424965.819343,3
1719424969.595005,3
1719424973.3148165,3
1719424977.00042,3
1719424980.9537497,3
1719424984.880572,3
1719424988.6925502,3
1719424992.541811,3
1719424996.5468144,3
1719425000.228599,3
1719425004.1580997,3
1719425008.022556,3
1719425011.753212,3
1719425015.4962544,3
1719425019.376966,3
1719425023.1664543,3
1719425027.0308917,3
1719425030.7934012,3
1719425034.5271325,3
1719425038.2944365,3
1719425042.2343585,3
1719425046.018257,3
1719425049.8761032,3
1719425053.5890026,3
1719425057.4295812,3
1719425061.2593532,3
1719425065.0023801,3
1719425068.9639075,3
1719425072.9232059,3
1719425076.7511744,3
1719425080.5821736,3
1719425084.4331653,3
1719425088.1362882,3
1719425091.9052033,3
1719425095.635715,3
1719425099.3462315,3
1719425103.0891156,3
1719425106.977096,3
1719425110.7215292,3
1719425114.546589,3
1719425118.435771,3
1719425122.1726902,3
1719425125.8985739,3
1719425129.7899797,3
1719425133.506633,3
1719425137.287932,3
1719425141.0540302,3
1719425144.8041945,3
1719425148.5537088,3
1719425152.2480814,3
1719425156.0353005,3
1719425160.0324793,3
1719425163.7404697,3
1719425167.5594082,3
1719425171.4126716,3
1719425175.4544485,3
1719425179.217926,3
1719425183.0182195,3
1719425186.7813103,3
1719425190.6350818,3
1719425194.3599095,3
1719425198.2132342,3
1719425201.9847355,3
1719425205.8521724,3
1719425209.7152178,3
1719425213.4893641,3
1719425217.3039908,3
1719425221.2158475,3
1719425225.1179507,3
1719425228.9504244,3
1719425232.638443,3
1719425236.3733752,3
1719425240.1128328,3
1719425243.9474988,3
1719425247.753108,3
1719425251.4640138,3
1719425255.1795497,3
1719425258.907978,3
1719425262.7848346,3
1719425266.510134,3
1719425270.2938282,3
1719425274.0796113,3
1719425277.82794,3
1719425281.5449858,3
1719425285.320813,3
1719425289.0591,3
1719425292.922758,3
1719425296.7254026,3
1719425300.4276617,3
1719425304.1910918,3
1719425307.998749,3
1719425311.8319864,3
1719425315.5632482,3
1719425319.3977537,3
1719425323.133486,3
1719425327.0403953,3
1719425330.8510432,3
1719425334.9188426,3
1719425338.8400297,3
1719425342.723207,3
1719425346.8456416,3
1719425350.7556765,3
1719425354.6611388,3
1719425358.2959282,3
1719425362.1588268,3
1719425366.066784,3
1719425369.858325,3
1719425373.8498514,3
1719425377.784859,3
1719425381.6392736,3
1719425385.3003485,3
1719425389.1317184,3
1719425392.8847027,3
1719425396.8397162,3
1719425400.6329596,3
1719425404.5201066,3
1719425408.2654715,3
1719425412.0232654,3
1719425415.9006426,3
1719425419.646932,3
1719425423.4322693,3
1719425427.0884404,3
1719425430.795359,3
1719425434.5794392,3
1719425438.3033054,3
1719425442.0868864,3
1719425445.8331356,3
1719425449.670096,3
1719425453.4588337,3
1719425457.1595905,3
1719425460.9007986,3
1719425464.6456912,3
1719425468.2250412,3
1719425472.0174315,3
1719425475.9903896,3
1719425479.7475953,3
1719425483.5948536,3
1719425487.4718196,3
1719425491.2683687,3
1719425495.0793123,3
1719425498.8363323,3
1719425502.713206,3
1719425506.5574975,3
1719425510.1880198,3
1719425513.8681095,3
1719425517.6778111,3
1719425521.458845,3
1719425525.231172,3
1719425529.0911415,3
1719425532.9149024,3
1719425536.6923606,3
1719425540.4297879,3
1719425544.2148895,3
1719425548.0654259,3
1719425551.672678,3
1719425555.5117629,3
1719425559.5198586,3
1719425563.2382376,3
1719425567.1114144,3
1719425571.0035276,3
1719425574.7519815,3
1719425578.5652626,3
1719425582.2831123,3
1719425586.0398235,3
1719425589.8191028,3
1719425593.615551,3
1719425597.233401,3
1719425601.026983,3
1719425604.9623766,3
1719425608.8645568,3
1719425612.7019699,3
1719425616.5899596,3
1719425620.3727298,3
1719425624.2389781,3
1719425628.1054492,3
1719425631.8331819,3
1719425635.2915237,3
1719425639.077245,3
1719425642.9024103,3
1719425646.7157414,3
1719425650.4999688,3
1719425654.3164992,3
1719425658.2044597,3
1719425662.0574942,3
1719425665.9901366,3
1719425669.80405,3
1719425673.5191712,3
1719425677.2880394,3
1719425681.1216712,3
1719425684.937216,3
1719425688.8044124,3
1719425692.7927036,3
1719425696.8191185,3
1719425700.606671,3
1719425704.5686977,3
1719425708.3182347,3
1719425712.061926,3
1719425715.857173,3
1719425719.6665614,3
1719425723.470574,3
1719425727.3571815,3
1719425731.1223726,3
1719425734.976896,3
1719425738.8796372,3
1719425742.7096066,3
1719425746.685192,3
1719425750.4814436,3
1719425754.3001733,3
1719425758.0688045,3
1719425761.6859856,3
1719425765.5400996,3
1719425769.2974782,3
1719425773.1618848,3
1719425776.9388375,3
1719425780.6751375,3
1719425784.424278,3
1719425788.1816247,3
1719425792.0061562,3
1719425795.958072,3
1719425799.8077254,3
1719425803.417383,3
1719425807.3620467,3
1719425811.2169182,3
1719425814.9679444,3
1719425818.6941776,3
1719425822.521973,3
1719425826.400153,3
1719425830.1620398,3
1719425833.9174216,3
1719425837.728635,3
1719425841.5344636,3
1719425845.3657293,3
1719425849.0951798,3
1719425852.9870167,3
1719425856.7102354,3
1719425860.5201237,3
1719425864.417217,3
1719425868.2147925,3
1719425872.0351174,3
1719425875.9096372,3
1719425879.8216743,3
1719425883.765121,3
1719425887.3958976,3
1719425891.346595,3
1719425895.2090714,3
1719425899.0522125,3
1719425902.8969123,3
1719425906.6620004,3
1719425910.4668212,3
1719425914.3503387,3
1719425918.3327847,3
1719425922.119317,3
1719425926.1167903,3
1719425929.6822653,3
1719425933.6727545,3
1719425937.437666,3
1719425941.3726373,3
1719425945.1725194,3
1719425949.0976129,3
1719425952.857531,3
1719425956.6140995,3
1719425960.4633915,3
1719425964.3586838,3
1719425968.282179,3
1719425971.9439118,3
1719425975.8091228,3
1719425979.5629144,3
1719425983.3989851,3
1719425987.1846375,3
1719425991.2514231,3
1719425995.0015612,3
1719425998.764714,3
1719426002.645073,3
1719426006.5122554,3
1719426010.3804612,3
1719426014.258251,3
1719426018.2404044,3
1719426021.864502,3
1719426025.6497452,3
1719426029.4689782,3
1719426033.1989279,3
1719426036.923806,3
1719426040.630855,3
1719426044.4414773,3
1719426048.2094753,3
1719426051.9951155,3
1719426055.9042673,3
1719426059.5912342,3
1719426063.3988593,3
1719426067.216879,3
1719426070.975716,3
1719426074.8586252,3
1719426078.7435455,3
1719426082.8157473,3
1719426086.6564217,3
1719426090.5224953,3
1719426094.3639345,3
1719426098.116293,3
1719426101.9184034,3
1719426105.9102192,3
1719426109.766498,3
1719426113.48367,3
1719426117.2296898,3
1719426121.0499823,3
1719426124.9943068,3
1719426128.9720538,3
1719426132.817945,3
1719426136.7137794,3
1719426140.6545806,3
1719426144.5990338,3
1719426148.5563946,3
1719426152.2651012,3
1719426156.0175962,3
1719426159.8242688,3
1719426163.702494,3
1719426167.5612104,3
1719426171.3142662,3
1719426175.102628,3
1719426179.0888548,3
1719426182.688095,3
1719426186.6538994,3
1719426190.4352553,3
1719426194.2008212,3
1719426198.0246303,3
1719426201.8607922,3
1719426205.7003713,3
1719426209.6754882,3
1719426213.4435828,3
1719426217.206422,3
1719426220.8498378,3
1719426224.6068735,3
1719426228.511032,3
1719426232.1115992,3
1719426235.910395,3
1719426239.7605124,3
1719426243.5282316,3
1719426247.3759365,3
1719426251.3330746,3
1719426255.2105663,3
1719426259.2158487,3
1719426263.0133126,3
1719426266.9546475,3
1719426270.7288744,3
1719426274.5422912,3
1719426278.4040017,3
1719426282.126981,3
1719426285.8859534,3
1719426289.7525313,3
1719426293.727455,3
1719426297.5729003,3
1719426301.2960272,3
1719426304.8818743,3
1719426308.6678936,3
1719426312.6023824,3
1719426316.4687474,3
1719426320.5942302,3
1719426324.4828675,3
1719426328.2513874,3
1719426332.0910294,3
1719426335.8876066,3
1719426339.6983147,3
1719426343.41157,3
1719426347.035363,3
1719426350.8346229,3
1719426354.7637541,3
1719426358.6093755,3
1719426362.485583,3
1719426366.3358247,3
1719426370.0893786,3
1719426374.0352333,3
1719426377.937975,3
1719426381.7760613,3
1719426385.665508,3
1719426389.2741604,3
1719426393.059887,3
1719426397.0158534,3
1719426400.775711,3
1719426404.7522595,3
1719426408.487312,3
1719426412.545457,3
1719426416.4265487,3
1719426420.2403686,3
1719426423.9019265,3
1719426427.7127464,3
1719426431.3032596,3
1719426435.1766102,3
1719426438.9198167,3
1719426442.6978254,3
1719426446.784479,3
1719426450.5368888,3
1719426454.3277478,3
1719426458.1395807,3
1719426461.9816244,3
1719426465.9569173,3
1719426469.7872121,3
1719426473.4223933,3
1719426477.3589835,3
1719426481.220755,3
1719426485.0317693,3
1719426488.8868093,3
1719426492.6973376,3
1719426496.481008,3
1719426500.2484038,3
1719426503.9969485,3
1719426507.7393556,3
1719426511.680249,3
1719426515.179247,3
1719426519.037339,3
1719426523.0231156,3
1719426526.7718105,3
1719426530.4725854,3
1719426534.2803874,3
1719426538.0723963,3
1719426541.8171248,3
1719426545.6345658,3
1719426549.5699363,3
1719426553.3876934,3
1719426557.2844262,3
1719426561.2700005,3
1719426565.0867922,3
1719426568.9907613,3
1719426572.9916756,3
1719426577.1117806,3
1719426580.933886,3
1719426584.7524636,3
1719426588.586532,3
1719426592.3526478,3
1719426596.1313274,3
1719426599.7285495,3
1719426603.5401907,3
1719426607.4882283,3
1719426611.2767422,3
1719426615.0602412,3
1719426618.8836987,3
1719426622.7298083,3
1719426626.5333176,3
1719426630.3149931,3
1719426634.050389,3
1719426637.8519,3
1719426641.4658275,3
1719426645.3153296,3
1719426649.2778687,3
1719426653.14015,3
1719426656.9477544,3
1719426660.7283344,3
1719426664.6698456,3
1719426668.494216,3
1719426672.3617225,3
1719426676.1080368,3
1719426679.862099,3
1719426683.6920342,3
1719426687.471012,3
1719426691.3819273,3
1719426695.3201578,3
1719426699.1174612,3
1719426703.1009574,3
1719426706.8908691,3
1719426710.6314266,3
1719426714.4350176,3
1719426718.3845634,3
1719426722.2280056,3
1719426726.080486,3
1719426729.8353333,3
1719426733.7290552,3
1719426737.5664907,3
1719426741.3597517,3
1719426745.2105832,3
1719426748.820629,3
1719426752.8688276,3
1719426756.576371,3
1719426760.3880522,3
1719426764.5046265,3
1719426768.093253,3
1719426771.971447,3
1719426775.8321822,3
1719426779.6342318,3
1719426783.3868234,3
1719426787.1692297,3
1719426790.913076,3
1719426794.705781,3
1719426798.5447586,3
1719426802.26627,3
1719426806.0800452,3
1719426809.6964648,3
1719426813.4783185,3
1719426817.4151385,3
1719426821.227484,3
1719426824.9633386,3
1719426828.935895,3
1719426832.6811666,3
1719426836.4489954,3
1719426840.2069623,3
1719426844.0540416,3
1719426847.915114,3
1719426851.6649091,3
1719426855.4685097,3
1719426859.2093058,3
1719426862.9341056,3
1719426866.8365476,3
1719426870.5914207,3
1719426874.6595001,3
1719426878.4046702,3
1719426882.1846044,3
1719426886.0135808,3
1719426889.7980063,3
1719426893.559763,3
1719426897.3580403,3
1719426901.1433127,3
1719426905.0274343,3
1719426908.7048082,3
1719426912.530245,3
1719426916.3970916,3
1719426920.1298616,3
1719426923.8631587,3
1719426927.6349916,3
1719426931.5092711,3
1719426935.12064,3
1719426939.0172322,3
1719426942.744214,3
1719426946.4673486,3
1719426950.3491077,3
1719426954.184136,3
1719426957.9733994,3
1719426961.7122195,3
1719426965.5795655,3
1719426969.4019177,3
1719426973.303294,3
1719426977.0415337,3
1719426980.9892564,3
1719426984.9270504,3
1719426988.6612196,3
1719426992.4881625,3
1719426996.3088853,3
1719427000.0666296,3
1719427003.8491662,3
1719427007.629426,3
1719427011.4041493,3
1719427015.3146827,3
1719427018.896853,3
1719427022.7306051,3
1719427026.5716572,3
1719427030.4625378,3
1719427034.1136966,3
1719427037.8819954,3
1719427041.751912,3
1719427045.5028071,3
1719427049.263568,3
1719427053.2790005,3
1719427057.0532508,3
1719427060.80431,3
1719427064.5941038,3
1719427068.4272628,3
1719427072.2127645,3
1719427075.9525018,3
1719427079.7813396,3
1719427083.6641428,3
1719427087.4246726,3
1719427091.2001905,3
1719427094.9691706,3
1719427098.860135,3
1719427102.8513076,3
1719427106.6621964,3
1719427110.461598,3
1719427114.433842,3
1719427118.466864,3
1719427122.240337,3
1719427126.0278769,3
1719427129.8815162,3
1719427133.628766,3
1719427137.3795676,3
1719427141.2387807,3
1719427145.046837,3
1719427148.9481685,3
1719427152.7881465,3
1719427156.7458003,3
1719427160.525406,3
1719427164.376907,3
1719427168.229577,3
1719427172.0844247,3
1719427175.9063308,3
1719427179.6682909,3
1719427183.4110794,3
1719427187.1716273,3
1719427190.9529588,3
1719427194.722683,3
1719427198.5444338,3
1719427202.4196985,3
1719427206.308281,3
1719427210.0586038,3
1719427213.97554,3
1719427217.7964907,3
1719427221.623802,3
1719427225.3071017,3
1719427229.0313823,3
1719427232.854053,3
1719427236.8918898,3
1719427240.7377963,3
1719427244.8152325,3
1719427248.6773577,3
1719427252.668197,3
1719427256.5060825,3
1719427260.3319936,3
1719427264.1549318,3
1719427268.0437422,3
1719427271.64428,3
1719427275.4940784,3
1719427279.3565905,3
1719427283.274516,3
1719427287.0655017,3
1719427290.8858323,3
1719427294.7371683,3
1719427298.6461709,3
1719427302.5394464,3
1719427306.1912987,3
1719427310.244024,3
1719427314.0011322,3
1719427317.7904046,3
1719427321.6336317,3
1719427325.5010202,3
1719427329.5690744,3
1719427333.5319445,3
1719427337.356159,3
1719427341.2000568,3
1719427345.0322056,3
1719427348.7828364,3
1719427352.5831711,3
1719427356.5833905,3
1719427360.3455791,3
1719427364.169412,3
1719427368.0204115,3
1719427371.7872627,3
1719427375.6950407,3
1719427379.6559997,3
1719427383.4014962,3
1719427387.1568122,3
1719427391.170483,3
1719427394.8643374,3
1719427398.7233102,3
1719427402.5856197,3
1719427406.3043814,3
1719427410.162347,3
1719427413.9997,3
1719427417.8791375,3
1719427421.6644685,3
1719427425.5199986,3
1719427429.3455713,3
1719427433.1265478,3
1719427436.9009256,3
1719427440.7144086,3
1719427444.5991313,3
1719427448.3573556,3
1719427452.1367135,3
1719427455.8762703,3
1719427459.6263,3
1719427463.4608738,3
1719427467.193216,3
1719427471.1296043,3
1719427474.9884896,3
1719427478.7447762,3
1719427482.6500137,3
1719427486.4505541,3
1719427490.3902252,3
1719427494.2371004,3
1719427498.0790849,3
1719427501.8498769,3
1719427505.7089913,3
1719427509.4500544,3
1719427513.5161464,3
1719427517.30892,3
1719427521.2721357,3
1719427524.920849,3
1719427528.8183644,3
1719427532.6918113,3
1719427536.575282,3
1719427540.3635178,3
1719427544.208091,3
1719427547.9567997,3
1719427551.826518,3
1719427555.6395023,3
1719427559.430011,3
1719427563.1997132,3
1719427566.7969751,3
1719427570.6568413,3
1719427574.4958007,3
1719427578.2879171,3
1719427581.9947991,3
1719427585.7912433,3
1719427589.6276488,3
1719427593.517726,3
1719427597.382893,3
1719427601.1094403,3
1719427604.8808532,3
1719427608.508965,3
1719427612.2505546,3
1719427616.066808,3
1719427619.863449,3
1719427623.607569,3
1719427627.4885783,3
1719427631.2804105,3
1719427635.041969,3
1719427638.8954036,3
1719427642.7266288,3
1719427646.399978,3
1719427650.303492,3
1719427654.00939,3
1719427657.808627,3
1719427661.7336245,3
1719427665.5504498,3
1719427669.4504879,3
1719427673.3313475,3
1719427677.1221268,3
1719427680.8352404,3
1719427684.6579492,3
1719427688.4916413,3
1719427692.3990982,3
1719427696.3022537,3
1719427700.090567,3
1719427703.9151525,3
1719427707.759369,3
1719427711.6889527,3
1719427715.5968132,3
1719427719.511863,3
1719427723.3219142,3
1719427727.1991467,3
1719427731.2794788,3
1719427735.0357509,3
1719427738.840581,3
1719427742.6874652,3
1719427746.4394758,3
1719427750.1796129,3
1719427753.9761064,3
1719427757.8188317,3
1719427761.5971706,3
1719427765.4559104,3
1719427769.4255648,3
1719427773.266769,3
1719427776.8994796,3
1719427780.688922,3
1719427784.4308488,3
1719427788.3024518,3
1719427792.0366228,3
1719427795.8501298,3
1719427799.6467602,3
1719427803.4324782,3
1719427807.2981443,3
1719427811.043948,3
1719427814.9496145,3
1719427818.779926,3
1719427822.5667326,3
1719427826.4467056,3
1719427830.2403393,3
1719427834.084957,3
1719427837.8773677,3
1719427841.7618756,3
1719427845.6802971,3
1719427849.4015818,3
1719427853.262387,3
1719427857.023761,3
1719427860.6303833,3
1719427864.4239728,3
1719427868.3354754,3
1719427872.2433898,3
1719427875.966502,3
1719427879.825205,3
1719427883.6518137,3
1719427887.445656,3
1719427891.4155073,3
1719427895.2670434,3
1719427899.0105884,3
1719427902.5854008,3
1719427906.370364,3
1719427910.2233248,3
1719427914.0199018,3
1719427918.1154208,3
1719427921.887154,3
1719427925.7135386,3
1719427929.537741,3
1719427933.5601902,3
1719427937.3731217,3
1719427941.1736646,3
1719427944.7950964,3
1719427948.7006626,3
1719427952.467242,3
1719427956.1976874,3
1719427959.9434757,3
1719427963.6395154,3
1719427967.4511445,3
1719427971.3427598,3
1719427975.2184718,3
1719427978.9922001,3
1719427982.8448174,3
1719427986.487832,3
1719427990.452921,3
1719427994.3345692,3
1719427998.140273,3
1719428001.967929,3
1719428005.8868,3
1719428009.6154618,3
1719428013.3716881,3
1719428017.2497694,3
1719428021.0789344,3
1719428024.8121111,3
1719428028.6961277,3
1719428032.5123284,3
1719428036.2501082,3
1719428040.0123777,3
1719428043.807759,3
1719428047.6729107,3
1719428051.4232888,3
1719428055.3253546,3
1719428059.0865748,3
1719428062.8421729,3
1719428066.591478,3
1719428070.4215152,3
1719428074.1880434,3
1719428078.0368924,3
1719428081.8696275,3
1719428085.7029686,3
1719428089.5519059,3
1719428093.3780518,3
1719428097.204086,3
1719428101.0678873,3
1719428104.8311841,3
1719428108.6321752,3
1719428112.3547764,3
1719428116.0500402,3
1719428119.824843,3
1719428123.6505036,3
1719428127.4026566,3
1719428131.250564,3
1719428135.1194859,3
1719428139.0395732,3
1719428142.836873,3
1719428146.7480311,3
1719428150.6481702,3
1719428154.4867544,3
1719428158.372421,3
1719428162.2561944,3
1719428166.2754157,3
1719428170.0092638,3
1719428173.8591113,3
1719428177.5971172,3
1719428181.4296618,3
1719428185.1175866,3
1719428188.9925735,3
1719428192.5939357,3
1719428196.4097593,3
1719428200.178016,3
1719428203.9988263,3
1719428207.7511413,3
1719428211.643354,3
1719428215.476043,3
1719428219.1086917,3
1719428222.8856623,3
1719428226.597904,3
1719428230.3562496,3
1719428234.0372987,3
1719428237.924155,3
1719428241.8090367,3
1719428245.8855643,3
1719428249.8144865,3
1719428253.5875227,3
1719428257.3340566,3
1719428261.0950851,3
1719428264.9483912,3
1719428268.7156641,3
1719428272.5713527,3
1719428276.445575,3
1719428280.1347976,3
1719428284.0460098,3
1719428287.7805705,3
1719428291.6144812,3
1719428295.360879,3
1719428299.1631117,3
1719428302.9882038,3
1719428306.8168252,3
1719428310.616285,3
1719428314.307071,3
1719428318.2367437,3
1719428322.246497,3
1719428326.011543,3
1719428329.9349349,3
1719428333.7146702,3
1719428337.5126529,3
1719428341.2525415,3
1719428345.011987,3
1719428348.9416614,3
1719428352.686867,3
1719428356.515782,3
1719428360.5742593,3
1719428364.4889572,3
1719428368.275062,3
1719428372.061691,3
1719428375.9067261,3
1719428379.9412477,3
1719428383.7204208,3
1719428387.5387206,3
1719428391.3355157,3
1719428395.0979974,3
1719428398.8165317,3
1719428402.6756792,3
1719428406.4910088,3
1719428410.579996,3
1719428414.2784424,3
1719428418.1720252,3
1719428422.010338,3
1719428425.7360744,3
1719428429.6272562,3
1719428433.385343,3
1719428437.037923,3
1719428440.8208385,3
1719428444.6090353,3
1719428448.3893192,3
1719428452.1698155,3
1719428455.9412742,3
1719428459.694713,3
1719428463.6072304,3
1719428467.4064288,3
1719428471.1904879,3
1719428474.9606254,3
1719428478.761908,3
1719428482.499617,3
1719428486.2880049,3
1719428490.0301273,3
1719428493.8451684,3
1719428497.7627428,3
1719428501.5059319,3
1719428505.3024611,3
1719428509.3023543,3
1719428513.0776744,3
1719428516.9278119,3
1719428520.7616613,3
1719428524.6965632,3
1719428528.4790063,3
1719428532.5082135,3
1719428536.2011921,3
1719428539.8802972,3
1719428543.6341946,3
1719428547.5007164,3
1719428551.3575525,3
1719428555.0724661,3
1719428558.89052,3
1719428562.8084564,3
1719428566.5592585,3
1719428570.2902439,3
1719428574.168897,3
1719428578.0181453,3
1719428581.7862625,3
1719428585.5219746,3
1719428589.2114575,3
1719428593.1019003,3
1719428596.874507,3
1719428600.710293,3
1719428604.6217434,3
1719428608.661558,3
1719428612.2903347,3
1719428616.0198495,3
1719428619.7284617,3
1719428623.5930583,3
1719428627.4590437,3
1719428631.2870815,3
1719428635.1619232,3
1719428639.0034878,3
1719428642.849375,3
1719428646.664982,3
1719428650.5532498,3
1719428654.1402924,3
1719428658.0579014,3
1719428661.8045034,3
1719428665.537039,3
1719428669.4124784,3
1719428673.2889228,3
1719428677.0265448,3
1719428680.8809478,3
1719428684.7680392,3
1719428688.7441545,3
1719428692.6141977,3
1719428696.2217836,3
1719428700.0367293,3
1719428703.856587,3
1719428707.7460659,3
1719428711.6615715,3
1719428715.3949,3
1719428719.217585,3
1719428723.1723197,3
1719428726.976738,3
1719428730.845747,3
1719428734.5971332,3
1719428738.3199763,3
1719428742.1721504,3
1719428746.01659,3
1719428749.7759128,3
1719428753.5550895,3
1719428757.4319134,3
1719428761.3128126,3
1719428765.0734918,3
1719428768.9334319,3
1719428772.772161,3
1719428776.6030426,3
1719428780.460307,3
1719428784.5237567,3
1719428788.41218,3
1719428792.2817366,3
1719428796.0563507,3
1719428799.929617,3
1719428803.8592381,3
1719428807.6367552,3
1719428811.4760885,3
1719428815.1416059,3
1719428819.033727,3
1719428822.8907056,3
1719428826.875175,3
1719428830.6522942,3
1719428834.6687582,3
1719428838.4655185,3
1719428842.2134933,3
1719428846.0884984,3
1719428849.8036776,3
1719428853.5881608,3
1719428857.3227003,3
1719428861.139888,3
1719428864.964252,3
1719428868.6291914,3
1719428872.4371421,3
1719428876.2987032,3
1719428880.0257375,3
1719428883.854896,3
1719428887.7994232,3
1719428891.6732333,3
1719428895.5285413,3
1719428899.3486786,3
1719428903.2968924,3
1719428906.9250233,3
1719428910.71138,3
1719428914.520559,3
1719428918.2994924,3
1719428922.1429296,3
1719428925.9769676,3
1719428929.764463,3
1719428933.5083234,3
1719428937.434635,3
1719428941.2588546,3
1719428945.0463207,3
1719428948.6148877,3
1719428952.4350448,3
1719428956.2360263,3
1719428959.9548469,3
1719428963.8334334,3
1719428967.7018847,3
1719428971.4284089,3
1719428975.3455026,3
1719428979.2024744,3
1719428982.9567552,3
1719428986.790822,3
1719428990.603248,3
1719428994.3976367,3
1719428998.2754405,3
1719429002.0604458,3
1719429005.853246,3
1719429009.6954305,3
1719429013.4576538,3
1719429017.29502,3
1719429021.2743778,3
1719429025.1918416,3
1719429028.9006715,3
1719429032.548643,3
1719429036.4729545,3
1719429040.3042638,3
1719429044.1060927,3
1719429047.8991537,3
1719429051.7345314,3
1719429055.586325,3
1719429059.3646977,3
1719429063.2394893,3
1719429067.089492,3
1719429070.8755143,3
1719429074.4624496,3
1719429078.3233469,3
1719429082.0459309,3
1719429085.8100162,3
1719429089.568435,3
1719429093.3544161,3
1719429097.1202579,3
1719429100.838482,3
1719429104.6875374,3
1719429108.6283824,3
1719429112.48292,3
1719429116.1413498,3
1719429119.974542,3
1719429123.8379898,3
1719429127.5849433,3
1719429131.2346535,3
1719429135.2570136,3
1719429139.0351224,3
1719429142.8839781,3
1719429146.669294,3
1719429150.539555,3
1719429154.3653727,3
1719429158.1550808,3
1719429162.0345182,3
1719429165.846294,3
1719429169.7495515,3
1719429173.608615,3
1719429177.3826137,3
1719429181.319729,3
1719429185.1742544,3
1719429188.8909051,3
1719429192.6512878,3
1719429196.530893,3
1719429200.179296,3
1719429204.1571288,3
1719429207.9688475,3
1719429211.7957952,3
1719429215.5700135,3
1719429219.5464866,3
1719429223.3373601,3
1719429227.0769305,3
1719429230.9119568,3
1719429234.722511,3
1719429238.582919,3
1719429242.1456804,3
1719429245.854992,3
1719429249.5817409,3
1719429253.4229558,3
1719429257.1872134,3
1719429261.0267053,3
1719429264.7738414,3
1719429268.555435,3
1719429272.4413798,3
1719429276.2907844,3
1719429280.1350033,3
1719429284.0120375,3
1719429287.9058456,3
1719429291.7562473,3
1719429295.5440476,3
1719429299.3640678,3
1719429303.2677197,3
1719429307.0992146,3
1719429310.7797492,3
1719429314.5936825,3
1719429318.391847,3
1719429322.1884027,3
1719429326.0760238,3
1719429329.7667894,3
1719429333.535515,3
1719429337.3231792,3
1719429341.2510283,3
1719429344.9804752,3
1719429348.7740915,3
1719429352.6328914,3
1719429356.4107342,3
1719429360.42491,3
1719429364.2042608,3
1719429367.816891,3
1719429371.6961553,3
1719429375.5437438,3
1719429379.3820546,3
1719429383.3209283,3
1719429387.0863872,3
1719429390.8429809,3
1719429394.7625554,3
1719429398.6509657,3
1719429402.3756378,3
1719429406.1684072,3
1719429409.9385078,3
1719429413.8071096,3
1719429417.6935794,3
1719429421.550332,3
1719429425.3715808,3
1719429429.2037346,3
1719429432.9009922,3
1719429436.5815117,3
1719429440.459788,3
1719429444.5171669,3
1719429448.4658413,3
1719429452.1188135,3
1719429455.9388556,3
1719429459.7048554,3
1719429463.4696882,3
1719429467.3595347,3
1719429471.1494682,3
1719429474.9291387,3
1719429478.7491868,3
1719429482.4990997,3
1719429486.3274736,3
1719429490.134124,3
1719429493.721702,3
1719429497.5486412,3
1719429501.377722,3
1719429505.169027,3
1719429509.1445398,3
1719429512.8634367,3
1719429516.7681696,3
1719429520.650607,3
1719429524.723526,3
1719429528.5800557,3
1719429532.460036,3
1719429536.0600066,3
1719429539.8322372,3
1719429543.7266374,3
1719429547.3052766,3
1719429551.0276191,3
1719429554.8342233,3
1719429558.5904977,3
1719429562.3155077,3
1719429566.1746194,3
1719429569.9241118,3
1719429573.7612846,3
1719429577.345254,3
1719429581.1105847,3
1719429584.9354846,3
1719429588.6989005,3
1719429592.4527838,3
1719429596.3777041,3
1719429600.0995414,3
1719429603.8759003,3
1719429607.698852,3
1719429611.5580852,3
1719429615.2918148,3
1719429619.3079696,3
1719429623.1738155,3
1719429627.0492904,3
1719429630.8507426,3
1719429634.57414,3
1719429638.3637998,3
1719429642.1382196,3
1719429646.0201554,3
1719429649.7817714,3
1719429653.5803287,3
1719429657.326425,3
1719429661.0732486,3
1719429664.7828934,3
1719429668.6374855,3
1719429672.537911,3
1719429676.1439052,3
1719429680.0099857,3
1719429683.8956485,3
1719429687.6481836,3
1719429691.4519782,3
1719429695.3467188,3
1719429699.1601508,3
1719429702.8170142,3
1719429706.578614,3
1719429710.4463499,3
1719429714.2679644,3
1719429718.0184572,3
1719429721.6994865,3
1719429725.6458826,3
1719429729.535775,3
1719429733.4308817,3
1719429737.1602025,3
1719429741.13669,3
1719429744.7660937,3
1719429748.6290772,3
1719429752.3770401,3
1719429756.3300471,3
1719429760.1481714,3
1719429763.9729996,3
1719429767.7267938,3
1719429771.641028,3
1719429775.6669784,3
1719429779.4945521,3
1719429783.3957493,3
1719429787.152902,3
1719429790.9691925,3
1719429794.5883954,3
1719429798.461789,3
1719429802.3641226,3
1719429806.340942,3
1719429810.1877434,3
1719429813.9794793,3
1719429817.773665,3
1719429821.637409,3
1719429825.551378,3
1719429829.360781,3
1719429833.1071827,3
1719429836.9458733,3
1719429840.8129678,3
1719429844.7268684,3
1719429848.5805855,3
1719429852.3636854,3
1719429856.212688,3
1719429859.918695,3
1719429863.7254527,3
1719429867.5658884,3
1719429871.3305619,3
1719429875.1165957,3
1719429878.7843785,3
1719429882.574032,3
1719429886.2200513,3
1719429889.7863247,3
1719429893.5453699,3
1719429897.2747943,3
1719429901.3061733,3
1719429905.025384,3
1719429908.855958,3
1719429912.617549,3
1719429916.419066,3
1719429920.3531811,3
1719429924.2649963,3
1719429928.0160294,3
1719429931.7474556,3
1719429935.5868175,3
1719429939.3814552,3
1719429943.1581607,3
1719429946.8834758,3
1719429950.6320374,3
1719429954.4417355,3
1719429958.1946692,3
1719429961.941355,3
1719429965.6793575,3
1719429969.4158063,3
1719429973.2379818,3
1719429977.0081491,3
1719429980.7772975,3
1719429984.56828,3
1719429988.301604,3
1719429992.0993936,3
1719429995.7620285,3
1719429999.4777303,3
1719430003.2978616,3
1719430007.0813,3
1719430010.8746393,3
1719430014.7625558,3
1719430018.5454743,3
1719430022.3739388,3
1719430026.2498934,3
1719430030.0860555,3
1719430033.871899,3
1719430037.6206582,3
1719430041.4626722,3
1719430045.2152443,3
1719430049.0884836,3
1719430052.926234,3
1719430056.6712513,3
1719430060.476117,3
1719430064.2281475,3
1719430068.030067,3
1719430071.815708,3
1719430075.606161,3
1719430079.297594,3
1719430083.0947893,3
1719430086.955794,3
1719430090.7890966,3
1719430094.6878157,3
1719430098.5357718,3
1719430102.2683327,3
1719430106.1334167,3
1719430109.95119,3
1719430113.717376,3
1719430117.250047,3
1719430121.0812106,3
1719430124.806187,3
1719430128.579677,3
1719430132.3373382,3
1719430136.1822371,3
1719430139.8734097,3
1719430143.7550948,3
1719430147.5617108,3
1719430151.2813315,3
1719430155.0864792,3
1719430158.9015849,3
1719430162.6381748,3
1719430166.541753,3
1719430170.3968155,3
1719430174.3641365,3
1719430178.274719,3
1719430182.0451796,3
1719430185.9764411,3
1719430189.707505,3
1719430193.7011895,3
1719430197.5743704,3
1719430201.2043538,3
1719430204.9738307,3
1719430208.8985157,3
1719430212.6171768,3
1719430216.4103677,3
1719430220.3237977,3
1719430224.169018,3
1719430228.1366818,3
1719430231.9552805,3
1719430235.658064,3
1719430239.465121,3
1719430243.091175,3
1719430246.8537664,3
1719430250.927803,3
1719430254.661319,3
1719430258.4007885,3
1719430262.2706945,3
1719430266.0622134,3
1719430269.8512096,3
1719430273.675365,3
1719430277.392127,3
1719430281.208981,3
1719430285.1069503,3
1719430288.960628,3
1719430292.742184,3
1719430296.6035097,3
1719430300.4034853,3
1719430304.195821,3
1719430307.8554199,3
1719430311.8305008,3
1719430315.6964536,3
1719430319.516105,3
1719430323.2554839,3
1719430327.1426728,3
1719430330.9033275,3
1719430334.793663,3
1719430338.675427,3
1719430342.712099,3
1719430346.5298455,3
1719430350.2204905,3
1719430354.0387938,3
1719430357.9033086,3
1719430361.6691382,3
1719430365.4739223,3
1719430369.217633,3
1719430373.0856228,3
1719430376.8088856,3
1719430380.4470205,3
1719430384.3416996,3
1719430388.1050394,3
1719430391.89155,3
1719430395.7850964,3
1719430399.6879616,3
1719430403.480353,3
1719430407.2873466,3
1719430411.159606,3
1719430414.8883579,3
1719430418.825768,3
1719430422.599776,3
1719430426.3594956,3
1719430430.177125,3
1719430433.9198482,3
1719430437.7486603,3
1719430441.4550679,3
1719430445.3068197,3
1719430449.1762025,3
1719430452.9450004,3
1719430456.7371314,3
1719430460.5718665,3
1719430464.5711823,3
1719430468.4246736,3
1719430472.2595701,3
1719430476.0731573,3
1719430479.8036027,3
1719430483.5578957,3
1719430487.5693817,3
1719430491.4340837,3
1719430495.0496967,3
1719430498.9344742,3
1719430502.80833,3
1719430506.569688,3
1719430510.4066107,3
1719430514.1007137,3
1719430517.8699179,3
1719430521.6986105,3
1719430525.5102406,3
1719430529.2715845,3
1719430533.2251155,3
1719430536.9194539,3
1719430540.7210813,3
1719430544.686639,3
1719430548.4455822,3
1719430552.2621083,3
1719430556.0395682,3
1719430559.900895,3
1719430563.6647909,3
1719430567.5199568,3
1719430571.2948234,3
1719430575.2752979,3
1719430578.8604286,3
1719430582.6690116,3
1719430586.6480465,3
1719430590.4560928,3
1719430594.1958942,3
1719430597.991643,3
1719430601.7183223,3
1719430605.470489,3
1719430609.2679977,3
1719430613.0812647,3
1719430617.0140631,3
1719430620.6217701,3
1719430624.436199,3
1719430628.207358,3
1719430632.011723,3
1719430635.6866443,3
1719430639.33243,3
1719430642.991893,3
1719430646.7506742,3
1719430650.5245883,3
1719430654.3926022,3
1719430658.1161008,3
1719430661.7556,3
1719430665.5861225,3
1719430669.3849545,3
1719430673.1393573,3
1719430677.0472748,3
1719430680.8151722,3
1719430684.5147693,3
1719430688.5423343,3
1719430692.4630833,3
1719430696.3643904,3
1719430700.10101,3
1719430704.0500836,3
1719430707.8042414,3
1719430711.7012491,3
1719430715.4320817,3
1719430719.4541585,3
1719430723.4119895,3
1719430727.2986507,3
1719430731.136831,3
1719430734.9327543,3
1719430738.6540923,3
1719430742.4395587,3
1719430746.3282757,3
1719430750.1624112,3
1719430754.004972,3
1719430757.9119875,3
1719430761.7165976,3
1719430765.6197233,3
1719430769.4269314,3
1719430773.4327118,3
1719430777.193961,3
1719430780.898056,3
1719430784.7235954,3
1719430788.3358376,3
1719430791.9626873,3
1719430795.6584742,3
1719430799.481965,3
1719430803.2075715,3
1719430806.9890354,3
1719430810.8048184,3
1719430814.6555269,3
1719430818.4648345,3
1719430822.2704046,3
1719430825.9940088,3
1719430829.597299,3
1719430833.3166907,3
1719430837.1245105,3
1719430841.2905655,3
1719430845.0094893,3
1719430848.7441843,3
1719430852.5816805,3
1719430856.4268308,3
1719430860.3199809,3
1719430864.1313019,3
1719430867.9462943,3
1719430871.5820892,3
1719430875.3456404,3
1719430879.0889623,3
1719430882.81815,3
1719430886.6351657,3
1719430890.5432122,3
1719430894.3012652,3
1719430898.0891411,3
1719430901.9200938,3
1719430905.9392,3
1719430909.7772458,3
1719430913.4655802,3
1719430917.3642423,3
1719430921.1949337,3
1719430924.9049993,3
1719430928.7495894,3
1719430932.4596317,3
1719430936.2520664,3
1719430940.0786698,3
1719430943.8093266,3
1719430947.7454855,3
1719430951.6296725,3
1719430955.353546,3
1719430959.2730718,3
1719430963.0580907,3
1719430966.869909,3
1719430970.679419,3
1719430974.6475213,3
1719430978.4153597,3
1719430982.1699023,3
1719430985.903343,3
1719430989.7696066,3
1719430993.4475527,3
1719430997.1301594,3
1719431000.9672117,3
1719431005.0049448,3
1719431008.8938441,3
1719431012.6850138,3
1719431016.5396414,3
1719431020.4346967,3
1719431024.3854036,3
1719431028.2711701,3
1719431032.0434558,3
1719431035.7809885,3
1719431039.3977714,3
1719431043.1564994,3
1719431047.1038673,3
1719431050.9309516,3
1719431054.92456,3
1719431058.8081691,3
1719431062.5453458,3
1719431066.3262882,3
1719431070.032001,3
1719431074.133483,3
1719431078.0041761,3
1719431081.762127,3
1719431085.516196,3
1719431089.3027384,3
1719431093.0711572,3
1719431096.9058812,3
1719431100.9827123,3
1719431104.7740602,3
1719431108.6335042,3
1719431112.471807,3
1719431116.433592,3
1719431120.2290196,3
1719431124.1195693,3
1719431127.9276018,3
1719431131.5787005,3
1719431135.5003188,3
1719431139.25175,3
1719431143.1319673,3
1719431146.8853552,3
