1719415149.071121,10
1719415153.1957378,10
1719415157.3942363,10
1719415161.5398479,10
1719415165.7023022,10
1719415169.8626058,10
1719415174.0855978,10
1719415178.2432153,10
1719415182.4724014,10
1719415186.614631,10
1719415190.6228833,10
1719415194.798323,10
1719415198.9086514,10
1719415203.1210968,10
1719415207.3441901,10
1719415211.3698676,10
1719415215.5444012,10
1719415219.714205,10
1719415223.9540796,10
1719415228.1228194,10
1719415232.3183177,10
1719415236.484831,10
1719415240.7784953,10
1719415245.0764372,10
1719415249.4419289,10
1719415253.6189241,10
1719415257.7778745,10
1719415262.0756388,10
1719415266.299458,10
1719415270.4655056,10
1719415274.442433,10
1719415278.9394336,10
1719415283.3302624,10
1719415287.464624,10
1719415291.6223025,10
1719415295.819646,10
1719415300.2641647,10
1719415304.4160366,10
1719415308.6242583,10
1719415312.8063204,10
1719415316.9649382,10
1719415321.1525054,10
1719415325.324877,10
1719415329.5272012,10
1719415334.0116792,10
1719415338.236563,10
1719415342.4681134,10
1719415346.5901868,10
1719415350.7503526,10
1719415354.9279065,10
1719415358.948899,10
1719415363.16992,10
1719415367.651062,10
1719415371.765943,10
1719415375.9592605,10
1719415380.1199253,10
1719415384.3577166,10
1719415388.4923835,10
1719415392.7981672,10
1719415396.9137669,10
1719415400.9271898,10
1719415405.186307,10
1719415409.5068219,10
1719415414.001934,10
1719415418.124677,10
1719415422.4650016,10
1719415426.5748804,10
1719415430.71416,10
1719415434.953797,10
1719415439.1374962,10
1719415443.4449873,10
1719415447.6432707,10
1719415451.7720602,10
1719415455.8473797,10
1719415460.1126451,10
1719415464.374856,10
1719415468.5902774,10
1719415472.8375354,10
1719415476.9809334,10
1719415481.1285856,10
1719415485.4278216,10
1719415489.5808527,10
1719415494.0025907,10
1719415498.1748588,10
1719415502.3149757,10
1719415506.61736,10
1719415510.795345,10
1719415514.9015455,10
1719415519.0339556,10
1719415523.169799,10
1719415527.4900334,10
1719415531.6828723,10
1719415535.8130236,10
1719415540.0478551,10
1719415544.2118273,10
1719415548.3505962,10
1719415552.6338668,10
1719415556.8414059,10
1719415560.9479072,10
1719415565.0116956,10
1719415569.181159,10
1719415573.2907298,10
1719415577.4664555,10
1719415581.622334,10
1719415586.0885406,10
1719415590.1597776,10
1719415594.2958546,10
1719415598.4317267,10
1719415602.5685039,10
1719415606.7471335,10
1719415611.0166397,10
1719415615.1558259,10
1719415619.23732,10
1719415623.4305015,10
1719415627.5641983,10
1719415631.766465,10
1719415635.8920484,10
1719415640.1502447,10
1719415644.3112397,10
1719415648.401874,10
1719415652.5799716,10
1719415656.8726976,10
1719415661.3229978,10
1719415665.6454167,10
1719415669.893641,10
1719415674.038942,10
1719415678.271019,10
1719415682.698414,10
1719415687.0501282,10
1719415691.0393522,10
1719415695.2142384,10
1719415699.4222052,10
1719415703.677797,10
1719415707.8836513,10
1719415712.0845964,10
1719415716.311651,10
1719415720.6316772,10
1719415724.7992542,10
1719415729.0414634,10
1719415733.316998,10
1719415737.5283916,10
1719415741.6493301,10
1719415745.677264,10
1719415749.899872,10
1719415753.9744902,10
1719415758.2854786,10
1719415762.5010037,10
1719415766.7523031,10
1719415771.007664,10
1719415775.037574,10
1719415779.2205422,10
1719415783.3216739,10
1719415787.4949775,10
1719415791.657428,10
1719415795.739255,10
1719415799.8615317,10
1719415804.1742237,10
1719415808.450405,10
1719415812.5217474,10
1719415816.476922,10
1719415820.661264,10
1719415824.944867,10
1719415829.1599467,10
1719415833.3711238,10
1719415837.6555166,10
1719415841.9432747,10
1719415846.1422486,10
1719415850.4831762,10
1719415854.6372895,10
1719415858.6197913,10
1719415862.7406392,10
1719415866.9688575,10
1719415871.1297953,10
1719415875.2369082,10
1719415879.4191403,10
1719415883.6508124,10
1719415887.8239126,10
1719415891.942313,10
1719415896.120699,10
1719415900.0913582,10
1719415904.2109797,10
1719415908.318587,10
1719415912.4782088,10
1719415916.705972,10
1719415920.8727634,10
1719415925.0492036,10
1719415929.1922514,10
1719415933.3440433,10
1719415937.3120725,10
1719415941.1209714,10
1719415945.395401,10
1719415949.5112956,10
1719415953.6471958,10
1719415957.7891784,10
1719415961.990349,10
1719415966.1667466,10
1719415970.3126137,10
1719415974.4590967,10
1719415978.5891802,10
1719415982.6880352,10
1719415986.7509499,10
1719415990.9430134,10
1719415995.0948036,10
1719415999.1563065,10
1719416003.3771508,10
1719416007.6133032,10
1719416011.825756,10
1719416015.9317338,10
1719416020.2529097,10
1719416024.4425554,10
1719416028.5375948,10
1719416032.6158001,10
1719416036.707157,10
1719416040.8819616,10
1719416045.1726727,10
1719416049.3822737,10
1719416053.5745137,10
1719416057.71436,10
1719416061.8611584,10
1719416066.1096876,10
1719416070.2235134,10
1719416074.4942544,10
1719416078.7341404,10
1719416082.8950963,10
1719416087.0007668,10
1719416091.2234802,10
1719416095.2950258,10
1719416099.466652,10
1719416103.7910466,10
1719416107.9443405,10
1719416112.044266,10
1719416116.1759675,10
1719416120.3429224,10
1719416124.4371853,10
1719416128.600473,10
1719416132.885746,10
1719416136.948819,10
1719416141.0872176,10
1719416145.3068013,10
1719416149.235704,10
1719416153.5147533,10
1719416157.6540694,10
1719416161.829746,10
1719416165.9317415,10
1719416170.0824106,10
1719416174.5356019,10
1719416178.609567,10
1719416182.7481167,10
1719416186.9821007,10
1719416191.1120913,10
1719416195.419924,10
1719416199.5789342,10
1719416203.8032002,10
1719416207.9843273,10
1719416212.12786,10
1719416216.371959,10
1719416220.4011767,10
1719416224.5577664,10
1719416228.8374135,10
1719416232.9755354,10
1719416237.4131734,10
1719416241.548127,10
1719416245.721846,10
1719416249.817145,10
1719416253.9788988,10
1719416258.15793,10
1719416262.2932708,10
1719416266.4489095,10
1719416270.657993,10
1719416274.6231604,10
1719416278.806364,10
1719416282.9784255,10
1719416287.2661338,10
1719416291.7078304,10
1719416296.0333383,10
1719416300.2803822,10
1719416304.4790764,10
1719416308.5911083,10
1719416312.6878772,10
1719416316.6199825,10
1719416320.7691548,10
1719416324.9323988,10
1719416329.1610677,10
1719416333.3231027,10
1719416337.5337994,10
1719416341.6330092,10
1719416345.7417977,10
1719416349.9405403,10
1719416354.1538324,10
1719416358.0866063,10
1719416362.5417814,10
1719416366.6502156,10
1719416370.8643394,10
1719416374.7983067,10
1719416378.894778,10
1719416383.0814922,10
1719416387.1664464,10
1719416391.262584,10
1719416395.3242948,10
1719416399.2241416,10
1719416403.304899,10
1719416407.3544374,10
1719416411.6220021,10
1719416415.7372258,10
1719416419.8862062,10
1719416423.9899647,10
1719416428.0973697,10
1719416432.27932,10
1719416436.7108655,10
1719416440.641051,10
1719416444.8767292,10
1719416448.9187005,10
1719416453.0692723,10
1719416457.2274482,10
1719416461.277628,10
1719416465.380035,10
1719416469.5819159,10
1719416473.6409202,10
1719416477.8267484,10
1719416481.8931894,10
1719416485.8385684,10
1719416490.0486422,10
1719416494.470755,10
1719416498.6651936,10
1719416502.768918,10
1719416506.6474082,10
1719416510.7448664,10
1719416514.8109825,10
1719416519.0215113,10
1719416523.1947346,10
1719416527.408227,10
1719416531.483542,10
1719416535.5459626,10
1719416539.6550198,10
1719416543.7703164,10
1719416548.068989,10
1719416552.2591932,10
1719416556.435096,10
1719416560.6135342,10
1719416564.718598,10
1719416568.9539237,10
1719416573.0699558,10
1719416577.2437274,10
1719416581.4106662,10
1719416585.5255702,10
1719416589.69672,10
1719416593.8008742,10
1719416597.927098,10
1719416602.1075914,10
1719416606.289478,10
1719416610.4907448,10
1719416614.8341222,10
1719416618.9263167,10
1719416623.0301704,10
1719416627.4341447,10
1719416631.5963438,10
1719416635.6881604,10
1719416639.819254,10
1719416643.8956666,10
1719416648.058744,10
1719416652.1574564,10
1719416656.203576,10
1719416660.4291854,10
1719416664.6290247,10
1719416668.6945224,10
1719416672.7838593,10
1719416676.9858558,10
1719416681.152834,10
1719416685.3429441,10
1719416689.4899948,10
1719416693.65975,10
1719416697.7954974,10
1719416701.858795,10
1719416706.038625,10
1719416710.275888,10
1719416714.3328693,10
1719416718.65213,10
1719416722.7696924,10
1719416726.9201667,10
1719416731.0090797,10
1719416735.0857491,10
1719416739.2220204,10
1719416743.339199,10
1719416747.473876,10
1719416751.433551,10
1719416755.6977198,10
1719416759.8998334,10
1719416764.0151522,10
1719416768.1684303,10
1719416772.1194086,10
1719416776.363773,10
1719416780.4822197,10
1719416784.5867777,10
1719416788.7050798,10
1719416792.8187943,10
1719416796.9661126,10
1719416801.010063,10
1719416805.0932908,10
1719416809.162002,10
1719416813.333438,10
1719416817.6104445,10
1719416821.677651,10
1719416825.9291856,10
1719416829.9816732,10
1719416834.131466,10
1719416838.2481043,10
1719416842.3029702,10
1719416846.3552325,10
1719416850.4145346,10
1719416854.6221442,10
1719416858.5780778,10
1719416862.5208871,10
1719416866.9663224,10
1719416871.0709453,10
1719416875.3571098,10
1719416879.3942714,10
1719416883.4680235,10
1719416887.568132,10
1719416891.6940641,10
1719416895.8438118,10
1719416899.9387648,10
1719416904.1328368,10
1719416908.2521334,10
1719416912.3334138,10
1719416916.558469,10
1719416920.6598659,10
1719416924.813675,10
1719416928.9406111,10
1719416933.1201103,10
1719416937.220342,10
1719416941.349474,10
1719416945.3838866,10
1719416949.5044327,10
1719416953.6712782,10
1719416957.8280876,10
1719416962.0199032,10
1719416966.2848737,10
1719416970.424014,10
1719416974.7900906,10
1719416978.8868134,10
1719416982.95152,10
1719416987.090603,10
1719416991.1341522,10
1719416995.3485506,10
1719416999.4729223,10
1719417003.6043549,10
1719417007.6472783,10
1719417011.7832081,10
1719417016.0728173,10
1719417020.2025323,10
1719417024.4811382,10
1719417028.5882983,10
1719417032.6862924,10
1719417036.9937503,10
1719417041.344417,10
1719417045.4850307,10
1719417049.6312387,10
1719417054.0201256,10
1719417058.2889593,10
1719417062.3847857,10
1719417066.3389919,10
1719417070.5680614,10
1719417074.7725663,10
1719417078.8792975,10
1719417083.0069468,10
1719417087.2135427,10
1719417091.3427162,10
1719417095.302316,10
1719417099.4756615,10
1719417103.6094618,10
1719417107.7867212,10
1719417111.9091322,10
1719417116.0250125,10
1719417120.3038921,10
1719417124.5118442,10
1719417128.719823,10
1719417132.9832704,10
1719417137.0591753,10
1719417141.2910142,10
1719417145.5460484,10
1719417149.8158786,10
1719417154.1285129,10
1719417158.2546947,10
1719417162.439496,10
1719417166.6684709,10
1719417170.7561648,10
1719417174.902382,10
1719417179.0279086,10
1719417183.151284,10
1719417187.356867,10
1719417191.720654,10
1719417195.9928837,10
1719417200.1138036,10
1719417204.2878163,10
1719417208.4630718,10
1719417212.7557504,10
1719417216.8735294,10
1719417221.0464637,10
1719417225.255316,10
1719417229.4075031,10
1719417233.5666807,10
1719417237.7012067,10
1719417242.0305703,10
1719417246.1868026,10
1719417250.3682876,10
1719417254.541012,10
1719417258.686704,10
1719417262.8045146,10
1719417267.0420861,10
1719417271.1519835,10
1719417275.2976553,10
1719417279.3553689,10
1719417283.5283031,10
1719417287.6280434,10
1719417291.7937129,10
1719417296.1037698,10
1719417300.19465,10
1719417304.2549145,10
1719417308.320762,10
1719417312.463396,10
1719417316.5298567,10
1719417320.4675632,10
1719417324.6461067,10
1719417328.8630977,10
1719417332.928262,10
1719417336.8506386,10
1719417340.968765,10
1719417345.1160376,10
1719417349.1991382,10
1719417353.3660285,10
1719417357.5943062,10
1719417361.5280023,10
1719417365.6219366,10
1719417369.7552743,10
1719417373.8179924,10
1719417378.0409596,10
1719417382.3823586,10
1719417386.3728802,10
1719417390.5513854,10
1719417394.697068,10
1719417398.7880366,10
1719417402.9481416,10
1719417407.053203,10
1719417411.0930457,10
1719417415.2262332,10
1719417419.3115184,10
1719417423.4737415,10
1719417427.620031,10
1719417431.87154,10
1719417436.1695113,10
1719417440.3425584,10
1719417444.4189038,10
1719417448.5374126,10
1719417452.700768,10
1719417456.832267,10
1719417461.0387368,10
1719417465.1615744,10
1719417469.1877158,10
1719417473.2427855,10
1719417477.2840645,10
1719417481.3311417,10
1719417485.4468813,10
1719417489.595618,10
1719417493.639931,10
1719417497.7127037,10
1719417501.9223797,10
1719417506.000362,10
1719417510.1546578,10
1719417514.4960532,10
1719417518.606733,10
1719417522.7272947,10
1719417527.042314,10
1719417531.2750676,10
1719417535.3235836,10
1719417539.5325606,10
1719417543.7155116,10
1719417547.8835623,10
1719417552.0348492,10
1719417556.0151227,10
1719417560.110333,10
1719417564.3154984,10
1719417568.4963305,10
1719417572.6038165,10
1719417576.7723067,10
1719417580.8269892,10
1719417585.0208156,10
1719417589.1410255,10
1719417593.2872124,10
1719417597.524807,10
1719417601.6181557,10
1719417605.7761636,10
1719417610.035128,10
1719417614.2311835,10
1719417618.4058967,10
1719417622.6303642,10
1719417626.7535841,10
1719417630.9699328,10
1719417634.9133823,10
1719417639.158194,10
1719417643.2697453,10
1719417647.3296437,10
1719417651.5064185,10
1719417655.5537357,10
1719417659.7475574,10
1719417663.964193,10
1719417668.052002,10
1719417672.2328002,10
1719417676.415498,10
1719417680.5300944,10
1719417684.7739415,10
1719417688.9834101,10
1719417693.158126,10
1719417697.222927,10
1719417701.1786613,10
1719417705.3470094,10
1719417709.416019,10
1719417713.739293,10
1719417717.748399,10
1719417721.9842112,10
1719417726.1961887,10
1719417730.3716686,10
1719417734.5181692,10
1719417738.5435715,10
1719417743.023938,10
1719417747.2458336,10
1719417751.3057587,10
1719417755.4861903,10
1719417759.7522235,10
1719417763.9929073,10
1719417768.1051295,10
1719417772.3355038,10
1719417776.5319722,10
1719417780.6417284,10
1719417784.8751278,10
1719417789.1133258,10
1719417793.2129188,10
1719417797.1648617,10
1719417801.4604406,10
1719417805.691364,10
1719417809.7893345,10
1719417813.992474,10
1719417818.0965638,10
1719417822.243393,10
1719417826.3977299,10
1719417830.5057688,10
1719417834.6371205,10
1719417838.7832139,10
1719417843.052621,10
1719417847.4276733,10
1719417851.661801,10
1719417855.9007936,10
1719417860.1019092,10
1719417864.2241778,10
1719417868.369163,10
1719417872.5269012,10
1719417876.8218336,10
1719417880.8954575,10
1719417885.0434852,10
1719417889.2837603,10
1719417893.3839457,10
1719417897.5276,10
1719417901.7091885,10
1719417905.8665814,10
1719417910.0118968,10
1719417914.3188293,10
1719417918.600421,10
1719417922.766104,10
1719417927.0642729,10
1719417931.152807,10
1719417935.2726407,10
1719417939.3344438,10
1719417943.452217,10
1719417947.4765966,10
1719417951.5754132,10
1719417955.63835,10
1719417959.7820714,10
1719417963.946831,10
1719417967.9473798,10
1719417972.0159526,10
1719417976.1890812,10
1719417980.471963,10
1719417984.805936,10
1719417988.9120097,10
1719417993.0516822,10
1719417997.1232235,10
1719418001.2321098,10
1719418005.3502333,10
1719418009.5921402,10
1719418013.6689348,10
1719418017.9101143,10
1719418022.0422418,10
1719418026.1781373,10
1719418030.2914953,10
1719418034.2802048,10
1719418038.4159806,10
1719418042.6905684,10
1719418046.9665534,10
1719418051.3413815,10
1719418055.5198853,10
1719418059.5937033,10
1719418063.6671112,10
1719418067.9298396,10
1719418072.0845282,10
1719418076.0319614,10
1719418080.2500186,10
1719418084.3748615,10
1719418088.6328397,10
1719418092.9346948,10
1719418097.1195424,10
1719418101.4935927,10
1719418105.6934297,10
1719418109.9372585,10
1719418114.097237,10
1719418118.063979,10
1719418122.2773347,10
1719418126.5381823,10
1719418130.6692228,10
1719418134.8102982,10
1719418139.0249922,10
1719418143.2705703,10
1719418147.4196403,10
1719418151.586321,10
1719418155.887533,10
1719418159.8669837,10
1719418164.02258,10
1719418168.3464937,10
1719418172.4600348,10
1719418176.6768303,10
1719418181.0568259,10
1719418185.2913656,10
1719418189.6124408,10
1719418193.8296723,10
1719418198.0148394,10
1719418201.9979472,10
1719418206.130704,10
1719418210.4073675,10
1719418214.6216097,10
1719418218.8868506,10
1719418223.0011845,10
1719418227.2111301,10
1719418231.282217,10
1719418235.4414477,10
1719418239.6355846,10
1719418243.7656841,10
1719418247.9525902,10
1719418252.1482685,10
1719418256.321048,10
1719418260.5431938,10
1719418264.8577986,10
1719418269.083746,10
1719418273.3656871,10
1719418277.5832677,10
1719418281.7687106,10
1719418285.9425886,10
1719418290.1310835,10
1719418294.3043375,10
1719418298.5874138,10
1719418302.7295358,10
1719418306.8586779,10
1719418311.036673,10
1719418315.1631508,10
1719418319.4209547,10
1719418323.6316607,10
1719418327.7820594,10
1719418331.9761884,10
1719418336.1303556,10
1719418340.3120155,10
1719418344.4371235,10
1719418348.6497853,10
1719418352.7621176,10
1719418356.9549985,10
1719418361.0625997,10
1719418365.260216,10
1719418369.4373672,10
1719418373.5873263,10
1719418377.7208068,10
1719418381.8112705,10
1719418386.1099668,10
1719418390.2422323,10
1719418394.3495054,10
1719418398.509098,10
1719418402.7145374,10
1719418406.8276289,10
1719418411.014203,10
1719418415.2695272,10
1719418419.4168558,10
1719418423.5958688,10
1719418427.8399436,10
1719418432.0003352,10
1719418436.1393077,10
1719418440.390396,10
1719418444.6316018,10
1719418448.8332472,10
1719418452.9756405,10
1719418457.1555552,10
1719418461.2966263,10
1719418465.5560784,10
1719418469.7978551,10
1719418473.889875,10
1719418478.118202,10
1719418482.2496681,10
1719418486.4774725,10
1719418490.5760796,10
1719418494.7234688,10
1719418498.9236534,10
1719418503.153873,10
1719418507.2721107,10
1719418511.7912705,10
1719418515.9594083,10
1719418520.1089747,10
1719418524.2816837,10
1719418528.4724655,10
1719418532.6462986,10
1719418536.6377425,10
1719418540.715935,10
1719418544.8585362,10
1719418549.0264347,10
1719418553.1750286,10
1719418557.3160424,10
1719418561.5352845,10
1719418565.679348,10
1719418569.9250073,10
1719418574.0876722,10
1719418578.2653768,10
1719418582.3425438,10
1719418586.8625684,10
1719418591.041265,10
1719418595.2877939,10
1719418599.495288,10
1719418603.7409606,10
1719418607.8703182,10
1719418612.1128821,10
1719418616.2553043,10
1719418620.2220275,10
1719418624.410784,10
1719418628.6132283,10
1719418632.7664886,10
1719418637.0239642,10
1719418641.0137084,10
1719418645.1157105,10
1719418649.2251632,10
1719418653.4614205,10
1719418657.636627,10
1719418661.6183658,10
1719418665.8204627,10
1719418670.022881,10
1719418674.1790402,10
1719418678.3216503,10
1719418682.4347486,10
1719418686.6644998,10
1719418690.8325233,10
1719418695.0089357,10
1719418699.0994542,10
1719418703.0803628,10
1719418707.2732496,10
1719418711.3114138,10
1719418715.409596,10
1719418719.4769433,10
1719418723.6074417,10
1719418727.5266967,10
1719418731.6597862,10
1719418735.8760033,10
1719418739.9477618,10
1719418743.9548917,10
1719418748.0807903,10
1719418752.306827,10
1719418756.4359136,10
1719418760.585845,10
1719418764.7981255,10
1719418769.0037744,10
1719418773.2973032,10
1719418777.3840256,10
1719418781.515214,10
1719418785.6894777,10
1719418789.9870834,10
1719418794.1112752,10
1719418798.2833707,10
1719418802.4097137,10
1719418806.641752,10
1719418810.8073812,10
1719418815.018315,10
1719418819.126254,10
1719418823.2993257,10
1719418827.387957,10
1719418831.5955217,10
1719418835.8197424,10
1719418839.9575622,10
1719418844.0813897,10
1719418848.4034493,10
1719418852.6499584,10
1719418856.807446,10
1719418860.826853,10
1719418865.0158734,10
1719418869.1320636,10
1719418873.334795,10
1719418877.4636517,10
1719418881.5569477,10
1719418885.8475857,10
1719418890.1278973,10
1719418894.3364265,10
1719418898.4863088,10
1719418902.6174967,10
1719418906.6292794,10
1719418910.848914,10
1719418915.0304534,10
1719418919.2160487,10
1719418923.4365678,10
1719418927.5790632,10
1719418931.8234692,10
1719418935.850626,10
1719418939.9985907,10
1719418944.15402,10
1719418948.3008316,10
1719418952.2616005,10
1719418956.4618568,10
1719418961.0031662,10
1719418965.2648022,10
1719418969.6165497,10
1719418973.8428419,10
1719418978.0910475,10
1719418982.234006,10
1719418986.305512,10
1719418990.4329143,10
1719418994.4008083,10
1719418998.6374645,10
1719419002.7090745,10
1719419006.8360448,10
1719419011.064003,10
1719419015.203478,10
1719419019.451436,10
1719419023.6043668,10
1719419027.8477397,10
1719419031.965728,10
1719419035.9475858,10
1719419040.0524106,10
1719419044.2481153,10
1719419048.3400033,10
1719419052.5450692,10
1719419056.7025063,10
1719419060.9085236,10
1719419065.0357482,10
1719419069.2312794,10
1719419073.3857033,10
1719419077.5622272,10
1719419081.7733352,10
1719419085.8403034,10
1719419089.908374,10
1719419093.9152029,10
1719419098.1456592,10
1719419102.3570867,10
1719419106.6133237,10
1719419110.815849,10
1719419115.1046655,10
1719419119.2415226,10
1719419123.3636894,10
1719419127.5222313,10
1719419131.6693344,10
1719419135.9710486,10
1719419140.1868768,10
1719419144.3835733,10
1719419148.553667,10
1719419152.8209157,10
1719419157.0352473,10
1719419161.0934455,10
1719419165.4162948,10
1719419169.3892105,10
1719419173.5404062,10
1719419177.664618,10
1719419181.8798556,10
1719419186.0200558,10
1719419190.1673434,10
1719419194.2214165,10
1719419198.3905401,10
1719419202.4978855,10
1719419206.9673913,10
1719419211.2222471,10
1719419215.3994062,10
1719419219.647636,10
1719419223.8134723,10
1719419228.019115,10
1719419232.2614722,10
1719419236.454868,10
1719419240.5109618,10
1719419244.6309767,10
1719419248.6496863,10
1719419252.8412848,10
1719419256.938596,10
1719419260.871081,10
1719419265.0497196,10
1719419269.2190413,10
1719419273.3513136,10
1719419277.4717498,10
1719419281.5795672,10
1719419285.7251928,10
1719419289.8735332,10
1719419294.0844376,10
1719419298.2406492,10
1719419302.496805,10
1719419306.6957536,10
1719419310.8064723,10
1719419315.0924022,10
1719419319.2586696,10
1719419323.2678983,10
1719419327.402872,10
1719419331.5711854,10
1719419335.796512,10
1719419340.3065968,10
1719419344.4681551,10
1719419348.6655989,10
1719419352.8083847,10
1719419356.9681492,10
1719419361.1979492,10
1719419365.4416687,10
1719419369.6416306,10
1719419373.877158,10
1719419378.34952,10
1719419382.48066,10
1719419386.4599612,10
1719419390.6399071,10
1719419394.7385187,10
1719419399.0351036,10
1719419403.2220592,10
1719419407.4168918,10
1719419411.6857154,10
1719419415.920641,10
1719419420.1354265,10
1719419424.433579,10
1719419428.523413,10
1719419432.7437718,10
1719419436.9577556,10
1719419441.038454,10
1719419445.2430508,10
1719419449.466091,10
1719419453.6331832,10
1719419457.9485023,10
1719419462.0540478,10
1719419466.184015,10
1719419470.286499,10
1719419474.4019327,10
1719419478.6573555,10
1719419482.7682261,10
1719419486.9009645,10
1719419491.077572,10
1719419495.2074573,10
1719419499.2675788,10
1719419503.3541121,10
1719419507.5853903,10
1719419511.6805003,10
1719419515.8159125,10
1719419519.9985666,10
1719419524.1511822,10
1719419528.3082988,10
1719419532.4541733,10
1719419536.745279,10
1719419540.7165844,10
1719419545.0538259,10
1719419549.1830535,10
1719419553.476309,10
1719419557.7498124,10
1719419561.9621942,10
1719419566.3451965,10
1719419570.6150627,10
1719419575.0017433,10
1719419579.1367114,10
1719419583.169813,10
1719419587.3580794,10
1719419591.5205047,10
1719419595.4336672,10
1719419599.5212238,10
1719419603.5849621,10
1719419607.7705293,10
1719419611.8507957,10
1719419615.9335845,10
1719419620.1242375,10
1719419624.2847972,10
1719419628.491058,10
1719419632.637253,10
1719419636.7680032,10
1719419640.8126903,10
1719419644.9626544,10
1719419649.1734886,10
1719419653.47101,10
1719419657.8118968,10
1719419661.9512317,10
1719419666.0099056,10
1719419669.9983456,10
1719419674.0891917,10
1719419678.218631,10
1719419682.407162,10
1719419686.723678,10
1719419690.894501,10
1719419695.0893307,10
1719419699.1795301,10
1719419703.5533435,10
1719419707.663315,10
1719419711.912497,10
1719419715.931574,10
1719419720.1299326,10
1719419724.3139162,10
1719419728.595231,10
1719419732.8389835,10
1719419737.5201743,10
1719419741.6790144,10
1719419745.8553123,10
1719419749.8096235,10
1719419754.0630667,10
1719419758.325635,10
1719419762.4824498,10
1719419766.663872,10
1719419770.8617353,10
1719419775.1058738,10
1719419779.4257557,10
1719419783.5211267,10
1719419787.936569,10
1719419791.9141295,10
1719419796.0518897,10
1719419800.229648,10
1719419804.2958615,10
1719419808.5485492,10
1719419812.7258606,10
1719419816.86628,10
1719419820.9946895,10
1719419825.1765018,10
1719419829.2853062,10
1719419833.198385,10
1719419837.1916134,10
1719419841.4155347,10
1719419845.5555813,10
1719419849.734619,10
1719419853.9158804,10
1719419858.0315242,10
1719419862.130649,10
1719419866.217227,10
1719419870.3044474,10
1719419874.2279859,10
1719419878.4036767,10
1719419882.6244261,10
1719419886.7846298,10
1719419890.9664354,10
1719419895.1089828,10
1719419899.2528033,10
1719419903.4203792,10
1719419907.5498989,10
1719419911.5028627,10
1719419915.667259,10
1719419919.9398026,10
1719419924.0616572,10
1719419928.1363976,10
1719419932.3993301,10
1719419936.6261466,10
1719419940.6579885,10
1719419944.8733537,10
1719419949.012729,10
1719419953.0829546,10
1719419957.070772,10
1719419961.1182222,10
1719419965.19525,10
1719419969.3619986,10
1719419973.4729016,10
1719419977.5150132,10
1719419981.7555995,10
1719419985.932451,10
1719419990.0735145,10
1719419994.2049804,10
1719419998.2876058,10
1719420002.5350115,10
1719420006.7452457,10
1719420010.7992172,10
1719420015.3220146,10
1719420019.4367557,10
1719420023.6386712,10
1719420027.735692,10
1719420032.0209758,10
1719420036.1825032,10
1719420040.276194,10
1719420044.4988034,10
1719420048.7917676,10
1719420053.080911,10
1719420057.5166352,10
1719420061.6511042,10
1719420065.8280432,10
1719420069.953701,10
1719420074.1396875,10
1719420078.7276938,10
1719420082.9498217,10
1719420087.056758,10
1719420091.1813655,10
1719420095.4804385,10
1719420099.7602062,10
1719420103.9712873,10
1719420108.101039,10
1719420112.2766066,10
1719420116.4392362,10
1719420120.78791,10
1719420124.9936216,10
1719420129.17977,10
1719420133.3470156,10
1719420137.412316,10
1719420141.5706513,10
1719420145.682463,10
1719420149.9712164,10
1719420154.164599,10
1719420158.4289684,10
1719420162.5408947,10
1719420166.7953334,10
1719420170.962689,10
1719420175.1980312,10
1719420179.3428626,10
1719420183.5253162,10
1719420187.6797523,10
1719420191.860476,10
1719420196.075784,10
1719420200.1959212,10
1719420204.5089061,10
1719420208.697711,10
1719420212.8872483,10
1719420217.0746922,10
1719420221.4203372,10
1719420225.6999116,10
1719420229.850281,10
1719420234.1443965,10
1719420238.306101,10
1719420242.5304985,10
1719420246.7405937,10
1719420250.6749294,10
1719420254.8691807,10
1719420259.1681201,10
1719420263.4393132,10
1719420267.5603902,10
1719420271.64861,10
1719420275.810868,10
1719420280.0255046,10
1719420284.2078683,10
1719420288.389204,10
1719420292.3838758,10
1719420296.6597772,10
1719420300.8950295,10
1719420304.9930484,10
1719420309.231105,10
1719420313.3504755,10
1719420317.4132485,10
1719420321.5026555,10
1719420325.6823263,10
1719420329.7990963,10
1719420333.8054113,10
1719420337.919143,10
1719420341.94282,10
1719420346.0861177,10
1719420350.1881235,10
1719420354.3646092,10
1719420358.2987432,10
1719420362.479022,10
1719420366.6826143,10
1719420370.8104591,10
1719420374.9801838,10
1719420379.1192286,10
1719420383.1845012,10
1719420387.340555,10
1719420391.549204,10
1719420395.771992,10
1719420399.8871534,10
1719420404.07854,10
1719420408.2353582,10
1719420412.4434814,10
1719420416.4123743,10
1719420420.5250878,10
1719420424.7571156,10
1719420429.0440326,10
1719420433.160816,10
1719420437.3120866,10
1719420441.4279265,10
1719420445.5998285,10
1719420449.736826,10
1719420453.9966962,10
1719420458.1027853,10
1719420462.2468839,10
1719420466.5007558,10
1719420470.7206144,10
1719420474.8422644,10
1719420479.010852,10
1719420483.2942524,10
1719420487.431189,10
1719420491.601828,10
1719420495.6997392,10
1719420499.782615,10
1719420503.929604,10
1719420508.0029502,10
1719420512.1505601,10
1719420516.0810406,10
1719420520.2523215,10
1719420524.4234881,10
1719420528.5152671,10
1719420532.7552383,10
1719420536.9179466,10
1719420541.0724113,10
1719420545.1628807,10
1719420549.3784251,10
1719420553.561616,10
1719420557.768067,10
1719420561.8943198,10
1719420566.0594134,10
1719420570.2050478,10
1719420574.35319,10
1719420578.4718354,10
1719420582.627985,10
1719420587.0666223,10
1719420591.2457027,10
1719420595.480425,10
1719420599.6623518,10
1719420603.7920074,10
1719420607.978908,10
1719420612.1909847,10
1719420616.2902102,10
1719420620.4250915,10
1719420624.3902776,10
1719420628.5829704,10
1719420632.7914646,10
1719420637.0178413,10
1719420641.1247046,10
1719420645.4412255,10
1719420649.503795,10
1719420653.8027253,10
1719420658.0406187,10
1719420662.2788987,10
1719420666.0747623,10
1719420670.2228534,10
1719420674.5816803,10
1719420678.7085185,10
1719420683.0938442,10
1719420687.202463,10
1719420691.2100744,10
1719420695.426753,10
1719420699.5445216,10
1719420703.7473145,10
1719420707.7322266,10
1719420712.0001326,10
1719420716.169112,10
1719420720.3300896,10
1719420724.441098,10
1719420728.7693295,10
1719420732.9931848,10
1719420737.0331159,10
1719420741.1244898,10
1719420745.221421,10
1719420749.207097,10
1719420753.2645502,10
1719420757.4022417,10
1719420761.6559334,10
1719420765.8897367,10
1719420770.077918,10
1719420774.3580232,10
1719420778.4920764,10
1719420782.6153953,10
1719420786.694397,10
1719420790.690857,10
1719420794.8087037,10
1719420799.0043602,10
1719420803.1580997,10
1719420807.201194,10
1719420811.2876139,10
1719420815.417873,10
1719420819.5407774,10
1719420823.734878,10
1719420827.8444262,10
1719420831.9876556,10
1719420835.9119742,10
1719420840.055439,10
1719420844.180671,10
1719420848.2863486,10
1719420852.446738,10
1719420856.5758667,10
1719420860.7795467,10
1719420864.9357004,10
1719420869.2067533,10
1719420873.4325674,10
1719420877.585983,10
1719420881.7046928,10
1719420885.9438708,10
1719420890.1373186,10
1719420894.2893624,10
1719420898.5097632,10
1719420902.941968,10
1719420907.2470975,10
1719420911.3906193,10
1719420915.4955897,10
1719420919.7413678,10
1719420923.8589318,10
1719420928.006279,10
1719420932.085602,10
1719420936.303965,10
1719420940.4912574,10
1719420944.6530929,10
1719420948.7758088,10
1719420952.977993,10
1719420957.1194887,10
1719420961.4873316,10
1719420965.6732914,10
1719420969.808486,10
1719420973.9023087,10
1719420978.1037192,10
1719420982.2033842,10
1719420986.4651215,10
1719420990.5413616,10
1719420994.6831048,10
1719420998.9399102,10
1719421003.0650086,10
1719421007.219192,10
1719421011.469809,10
1719421015.6664495,10
1719421019.7726705,10
1719421023.9741406,10
1719421028.1829412,10
1719421032.3614705,10
1719421036.5502315,10
1719421040.6963975,10
1719421044.8590238,10
1719421049.0266643,10
1719421053.1852634,10
1719421057.3637574,10
1719421061.5230892,10
1719421065.690422,10
1719421069.9025767,10
1719421074.1501536,10
1719421078.1709177,10
1719421082.4505372,10
1719421086.540495,10
1719421090.6566923,10
1719421094.9959207,10
1719421099.1732793,10
1719421103.3314562,10
1719421107.3854134,10
1719421111.4909022,10
1719421115.4515393,10
1719421119.7215846,10
1719421123.7643998,10
1719421128.3537502,10
1719421132.4910722,10
1719421136.5161045,10
1719421140.566026,10
1719421144.8329573,10
1719421149.0521224,10
1719421153.2600446,10
1719421157.299256,10
1719421161.4974902,10
1719421165.5400376,10
1719421169.732727,10
1719421173.7695503,10
1719421177.9406106,10
1719421182.138296,10
1719421186.1302247,10
1719421190.279008,10
1719421194.3836613,10
1719421198.4381897,10
1719421202.6182284,10
1719421206.656257,10
1719421210.6207085,10
1719421214.6773853,10
1719421218.9788902,10
1719421223.106229,10
1719421227.190434,10
1719421231.355572,10
1719421235.3997571,10
1719421239.4185922,10
1719421243.6016674,10
1719421247.8329647,10
1719421251.7652502,10
1719421255.881341,10
1719421260.022971,10
1719421264.1445086,10
1719421268.4592624,10
1719421272.650566,10
1719421276.7992225,10
1719421280.9567661,10
1719421285.0109694,10
1719421289.156203,10
1719421293.1620216,10
1719421297.3529663,10
1719421301.5076962,10
1719421305.7453663,10
1719421309.8320594,10
1719421314.0974715,10
1719421318.109607,10
1719421322.4215474,10
1719421326.6667297,10
1719421330.7355435,10
1719421334.484266,10
1719421338.4869092,10
1719421342.5399313,10
1719421346.5234752,10
1719421350.6600056,10
1719421354.7618477,10
1719421358.8768046,10
1719421363.0599294,10
1719421367.1296036,10
1719421371.3030856,10
1719421375.361887,10
1719421379.3974884,10
1719421383.42535,10
1719421387.57231,10
1719421392.1948323,10
1719421396.4135416,10
1719421400.3646772,10
1719421404.5262198,10
1719421408.6353521,10
1719421412.7452621,10
1719421416.7375872,10
1719421420.9271982,10
1719421424.9397798,10
1719421428.991562,10
1719421433.0946918,10
1719421437.1647112,10
1719421441.246321,10
1719421445.276048,10
1719421449.35838,10
1719421453.461801,10
1719421457.6606266,10
1719421461.524205,10
1719421465.9593594,10
1719421470.1091654,10
1719421474.3197782,10
1719421478.3489323,10
1719421482.436982,10
1719421487.0402017,10
1719421491.113384,10
1719421495.2468598,10
1719421499.528686,10
1719421503.7364023,10
1719421507.7412546,10
1719421511.8204987,10
1719421515.899362,10
1719421520.1556168,10
1719421524.2301998,10
1719421528.270859,10
1719421532.3711472,10
1719421536.4450707,10
1719421540.5629356,10
1719421544.5255396,10
1719421548.5618398,10
1719421552.683588,10
1719421556.8246872,10
1719421561.0544336,10
1719421565.2073069,10
1719421569.2561054,10
1719421573.4453034,10
1719421577.5635238,10
1719421581.585011,10
1719421585.4868834,10
1719421589.661162,10
1719421593.7439532,10
1719421597.7775815,10
1719421602.013392,10
1719421606.051339,10
1719421610.1842084,10
1719421614.3162684,10
1719421618.4534457,10
1719421622.582129,10
1719421626.7332606,10
1719421630.8678348,10
1719421635.058021,10
1719421639.0341666,10
1719421643.137702,10
1719421647.225397,10
1719421651.2886357,10
1719421655.3328636,10
1719421659.5936124,10
1719421663.6813653,10
1719421667.829042,10
1719421671.8479326,10
1719421676.024453,10
1719421680.0677814,10
1719421684.1398573,10
1719421688.475822,10
1719421692.6796079,10
1719421696.9829397,10
1719421701.082077,10
1719421705.2048044,10
1719421709.5153792,10
1719421713.5690677,10
1719421717.593441,10
1719421721.6939545,10
1719421725.8846385,10
1719421729.9320037,10
1719421734.10865,10
1719421738.260996,10
1719421742.4659016,10
1719421746.5172796,10
1719421750.550289,10
1719421754.6397471,10
1719421758.901774,10
1719421762.998867,10
1719421767.028558,10
1719421771.1391828,10
1719421775.1050534,10
1719421779.2307112,10
1719421783.350195,10
1719421787.4187765,10
1719421791.4849403,10
1719421795.6027944,10
1719421799.737216,10
1719421803.7966347,10
1719421807.8161898,10
1719421811.998019,10
1719421816.1245255,10
1719421820.289641,10
1719421824.3199265,10
1719421828.510171,10
1719421832.8731854,10
1719421837.054294,10
1719421841.1858048,10
1719421845.591344,10
1719421849.6835556,10
1719421853.7607574,10
1719421857.7967882,10
1719421861.919287,10
1719421865.9526513,10
1719421869.9522629,10
1719421874.0431323,10
1719421877.9929972,10
1719421882.0678017,10
1719421886.1572275,10
1719421890.1897414,10
1719421894.265273,10
1719421898.478727,10
1719421902.3724241,10
1719421906.437597,10
1719421910.621027,10
1719421914.7168822,10
1719421918.795391,10
1719421922.983795,10
1719421927.0436068,10
1719421931.1855593,10
1719421935.2360294,10
1719421939.3974092,10
1719421943.5049818,10
1719421948.436053,10
1719421952.5121377,10
1719421957.0054321,10
1719421960.8993213,10
1719421965.0320377,10
1719421969.1170628,10
1719421973.4147968,10
1719421977.4607136,10
1719421981.5273929,10
1719421985.5961523,10
1719421989.6082313,10
1719421993.738793,10
1719421997.75552,10
1719422001.9307346,10
1719422005.9586854,10
1719422010.2594404,10
1719422014.4060826,10
1719422018.571674,10
1719422022.7504303,10
1719422026.7976136,10
1719422030.9412317,10
1719422035.045885,10
1719422039.4473445,10
1719422043.3810706,10
1719422047.6080697,10
1719422051.705881,10
1719422055.7597313,10
1719422059.784848,10
1719422064.0149324,10
1719422068.0775316,10
1719422072.1514506,10
1719422076.2784204,10
1719422080.5102904,10
1719422084.6235316,10
1719422088.659774,10
1719422092.8542178,10
1719422096.8359997,10
1719422101.135867,10
1719422105.193826,10
1719422109.3428335,10
1719422113.4108722,10
1719422117.4949017,10
1719422121.5984998,10
1719422125.6426814,10
1719422129.7931948,10
1719422133.9805586,10
1719422138.021314,10
1719422142.0389335,10
1719422146.141474,10
1719422150.525495,10
1719422154.6109202,10
1719422158.6470106,10
1719422162.7278705,10
1719422166.895597,10
1719422171.0822766,10
1719422175.0226767,10
1719422179.1825004,10
1719422183.3222227,10
1719422187.3668783,10
1719422191.504615,10
1719422195.6639,10
1719422199.7882447,10
1719422203.889138,10
1719422208.220254,10
1719422212.2636058,10
1719422216.3769903,10
1719422220.6181588,10
1719422224.7783027,10
1719422228.8104894,10
1719422232.908419,10
1719422237.0687842,10
1719422241.1347802,10
1719422245.197699,10
1719422249.3235059,10
1719422253.3982027,10
1719422257.57633,10
1719422261.7173767,10
1719422265.7671936,10
1719422269.8033829,10
1719422273.828876,10
1719422277.9619927,10
1719422282.0436342,10
1719422286.3097198,10
1719422290.4219785,10
1719422294.326596,10
1719422298.4351928,10
1719422302.479927,10
1719422306.5452156,10
1719422310.7573383,10
1719422314.8230865,10
1719422318.894646,10
1719422323.0498683,10
1719422327.354957,10
1719422331.4248157,10
1719422335.4425914,10
1719422339.4386873,10
1719422343.566559,10
1719422347.6644893,10
1719422351.88567,10
1719422355.8890471,10
1719422360.0331645,10
1719422364.2353218,10
1719422368.4811625,10
1719422372.6829195,10
1719422376.7491815,10
1719422380.9594724,10
1719422384.9758823,10
1719422389.1196208,10
1719422393.3057387,10
1719422397.3980515,10
1719422401.5208228,10
1719422405.5600295,10
1719422409.7183955,10
1719422413.8330705,10
1719422417.949205,10
1719422422.0765202,10
1719422426.1784031,10
1719422430.3903394,10
1719422434.4078703,10
1719422438.5143626,10
1719422442.6139565,10
1719422446.8582904,10
1719422450.924924,10
1719422455.0108259,10
1719422459.2095034,10
1719422463.2932448,10
1719422467.3468,10
1719422471.5425816,10
1719422475.7089577,10
1719422479.8593547,10
1719422484.0166624,10
1719422488.1404502,10
1719422492.240802,10
1719422496.3324537,10
1719422500.5134163,10
1719422504.420036,10
1719422508.2542856,10
1719422512.3695476,10
1719422516.3951383,10
1719422520.5812976,10
1719422524.619932,10
1719422528.7550323,10
1719422532.8839462,10
1719422536.8737648,10
1719422540.9557536,10
1719422545.0665417,10
1719422549.2421794,10
1719422553.3253908,10
1719422557.653176,10
1719422561.9178467,10
1719422566.020945,10
1719422570.1790502,10
1719422574.31139,10
1719422578.4482603,10
1719422582.5453224,10
1719422586.6779299,10
1719422590.698285,10
1719422595.0341055,10
1719422599.0180588,10
1719422603.1057734,10
1719422607.1960444,10
1719422611.3601105,10
1719422615.3672338,10
1719422619.4787874,10
1719422623.5872514,10
1719422627.6860175,10
1719422631.7325578,10
1719422636.019045,10
1719422640.0414917,10
1719422644.2198412,10
1719422648.3711565,10
1719422652.5634437,10
1719422656.6731594,10
1719422660.795941,10
1719422664.7874258,10
1719422668.9935155,10
1719422673.0214148,10
1719422677.0747333,10
1719422681.1603403,10
1719422685.4494188,10
1719422689.641714,10
1719422693.7206378,10
1719422697.8231642,10
1719422701.7248182,10
1719422705.8151567,10
1719422710.0265572,10
1719422714.4711967,10
1719422718.53985,10
1719422722.713174,10
1719422726.8350167,10
1719422730.8907635,10
1719422735.1420872,10
1719422739.3648539,10
1719422743.4301236,10
1719422747.5025725,10
1719422751.619634,10
1719422755.6508942,10
1719422759.7727258,10
1719422763.8136837,10
1719422768.0916133,10
1719422772.2461147,10
1719422776.3962805,10
1719422780.4500499,10
1719422784.7145097,10
1719422789.05668,10
1719422793.2228093,10
1719422797.236429,10
1719422801.344842,10
1719422805.3857598,10
1719422809.4672077,10
1719422813.8094206,10
1719422817.8777199,10
1719422821.9730754,10
1719422826.036324,10
1719422830.0954938,10
1719422834.136414,10
1719422838.1414175,10
1719422842.1984878,10
1719422846.3156931,10
1719422850.462367,10
1719422854.4690812,10
1719422858.5165691,10
1719422862.5908887,10
1719422866.4470284,10
1719422870.5293198,10
1719422874.8599336,10
1719422879.071936,10
1719422883.3035975,10
1719422887.4638388,10
1719422891.6133852,10
1719422895.7875273,10
1719422899.9550114,10
1719422904.0957513,10
1719422908.2268274,10
1719422912.3595846,10
1719422916.454616,10
1719422920.5121753,10
1719422924.6458445,10
1719422928.7199392,10
1719422933.0988333,10
1719422937.2541618,10
1719422941.4007063,10
1719422945.615226,10
1719422949.9722846,10
1719422954.025625,10
1719422958.1507742,10
1719422962.0635848,10
1719422966.2456093,10
1719422970.4656827,10
1719422974.6136203,10
1719422978.8036535,10
1719422982.86919,10
1719422986.928622,10
1719422991.1079202,10
1719422995.2428422,10
1719422999.3844137,10
1719423003.4406133,10
1719423007.3708065,10
1719423011.527234,10
1719423015.4062042,10
1719423019.4158363,10
1719423023.6067512,10
1719423027.6724548,10
1719423031.8373709,10
1719423035.9382105,10
1719423040.003719,10
1719423044.2929072,10
1719423048.4773905,10
1719423052.5077176,10
1719423056.605551,10
1719423060.5849485,10
1719423064.6551564,10
1719423068.6989663,10
1719423072.7165701,10
1719423076.5524056,10
1719423080.670476,10
1719423084.7359223,10
1719423088.6973603,10
1719423092.7371643,10
1719423096.894591,10
1719423100.9129074,10
1719423105.0110142,10
1719423109.1197104,10
1719423113.1981163,10
1719423117.3682134,10
1719423121.4819655,10
1719423125.378967,10
1719423129.2690747,10
1719423133.438859,10
1719423137.4349046,10
1719423141.4997876,10
1719423145.6604571,10
1719423149.7610333,10
1719423153.8990293,10
1719423157.9666123,10
1719423162.0820923,10
1719423166.137678,10
1719423170.2800956,10
1719423174.4191458,10
1719423178.5108633,10
1719423182.6906526,10
1719423186.8295515,10
1719423190.9370282,10
1719423194.9720397,10
1719423199.0391693,10
1719423203.145852,10
1719423207.2605846,10
1719423211.2610786,10
1719423215.1940916,10
1719423219.1909273,10
1719423223.3839738,10
1719423227.472649,10
1719423231.6416786,10
1719423235.7295585,10
1719423239.8080857,10
1719423243.8174846,10
1719423247.8732557,10
1719423252.076516,10
1719423255.9557936,10
1719423259.9549541,10
1719423264.023724,10
1719423268.1823075,10
1719423272.3007221,10
1719423276.4002852,10
1719423280.4859045,10
1719423284.6471574,10
1719423288.7617624,10
1719423292.7944033,10
1719423296.8704133,10
1719423300.9410324,10
1719423305.0938299,10
1719423309.208885,10
1719423313.1174836,10
1719423317.2695134,10
1719423321.2569969,10
1719423325.5358589,10
1719423329.7054071,10
1719423333.8152742,10
1719423337.906187,10
1719423342.1413984,10
1719423346.387441,10
1719423350.5370517,10
1719423354.6855803,10
1719423358.846676,10
1719423363.05961,10
1719423367.125219,10
1719423371.3338957,10
1719423375.5003936,10
1719423379.6347418,10
1719423383.7256992,10
1719423387.8163748,10
1719423392.1038325,10
1719423396.2468345,10
1719423400.4056067,10
1719423404.5091405,10
1719423408.6234467,10
1719423413.080244,10
1719423417.1599286,10
1719423421.3010654,10
1719423425.4155295,10
1719423429.5790699,10
1719423433.7705848,10
1719423437.872927,10
1719423442.0893538,10
1719423446.3741992,10
1719423450.4395208,10
1719423454.62709,10
1719423458.738171,10
1719423462.8904808,10
1719423467.050162,10
1719423471.2459662,10
1719423475.3624039,10
1719423479.823523,10
1719423484.086668,10
1719423488.6271253,10
1719423492.8790529,10
1719423496.8212795,10
1719423500.8973722,10
1719423504.8711488,10
1719423508.9646237,10
1719423513.1780226,10
1719423517.2573402,10
1719423521.3293977,10
1719423525.4708447,10
1719423529.5634544,10
1719423533.6296356,10
1719423537.8076053,10
1719423541.868892,10
1719423545.9530365,10
1719423549.987129,10
1719423554.1510308,10
1719423558.2324226,10
1719423562.3360384,10
1719423566.4401367,10
1719423570.6427803,10
1719423574.7170224,10
1719423578.8988328,10
1719423583.0068245,10
1719423587.148115,10
1719423591.2216399,10
1719423595.356013,10
1719423599.4276872,10
1719423603.554916,10
1719423607.683294,10
1719423611.8205442,10
1719423615.950516,10
1719423620.115689,10
1719423624.3098948,10
1719423628.4123213,10
1719423632.673722,10
1719423636.805039,10
1719423640.8979878,10
1719423645.0784166,10
1719423649.2271414,10
1719423653.3829098,10
1719423657.6487067,10
1719423661.689681,10
1719423665.9026113,10
1719423669.8811295,10
1719423674.038909,10
1719423678.1378157,10
1719423682.167938,10
1719423686.140098,10
1719423690.2385392,10
1719423694.3200064,10
1719423698.4738371,10
1719423702.5599911,10
1719423706.6915853,10
1719423711.0008862,10
1719423715.2158601,10
1719423719.5841653,10
1719423723.7185822,10
1719423728.075258,10
1719423732.2090764,10
1719423736.4740849,10
1719423740.677071,10
1719423744.8887026,10
1719423748.962121,10
1719423752.9064908,10
1719423757.0525897,10
1719423761.3648345,10
1719423765.439951,10
1719423769.8127553,10
1719423773.9207447,10
1719423778.0949607,10
1719423782.1707313,10
1719423786.2559483,10
1719423790.5171912,10
1719423794.752441,10
1719423798.8554258,10
1719423802.9709733,10
1719423807.242176,10
1719423811.4327412,10
1719423815.5423493,10
1719423819.7499917,10
1719423824.0319552,10
1719423828.4090252,10
1719423832.6739156,10
1719423836.8469238,10
1719423841.0841737,10
1719423845.2099574,10
1719423849.3663073,10
1719423853.553599,10
1719423857.6741617,10
1719423861.9812708,10
1719423866.635357,10
1719423870.8860621,10
1719423875.0963466,10
1719423879.2941086,10
1719423883.426442,10
1719423887.6458592,10
1719423891.8887134,10
1719423896.18835,10
1719423900.2912996,10
1719423904.41466,10
1719423908.5508373,10
1719423912.6441011,10
1719423916.751136,10
1719423921.0285883,10
1719423925.2601478,10
1719423929.4548078,10
1719423933.5959198,10
1719423937.7929785,10
1719423941.9222531,10
1719423946.0357685,10
1719423950.0991535,10
1719423954.2908258,10
1719423958.2762964,10
1719423962.5045025,10
1719423966.627761,10
1719423970.7910004,10
1719423974.900605,10
1719423979.3425322,10
1719423983.4657369,10
1719423987.5158455,10
1719423991.8037891,10
1719423995.9591908,10
1719424000.171601,10
1719424004.5220444,10
1719424008.6245508,10
1719424012.7012594,10
1719424016.8425667,10
1719424021.0499172,10
1719424025.3060324,10
1719424029.4994335,10
1719424033.683132,10
1719424037.8321543,10
1719424042.0561616,10
1719424046.1827025,10
1719424050.2559166,10
1719424054.3814225,10
1719424058.5336955,10
1719424062.6234164,10
1719424066.7498913,10
1719424070.878267,10
1719424074.9757648,10
1719424079.0635617,10
1719424083.1333063,10
1719424087.2748852,10
1719424091.3296986,10
1719424095.568125,10
1719424099.631077,10
1719424103.719855,10
1719424107.862155,10
1719424112.0057137,10
1719424116.0269177,10
1719424120.1092582,10
1719424124.2968338,10
1719424128.5237944,10
1719424132.6481676,10
1719424136.7405386,10
1719424140.7587547,10
1719424144.807864,10
1719424148.860605,10
1719424153.0244396,10
1719424157.2322216,10
1719424161.3459678,10
1719424165.418165,10
1719424169.677197,10
1719424173.5822253,10
1719424177.608276,10
1719424181.7085245,10
1719424185.8657322,10
1719424189.9384217,10
1719424194.0772498,10
1719424198.2523346,10
1719424202.4120727,10
1719424206.5268424,10
1719424210.6883264,10
1719424214.592383,10
1719424218.7737608,10
1719424222.7488263,10
1719424226.982402,10
1719424231.1534033,10
1719424235.2410455,10
1719424239.3024576,10
1719424243.4521468,10
1719424247.635988,10
1719424251.7312505,10
1719424255.9327662,10
1719424260.1152453,10
1719424264.2059593,10
1719424268.2715383,10
1719424272.5013316,10
1719424276.5383153,10
1719424280.5953746,10
1719424284.6988554,10
1719424288.8122094,10
1719424293.0021143,10
1719424297.092501,10
1719424301.0213306,10
1719424305.1645663,10
1719424309.2998035,10
1719424313.414468,10
1719424317.683916,10
1719424321.7958362,10
1719424325.888556,10
1719424329.9940639,10
1719424334.0616064,10
1719424338.1515036,10
1719424342.3916097,10
1719424346.5720277,10
1719424350.592934,10
1719424354.7274797,10
1719424358.7866106,10
1719424362.9254088,10
1719424367.191257,10
1719424371.2084796,10
1719424375.3505201,10
1719424379.5894136,10
1719424384.0536764,10
1719424388.1630676,10
1719424392.3575583,10
1719424396.422366,10
1719424400.5035741,10
1719424404.6502357,10
1719424408.9727972,10
1719424413.087104,10
1719424417.1807876,10
1719424421.274963,10
1719424425.4698873,10
1719424429.7137368,10
1719424433.9309523,10
1719424438.074235,10
1719424442.3539066,10
1719424446.5310562,10
1719424450.6280134,10
1719424454.75412,10
1719424458.9293106,10
1719424463.0640788,10
1719424467.0622048,10
1719424471.2740726,10
1719424475.6265094,10
1719424479.857929,10
1719424484.051362,10
1719424488.3219025,10
1719424492.5182505,10
1719424496.6370223,10
1719424500.8530347,10
1719424505.1105428,10
1719424509.0932844,10
1719424513.1830902,10
1719424517.4042678,10
1719424521.4861145,10
1719424525.6128006,10
1719424529.8076472,10
1719424533.957896,10
1719424538.136895,10
1719424542.222118,10
1719424546.3378034,10
1719424550.3331687,10
1719424554.5093825,10
1719424558.655571,10
1719424562.793459,10
1719424566.9342475,10
1719424571.1093187,10
1719424575.1913593,10
1719424579.3114843,10
1719424583.4668748,10
1719424587.7183766,10
1719424591.7294652,10
1719424595.8923314,10
1719424599.9665477,10
1719424604.506645,10
1719424608.7066288,10
1719424613.042737,10
1719424617.3842106,10
1719424621.5800936,10
1719424625.771323,10
1719424630.008883,10
1719424633.9491298,10
1719424638.1048315,10
1719424642.3550968,10
1719424646.5693598,10
1719424650.8087082,10
1719424655.0165825,10
1719424659.0835383,10
1719424663.2575593,10
1719424667.7706254,10
1719424671.877166,10
1719424675.8379936,10
1719424680.0350847,10
1719424684.2398374,10
1719424688.380386,10
1719424692.603009,10
1719424696.7063005,10
1719424700.8230908,10
1719424704.755495,10
1719424708.941606,10
1719424713.108001,10
1719424717.2474031,10
1719424721.347223,10
1719424725.3945382,10
1719424729.5179715,10
1719424733.7063074,10
1719424737.9437902,10
1719424742.1029646,10
1719424746.167191,10
1719424750.337107,10
1719424754.2924619,10
1719424758.6471167,10
1719424762.7756264,10
1719424766.9682007,10
1719424771.0509586,10
1719424775.1677108,10
1719424779.3968012,10
1719424783.7240386,10
1719424787.9246821,10
1719424792.0810413,10
1719424796.5023339,10
1719424800.6093256,10
1719424804.7892046,10
1719424808.9345853,10
1719424813.1751904,10
1719424817.418417,10
1719424821.6113093,10
1719424825.9707944,10
1719424830.1054382,10
1719424834.2464693,10
1719424838.3613694,10
1719424842.5673945,10
1719424846.7975993,10
1719424850.9180229,10
1719424855.090784,10
1719424859.226313,10
1719424863.4491491,10
1719424867.6832612,10
1719424871.770574,10
1719424875.9038227,10
1719424880.0813887,10
1719424884.3181398,10
1719424888.5880103,10
1719424892.8203464,10
1719424896.999241,10
1719424901.2220426,10
1719424905.301923,10
1719424909.52412,10
1719424913.805717,10
1719424917.9728918,10
1719424922.1149235,10
1719424926.2659156,10
1719424930.3558612,10
1719424934.9140792,10
1719424938.8473544,10
1719424942.9936683,10
1719424947.1694314,10
1719424951.3572214,10
1719424955.4722342,10
1719424959.573041,10
1719424963.813224,10
1719424968.0999577,10
1719424972.3905008,10
1719424976.5871887,10
1719424980.8634768,10
1719424984.9943929,10
1719424989.1107612,10
1719424993.346853,10
1719424997.534663,10
1719425001.7520254,10
1719425005.9008756,10
1719425010.0643728,10
1719425014.418962,10
1719425018.650664,10
1719425022.9404342,10
1719425027.1051579,10
1719425031.1955454,10
1719425035.3880482,10
1719425039.659118,10
1719425043.9751506,10
1719425048.03329,10
1719425051.9640303,10
1719425056.1780372,10
1719425060.3783529,10
1719425064.627108,10
1719425068.8337667,10
1719425073.0774636,10
1719425077.2064748,10
1719425081.331672,10
1719425085.5500543,10
1719425089.6395159,10
1719425093.6060915,10
1719425097.750119,10
1719425101.920677,10
1719425106.074888,10
1719425110.2909944,10
1719425114.4192798,10
1719425118.6846166,10
1719425122.7731063,10
1719425126.8740573,10
1719425130.9311457,10
1719425135.2021372,10
1719425139.2464333,10
1719425143.4077346,10
1719425148.2266088,10
1719425152.347324,10
1719425156.4089293,10
1719425160.5780401,10
1719425164.745611,10
1719425168.9618175,10
1719425173.1353056,10
1719425177.5753176,10
1719425181.6445637,10
1719425185.6744978,10
1719425189.7293487,10
1719425193.9072595,10
1719425198.1140635,10
1719425202.1732254,10
1719425206.378385,10
1719425210.6028051,10
1719425214.687639,10
1719425218.7919354,10
1719425222.8024275,10
1719425226.9568515,10
1719425230.9700265,10
1719425235.0815904,10
1719425239.1909769,10
1719425243.3356009,10
1719425247.4749606,10
1719425251.7611737,10
1719425255.7853532,10
1719425259.8305748,10
1719425263.8978744,10
1719425268.1744533,10
1719425272.4772463,10
1719425276.7357879,10
1719425280.8836653,10
1719425284.9820766,10
1719425289.2181098,10
1719425293.304475,10
1719425297.411592,10
1719425301.6215816,10
1719425305.701287,10
1719425309.6594465,10
1719425313.786262,10
1719425317.980196,10
1719425322.249437,10
1719425326.3898509,10
1719425330.5711381,10
1719425334.7445073,10
1719425338.717798,10
1719425342.8555892,10
1719425347.058317,10
1719425351.4219737,10
1719425355.5580392,10
1719425359.700368,10
1719425363.8418205,10
1719425368.0908184,10
1719425372.2358181,10
1719425376.4085867,10
1719425380.619291,10
1719425384.6755133,10
1719425388.8017268,10
1719425392.90526,10
1719425397.204312,10
1719425401.3517323,10
1719425405.5674436,10
1719425409.8891473,10
1719425414.006588,10
1719425418.2762856,10
1719425422.474433,10
1719425426.6603572,10
1719425430.7392883,10
1719425434.8989909,10
1719425439.0022657,10
1719425443.1398656,10
1719425447.351414,10
1719425451.4761028,10
1719425455.643357,10
1719425459.8727808,10
1719425464.0866609,10
1719425468.3229926,10
1719425472.5541308,10
1719425476.6825688,10
1719425480.8968554,10
1719425485.0669122,10
1719425489.2525506,10
1719425493.5113032,10
1719425497.6548743,10
1719425501.7302568,10
1719425505.8879192,10
1719425510.0914981,10
1719425514.1934288,10
1719425518.4164197,10
1719425522.5590105,10
1719425526.9513013,10
1719425531.0807693,10
1719425535.2968752,10
1719425539.484638,10
1719425543.7206817,10
1719425547.875634,10
1719425551.9144862,10
1719425556.0955162,10
1719425560.1774113,10
1719425564.094052,10
1719425568.689883,10
1719425572.9800858,10
1719425577.2302423,10
1719425581.4486127,10
1719425585.6319444,10
1719425589.8838136,10
1719425594.0152805,10
1719425598.2783074,10
1719425602.3922105,10
1719425606.4944997,10
1719425610.7155275,10
1719425614.897282,10
1719425619.0664651,10
1719425623.1232245,10
1719425627.351138,10
1719425631.6433725,10
1719425635.8054476,10
1719425640.029493,10
1719425644.1692798,10
1719425648.3624403,10
1719425652.4886537,10
1719425656.6319263,10
1719425661.1086953,10
1719425665.180084,10
1719425669.3457465,10
1719425673.364498,10
1719425677.572431,10
1719425681.8667986,10
1719425686.020513,10
1719425690.221096,10
1719425694.4119248,10
1719425698.6734962,10
1719425702.7652767,10
1719425707.0015476,10
1719425711.1965842,10
1719425715.3512278,10
1719425719.519975,10
1719425723.900222,10
1719425728.0108168,10
1719425732.4912267,10
1719425736.582194,10
1719425741.0697963,10
1719425745.2027357,10
1719425749.4096904,10
1719425753.5357435,10
1719425757.6282432,10
1719425761.570843,10
1719425765.7840395,10
1719425769.8043115,10
1719425774.136151,10
1719425778.3234534,10
1719425782.4626293,10
1719425786.5778143,10
1719425790.7475617,10
1719425794.8582883,10
1719425799.001227,10
1719425803.136841,10
1719425807.2249262,10
1719425811.3650312,10
1719425815.5025585,10
1719425819.926553,10
1719425824.1187785,10
1719425828.362014,10
1719425832.5651624,10
1719425836.8176107,10
1719425840.7536144,10
1719425845.056914,10
1719425849.1853213,10
1719425853.383772,10
1719425857.579488,10
1719425861.7798836,10
1719425866.0006177,10
1719425870.196901,10
1719425874.4155514,10
1719425878.620182,10
1719425882.7731993,10
1719425886.948337,10
1719425891.10247,10
1719425894.9629266,10
1719425899.0336275,10
1719425903.3512542,10
1719425907.439634,10
1719425911.6212943,10
1719425915.795062,10
1719425920.1211467,10
1719425924.2368195,10
1719425928.4634314,10
1719425932.7117858,10
1719425936.9072087,10
1719425941.0594301,10
1719425945.3959546,10
1719425949.463039,10
1719425953.747092,10
1719425957.8507645,10
1719425961.967994,10
1719425966.1126852,10
1719425970.234294,10
1719425974.4014006,10
1719425978.6584804,10
1719425982.8199437,10
1719425987.0200381,10
1719425991.2101064,10
1719425995.3793297,10
1719425999.486819,10
1719426003.7388933,10
1719426007.81993,10
1719426012.0587225,10
1719426016.2242033,10
1719426020.281367,10
1719426024.4491017,10
1719426028.7910945,10
1719426032.884372,10
1719426036.804331,10
1719426040.9309335,10
1719426045.129319,10
1719426049.1340275,10
1719426053.1101763,10
1719426057.5935345,10
1719426061.8640945,10
1719426066.0516198,10
1719426070.2037566,10
1719426074.2235193,10
1719426078.3212733,10
1719426082.6019518,10
1719426086.7931345,10
1719426091.0231185,10
1719426094.9919736,10
1719426099.1914237,10
1719426103.6172533,10
1719426107.8152177,10
1719426112.0820982,10
1719426116.4013922,10
1719426120.6185389,10
1719426125.0430975,10
1719426129.2687218,10
1719426133.3677232,10
1719426137.3493705,10
1719426141.5131252,10
1719426145.7665026,10
1719426149.974577,10
1719426154.1358273,10
1719426158.263174,10
1719426162.3805454,10
1719426166.4689772,10
1719426170.5905478,10
1719426174.7962112,10
1719426179.0067601,10
1719426183.2135954,10
1719426187.4176433,10
1719426191.6038167,10
1719426195.7504725,10
1719426199.9107077,10
1719426204.1162467,10
1719426208.0506942,10
1719426212.1491964,10
1719426216.2830508,10
1719426220.3903794,10
1719426224.555173,10
1719426228.4753575,10
1719426232.576733,10
1719426236.7617764,10
1719426240.9835663,10
1719426245.08317,10
1719426249.1710875,10
1719426253.373889,10
1719426257.4697995,10
1719426261.707722,10
1719426265.8789086,10
1719426270.1312945,10
1719426274.2470186,10
1719426278.284291,10
1719426282.3971453,10
1719426286.5973158,10
1719426290.6650343,10
1719426294.7893152,10
1719426298.9737434,10
1719426303.1291387,10
1719426307.0466769,10
1719426311.0999908,10
1719426315.2923594,10
1719426319.4329908,10
1719426323.580001,10
1719426327.7067785,10
1719426331.9103482,10
1719426336.3871586,10
1719426340.643852,10
1719426344.751395,10
1719426348.7108974,10
1719426352.8544521,10
1719426357.0895348,10
1719426361.3690624,10
1719426365.6280482,10
1719426369.8399158,10
1719426373.9539535,10
1719426378.2325919,10
1719426382.5725405,10
1719426386.710467,10
1719426390.6873457,10
1719426394.8211856,10
1719426398.8879023,10
1719426403.094707,10
1719426407.349725,10
1719426411.563164,10
1719426415.8942776,10
1719426420.010159,10
1719426424.234419,10
1719426428.3253462,10
1719426432.3380625,10
1719426436.555634,10
1719426440.7429945,10
1719426445.0157998,10
1719426449.1230774,10
1719426453.3128803,10
1719426457.433187,10
1719426461.4960253,10
1719426465.6634915,10
1719426469.6989355,10
1719426473.758666,10
1719426477.9139292,10
1719426482.066057,10
1719426486.2645328,10
1719426490.3588724,10
1719426494.6754746,10
1719426498.8545747,10
1719426502.9717717,10
1719426507.1853304,10
1719426511.483094,10
1719426515.6174874,10
1719426519.7134671,10
1719426523.8348439,10
1719426527.9706416,10
1719426532.10253,10
1719426536.1928601,10
1719426540.3417442,10
1719426544.5508068,10
1719426548.671175,10
1719426552.8844085,10
1719426557.029434,10
1719426561.2108686,10
1719426565.3630993,10
1719426569.5123088,10
1719426573.7965832,10
1719426577.9836254,10
1719426582.1018012,10
1719426586.3035917,10
1719426590.4114053,10
1719426594.5597737,10
1719426598.7871795,10
1719426603.0158808,10
1719426607.258982,10
1719426611.480625,10
1719426615.5839682,10
1719426620.1906114,10
1719426624.551324,10
1719426628.6284478,10
1719426632.7244067,10
1719426636.7583306,10
1719426640.8723323,10
1719426644.9843245,10
1719426649.0487607,10
1719426653.1149325,10
1719426657.1876006,10
1719426661.0858543,10
1719426665.3820593,10
1719426669.5190191,10
1719426673.399973,10
1719426677.520124,10
1719426681.6099384,10
1719426685.5830646,10
1719426689.722734,10
1719426693.7848864,10
1719426697.7745047,10
1719426702.0374906,10
1719426706.214557,10
1719426710.448825,10
1719426714.5458121,10
1719426718.6423512,10
1719426722.8233423,10
1719426726.7901454,10
1719426731.0172544,10
1719426735.2679322,10
1719426739.4781055,10
1719426743.5421753,10
1719426747.675488,10
1719426751.7559555,10
1719426756.0135221,10
1719426760.2015836,10
1719426764.3888357,10
1719426768.3564785,10
1719426772.478784,10
1719426776.6446579,10
1719426780.8682594,10
1719426784.942618,10
1719426789.0729597,10
1719426793.380981,10
1719426797.5835469,10
1719426801.7592192,10
1719426806.0127902,10
1719426810.047471,10
1719426814.3590279,10
1719426818.562676,10
1719426822.7363145,10
1719426826.884946,10
1719426831.037813,10
1719426835.0271235,10
1719426839.690023,10
1719426843.9612155,10
1719426848.1833985,10
1719426852.4710908,10
1719426856.6982207,10
1719426860.8814285,10
1719426865.0299673,10
1719426869.030707,10
1719426873.1823616,10
1719426877.3876033,10
1719426881.5073764,10
1719426885.717347,10
1719426889.9289186,10
1719426893.877697,10
1719426897.9973347,10
1719426902.2225864,10
1719426906.486924,10
1719426910.51286,10
1719426914.691436,10
1719426918.84284,10
1719426922.9591508,10
1719426927.2440517,10
1719426931.4488816,10
1719426935.6184452,10
1719426939.918037,10
1719426944.0261016,10
1719426948.12076,10
1719426952.4095204,10
1719426956.6751497,10
1719426960.9565005,10
1719426965.1585124,10
1719426969.2820318,10
1719426973.5264184,10
1719426977.523062,10
1719426981.6901302,10
1719426985.7704732,10
1719426989.9611492,10
1719426994.130953,10
1719426998.2012951,10
1719427002.3840551,10
1719427006.5134737,10
1719427010.620505,10
1719427014.7321768,10
1719427018.791242,10
1719427023.0191948,10
1719427027.1079762,10
1719427031.1585283,10
1719427035.3845463,10
1719427039.4849396,10
1719427043.5812197,10
1719427047.6613524,10
1719427051.767856,10
1719427056.0078638,10
1719427060.4287221,10
1719427064.6650555,10
1719427068.7916737,10
1719427073.044281,10
1719427077.4450092,10
1719427081.5425174,10
1719427085.626305,10
1719427089.7796288,10
1719427093.8983934,10
1719427098.1351628,10
1719427102.457946,10
1719427106.6209226,10
1719427110.8363502,10
1719427115.0674367,10
1719427119.3459582,10
1719427123.2580075,10
1719427127.331478,10
1719427131.382715,10
1719427135.5163412,10
1719427139.4396706,10
1719427143.6752894,10
1719427147.7132626,10
1719427152.105037,10
1719427156.2290409,10
1719427160.409408,10
1719427164.586889,10
1719427168.7303073,10
1719427172.7131758,10
1719427176.8398776,10
1719427180.9279752,10
1719427185.0496447,10
1719427189.0095713,10
1719427193.1114647,10
1719427197.1958995,10
1719427201.306436,10
1719427205.3987622,10
1719427209.4856923,10
1719427213.6334758,10
1719427217.9259527,10
1719427221.9632394,10
1719427226.2011402,10
1719427230.1404712,10
1719427234.23274,10
1719427238.3492737,10
1719427242.4463696,10
1719427246.605524,10
1719427250.6649349,10
1719427254.7972975,10
1719427258.8355157,10
1719427262.770301,10
1719427266.8233137,10
1719427270.9032512,10
1719427274.9915392,10
1719427279.1929927,10
1719427283.2775104,10
1719427287.4696853,10
1719427291.3732023,10
1719427295.6249554,10
1719427299.7316623,10
1719427303.8174474,10
1719427307.9097276,10
1719427312.018808,10
1719427315.9102056,10
1719427320.0061698,10
1719427324.0698717,10
1719427328.197967,10
1719427332.2318363,10
1719427336.3362274,10
1719427340.4362905,10
1719427344.630517,10
1719427348.6351113,10
1719427352.7501788,10
1719427356.8461597,10
1719427360.9517164,10
1719427365.0806885,10
1719427369.1965475,10
1719427373.2958934,10
1719427377.4207635,10
1719427381.568752,10
1719427385.666823,10
1719427389.702726,10
1719427393.8596122,10
1719427398.0787575,10
1719427402.2859542,10
1719427406.4342268,10
1719427410.4786868,10
1719427414.60008,10
1719427418.7329903,10
1719427422.8722348,10
1719427427.0750973,10
1719427431.2643144,10
1719427435.3648977,10
1719427439.4736543,10
1719427443.595727,10
1719427447.6816273,10
1719427451.836051,10
1719427455.9593136,10
1719427460.3499017,10
1719427464.5018966,10
1719427468.716424,10
1719427472.891315,10
1719427477.271837,10
1719427481.421816,10
1719427485.5151727,10
1719427489.60142,10
1719427493.709861,10
1719427497.8577428,10
1719427502.0552995,10
1719427506.4436712,10
1719427510.5862267,10
1719427514.9169881,10
1719427519.115895,10
1719427523.215401,10
1719427527.4455607,10
1719427531.6832426,10
1719427535.8331246,10
1719427539.9005902,10
1719427544.24274,10
1719427548.3436935,10
1719427552.4498944,10
1719427556.5982978,10
1719427560.7945719,10
1719427564.970887,10
1719427569.321925,10
1719427573.4691083,10
1719427577.6580057,10
1719427581.7399437,10
1719427585.8620002,10
1719427590.0005283,10
1719427594.0994503,10
1719427598.1978028,10
1719427602.3054354,10
1719427606.5200896,10
1719427610.6609104,10
1719427614.837103,10
1719427618.9718666,10
1719427623.1948583,10
1719427627.3438344,10
1719427631.4760246,10
1719427635.5589056,10
1719427639.7207663,10
1719427643.9349806,10
1719427648.2146082,10
1719427652.1796923,10
1719427656.4304392,10
1719427660.5195181,10
1719427664.7939944,10
1719427668.952022,10
1719427673.0557547,10
1719427677.1590369,10
1719427681.2057843,10
1719427685.3610249,10
1719427689.6146991,10
1719427693.5925384,10
1719427697.7120805,10
1719427701.8911145,10
1719427706.0285757,10
1719427710.0669403,10
1719427714.2346587,10
1719427718.1395621,10
1719427722.339665,10
1719427726.4659314,10
1719427730.6443708,10
1719427734.8130677,10
1719427739.0006256,10
1719427743.1413105,10
1719427747.3070607,10
1719427751.4605865,10
1719427755.6090744,10
1719427759.8275857,10
1719427764.0540261,10
1719427767.9658182,10
1719427772.0906074,10
1719427776.3528104,10
1719427780.5896213,10
1719427784.7039678,10
1719427788.841868,10
1719427793.0673692,10
1719427797.3339555,10
1719427801.524278,10
1719427805.815166,10
1719427809.973292,10
1719427814.1237268,10
1719427818.3042114,10
1719427822.4173572,10
1719427826.5178475,10
1719427830.6845927,10
1719427834.9699178,10
1719427839.199403,10
1719427843.30552,10
1719427847.6127121,10
1719427851.823365,10
1719427855.9854228,10
1719427860.2742813,10
1719427864.49927,10
1719427868.6295605,10
1719427873.0567682,10
1719427877.2398553,10
1719427881.4690993,10
1719427885.6212883,10
1719427889.7443428,10
1719427893.7226012,10
1719427897.8744538,10
1719427902.062106,10
1719427906.16809,10
1719427910.279379,10
1719427914.5091672,10
1719427918.6852267,10
1719427923.022678,10
1719427927.2837534,10
1719427931.4450164,10
1719427935.6769533,10
1719427939.8747668,10
1719427943.955818,10
1719427948.1748595,10
1719427952.388994,10
1719427956.5249965,10
1719427960.7965388,10
1719427964.985835,10
1719427969.182947,10
1719427973.547077,10
1719427977.568724,10
1719427981.691361,10
1719427985.931467,10
1719427990.061183,10
1719427994.1883724,10
1719427998.3924606,10
1719428002.3398418,10
1719428006.6913793,10
1719428010.8381453,10
1719428015.003233,10
1719428019.271623,10
1719428023.4180126,10
1719428027.4386172,10
1719428031.5762222,10
1719428035.722739,10
1719428039.8472438,10
1719428043.9444125,10
1719428048.0048444,10
1719428052.1562781,10
1719428056.2611504,10
1719428060.414675,10
1719428064.5353878,10
1719428068.5943716,10
1719428072.7971435,10
1719428076.9563982,10
1719428081.1717541,10
1719428085.3512406,10
1719428089.6780322,10
1719428093.894628,10
1719428097.8877099,10
1719428102.0546286,10
1719428106.087219,10
1719428110.0950353,10
1719428114.0699978,10
1719428118.3665001,10
1719428122.592186,10
1719428126.724037,10
1719428131.182102,10
1719428135.2313545,10
1719428139.4424248,10
1719428143.501876,10
1719428147.7209878,10
1719428151.8854146,10
1719428156.0768418,10
1719428160.3180175,10
1719428164.3766334,10
1719428168.5906324,10
1719428173.0765688,10
1719428177.2032814,10
1719428181.3026993,10
1719428185.4254494,10
1719428189.5879564,10
1719428193.5658183,10
1719428197.7392457,10
1719428201.8782246,10
1719428206.11616,10
1719428210.2681522,10
1719428214.41668,10
1719428218.6309018,10
1719428222.9154744,10
1719428227.0612473,10
1719428231.2443833,10
1719428235.1610782,10
1719428239.325621,10
1719428243.565327,10
1719428247.6969838,10
1719428251.9723084,10
1719428256.1075428,10
1719428260.3345008,10
1719428264.3445663,10
1719428268.5651433,10
1719428272.77379,10
1719428276.8072813,10
1719428280.8651237,10
1719428284.9788308,10
1719428289.1922543,10
1719428293.1822758,10
1719428297.2990837,10
1719428301.5039713,10
1719428305.8758469,10
1719428310.0794983,10
1719428314.2105246,10
1719428318.504197,10
1719428322.7763133,10
1719428326.915984,10
1719428331.0752645,10
1719428335.236063,10
1719428339.4250405,10
1719428343.7106771,10
1719428347.8760967,10
1719428352.0898314,10
1719428356.213049,10
1719428360.3073459,10
1719428364.4396996,10
1719428368.6595619,10
1719428372.8424368,10
1719428376.9722946,10
1719428381.21627,10
1719428385.4287207,10
1719428389.4598846,10
1719428393.5459046,10
1719428397.7476015,10
1719428402.227977,10
1719428406.5611455,10
1719428410.7544641,10
1719428415.0608082,10
1719428419.2126932,10
1719428423.498038,10
1719428427.802374,10
1719428432.0259137,10
1719428436.324711,10
1719428440.3873267,10
1719428444.5475173,10
1719428448.6782978,10
1719428452.74284,10
1719428456.8821044,10
1719428461.001145,10
1719428465.154025,10
1719428469.3048167,10
1719428473.4347467,10
1719428477.6456213,10
1719428481.7855444,10
1719428485.926183,10
1719428490.1657507,10
1719428494.32449,10
1719428498.5484173,10
1719428502.7888598,10
1719428507.030824,10
1719428511.537509,10
1719428515.7573156,10
1719428519.884635,10
1719428524.1021883,10
1719428528.3113937,10
1719428532.553258,10
1719428536.6716642,10
1719428540.8148482,10
1719428544.9970264,10
1719428549.1486332,10
1719428553.2505255,10
1719428557.3675609,10
1719428561.4826872,10
1719428565.5725803,10
1719428569.7048461,10
1719428573.8180335,10
1719428577.9536417,10
1719428581.9704618,10
1719428586.1744359,10
1719428590.4884577,10
1719428594.6240702,10
1719428598.78908,10
1719428603.046237,10
1719428607.1999063,10
1719428611.4163563,10
1719428615.6281457,10
1719428619.8539808,10
1719428623.997312,10
1719428628.1444974,10
1719428632.2849126,10
1719428636.5044498,10
1719428640.5671978,10
1719428644.7582452,10
1719428648.883701,10
1719428652.9768171,10
1719428657.2430508,10
1719428661.3361924,10
1719428665.2852287,10
1719428669.2611127,10
1719428673.368218,10
1719428677.479579,10
1719428681.6433544,10
1719428685.7903767,10
1719428689.9191506,10
1719428694.186081,10
1719428698.1612487,10
1719428702.3015275,10
1719428706.4381733,10
1719428710.7115605,10
1719428714.9632072,10
1719428719.116182,10
1719428723.4387395,10
1719428727.6053615,10
1719428731.99861,10
1719428736.1711736,10
1719428740.1987984,10
1719428744.4596736,10
1719428748.649035,10
1719428752.7716346,10
1719428756.9314053,10
1719428761.149965,10
1719428765.466135,10
1719428769.6884952,10
1719428774.08001,10
1719428778.3224967,10
1719428782.2849715,10
1719428786.4808373,10
1719428790.7142828,10
1719428795.122449,10
1719428799.3648386,10
1719428803.5117683,10
1719428807.6536067,10
1719428811.7095098,10
1719428815.9168706,10
1719428820.1159706,10
1719428824.0680807,10
1719428828.1133375,10
1719428832.2389555,10
1719428836.3318348,10
1719428840.461688,10
1719428844.611745,10
1719428848.777575,10
1719428853.0376115,10
1719428857.1260533,10
1719428861.3468313,10
1719428865.3428032,10
1719428869.5353358,10
1719428873.7001176,10
1719428877.886906,10
1719428882.0931616,10
1719428886.149229,10
1719428890.2449603,10
1719428894.3196492,10
1719428898.5061018,10
1719428902.6258588,10
1719428906.8445764,10
1719428910.9234061,10
1719428915.0550492,10
1719428919.1892447,10
1719428923.3571491,10
1719428927.4547899,10
1719428931.544428,10
1719428935.7765012,10
1719428939.8341258,10
1719428943.892415,10
1719428948.1738102,10
1719428952.1864293,10
1719428956.2453122,10
1719428960.3484986,10
1719428964.556525,10
1719428969.0425043,10
1719428973.2465737,10
1719428977.3364508,10
1719428981.397965,10
1719428985.5735636,10
1719428989.709829,10
1719428993.8286643,10
1719428998.2629857,10
1719429002.5362718,10
1719429006.7828107,10
1719429011.143193,10
1719429015.2668293,10
1719429019.489892,10
1719429023.6447186,10
1719429027.8382413,10
1719429031.7952135,10
1719429035.8786488,10
1719429040.1347625,10
1719429044.4168077,10
1719429048.5961945,10
1719429052.7092311,10
1719429056.9834769,10
1719429061.3364806,10
1719429065.4337094,10
1719429069.6394286,10
1719429073.7672703,10
1719429077.9290628,10
1719429082.0860598,10
1719429086.260607,10
1719429090.3808746,10
1719429094.5142653,10
1719429098.6203258,10
1719429102.7370107,10
1719429106.9786136,10
1719429111.1156306,10
1719429115.244012,10
1719429119.4534254,10
1719429123.529773,10
1719429127.6711092,10
1719429131.9776201,10
1719429136.1216993,10
1719429140.2668839,10
1719429144.4806988,10
1719429148.6724746,10
1719429152.7645333,10
1719429157.1245778,10
1719429161.3510964,10
1719429165.5759184,10
1719429169.7439086,10
1719429174.002376,10
1719429178.07934,10
1719429182.1647856,10
1719429186.2761326,10
1719429190.437885,10
1719429194.4990633,10
1719429198.6803463,10
1719429202.8631947,10
1719429207.0689757,10
1719429211.2273512,10
1719429215.416838,10
1719429219.4408562,10
1719429223.553857,10
1719429227.7866561,10
1719429231.8633852,10
1719429235.997246,10
1719429240.160602,10
1719429244.1032422,10
1719429248.1753733,10
1719429252.3854983,10
1719429256.531841,10
1719429260.6801822,10
1719429264.6418352,10
1719429268.7661586,10
1719429272.6515946,10
1719429276.7056994,10
1719429280.8883355,10
1719429284.8863027,10
1719429289.1189506,10
1719429293.223481,10
1719429297.1492507,10
1719429301.299163,10
1719429305.3712254,10
1719429309.4588788,10
1719429313.5030248,10
1719429317.7127316,10
1719429321.8616934,10
1719429325.9252706,10
1719429330.0805285,10
1719429334.1529605,10
1719429338.2159178,10
1719429342.3161905,10
1719429346.342125,10
1719429350.2594793,10
1719429354.6865563,10
1719429358.8221235,10
1719429363.0177064,10
1719429367.1217575,10
1719429371.2521875,10
1719429375.4080145,10
1719429379.6506033,10
1719429383.7554152,10
1719429387.8765843,10
1719429391.813669,10
1719429396.030939,10
1719429400.096153,10
1719429404.2955115,10
1719429408.4714947,10
1719429412.8207428,10
1719429416.9758253,10
1719429421.196897,10
1719429425.217213,10
1719429429.358989,10
1719429433.4811933,10
1719429437.582096,10
1719429441.74662,10
1719429446.003465,10
1719429450.2125645,10
1719429454.5129788,10
1719429458.7570865,10
1719429462.8901677,10
1719429467.227085,10
1719429471.4851334,10
1719429475.6586301,10
1719429479.8461108,10
1719429483.99404,10
1719429488.1511252,10
1719429492.3490696,10
1719429496.6656258,10
1719429500.8895872,10
1719429505.068095,10
1719429509.1283803,10
1719429513.2619264,10
1719429517.4204516,10
1719429521.5771666,10
1719429525.774191,10
1719429530.1306193,10
1719429534.4311767,10
1719429538.701175,10
1719429542.9456973,10
1719429547.2510912,10
1719429551.3514016,10
1719429555.590882,10
1719429559.7895188,10
1719429563.9830728,10
1719429568.122556,10
1719429572.3630145,10
1719429576.6118274,10
1719429580.960858,10
1719429585.0685487,10
1719429589.2841635,10
1719429593.3754387,10
1719429597.510989,10
1719429601.6026697,10
1719429605.8268507,10
1719429609.9736164,10
1719429614.1655602,10
1719429618.3372984,10
1719429622.474137,10
1719429626.6498652,10
1719429630.892887,10
1719429634.9660232,10
1719429639.0621572,10
1719429643.2945733,10
1719429647.5743203,10
1719429651.6719496,10
1719429655.7734268,10
1719429659.933344,10
1719429664.0709114,10
1719429668.1325657,10
1719429672.3630404,10
1719429676.6039078,10
1719429680.745542,10
1719429684.9124472,10
1719429688.9905083,10
1719429693.1424015,10
1719429697.238525,10
1719429701.4294283,10
1719429705.7293367,10
1719429709.9281516,10
1719429714.004352,10
1719429718.0851123,10
1719429722.1749833,10
1719429726.3379056,10
1719429730.5024786,10
1719429734.6936083,10
1719429738.9315987,10
1719429743.083305,10
1719429747.3239253,10
1719429751.5113182,10
1719429755.650233,10
1719429759.7182715,10
1719429763.8204455,10
1719429767.8879547,10
1719429772.1427236,10
1719429776.3183591,10
1719429780.5251582,10
1719429784.733448,10
1719429789.1659546,10
1719429793.27892,10
1719429797.3945682,10
1719429801.5093362,10
1719429805.7303116,10
1719429809.863967,10
1719429814.0874093,10
1719429818.279469,10
1719429822.3987415,10
1719429826.357012,10
1719429830.679768,10
1719429835.1710055,10
1719429839.321996,10
1719429843.4569554,10
1719429847.739893,10
1719429851.9193552,10
1719429856.052045,10
1719429860.1437256,10
1719429864.176256,10
1719429868.127188,10
1719429872.3378417,10
1719429876.521601,10
1719429880.830716,10
1719429884.9509933,10
1719429889.2325091,10
1719429893.2782376,10
1719429897.4263377,10
1719429901.5301528,10
1719429905.9123776,10
1719429910.0607018,10
1719429914.39651,10
1719429918.6051412,10
1719429922.703768,10
1719429926.9132311,10
1719429931.2163904,10
1719429935.406041,10
1719429939.5951939,10
1719429943.792665,10
1719429947.9069297,10
1719429951.947744,10
1719429955.978985,10
1719429960.0605643,10
1719429964.1621318,10
1719429968.2595105,10
1719429972.4182434,10
1719429976.5429747,10
1719429980.854214,10
1719429984.9229825,10
1719429989.133066,10
1719429993.2715464,10
1719429997.4324272,10
1719430001.5393288,10
1719430005.6810646,10
1719430009.8754032,10
1719430014.0753198,10
1719430018.2991204,10
1719430022.5530643,10
1719430026.7859604,10
1719430030.9885752,10
1719430034.9152994,10
1719430039.0256457,10
1719430043.403696,10
1719430048.1117344,10
1719430052.2331896,10
1719430056.423812,10
1719430060.5556223,10
1719430064.611018,10
1719430068.8082187,10
1719430073.0328329,10
1719430077.0474808,10
1719430081.0427847,10
1719430085.2746708,10
1719430089.3554606,10
1719430093.4849112,10
1719430097.635865,10
1719430101.7318978,10
1719430105.9290092,10
1719430110.2238026,10
1719430114.5564983,10
1719430118.4854279,10
1719430122.71936,10
1719430126.8233705,10
1719430130.9614632,10
1719430135.2642262,10
1719430139.4279184,10
1719430143.5968528,10
1719430147.737126,10
1719430151.8787823,10
1719430155.9742095,10
1719430159.956608,10
1719430164.1408029,10
1719430168.29532,10
1719430172.3090072,10
1719430176.4838154,10
1719430180.532828,10
1719430184.7380111,10
1719430188.8318956,10
1719430192.959702,10
1719430197.1145577,10
1719430200.879494,10
1719430205.0739994,10
1719430209.29536,10
1719430213.4032295,10
1719430217.6055505,10
1719430221.7023828,10
1719430225.887208,10
1719430229.988165,10
1719430234.1274166,10
1719430238.387354,10
1719430242.4669425,10
1719430246.6102812,10
1719430250.6999931,10
1719430254.814364,10
1719430258.8899095,10
1719430263.0060098,10
1719430267.0559232,10
1719430271.2854612,10
1719430275.4237087,10
1719430279.622263,10
1719430283.8061771,10
1719430288.0633597,10
1719430292.2465026,10
1719430296.4547694,10
1719430300.6014369,10
1719430304.773917,10
1719430309.0712926,10
1719430313.198312,10
1719430317.3282468,10
1719430321.5005915,10
1719430325.7264297,10
1719430329.6890836,10
1719430333.9194674,10
1719430338.053635,10
1719430342.1347525,10
1719430346.3079526,10
1719430350.3929944,10
1719430354.752344,10
1719430358.8664634,10
1719430363.068426,10
1719430367.3018146,10
1719430371.3292532,10
1719430375.4492302,10
1719430379.7200792,10
1719430384.06251,10
1719430388.2121336,10
1719430392.3037155,10
1719430396.4116402,10
1719430400.4642,10
1719430404.7126176,10
1719430408.8362138,10
1719430412.7483716,10
1719430416.8002534,10
1719430420.9548461,10
1719430425.131243,10
1719430429.2273343,10
1719430433.2897716,10
1719430437.4046004,10
1719430441.6710083,10
1719430445.692717,10
1719430449.8792899,10
1719430453.8278875,10
1719430457.9938507,10
1719430462.090722,10
1719430466.2940412,10
1719430470.4775755,10
1719430474.6538994,10
1719430478.8271055,10
1719430482.9013934,10
1719430487.0513487,10
1719430491.228589,10
1719430495.3006945,10
1719430499.495477,10
1719430503.576921,10
1719430507.675769,10
1719430511.9819422,10
1719430516.1442666,10
1719430520.2280312,10
1719430524.737194,10
1719430528.8265479,10
1719430532.9659393,10
1719430536.8869524,10
1719430540.973355,10
1719430545.1340075,10
1719430549.2335353,10
1719430553.3465939,10
1719430557.4476197,10
1719430561.5230098,10
1719430565.5532827,10
1719430569.5976741,10
1719430573.7007546,10
1719430577.7382882,10
1719430581.845684,10
1719430586.0052042,10
1719430590.0615509,10
1719430594.2542255,10
1719430598.4378595,10
1719430602.4204826,10
1719430606.577035,10
1719430610.7490683,10
1719430614.8398013,10
1719430618.878211,10
1719430623.1330898,10
1719430627.2143526,10
1719430631.4919035,10
1719430635.7483213,10
1719430639.9282644,10
1719430643.9917889,10
1719430648.0770354,10
1719430652.2652352,10
1719430656.4227042,10
1719430660.4876091,10
1719430664.5659144,10
1719430668.6043596,10
1719430672.7522728,10
1719430676.906199,10
1719430681.0360548,10
1719430685.2031865,10
1719430689.2586913,10
1719430693.3685749,10
1719430697.4462838,10
1719430701.5778356,10
1719430705.5255558,10
1719430709.6427703,10
1719430713.8478985,10
1719430717.9836502,10
1719430722.1268609,10
1719430726.2693067,10
1719430730.4817564,10
1719430734.6296792,10
1719430738.685338,10
1719430742.786558,10
1719430746.9675455,10
1719430751.0190187,10
1719430755.1573412,10
1719430759.175933,10
1719430763.2960021,10
1719430767.4432826,10
1719430771.4269555,10
1719430775.4928827,10
1719430779.68269,10
1719430783.803716,10
1719430787.9457533,10
1719430792.1152372,10
1719430796.0653188,10
1719430800.5106115,10
1719430804.6201484,10
1719430808.7317374,10
1719430812.8556035,10
1719430817.0382667,10
1719430821.3382652,10
1719430825.5243511,10
1719430829.464536,10
1719430833.5363345,10
1719430837.6587696,10
1719430841.8695447,10
1719430845.9891138,10
1719430849.926787,10
1719430853.9882812,10
1719430858.2012508,10
1719430862.2972584,10
1719430866.5164387,10
1719430870.6860092,10
1719430874.8889709,10
1719430879.0056417,10
1719430883.256053,10
1719430887.4936163,10
1719430891.8575203,10
1719430896.11928,10
1719430900.3325202,10
1719430904.562159,10
1719430908.632458,10
1719430912.723775,10
1719430916.8493068,10
1719430921.0416794,10
1719430925.251673,10
1719430929.2021883,10
1719430933.4847052,10
1719430937.6799567,10
1719430941.9180524,10
1719430946.0534563,10
1719430950.1792629,10
1719430954.0520673,10
1719430958.4773777,10
1719430962.591106,10
1719430966.7319517,10
1719430970.905801,10
1719430975.0465443,10
1719430979.3613267,10
1719430983.5132368,10
1719430987.6515863,10
1719430991.8817456,10
1719430996.1029656,10
1719431000.176281,10
1719431004.3203974,10
1719431008.4959774,10
1719431012.6834078,10
1719431016.8567116,10
1719431020.9865475,10
1719431025.182133,10
1719431029.4122562,10
1719431033.5456555,10
1719431037.8030572,10
1719431041.9620383,10
1719431046.2042093,10
1719431050.3548555,10
1719431054.4640007,10
1719431058.5152125,10
1719431062.4833984,10
1719431066.4207642,10
1719431070.5732322,10
1719431074.7598503,10
1719431078.8645415,10
1719431082.9276085,10
1719431086.89111,10
1719431091.058709,10
1719431095.3001044,10
1719431099.5186028,10
1719431103.5377934,10
1719431107.739688,10
1719431111.8523397,10
1719431116.0080519,10
1719431120.0167112,10
1719431124.1569424,10
1719431128.256809,10
1719431132.1708703,10
1719431136.38055,10
1719431140.5084102,10
1719431144.725273,10
1719431149.0017567,10
