Error output test
2024-06-24 16:03:46.924259: I tensorflow/stream_executor/platform/default/dso_loader.cc:44] Successfully opened dynamic library libcuda.so.1
2024-06-24 16:03:47.110800: I tensorflow/core/common_runtime/gpu/gpu_device.cc:1561] Found device 0 with properties: 
pciBusID: 0000:21:00.0 name: NVIDIA A40 computeCapability: 8.6
coreClock: 1.74GHz coreCount: 84 deviceMemorySize: 44.34GiB deviceMemoryBandwidth: 648.29GiB/s
2024-06-24 16:03:47.124890: W tensorflow/stream_executor/platform/default/dso_loader.cc:55] Could not load dynamic library 'libcudart.so.10.1'; dlerror: libcudart.so.10.1: cannot open shared object file: No such file or directory
2024-06-24 16:03:47.130295: W tensorflow/stream_executor/platform/default/dso_loader.cc:55] Could not load dynamic library 'libcublas.so.10'; dlerror: libcublas.so.10: cannot open shared object file: No such file or directory
2024-06-24 16:03:47.745355: I tensorflow/stream_executor/platform/default/dso_loader.cc:44] Successfully opened dynamic library libcufft.so.10
2024-06-24 16:03:47.745412: I tensorflow/stream_executor/platform/default/dso_loader.cc:44] Successfully opened dynamic library libcurand.so.10
2024-06-24 16:03:47.747055: W tensorflow/stream_executor/platform/default/dso_loader.cc:55] Could not load dynamic library 'libcusolver.so.10'; dlerror: libcusolver.so.10: cannot open shared object file: No such file or directory
2024-06-24 16:03:47.748418: W tensorflow/stream_executor/platform/default/dso_loader.cc:55] Could not load dynamic library 'libcusparse.so.10'; dlerror: libcusparse.so.10: cannot open shared object file: No such file or directory
2024-06-24 16:03:47.749168: W tensorflow/stream_executor/platform/default/dso_loader.cc:55] Could not load dynamic library 'libcudnn.so.7'; dlerror: libcudnn.so.7: cannot open shared object file: No such file or directory
2024-06-24 16:03:47.749175: W tensorflow/core/common_runtime/gpu/gpu_device.cc:1598] Cannot dlopen some GPU libraries. Please make sure the missing libraries mentioned above are installed properly if you would like to use GPU. Follow the guide at https://www.tensorflow.org/install/gpu for how to download and setup the required libraries for your platform.
Skipping registering GPU devices...
2024-06-24 16:03:51.866899: I tensorflow/core/platform/cpu_feature_guard.cc:143] Your CPU supports instructions that this TensorFlow binary was not compiled to use: AVX2 FMA
2024-06-24 16:03:51.912399: I tensorflow/core/platform/profile_utils/cpu_utils.cc:102] CPU Frequency: 1996255000 Hz
2024-06-24 16:03:51.913399: I tensorflow/compiler/xla/service/service.cc:168] XLA service 0x7f5d78000b60 initialized for platform Host (this does not guarantee that XLA will be used). Devices:
2024-06-24 16:03:51.913432: I tensorflow/compiler/xla/service/service.cc:176]   StreamExecutor device (0): Host, Default Version
2024-06-24 16:03:51.923744: I tensorflow/core/common_runtime/gpu/gpu_device.cc:1102] Device interconnect StreamExecutor with strength 1 edge matrix:
2024-06-24 16:03:51.923756: I tensorflow/core/common_runtime/gpu/gpu_device.cc:1108]      
slurmstepd: error: *** JOB 5826640 ON arctrdagn032 CANCELLED AT 2024-06-24T16:17:02 ***
