Error output test
2024-06-24 17:25:42.604414: I tensorflow/stream_executor/platform/default/dso_loader.cc:44] Successfully opened dynamic library libcuda.so.1
2024-06-24 17:25:42.782810: I tensorflow/core/common_runtime/gpu/gpu_device.cc:1561] Found device 0 with properties: 
pciBusID: 0000:81:00.0 name: NVIDIA A40 computeCapability: 8.6
coreClock: 1.74GHz coreCount: 84 deviceMemorySize: 44.34GiB deviceMemoryBandwidth: 648.29GiB/s
2024-06-24 17:25:42.783642: W tensorflow/stream_executor/platform/default/dso_loader.cc:55] Could not load dynamic library 'libcudart.so.10.1'; dlerror: libcudart.so.10.1: cannot open shared object file: No such file or directory
2024-06-24 17:25:42.784283: W tensorflow/stream_executor/platform/default/dso_loader.cc:55] Could not load dynamic library 'libcublas.so.10'; dlerror: libcublas.so.10: cannot open shared object file: No such file or directory
2024-06-24 17:25:42.833221: I tensorflow/stream_executor/platform/default/dso_loader.cc:44] Successfully opened dynamic library libcufft.so.10
2024-06-24 17:25:42.833259: I tensorflow/stream_executor/platform/default/dso_loader.cc:44] Successfully opened dynamic library libcurand.so.10
2024-06-24 17:25:42.833915: W tensorflow/stream_executor/platform/default/dso_loader.cc:55] Could not load dynamic library 'libcusolver.so.10'; dlerror: libcusolver.so.10: cannot open shared object file: No such file or directory
2024-06-24 17:25:42.834491: W tensorflow/stream_executor/platform/default/dso_loader.cc:55] Could not load dynamic library 'libcusparse.so.10'; dlerror: libcusparse.so.10: cannot open shared object file: No such file or directory
2024-06-24 17:25:42.835069: W tensorflow/stream_executor/platform/default/dso_loader.cc:55] Could not load dynamic library 'libcudnn.so.7'; dlerror: libcudnn.so.7: cannot open shared object file: No such file or directory
2024-06-24 17:25:42.835077: W tensorflow/core/common_runtime/gpu/gpu_device.cc:1598] Cannot dlopen some GPU libraries. Please make sure the missing libraries mentioned above are installed properly if you would like to use GPU. Follow the guide at https://www.tensorflow.org/install/gpu for how to download and setup the required libraries for your platform.
Skipping registering GPU devices...
2024-06-24 17:25:44.732108: I tensorflow/core/platform/cpu_feature_guard.cc:143] Your CPU supports instructions that this TensorFlow binary was not compiled to use: AVX2 FMA
2024-06-24 17:25:44.762814: I tensorflow/core/platform/profile_utils/cpu_utils.cc:102] CPU Frequency: 1996345000 Hz
2024-06-24 17:25:44.763743: I tensorflow/compiler/xla/service/service.cc:168] XLA service 0x7f3438000b60 initialized for platform Host (this does not guarantee that XLA will be used). Devices:
2024-06-24 17:25:44.763769: I tensorflow/compiler/xla/service/service.cc:176]   StreamExecutor device (0): Host, Default Version
2024-06-24 17:25:44.765923: I tensorflow/core/common_runtime/gpu/gpu_device.cc:1102] Device interconnect StreamExecutor with strength 1 edge matrix:
2024-06-24 17:25:44.765934: I tensorflow/core/common_runtime/gpu/gpu_device.cc:1108]      
Using TensorFlow backend.
Error writing to log file: [Errno 2] No such file or directory: './log/2024-06-24_17-25/generator/worker2.log'
Error writing to log file: [Errno 2] No such file or directory: './log/2024-06-24_17-25/generator/worker2.log'
Error writing to log file: [Errno 2] No such file or directory: './log/2024-06-24_17-25/generator/worker2.log'
Error writing to log file: [Errno 2] No such file or directory: './log/2024-06-24_17-25/generator/worker2.log'
Error writing to log file: [Errno 2] No such file or directory: './log/2024-06-24_17-25/generator/worker2.log'
Error writing to log file: [Errno 2] No such file or directory: './log/2024-06-24_17-25/generator/worker2.log'
Error writing to log file: [Errno 2] No such file or directory: './log/2024-06-24_17-25/generator/worker2.log'
Error writing to log file: [Errno 2] No such file or directory: './log/2024-06-24_17-25/generator/worker2.log'
Error writing to log file: [Errno 2] No such file or directory: './log/2024-06-24_17-25/generator/worker2.log'
Error writing to log file: [Errno 2] No such file or directory: './log/2024-06-24_17-25/generator/worker2.log'
Error writing to log file: [Errno 2] No such file or directory: './log/2024-06-24_17-25/generator/worker2.log'
Error writing to log file: [Errno 2] No such file or directory: './log/2024-06-24_17-25/generator/worker2.log'
Error writing to log file: [Errno 2] No such file or directory: './log/2024-06-24_17-25/generator/worker2.log'
Error writing to log file: [Errno 2] No such file or directory: './log/2024-06-24_17-25/generator/worker2.log'
Error writing to log file: [Errno 2] No such file or directory: './log/2024-06-24_17-25/generator/worker2.log'
Error writing to log file: [Errno 2] No such file or directory: './log/2024-06-24_17-25/generator/worker2.log'
Error writing to log file: [Errno 2] No such file or directory: './log/2024-06-24_17-25/generator/worker2.log'
Error writing to log file: [Errno 2] No such file or directory: './log/2024-06-24_17-25/generator/worker2.log'
Error writing to log file: [Errno 2] No such file or directory: './log/2024-06-24_17-25/generator/worker2.log'
Error writing to log file: [Errno 2] No such file or directory: './log/2024-06-24_17-25/generator/worker2.log'
Error writing to log file: [Errno 2] No such file or directory: './log/2024-06-24_17-25/generator/worker2.log'
Error writing to log file: [Errno 2] No such file or directory: './log/2024-06-24_17-25/generator/worker2.log'
Error writing to log file: [Errno 2] No such file or directory: './log/2024-06-24_17-25/generator/worker2.log'
Error writing to log file: [Errno 2] No such file or directory: './log/2024-06-24_17-25/generator/worker2.log'
Error writing to log file: [Errno 2] No such file or directory: './log/2024-06-24_17-25/generator/worker2.log'
Error writing to log file: [Errno 2] No such file or directory: './log/2024-06-24_17-25/generator/worker2.log'
Error writing to log file: [Errno 2] No such file or directory: './log/2024-06-24_17-25/generator/worker2.log'
Error writing to log file: [Errno 2] No such file or directory: './log/2024-06-24_17-25/generator/worker2.log'
Error writing to log file: [Errno 2] No such file or directory: './log/2024-06-24_17-25/generator/worker2.log'
Error writing to log file: [Errno 2] No such file or directory: './log/2024-06-24_17-25/generator/worker2.log'
Error writing to log file: [Errno 2] No such file or directory: './log/2024-06-24_17-25/generator/worker2.log'
Error writing to log file: [Errno 2] No such file or directory: './log/2024-06-24_17-25/generator/worker2.log'
Error writing to log file: [Errno 2] No such file or directory: './log/2024-06-24_17-25/generator/worker2.log'
Error writing to log file: [Errno 2] No such file or directory: './log/2024-06-24_17-25/generator/worker2.log'
Error writing to log file: [Errno 2] No such file or directory: './log/2024-06-24_17-25/generator/worker2.log'
Error writing to log file: [Errno 2] No such file or directory: './log/2024-06-24_17-25/generator/worker2.log'
Error writing to log file: [Errno 2] No such file or directory: './log/2024-06-24_17-25/generator/worker2.log'
Error writing to log file: [Errno 2] No such file or directory: './log/2024-06-24_17-25/generator/worker2.log'
Error writing to log file: [Errno 2] No such file or directory: './log/2024-06-24_17-25/generator/worker2.log'
Error writing to log file: [Errno 2] No such file or directory: './log/2024-06-24_17-25/generator/worker2.log'
Error writing to log file: [Errno 2] No such file or directory: './log/2024-06-24_17-25/generator/worker2.log'
Error writing to log file: [Errno 2] No such file or directory: './log/2024-06-24_17-25/generator/worker2.log'
Error writing to log file: [Errno 2] No such file or directory: './log/2024-06-24_17-25/generator/worker2.log'
Error writing to log file: [Errno 2] No such file or directory: './log/2024-06-24_17-25/generator/worker2.log'
Error writing to log file: [Errno 2] No such file or directory: './log/2024-06-24_17-25/generator/worker2.log'
Error writing to log file: [Errno 2] No such file or directory: './log/2024-06-24_17-25/generator/worker2.log'
Error writing to log file: [Errno 2] No such file or directory: './log/2024-06-24_17-25/generator/worker2.log'
Error writing to log file: [Errno 2] No such file or directory: './log/2024-06-24_17-25/generator/worker2.log'
Error writing to log file: [Errno 2] No such file or directory: './log/2024-06-24_17-25/generator/worker2.log'
Error writing to log file: [Errno 2] No such file or directory: './log/2024-06-24_17-25/generator/worker2.log'
Error writing to log file: [Errno 2] No such file or directory: './log/2024-06-24_17-25/generator/worker2.log'
Error writing to log file: [Errno 2] No such file or directory: './log/2024-06-24_17-25/generator/worker2.log'
Error writing to log file: [Errno 2] No such file or directory: './log/2024-06-24_17-25/generator/worker2.log'
Error writing to log file: [Errno 2] No such file or directory: './log/2024-06-24_17-25/generator/worker2.log'
Error writing to log file: [Errno 2] No such file or directory: './log/2024-06-24_17-25/generator/worker2.log'
Error writing to log file: [Errno 2] No such file or directory: './log/2024-06-24_17-25/generator/worker2.log'
Error writing to log file: [Errno 2] No such file or directory: './log/2024-06-24_17-25/generator/worker2.log'
Error writing to log file: [Errno 2] No such file or directory: './log/2024-06-24_17-25/generator/worker2.log'
Error writing to log file: [Errno 2] No such file or directory: './log/2024-06-24_17-25/generator/worker2.log'
Error writing to log file: [Errno 2] No such file or directory: './log/2024-06-24_17-25/generator/worker2.log'
Error writing to log file: [Errno 2] No such file or directory: './log/2024-06-24_17-25/generator/worker2.log'
Error writing to log file: [Errno 2] No such file or directory: './log/2024-06-24_17-25/generator/worker2.log'
Error writing to log file: [Errno 2] No such file or directory: './log/2024-06-24_17-25/generator/worker2.log'
Error writing to log file: [Errno 2] No such file or directory: './log/2024-06-24_17-25/generator/worker2.log'
Error writing to log file: [Errno 2] No such file or directory: './log/2024-06-24_17-25/generator/worker2.log'
Error writing to log file: [Errno 2] No such file or directory: './log/2024-06-24_17-25/generator/worker2.log'
Error writing to log file: [Errno 2] No such file or directory: './log/2024-06-24_17-25/generator/worker2.log'
Error writing to log file: [Errno 2] No such file or directory: './log/2024-06-24_17-25/generator/worker2.log'
Error writing to log file: [Errno 2] No such file or directory: './log/2024-06-24_17-25/generator/worker2.log'
Error writing to log file: [Errno 2] No such file or directory: './log/2024-06-24_17-25/generator/worker2.log'
Error writing to log file: [Errno 2] No such file or directory: './log/2024-06-24_17-25/generator/worker2.log'
Error writing to log file: [Errno 2] No such file or directory: './log/2024-06-24_17-25/generator/worker2.log'
Error writing to log file: [Errno 2] No such file or directory: './log/2024-06-24_17-25/generator/worker2.log'
Error writing to log file: [Errno 2] No such file or directory: './log/2024-06-24_17-25/generator/worker2.log'
Error writing to log file: [Errno 2] No such file or directory: './log/2024-06-24_17-25/generator/worker2.log'
Error writing to log file: [Errno 2] No such file or directory: './log/2024-06-24_17-25/generator/worker2.log'
Error writing to log file: [Errno 2] No such file or directory: './log/2024-06-24_17-25/generator/worker2.log'
Traceback (most recent call last):
  File "/data/users1/mdoan4/wirehead/paper/multigpu_gen/gen/worker.py", line 160, in <module>
    wirehead_generator.run_generator()
  File "/data/users1/mdoan4/wirehead/wirehead/generator.py", line 127, in run_generator
    self.generate_and_insert()
  File "/data/users1/mdoan4/wirehead/wirehead/generator.py", line 114, in generate_and_insert
    index = self.get_current_idx()
  File "/data/users1/mdoan4/wirehead/wirehead/generator.py", line 107, in get_current_idx
    return counter_doc["sequence_value"]
TypeError: 'NoneType' object is not subscriptable
