1719957303.8227153,2
1719957307.992441,2
1719957312.082318,2
1719957316.4764147,2
1719957320.550596,2
1719957324.6997807,2
1719957328.8762794,2
1719957333.1409998,2
1719957337.206126,2
1719957341.2945316,2
1719957345.380805,2
1719957349.4891412,2
1719957353.63273,2
1719957357.8603954,2
1719957362.100163,2
1719957366.232817,2
1719957370.388272,2
1719957374.552316,2
1719957378.706285,2
1719957382.8850367,2
1719957387.0511825,2
1719957391.6435397,2
1719957395.9012473,2
1719957400.1469593,2
1719957404.4435918,2
1719957408.706815,2
1719957413.0875204,2
1719957417.2692418,2
1719957421.3674767,2
1719957425.5415118,2
1719957429.7804096,2
1719957434.1059482,2
1719957438.2675536,2
1719957442.4637227,2
1719957446.6077342,2
1719957450.83828,2
1719957455.0076418,2
1719957459.1240222,2
1719957463.2899668,2
1719957467.465356,2
1719957471.5776396,2
1719957475.839437,2
1719957479.9213483,2
1719957484.1824167,2
1719957488.2894886,2
1719957492.4579146,2
1719957496.6000493,2
1719957500.69225,2
1719957504.8406248,2
1719957509.068456,2
1719957512.9899216,2
1719957517.1020777,2
1719957521.1389978,2
1719957525.093087,2
1719957529.2049437,2
1719957533.3138533,2
1719957537.4067438,2
1719957541.4945204,2
1719957545.4907134,2
1719957549.610168,2
1719957553.7220852,2
1719957557.9367847,2
1719957562.103153,2
1719957566.1054106,2
1719957570.280464,2
1719957574.3477087,2
1719957578.5014205,2
1719957582.6614594,2
1719957586.7710576,2
1719957590.9091845,2
1719957594.9040596,2
1719957599.0276864,2
1719957603.2096167,2
1719957607.3860698,2
1719957611.4758675,2
1719957615.6120517,2
1719957620.0167685,2
1719957624.2340398,2
1719957628.2869055,2
1719957632.4713364,2
1719957636.6502154,2
1719957641.0328739,2
1719957645.2348998,2
1719957649.49904,2
1719957653.6697514,2
1719957657.8478265,2
1719957662.0124054,2
1719957666.2590537,2
1719957670.41656,2
1719957674.6119597,2
1719957678.6751258,2
1719957683.153463,2
1719957687.6168215,2
1719957691.828686,2
1719957695.977531,2
1719957700.207444,2
1719957704.3403225,2
1719957708.5972998,2
1719957712.7356079,2
1719957716.8964527,2
1719957721.007811,2
1719957725.2194254,2
1719957729.388141,2
1719957733.5972373,2
1719957737.7420044,2
1719957741.9160311,2
1719957746.1269822,2
1719957750.307006,2
1719957754.4570887,2
1719957758.720153,2
1719957762.8900456,2
1719957767.0623455,2
1719957771.1481297,2
1719957775.4071043,2
1719957779.3364744,2
1719957783.4814281,2
1719957787.494537,2
1719957791.7384725,2
1719957795.8143504,2
1719957799.928842,2
1719957804.1023223,2
1719957808.2925775,2
1719957812.4476974,2
1719957816.5609653,2
1719957820.7122703,2
1719957824.914951,2
1719957828.9506657,2
1719957833.127215,2
1719957837.1849725,2
1719957841.4227967,2
1719957845.7154992,2
1719957849.9109747,2
1719957854.0299258,2
1719957857.9330025,2
1719957862.048277,2
1719957866.1814516,2
1719957870.3251503,2
1719957874.4965546,2
1719957878.5314033,2
1719957882.6959417,2
1719957887.1102853,2
1719957891.2747247,2
1719957895.5391653,2
1719957899.7818873,2
1719957903.8600152,2
1719957907.8190515,2
1719957911.9782357,2
1719957916.1357827,2
1719957920.2278693,2
1719957924.3696995,2
1719957928.5445423,2
1719957932.7199652,2
1719957936.8523328,2
1719957941.0992115,2
1719957945.3348253,2
1719957949.6024532,2
1719957953.683155,2
1719957957.7715669,2
1719957961.8619988,2
1719957966.0617914,2
1719957970.1841452,2
1719957974.3535688,2
1719957978.467384,2
1719957982.585162,2
1719957986.6162596,2
1719957990.8158288,2
1719957994.9410982,2
1719957999.0849493,2
1719958003.215668,2
1719958007.250419,2
1719958011.354414,2
1719958015.4308107,2
1719958019.6088014,2
1719958023.77909,2
1719958027.8498685,2
1719958031.9846125,2
1719958036.1305716,2
1719958040.2974799,2
1719958044.3489296,2
1719958048.6472714,2
1719958052.732293,2
1719958056.8351128,2
1719958061.0651355,2
1719958065.2898233,2
1719958069.4439132,2
1719958073.5412316,2
1719958077.657988,2
1719958081.9408953,2
1719958086.21253,2
1719958090.2833674,2
1719958094.4295163,2
1719958098.582475,2
1719958102.7247403,2
1719958106.6811833,2
1719958110.9144764,2
1719958114.8363898,2
1719958118.914215,2
1719958123.2626045,2
1719958127.388762,2
1719958131.5290837,2
1719958135.7437892,2
1719958139.9490888,2
1719958144.0639315,2
1719958148.1943495,2
1719958152.325895,2
1719958156.5192142,2
1719958160.5975974,2
1719958164.7593136,2
1719958169.025191,2
1719958173.1778264,2
1719958177.2504935,2
1719958181.394398,2
1719958185.7785723,2
1719958189.8189216,2
1719958193.8962705,2
1719958198.1567905,2
1719958202.3393502,2
1719958206.5397427,2
1719958210.6758296,2
1719958214.9414105,2
1719958219.0327232,2
1719958223.2517183,2
1719958227.7475152,2
1719958231.9309876,2
1719958235.8225229,2
1719958240.0309913,2
1719958244.193774,2
1719958248.4255614,2
1719958252.5669177,2
1719958256.7176445,2
1719958260.9330719,2
1719958265.1836636,2
1719958269.5568047,2
1719958273.8848746,2
1719958277.9609141,2
1719958282.0916922,2
1719958286.4615011,2
1719958290.6847825,2
1719958294.7951915,2
1719958299.0046613,2
1719958303.2000642,2
1719958307.5737247,2
1719958311.622916,2
1719958316.0689623,2
1719958320.1545336,2
1719958324.3427727,2
1719958328.4922385,2
1719958332.808901,2
1719958337.0530028,2
1719958341.1958468,2
1719958345.32005,2
1719958349.4794734,2
1719958353.4989722,2
1719958357.7245765,2
1719958361.7499015,2
1719958365.8664372,2
1719958369.945823,2
1719958374.2385237,2
1719958378.4047706,2
1719958382.669142,2
1719958386.7363272,2
1719958390.879037,2
1719958395.0973282,2
1719958399.4351199,2
1719958403.6437778,2
1719958407.867555,2
1719958412.0236511,2
1719958416.1746614,2
1719958420.5043504,2
1719958424.7392602,2
1719958428.8691328,2
1719958432.9444525,2
1719958437.06423,2
1719958441.2736218,2
1719958445.5430524,2
1719958449.6770794,2
1719958453.7837179,2
1719958457.9847383,2
1719958462.1092248,2
1719958466.3119729,2
1719958470.298639,2
1719958474.5223186,2
1719958478.659344,2
1719958483.0026429,2
1719958487.0893629,2
1719958491.177416,2
1719958495.4139707,2
1719958499.664065,2
1719958503.7340698,2
1719958507.944309,2
1719958512.0603664,2
1719958516.350048,2
1719958520.491785,2
1719958524.4145305,2
1719958528.4571376,2
1719958532.6157384,2
1719958536.7081573,2
1719958541.0700126,2
1719958545.2391987,2
1719958549.4175997,2
1719958553.5543306,2
1719958557.7253299,2
1719958561.7739987,2
1719958565.971068,2
1719958570.0698462,2
1719958574.209105,2
1719958578.322217,2
1719958582.3801935,2
1719958586.4567747,2
1719958590.5889325,2
1719958594.8726666,2
1719958599.0225973,2
1719958603.185193,2
1719958607.3220935,2
1719958611.3680115,2
1719958615.4819036,2
1719958619.5559533,2
1719958623.8160093,2
1719958627.9501123,2
1719958632.090909,2
1719958636.3137336,2
1719958640.4589264,2
1719958644.5318968,2
1719958648.6751163,2
1719958652.783423,2
1719958656.9644742,2
1719958661.0405388,2
1719958665.2604058,2
1719958669.4191377,2
1719958673.602651,2
1719958677.675549,2
1719958681.8832026,2
1719958686.1315546,2
1719958690.3366306,2
1719958694.479075,2
1719958698.6731691,2
1719958702.8800168,2
1719958707.119065,2
1719958711.0414183,2
1719958715.2334733,2
1719958719.257267,2
1719958723.4715235,2
1719958727.6213722,2
1719958731.7380707,2
1719958735.9336038,2
1719958740.13947,2
1719958744.3283436,2
1719958748.5953975,2
1719958752.8344543,2
1719958757.030027,2
1719958761.2442322,2
1719958765.2336133,2
1719958769.371644,2
1719958773.4882257,2
1719958777.4373243,2
1719958781.6543388,2
1719958785.8258195,2
1719958790.0535123,2
1719958794.507811,2
1719958798.582756,2
1719958802.6833923,2
1719958806.9761589,2
1719958811.0942655,2
1719958815.2539585,2
1719958819.4076939,2
1719958823.64927,2
1719958827.8781884,2
1719958832.1171458,2
1719958836.230689,2
1719958840.4239671,2
1719958844.5932934,2
1719958848.7864683,2
1719958852.9484394,2
1719958857.1902635,2
1719958861.3974807,2
1719958865.5840502,2
1719958869.6413512,2
1719958873.8439841,2
1719958878.1333833,2
1719958882.259921,2
1719958886.4359276,2
1719958890.6624281,2
1719958894.820653,2
1719958898.9759142,2
1719958903.1160483,2
1719958907.504555,2
1719958911.5764964,2
1719958915.8227193,2
1719958919.9882386,2
1719958924.14462,2
1719958928.3336935,2
1719958932.4699883,2
1719958936.5289395,2
1719958940.739597,2
1719958944.776135,2
1719958948.9222877,2
1719958953.1730826,2
1719958957.3699172,2
1719958961.533234,2
1719958965.7272868,2
1719958969.9611294,2
1719958974.1682508,2
1719958978.1762323,2
1719958982.3478382,2
1719958986.631194,2
1719958990.881013,2
1719958994.9971294,2
1719958999.1353307,2
1719959003.1840258,2
1719959007.3113759,2
1719959011.3594363,2
1719959015.8677993,2
1719959020.0015357,2
1719959024.23233,2
1719959028.1765084,2
1719959032.2966967,2
1719959036.5615046,2
1719959040.7738328,2
1719959045.0500572,2
1719959048.9806263,2
1719959052.9171402,2
1719959057.1123738,2
1719959061.1910655,2
1719959065.2451801,2
1719959069.4078207,2
1719959073.6814487,2
1719959077.7969,2
1719959081.9555943,2
1719959086.1639316,2
1719959090.3021288,2
1719959094.5488636,2
1719959098.7809546,2
1719959102.935162,2
1719959107.1098843,2
1719959111.2144394,2
1719959115.380071,2
1719959119.4203923,2
1719959123.5100229,2
1719959127.4271357,2
1719959131.6049933,2
1719959135.683394,2
1719959139.772786,2
