1719347006.3061607,8
1719347010.3911505,8
1719347014.3544712,8
1719347018.388438,8
1719347022.4627266,8
1719347026.6384351,8
1719347030.6797464,8
1719347034.8220215,8
1719347038.7419689,8
1719347042.7753522,8
1719347046.8444905,8
1719347050.7575607,8
1719347054.8851602,8
1719347058.93586,8
1719347063.084782,8
1719347067.1660066,8
1719347071.1650407,8
1719347075.212633,8
1719347079.2303765,8
1719347083.3964021,8
1719347087.4327276,8
1719347091.460369,8
1719347095.4776735,8
1719347099.581612,8
1719347103.5449011,8
1719347107.6424031,8
1719347111.5939748,8
1719347115.655817,8
1719347119.6357057,8
1719347123.7114644,8
1719347127.779461,8
1719347131.9268887,8
1719347135.7730649,8
1719347139.8486524,8
1719347143.8990662,8
1719347147.9459395,8
1719347151.9908504,8
1719347156.0531797,8
1719347160.0546198,8
1719347164.1958911,8
1719347168.2295609,8
1719347172.1815155,8
1719347176.2007294,8
1719347180.1920192,8
1719347184.165424,8
1719347188.250433,8
1719347192.341927,8
1719347196.4255571,8
1719347200.633618,8
1719347204.6907284,8
1719347208.6645834,8
1719347212.8241143,8
1719347216.8786948,8
1719347221.0633967,8
1719347225.1190462,8
1719347229.1732845,8
1719347233.2379436,8
1719347237.2564034,8
1719347241.2769911,8
1719347245.357413,8
1719347249.4958975,8
1719347253.4847486,8
1719347257.5528936,8
1719347261.2732527,8
1719347265.342514,8
1719347269.373632,8
1719347273.4218063,8
1719347277.546015,8
1719347281.468513,8
1719347285.556565,8
1719347289.4929957,8
1719347293.5606515,8
1719347297.59233,8
1719347301.6164849,8
1719347305.4467325,8
1719347309.4976144,8
1719347313.5645888,8
1719347317.583164,8
1719347321.591758,8
1719347325.711147,8
1719347329.70463,8
1719347333.6810865,8
1719347337.7408087,8
1719347341.7708592,8
1719347345.7210484,8
1719347349.718776,8
1719347353.748196,8
1719347357.815345,8
1719347361.904767,8
1719347366.0486746,8
1719347370.045364,8
1719347374.1795385,8
1719347378.311593,8
1719347382.475731,8
1719347386.3931634,8
1719347390.2604856,8
1719347394.2002738,8
1719347398.2294788,8
1719347402.166968,8
1719347406.191537,8
1719347410.1469657,8
1719347414.317639,8
1719347418.4560847,8
1719347422.512676,8
1719347426.4716513,8
1719347430.5677164,8
1719347434.427301,8
1719347438.3926103,8
1719347442.5411818,8
1719347446.566627,8
1719347450.5939047,8
1719347454.6889586,8
1719347458.8183124,8
1719347462.9416616,8
1719347466.9838011,8
1719347471.1027744,8
1719347475.122887,8
1719347479.3177383,8
1719347483.3431256,8
1719347487.4776676,8
1719347491.557235,8
1719347495.594818,8
1719347499.599632,8
1719347503.665569,8
1719347507.6952052,8
1719347511.7279446,8
1719347515.8248467,8
1719347519.6950197,8
1719347523.6833847,8
1719347527.703286,8
1719347531.6943238,8
1719347535.736128,8
1719347539.808563,8
1719347543.83177,8
1719347547.908438,8
1719347551.8966467,8
1719347555.8660939,8
1719347560.0297196,8
1719347563.6933324,8
1719347567.7498348,8
1719347571.5172286,8
1719347575.5434697,8
1719347579.607556,8
1719347583.6468542,8
1719347587.615236,8
1719347591.5993168,8
1719347595.6215334,8
1719347599.7353418,8
1719347603.7342927,8
1719347607.9046075,8
1719347611.837027,8
1719347615.9055073,8
1719347620.027046,8
1719347624.097739,8
1719347628.0639224,8
1719347632.1411667,8
1719347636.1522408,8
1719347640.2054148,8
1719347644.1467006,8
1719347648.0064585,8
1719347652.0130162,8
1719347656.0933497,8
1719347660.1796062,8
1719347664.2249832,8
1719347668.1530855,8
1719347672.172943,8
1719347676.2036736,8
1719347680.3423123,8
1719347684.405439,8
1719347688.4930148,8
1719347692.3201993,8
1719347696.3710375,8
1719347700.4370775,8
1719347704.5359101,8
1719347708.501726,8
1719347712.4819105,8
1719347716.4890013,8
1719347720.637352,8
1719347724.6960957,8
1719347728.6647067,8
1719347732.6139271,8
1719347736.6839142,8
1719347740.682931,8
1719347744.742194,8
1719347748.7851486,8
1719347752.908735,8
1719347756.9183047,8
1719347761.0398118,8
1719347765.1046574,8
1719347769.095689,8
1719347773.0689597,8
1719347776.966316,8
1719347781.0842385,8
1719347785.0926821,8
1719347789.125462,8
1719347793.1306148,8
1719347797.1676004,8
1719347801.210426,8
1719347805.2143283,8
1719347809.2976317,8
1719347813.1927373,8
1719347817.2882237,8
1719347821.164393,8
1719347825.2317348,8
1719347829.198455,8
1719347833.305849,8
1719347837.3348575,8
1719347841.539292,8
1719347845.5547872,8
1719347849.574259,8
1719347853.5496535,8
1719347857.5579984,8
1719347861.4740608,8
1719347865.5353777,8
1719347869.5823815,8
1719347873.6130023,8
1719347877.527598,8
1719347881.5274997,8
1719347885.5949118,8
1719347889.727745,8
1719347893.8245568,8
1719347898.0238385,8
1719347902.0456142,8
1719347905.8713377,8
1719347909.8286192,8
1719347913.971397,8
1719347918.014044,8
1719347922.3111036,8
1719347926.3265285,8
1719347930.458391,8
1719347934.395717,8
1719347938.4595697,8
1719347942.4508882,8
1719347946.4808223,8
1719347950.4097173,8
1719347954.4987643,8
1719347958.537464,8
1719347962.6774116,8
1719347966.6728485,8
1719347970.7207155,8
1719347974.7398062,8
1719347978.8384466,8
1719347982.878315,8
1719347986.9545822,8
1719347990.7516189,8
1719347994.8258004,8
1719347998.7294977,8
1719348002.8547988,8
1719348006.8484116,8
1719348010.9126315,8
1719348014.8321137,8
1719348018.8495736,8
1719348022.8168497,8
1719348026.8594453,8
1719348030.804579,8
1719348034.9167202,8
1719348038.9781318,8
1719348042.995312,8
1719348047.0314043,8
1719348051.1640575,8
1719348055.1472602,8
1719348059.0939069,8
1719348062.9622648,8
1719348066.9221532,8
1719348070.994871,8
1719348075.0067022,8
1719348079.0518143,8
1719348083.1238954,8
1719348087.2031732,8
1719348091.2839973,8
1719348095.3309624,8
1719348099.3928263,8
1719348103.3238657,8
1719348107.2159975,8
1719348111.038783,8
1719348114.909619,8
1719348118.8718214,8
1719348122.899904,8
1719348127.0969338,8
1719348131.1865547,8
1719348135.0464287,8
1719348139.0548863,8
1719348143.0217168,8
1719348147.051401,8
1719348151.1815276,8
1719348155.34772,8
1719348159.2909555,8
1719348163.2898588,8
1719348167.1378996,8
1719348171.2391517,8
1719348175.254084,8
1719348178.9312813,8
1719348182.9039772,8
1719348186.77739,8
1719348190.7437246,8
1719348194.9639096,8
1719348199.0997329,8
1719348203.1619804,8
1719348207.1663423,8
1719348211.2135596,8
1719348215.1886635,8
1719348219.3004625,8
1719348223.1992092,8
1719348227.492875,8
1719348231.4926803,8
1719348235.4396265,8
1719348239.536465,8
1719348243.5484135,8
1719348247.5830061,8
1719348251.566645,8
1719348255.5583434,8
1719348259.6470914,8
1719348263.7850199,8
1719348267.618313,8
1719348271.5396156,8
1719348275.644321,8
1719348279.7610414,8
1719348283.6873202,8
1719348287.644225,8
1719348291.6096897,8
1719348295.6424344,8
