1719347006.460066,5
1719347010.708885,5
1719347014.759817,5
1719347018.745687,5
1719347022.880137,5
1719347026.9902027,5
1719347031.0371912,5
1719347035.156099,5
1719347039.1335866,5
1719347043.21254,5
1719347047.3319376,5
1719347051.511439,5
1719347055.5253472,5
1719347059.7923627,5
1719347063.9461453,5
1719347068.1606116,5
1719347072.1600263,5
1719347076.1614113,5
1719347080.3228726,5
1719347084.3834276,5
1719347088.5107617,5
1719347092.3367376,5
1719347096.4267232,5
1719347100.5176785,5
1719347104.573294,5
1719347108.5840056,5
1719347112.669451,5
1719347116.650649,5
1719347120.9242644,5
1719347124.9096098,5
1719347129.2018535,5
1719347133.2972262,5
1719347137.3884625,5
1719347141.384683,5
1719347145.847653,5
1719347149.835807,5
1719347154.066816,5
1719347158.100209,5
1719347162.2659261,5
1719347166.4800513,5
1719347170.5640395,5
1719347174.5449739,5
1719347178.7881324,5
1719347182.8012676,5
1719347186.878438,5
1719347191.0041132,5
1719347195.0051067,5
1719347199.0164576,5
1719347203.1740136,5
1719347207.2827408,5
1719347211.401626,5
1719347215.4886742,5
1719347219.419362,5
1719347223.64944,5
1719347227.7920852,5
1719347231.7761958,5
1719347235.7731075,5
1719347239.678751,5
1719347243.666455,5
1719347247.7277486,5
1719347251.8313015,5
1719347255.9374137,5
1719347260.0135117,5
1719347264.2169082,5
1719347268.2851765,5
1719347272.3668754,5
1719347276.2562094,5
1719347280.3495483,5
1719347284.5981169,5
1719347288.6591566,5
1719347292.7113123,5
1719347296.7279668,5
1719347301.144583,5
1719347304.9660854,5
1719347309.257525,5
1719347313.4014413,5
1719347317.4372692,5
1719347321.5147824,5
1719347325.5619993,5
1719347329.581849,5
1719347333.6270096,5
1719347337.6861901,5
1719347341.8383071,5
1719347345.8986723,5
1719347349.9437633,5
1719347354.0365465,5
1719347358.4348485,5
1719347362.4036362,5
1719347366.4863565,5
1719347370.548854,5
1719347374.6707404,5
1719347378.769806,5
1719347382.8058043,5
1719347386.9160585,5
1719347390.8100767,5
1719347394.829601,5
1719347398.9479196,5
1719347402.9642727,5
1719347407.1872213,5
1719347411.2213922,5
1719347415.2692678,5
1719347419.2751412,5
1719347423.5536754,5
1719347427.6220942,5
1719347431.7959402,5
1719347435.7534986,5
1719347439.8206336,5
1719347443.7890213,5
1719347447.8247504,5
1719347451.8397083,5
1719347455.9460273,5
1719347459.9965622,5
1719347464.1531231,5
1719347468.2157626,5
1719347472.2222784,5
1719347476.1283023,5
1719347480.3457394,5
1719347484.4880528,5
1719347488.5232878,5
1719347492.5156927,5
1719347496.7050314,5
1719347500.7843182,5
1719347504.9325783,5
1719347508.886099,5
1719347512.9995618,5
1719347517.1764927,5
1719347521.067607,5
1719347525.2225695,5
1719347529.3136747,5
1719347533.2584295,5
1719347537.3069947,5
1719347541.273732,5
1719347545.3986712,5
1719347549.4413865,5
1719347553.525949,5
1719347557.5256238,5
1719347561.3350341,5
1719347565.4097161,5
1719347569.5571942,5
1719347573.5252,5
1719347577.5563421,5
1719347581.704914,5
1719347585.8350894,5
1719347589.9603157,5
1719347594.0032587,5
1719347598.0148504,5
1719347601.9599566,5
1719347605.7478173,5
1719347609.79543,5
1719347613.8109927,5
1719347617.9058893,5
1719347621.8676305,5
1719347625.9888334,5
1719347630.068583,5
1719347634.1128178,5
1719347638.070497,5
1719347642.1161132,5
1719347646.2252457,5
1719347650.3714812,5
1719347654.3568037,5
1719347658.2993388,5
1719347662.381461,5
1719347666.61298,5
1719347670.620598,5
1719347674.7645595,5
1719347678.8774228,5
1719347682.924026,5
1719347686.9924033,5
1719347691.1687973,5
1719347695.344048,5
1719347699.4051926,5
1719347703.486093,5
1719347707.618075,5
1719347711.5656686,5
1719347715.5285108,5
1719347719.6211195,5
1719347723.7613378,5
1719347727.7997632,5
1719347731.9050262,5
1719347735.9974246,5
1719347740.0309784,5
1719347744.0812554,5
1719347748.2080135,5
1719347752.2292023,5
1719347756.37411,5
1719347760.5441008,5
1719347764.664734,5
1719347768.7997956,5
1719347773.0053692,5
1719347776.6558967,5
1719347780.7881038,5
1719347784.7679493,5
1719347788.7822878,5
1719347792.8090498,5
1719347797.0282733,5
1719347801.020031,5
1719347805.0371315,5
1719347809.0838127,5
1719347813.1347888,5
1719347817.3424633,5
1719347821.4650745,5
1719347825.4274378,5
1719347829.6237397,5
1719347833.498276,5
1719347837.7603748,5
1719347841.781675,5
1719347845.8721416,5
1719347849.9053185,5
1719347854.0464118,5
1719347858.0665317,5
1719347861.9828637,5
1719347866.0702631,5
1719347870.1263936,5
1719347874.1451547,5
1719347878.1818,5
1719347882.1832142,5
1719347886.18925,5
1719347890.1523175,5
1719347894.3635972,5
1719347898.3533528,5
1719347902.419807,5
1719347906.5145147,5
1719347910.6565874,5
1719347914.7761858,5
1719347918.8463385,5
1719347922.9065425,5
1719347926.9372854,5
1719347930.9668431,5
1719347935.0269122,5
1719347939.2652867,5
1719347943.384885,5
1719347947.222728,5
1719347951.5256977,5
1719347955.5762892,5
1719347959.603197,5
1719347963.5942266,5
1719347967.8318143,5
1719347971.8401988,5
1719347975.8711886,5
1719347979.8939342,5
1719347983.9711971,5
1719347987.9597492,5
1719347992.0238957,5
1719347996.0001473,5
1719348000.1350622,5
1719348004.13494,5
1719348008.243991,5
1719348012.2338667,5
1719348016.4136014,5
1719348020.4856625,5
1719348024.7248588,5
1719348028.7679038,5
1719348032.792335,5
1719348036.863019,5
1719348040.8538985,5
1719348044.9845674,5
1719348049.1993065,5
1719348053.2313094,5
1719348057.2831728,5
1719348061.4367085,5
1719348065.7284503,5
1719348069.5698376,5
1719348073.6130447,5
1719348077.58152,5
1719348081.8391607,5
1719348085.9825304,5
1719348090.130877,5
1719348094.2972946,5
1719348098.3497581,5
1719348102.4086816,5
1719348106.4356704,5
1719348110.4010172,5
1719348114.6139545,5
1719348118.8139565,5
1719348122.9625602,5
1719348127.4414082,5
1719348131.561986,5
1719348135.3918915,5
1719348139.43123,5
1719348143.4430747,5
1719348147.5810273,5
1719348151.5123029,5
1719348155.5320816,5
1719348159.457752,5
1719348163.457428,5
1719348167.4255323,5
1719348171.7726772,5
1719348175.8668482,5
1719348179.745986,5
1719348183.8956327,5
1719348188.020791,5
1719348192.3211792,5
1719348196.2952452,5
1719348200.299149,5
1719348204.28201,5
1719348208.4265735,5
1719348212.406423,5
1719348216.559276,5
1719348220.7559562,5
1719348224.3843925,5
1719348228.426076,5
1719348232.5460553,5
1719348236.6621988,5
1719348240.6714845,5
1719348244.7315996,5
1719348248.7272313,5
1719348252.9587548,5
1719348256.8968096,5
1719348260.9949431,5
1719348265.0093954,5
1719348269.0944574,5
1719348273.0782819,5
1719348277.1086268,5
1719348281.158021,5
1719348285.2791746,5
1719348289.019915,5
1719348293.0982244,5
1719348297.1385293,5
