1719347006.8706899,3
1719347011.008281,3
1719347015.1684709,3
1719347019.4083292,3
1719347023.6522653,3
1719347027.9264684,3
1719347032.0426137,3
1719347036.1632051,3
1719347040.4011505,3
1719347044.5226893,3
1719347048.6607199,3
1719347052.883441,3
1719347057.12171,3
1719347061.3114626,3
1719347065.5600307,3
1719347069.7576919,3
1719347073.9426386,3
1719347078.3960433,3
1719347082.7123516,3
1719347087.1919746,3
1719347091.34864,3
1719347095.5063646,3
1719347099.6768503,3
1719347103.9032423,3
1719347108.1177266,3
1719347112.4258184,3
1719347116.7357092,3
1719347120.943805,3
1719347125.043967,3
1719347129.1840272,3
1719347133.3439398,3
1719347137.498434,3
1719347141.659785,3
1719347145.8760123,3
1719347149.9503186,3
1719347154.0826464,3
1719347158.2570915,3
1719347162.584851,3
1719347166.703037,3
1719347170.9058166,3
1719347175.0817928,3
1719347179.3872406,3
1719347183.6017613,3
1719347187.6971755,3
1719347191.7519705,3
1719347195.8195586,3
1719347200.0022268,3
1719347204.1236932,3
1719347208.3180697,3
1719347212.4352136,3
1719347216.7071958,3
1719347220.973134,3
1719347225.1422706,3
1719347229.3019621,3
1719347233.4955323,3
1719347237.7536225,3
1719347241.9909976,3
1719347246.0571275,3
1719347250.1952775,3
1719347254.4057178,3
1719347258.4746978,3
1719347262.3820868,3
1719347266.4359486,3
1719347270.6583326,3
1719347274.8313818,3
1719347278.9683552,3
1719347283.1599398,3
1719347287.2582548,3
1719347291.3133602,3
1719347295.4189491,3
1719347299.7251797,3
1719347303.8051977,3
1719347307.9109085,3
1719347312.0070686,3
1719347316.2186253,3
1719347320.2350478,3
1719347324.2878604,3
1719347328.3613024,3
1719347332.5813875,3
1719347336.8399618,3
1719347340.9781778,3
1719347345.0697677,3
1719347348.9556546,3
1719347353.0803487,3
1719347357.203539,3
1719347361.3816056,3
1719347365.60239,3
1719347369.8134112,3
1719347374.0560346,3
1719347378.368968,3
1719347382.632137,3
1719347386.7580175,3
1719347390.6722622,3
1719347394.9436028,3
1719347398.977908,3
1719347403.09021,3
1719347407.2712722,3
1719347411.3727436,3
1719347415.4863753,3
1719347419.629411,3
1719347423.8229246,3
1719347427.9161994,3
1719347432.1229763,3
1719347436.3480177,3
1719347440.5357313,3
1719347444.77499,3
1719347449.0056515,3
1719347453.1024022,3
1719347457.2068698,3
1719347461.3275871,3
1719347465.4094255,3
1719347469.5268426,3
1719347473.6227326,3
1719347477.531981,3
1719347481.739303,3
1719347485.951545,3
1719347490.0116875,3
1719347494.2209663,3
1719347498.2691002,3
1719347502.3471255,3
1719347506.493186,3
1719347510.7550943,3
1719347514.8697906,3
1719347518.9450228,3
1719347523.0274289,3
1719347527.0597525,3
1719347531.1445522,3
1719347535.3307333,3
1719347539.5357542,3
1719347543.6572144,3
1719347547.797374,3
1719347551.7560668,3
1719347555.8388677,3
1719347560.0310647,3
1719347563.9628727,3
1719347568.1219764,3
1719347572.2628863,3
1719347576.218123,3
1719347580.2421367,3
1719347584.1627765,3
1719347588.242207,3
1719347592.4895356,3
1719347596.8116176,3
1719347600.969821,3
1719347605.1943986,3
1719347609.2462301,3
1719347613.3626459,3
1719347617.5478103,3
1719347621.60029,3
1719347625.8633766,3
1719347630.0206192,3
1719347634.2257779,3
1719347638.4279778,3
1719347642.5813043,3
1719347646.7366285,3
1719347650.8585713,3
1719347655.0795732,3
1719347659.1108904,3
1719347663.2313907,3
1719347667.3923473,3
1719347671.312158,3
1719347675.4119911,3
1719347679.8191772,3
1719347683.9870574,3
1719347688.0408158,3
1719347691.9918215,3
1719347696.0206642,3
1719347700.156651,3
1719347704.307088,3
1719347708.446417,3
1719347712.5353842,3
1719347716.7087524,3
1719347720.7873912,3
1719347724.866,3
1719347728.92967,3
1719347732.9896047,3
1719347737.1659896,3
1719347741.2095988,3
1719347745.3415163,3
1719347749.502841,3
1719347753.5787206,3
1719347757.8939843,3
1719347761.9490526,3
1719347766.1811254,3
1719347770.4074693,3
1719347774.4730911,3
1719347778.6139984,3
1719347782.8148372,3
1719347786.9115336,3
1719347791.0364978,3
1719347795.1963353,3
1719347799.2584548,3
1719347803.3885903,3
1719347807.512906,3
1719347811.5964797,3
1719347815.7437563,3
1719347819.6835177,3
1719347823.7124264,3
1719347827.7884672,3
1719347832.0023792,3
1719347836.0922434,3
1719347840.2941673,3
1719347844.4783583,3
1719347848.569965,3
1719347852.7172208,3
1719347856.8957472,3
1719347861.1436632,3
1719347865.1730182,3
1719347869.3877714,3
1719347873.6133864,3
1719347877.7848177,3
1719347882.0033226,3
1719347886.0985296,3
1719347890.162245,3
1719347894.2567923,3
1719347898.226,3
1719347902.4095201,3
1719347906.736439,3
1719347911.1412442,3
1719347915.2599,3
1719347919.4412491,3
1719347923.5616536,3
1719347927.8747818,3
1719347931.9680815,3
1719347936.0639813,3
1719347940.2755759,3
1719347944.3958843,3
1719347948.38194,3
1719347952.6342645,3
1719347956.7897387,3
1719347961.0350459,3
1719347965.1249814,3
1719347969.3340094,3
1719347973.5361702,3
1719347977.6222332,3
1719347981.7944057,3
1719347985.8292782,3
1719347989.9186175,3
1719347994.0744095,3
1719347998.148269,3
1719348002.2609894,3
1719348006.319493,3
1719348010.4693222,3
1719348014.556487,3
1719348018.639208,3
1719348022.7148697,3
1719348026.8362882,3
1719348030.7710352,3
1719348034.8981638,3
1719348038.9631984,3
1719348043.024895,3
1719348047.3789275,3
1719348051.4604914,3
1719348055.6203573,3
1719348059.6151187,3
1719348063.7680404,3
1719348067.9615965,3
1719348072.0918224,3
1719348076.0507848,3
1719348080.2289617,3
1719348084.383311,3
1719348088.5362637,3
1719348092.7191582,3
1719348096.858664,3
1719348101.0286531,3
1719348105.152132,3
1719348109.4181473,3
1719348113.518507,3
1719348117.8314745,3
1719348121.8790257,3
1719348125.9505992,3
1719348130.2900639,3
1719348134.2375138,3
1719348138.4056869,3
1719348142.6143966,3
1719348146.7023463,3
1719348150.9656394,3
1719348155.0638409,3
1719348159.3561723,3
1719348163.4540536,3
1719348167.5875988,3
1719348171.7161782,3
1719348175.8081074,3
1719348179.7703345,3
1719348184.1809535,3
1719348188.3242989,3
1719348192.445204,3
1719348196.5919764,3
1719348200.9801316,3
1719348205.11229,3
1719348209.221387,3
1719348213.3889165,3
1719348217.4600656,3
1719348221.5320919,3
1719348225.8643157,3
1719348229.9143767,3
1719348234.0025268,3
1719348238.0890226,3
1719348242.1570501,3
1719348246.1058388,3
1719348250.1595871,3
1719348254.3607783,3
1719348258.6065307,3
1719348262.7605786,3
1719348266.6888087,3
1719348270.8625822,3
1719348274.977883,3
1719348279.1031556,3
1719348283.1779182,3
1719348287.2851589,3
1719348291.5334668,3
1719348295.5971227,3
