1719328391.224132,5
1719328395.460826,5
1719328399.5502048,5
1719328403.6095092,5
1719328407.7726393,5
1719328411.8605778,5
1719328416.1559427,5
1719328420.270168,5
1719328424.4940612,5
1719328428.514786,5
1719328432.714929,5
1719328436.8053336,5
1719328440.950491,5
1719328445.0935104,5
1719328449.2026613,5
1719328453.2173305,5
1719328457.2829068,5
1719328461.122472,5
1719328465.0817525,5
1719328469.0234964,5
1719328472.9978647,5
1719328476.6946032,5
1719328480.8833911,5
1719328485.1574845,5
1719328489.4479694,5
1719328493.6663597,5
1719328497.8962104,5
1719328501.8503351,5
1719328505.874565,5
1719328509.9412715,5
1719328514.1134803,5
1719328518.1474886,5
1719328522.259354,5
1719328526.3689556,5
1719328530.5093617,5
1719328534.5821085,5
1719328538.6929293,5
1719328542.83807,5
1719328546.8128505,5
1719328550.6720002,5
1719328554.8942673,5
1719328558.8058085,5
1719328562.875249,5
1719328566.8929656,5
1719328570.83222,5
1719328574.722344,5
1719328578.9324071,5
1719328583.1096716,5
1719328587.3493204,5
1719328591.4224699,5
1719328595.678331,5
1719328599.7438684,5
1719328603.9236834,5
1719328608.0292444,5
1719328612.408923,5
1719328616.588495,5
1719328620.7720084,5
1719328624.6673076,5
1719328628.8531468,5
1719328633.0068297,5
1719328636.9018397,5
1719328640.7807617,5
1719328645.1243727,5
1719328649.2310271,5
1719328653.2956495,5
1719328657.4949105,5
1719328661.6581676,5
1719328665.6846335,5
1719328669.8720117,5
1719328673.8828492,5
1719328677.796319,5
1719328681.9763958,5
1719328686.1248696,5
1719328690.2508092,5
1719328694.4028149,5
1719328698.4752443,5
1719328702.4655483,5
1719328706.3506758,5
1719328710.4366324,5
1719328714.6699364,5
1719328718.9839444,5
1719328723.2875955,5
1719328727.3642368,5
1719328731.5578933,5
1719328735.6010149,5
1719328739.834476,5
1719328743.9772294,5
1719328748.144105,5
1719328752.1772885,5
1719328756.2211614,5
1719328760.4104252,5
1719328764.4875844,5
1719328768.562517,5
1719328772.7261837,5
1719328776.860518,5
1719328780.8868098,5
1719328785.0821507,5
1719328789.1597173,5
1719328793.3323236,5
1719328797.3214514,5
1719328801.4281101,5
1719328805.5875802,5
1719328809.7517555,5
1719328813.6862938,5
1719328817.6258206,5
1719328821.5146253,5
1719328825.7866223,5
1719328829.6958926,5
1719328833.598614,5
1719328837.7884345,5
1719328841.9055753,5
1719328845.9986038,5
1719328850.003237,5
1719328853.9030225,5
1719328858.0263247,5
1719328862.3573742,5
1719328866.436549,5
1719328870.3188748,5
1719328874.225607,5
1719328878.3988447,5
1719328882.5505505,5
1719328886.8150616,5
1719328890.9884288,5
1719328894.995018,5
1719328898.92248,5
1719328903.0571082,5
1719328907.2728248,5
1719328911.2791739,5
1719328915.091918,5
1719328918.9714775,5
1719328923.042749,5
1719328927.0750628,5
1719328931.1734555,5
1719328935.0659058,5
1719328939.1177397,5
1719328943.259583,5
1719328947.3089886,5
1719328951.3857884,5
1719328955.5765417,5
1719328959.6478536,5
1719328963.6785057,5
1719328967.985883,5
1719328972.0897045,5
1719328976.1664257,5
1719328980.115099,5
1719328984.0062864,5
1719328988.154176,5
1719328992.3195205,5
1719328996.3954842,5
1719329000.402607,5
1719329004.3740711,5
1719329008.2507873,5
1719329012.1811354,5
1719329016.0573251,5
1719329020.342408,5
1719329024.370546,5
1719329028.5956872,5
1719329032.6103587,5
1719329036.7602007,5
1719329040.909271,5
1719329045.0381942,5
1719329049.357553,5
1719329053.3767226,5
1719329057.688965,5
1719329061.8055468,5
1719329065.8430953,5
1719329069.9828928,5
1719329073.9798517,5
1719329077.8880236,5
1719329082.0482724,5
1719329086.109372,5
1719329090.2182107,5
1719329094.787119,5
1719329098.8422956,5
1719329103.1111119,5
1719329107.1855438,5
1719329111.3589368,5
1719329115.4378653,5
1719329119.7239745,5
1719329123.8287718,5
1719329128.022279,5
1719329132.0588584,5
1719329136.2238488,5
1719329140.3045404,5
1719329144.367379,5
1719329148.5350318,5
1719329152.7741785,5
1719329156.8819838,5
1719329160.9622517,5
1719329165.1458273,5
1719329169.2715845,5
1719329173.3409536,5
1719329177.459632,5
1719329181.4928613,5
1719329185.57494,5
1719329189.7387753,5
1719329193.8473802,5
1719329197.8855789,5
1719329202.0483472,5
1719329206.0799756,5
1719329210.2998493,5
1719329214.2708366,5
1719329218.405312,5
1719329222.5492249,5
1719329226.742018,5
1719329230.8515348,5
1719329234.9767506,5
1719329238.9019399,5
1719329242.8678591,5
1719329246.725812,5
1719329250.6548219,5
1719329254.6902626,5
1719329258.8326445,5
1719329263.0371351,5
1719329267.0785234,5
1719329271.1721225,5
1719329275.503922,5
1719329279.6078174,5
1719329283.7863622,5
1719329287.863531,5
1719329292.0516505,5
1719329296.1043205,5
1719329300.3423007,5
1719329304.2177567,5
1719329308.3863566,5
1719329312.3855286,5
1719329316.558235,5
1719329320.814428,5
1719329324.879894,5
1719329329.2506306,5
1719329333.3043916,5
1719329337.322943,5
1719329341.5471454,5
1719329345.5640364,5
1719329349.655873,5
1719329353.750432,5
1719329357.8958037,5
1719329362.0172236,5
1719329366.0878115,5
1719329370.2014043,5
1719329374.279877,5
1719329378.293613,5
1719329382.0888722,5
1719329386.1415424,5
1719329390.16381,5
1719329393.8800788,5
1719329397.807075,5
1719329401.7217822,5
1719329405.632475,5
1719329409.516477,5
1719329413.5699868,5
1719329417.9802647,5
1719329422.1476948,5
1719329426.2702374,5
1719329430.437564,5
1719329434.332876,5
1719329438.3788192,5
1719329442.4377553,5
1719329446.6168942,5
1719329450.7294097,5
1719329454.8094075,5
1719329458.8750782,5
1719329462.7566993,5
1719329466.9201648,5
1719329471.0671475,5
1719329475.1061127,5
1719329479.3649457,5
1719329483.432246,5
1719329487.6099315,5
1719329491.7608566,5
1719329495.8675518,5
1719329499.9048142,5
1719329504.0168307,5
1719329508.0875869,5
1719329512.164939,5
1719329516.19973,5
1719329520.339135,5
1719329524.476624,5
1719329528.624509,5
1719329532.7527902,5
1719329536.9631643,5
1719329541.5313628,5
1719329545.5662413,5
1719329549.6465554,5
1719329553.795335,5
1719329557.8819644,5
1719329561.9569664,5
1719329566.0022726,5
1719329570.0356126,5
1719329574.202423,5
1719329578.2587879,5
1719329582.3319468,5
1719329586.3708754,5
1719329590.5602531,5
1719329594.5192592,5
1719329598.7350354,5
1719329602.8982205,5
1719329606.826672,5
1719329610.9760115,5
1719329614.8715637,5
1719329618.7795565,5
1719329622.835707,5
1719329626.9112158,5
1719329630.9521074,5
1719329635.0488272,5
1719329639.0815737,5
1719329643.4669511,5
1719329647.621073,5
1719329651.6574657,5
1719329655.7165804,5
1719329659.804547,5
1719329663.7817357,5
1719329667.9840508,5
1719329672.0714364,5
1719329676.2152102,5
1719329680.2351274,5
1719329684.3288,5
1719329688.4324188,5
1719329692.5611467,5
1719329696.5952554,5
1719329700.5073323,5
1719329704.5261014,5
1719329708.53161,5
1719329712.4590552,5
1719329716.446753,5
1719329720.4721408,5
1719329724.5264258,5
1719329728.3685288,5
1719329732.5555115,5
1719329736.5868542,5
1719329740.6686862,5
1719329744.7253892,5
1719329748.8594334,5
1719329753.0035179,5
1719329757.158911,5
1719329761.1262884,5
1719329765.1938944,5
1719329769.2635417,5
1719329773.3199668,5
1719329777.365225,5
1719329781.5025237,5
1719329785.5389566,5
1719329789.6650474,5
1719329793.845043,5
1719329798.0046203,5
1719329802.0643961,5
1719329806.1914408,5
1719329810.2056909,5
1719329814.299961,5
1719329818.2875843,5
1719329822.3252885,5
1719329826.4187272,5
1719329830.6294315,5
1719329834.6290243,5
1719329838.8268836,5
1719329842.9372308,5
1719329846.9817927,5
1719329851.0491924,5
1719329855.2637293,5
1719329859.5652485,5
1719329863.7077942,5
1719329867.7617614,5
1719329871.7949455,5
1719329875.8503442,5
1719329879.9592505,5
1719329884.0160162,5
1719329887.9676244,5
1719329891.8844469,5
1719329896.079606,5
1719329900.1295252,5
1719329904.2823014,5
1719329908.8134434,5
1719329912.9110563,5
1719329916.972643,5
1719329921.0587957,5
1719329925.1076303,5
1719329929.3535638,5
1719329933.4215047,5
1719329937.3603487,5
1719329941.4789858,5
1719329945.8335793,5
1719329949.8815007,5
1719329954.132049,5
1719329958.2138064,5
1719329962.3092194,5
1719329966.1667228,5
1719329970.2518249,5
1719329974.3057249,5
1719329978.6726682,5
1719329982.822432,5
1719329986.9837954,5
1719329991.0190637,5
1719329995.1352422,5
1719329999.1495888,5
1719330003.4306345,5
1719330007.5308208,5
1719330011.6561255,5
1719330015.6585732,5
1719330019.77513,5
1719330023.9085577,5
1719330028.0303845,5
1719330032.2027886,5
1719330036.3814812,5
1719330040.464002,5
1719330044.6420252,5
1719330048.6670291,5
1719330052.6933692,5
1719330056.7627134,5
1719330060.9713066,5
1719330065.069289,5
1719330069.205137,5
1719330073.2699275,5
1719330077.4441044,5
1719330081.5481448,5
1719330085.679809,5
1719330089.787997,5
1719330094.0054617,5
1719330098.1266537,5
1719330102.082108,5
1719330105.848646,5
1719330109.7546406,5
1719330113.6712294,5
1719330117.6383224,5
1719330121.7699785,5
1719330126.1758382,5
1719330130.2266407,5
1719330134.3257272,5
1719330138.4659142,5
1719330142.7861617,5
1719330146.82283,5
1719330150.754487,5
1719330154.8750434,5
1719330158.945747,5
1719330162.9775357,5
1719330167.1430657,5
1719330171.0882082,5
1719330174.9993048,5
1719330179.078699,5
1719330183.236213,5
1719330187.2502637,5
1719330191.338356,5
1719330195.3211417,5
1719330199.16808,5
1719330203.0441768,5
1719330207.279945,5
1719330211.3031309,5
1719330215.440565,5
1719330219.3781674,5
1719330223.6015618,5
1719330227.7467568,5
1719330232.0337446,5
1719330236.1474748,5
1719330240.2152834,5
1719330244.254338,5
1719330248.463431,5
1719330252.3793893,5
1719330256.6297271,5
1719330260.7544265,5
1719330264.6439009,5
