1719328388.8970647,8
1719328393.1700475,8
1719328397.1840963,8
1719328401.2192879,8
1719328405.161998,8
1719328409.111523,8
1719328413.072572,8
1719328417.234756,8
1719328421.5156765,8
1719328425.966399,8
1719328430.0941353,8
1719328434.4088936,8
1719328438.358465,8
1719328442.4977252,8
1719328446.737886,8
1719328450.9283986,8
1719328455.114648,8
1719328459.238649,8
1719328463.3948846,8
1719328467.5413039,8
1719328471.7667525,8
1719328475.991527,8
1719328480.2887414,8
1719328484.490056,8
1719328488.6919043,8
1719328492.7123423,8
1719328496.8021665,8
1719328500.9713545,8
1719328505.1991477,8
1719328509.267887,8
1719328513.3711312,8
1719328517.4224048,8
1719328521.362976,8
1719328525.3071272,8
1719328529.247977,8
1719328533.179539,8
1719328537.1328878,8
1719328541.1570802,8
1719328545.2589974,8
1719328549.355385,8
1719328553.5329611,8
1719328557.7684636,8
1719328561.8395677,8
1719328565.9880655,8
1719328569.946504,8
1719328574.0273767,8
1719328578.1642277,8
1719328582.5419984,8
1719328586.7681642,8
1719328590.9384723,8
1719328595.1052496,8
1719328599.2086306,8
1719328603.3262043,8
1719328607.497215,8
1719328611.712877,8
1719328615.8587432,8
1719328620.0393083,8
1719328624.074201,8
1719328628.1462805,8
1719328632.245581,8
1719328636.37844,8
1719328640.4859889,8
1719328644.7786367,8
1719328648.944905,8
1719328652.9864233,8
1719328657.1254811,8
1719328661.098203,8
1719328665.1686554,8
1719328669.3932228,8
1719328673.6120932,8
1719328677.669349,8
1719328681.8619123,8
1719328686.0206556,8
1719328690.0682874,8
1719328694.153976,8
1719328698.217717,8
1719328702.4414742,8
1719328706.522497,8
1719328710.6057355,8
1719328714.6556675,8
1719328718.77044,8
1719328722.8235643,8
1719328727.0666432,8
1719328731.1979082,8
1719328735.3692997,8
1719328739.5185494,8
1719328743.5996225,8
1719328747.7400086,8
1719328751.887915,8
1719328755.98165,8
1719328760.1415815,8
1719328764.1655293,8
1719328768.3148348,8
1719328772.4888148,8
1719328776.6241965,8
1719328780.7664776,8
1719328784.8290935,8
1719328788.898468,8
1719328792.9605951,8
1719328797.2106078,8
1719328801.3284895,8
1719328805.4181936,8
1719328809.5109398,8
1719328813.2950878,8
1719328817.2176013,8
1719328821.3833025,8
1719328825.4891973,8
1719328829.3940165,8
1719328833.2975378,8
1719328837.3621247,8
1719328841.5175538,8
1719328845.7134917,8
1719328849.6249938,8
1719328853.6249094,8
1719328857.7545571,8
1719328861.9357247,8
1719328865.9743779,8
1719328869.9097805,8
1719328874.119405,8
1719328878.3778498,8
1719328882.4761744,8
1719328886.6815693,8
1719328890.7588365,8
1719328894.4907398,8
1719328898.6587727,8
1719328902.7489173,8
1719328906.6534216,8
1719328910.5742953,8
1719328914.4489589,8
1719328918.5118604,8
1719328922.8659015,8
1719328926.9939325,8
1719328930.8668501,8
1719328934.800232,8
1719328938.9300094,8
1719328943.094967,8
1719328947.366272,8
1719328951.446629,8
1719328955.5541914,8
1719328959.6353014,8
1719328963.6575425,8
1719328967.9045396,8
1719328972.0528657,8
1719328976.5498774,8
1719328980.6840196,8
1719328984.6389253,8
1719328988.553189,8
1719328992.6952024,8
1719328996.8109288,8
1719329000.9269016,8
1719329005.0772479,8
1719329009.0414343,8
1719329012.9697483,8
1719329016.9094174,8
1719329020.8732781,8
1719329024.8100004,8
1719329028.6998436,8
1719329032.686035,8
1719329036.565392,8
1719329040.8058445,8
1719329044.8506322,8
1719329048.932209,8
1719329052.997152,8
1719329056.9872155,8
1719329061.168759,8
1719329065.222922,8
1719329069.4148116,8
1719329073.5605645,8
1719329077.3986723,8
1719329081.4714284,8
1719329085.6037376,8
1719329089.7295227,8
1719329093.88942,8
1719329097.9739738,8
1719329102.011942,8
1719329106.1708581,8
1719329110.4566991,8
1719329114.5504808,8
1719329118.6008286,8
1719329122.8334491,8
1719329126.9626443,8
1719329131.1876078,8
1719329135.3601205,8
1719329139.419536,8
1719329143.3903618,8
1719329147.5420358,8
1719329151.7065382,8
1719329155.9264271,8
1719329159.9751618,8
1719329164.1023777,8
1719329168.1957977,8
1719329172.3409264,8
1719329176.494391,8
1719329180.5897582,8
1719329184.8365304,8
1719329188.912202,8
1719329193.064678,8
1719329197.1299424,8
1719329201.1800754,8
1719329205.272388,8
1719329209.2514503,8
1719329213.159931,8
1719329217.1520855,8
1719329221.186098,8
1719329225.1371047,8
1719329229.0177548,8
1719329233.069384,8
1719329237.3341358,8
1719329241.5844555,8
1719329245.6928968,8
1719329249.7369707,8
1719329253.940146,8
1719329258.0881987,8
1719329262.218272,8
1719329266.3859148,8
1719329270.5712435,8
1719329274.6368165,8
1719329278.8606825,8
1719329283.059593,8
1719329287.1757758,8
1719329291.2611117,8
1719329295.3444855,8
1719329299.579848,8
1719329303.559347,8
1719329307.5873363,8
1719329311.6364594,8
1719329315.6937282,8
1719329319.7043009,8
1719329323.6285467,8
1719329327.8886065,8
1719329331.9776094,8
1719329335.9791188,8
1719329340.0908358,8
1719329344.1318214,8
1719329348.061755,8
1719329352.028265,8
1719329356.168654,8
1719329360.1369047,8
1719329364.0778332,8
1719329368.0345337,8
1719329372.1632516,8
1719329376.5203319,8
1719329380.5129695,8
1719329384.7474077,8
1719329388.8296678,8
1719329392.7773662,8
1719329396.8595693,8
1719329401.0013068,8
1719329405.1229239,8
1719329409.192659,8
1719329413.4767432,8
1719329417.9143608,8
1719329422.0182486,8
1719329426.05394,8
1719329430.1490753,8
1719329434.5757594,8
1719329438.5020545,8
1719329442.646893,8
1719329446.8605409,8
1719329451.0008364,8
1719329455.1064608,8
1719329459.2287216,8
1719329463.0981271,8
1719329467.367908,8
1719329471.4883153,8
1719329475.4319687,8
1719329479.5786874,8
1719329483.6995072,8
1719329487.8573086,8
1719329492.102267,8
1719329496.2205997,8
1719329500.2635026,8
1719329504.231908,8
1719329508.300948,8
1719329512.450028,8
1719329516.4999177,8
1719329520.617804,8
1719329524.6991465,8
1719329528.5939739,8
1719329532.5985818,8
1719329536.692198,8
1719329540.7466235,8
1719329544.9201424,8
1719329549.236217,8
1719329553.278486,8
1719329557.286464,8
1719329561.44418,8
1719329565.6549268,8
1719329569.759943,8
1719329573.888303,8
1719329577.891487,8
1719329581.9619083,8
1719329586.0706193,8
1719329590.1196442,8
1719329594.0498645,8
1719329598.0830286,8
1719329602.1712096,8
1719329606.2900264,8
1719329610.613208,8
1719329614.5154788,8
1719329618.5865922,8
1719329622.5604625,8
1719329626.6656744,8
1719329630.7845414,8
1719329634.9398677,8
1719329639.0997906,8
1719329643.4408622,8
1719329647.5370133,8
1719329651.6088924,8
1719329655.7036798,8
1719329659.827127,8
1719329663.8923059,8
1719329667.816149,8
1719329671.855059,8
1719329676.0164473,8
1719329680.1741717,8
1719329684.271552,8
1719329688.341745,8
1719329692.502773,8
1719329696.8096595,8
1719329700.8910875,8
1719329705.0299957,8
1719329709.1376438,8
1719329713.2934291,8
1719329717.231608,8
1719329721.3421237,8
1719329725.4034767,8
1719329729.5375185,8
1719329733.4839392,8
1719329737.4201508,8
1719329741.507809,8
1719329745.5648983,8
1719329749.7220478,8
1719329753.9289393,8
1719329757.863261,8
1719329761.985028,8
1719329766.043454,8
1719329770.161506,8
1719329774.1291118,8
1719329778.1633182,8
1719329782.331584,8
1719329786.4627683,8
1719329790.5719306,8
1719329794.831699,8
1719329798.9729738,8
1719329803.12629,8
1719329807.1774602,8
1719329811.362454,8
1719329815.5246174,8
1719329819.7583582,8
1719329823.9036975,8
1719329828.045724,8
1719329832.0747018,8
1719329836.2653484,8
1719329840.3158042,8
1719329844.4788823,8
1719329848.547082,8
1719329852.690507,8
1719329856.961919,8
1719329861.1875017,8
1719329865.2197394,8
1719329869.2979248,8
1719329873.5918891,8
1719329877.8138864,8
1719329881.8830674,8
1719329885.970472,8
1719329890.1284285,8
1719329894.2015224,8
1719329898.3014927,8
1719329902.3898606,8
1719329906.5939074,8
1719329910.6557028,8
1719329914.5822008,8
1719329918.5099375,8
1719329922.717695,8
1719329926.6312456,8
1719329930.5658863,8
1719329934.5060039,8
1719329938.423781,8
1719329942.4156313,8
1719329946.3592236,8
1719329950.316761,8
1719329954.2421827,8
1719329958.215983,8
1719329962.349899,8
1719329966.4355116,8
1719329970.4840233,8
1719329974.5816836,8
1719329978.7913487,8
1719329983.0129724,8
1719329987.193098,8
1719329991.2670631,8
1719329995.4952917,8
1719329999.6815069,8
1719330003.8046782,8
1719330007.9694972,8
1719330012.177393,8
1719330016.3315578,8
1719330020.373016,8
1719330024.4078605,8
1719330028.4777136,8
1719330032.5465367,8
1719330036.7609367,8
1719330040.922888,8
1719330045.013603,8
1719330049.3142765,8
1719330053.3626106,8
1719330057.4320762,8
1719330061.4699178,8
1719330065.5040176,8
1719330069.6606112,8
1719330073.7397835,8
1719330077.8481948,8
1719330081.9778426,8
1719330086.1155787,8
1719330090.3151414,8
1719330094.2001617,8
1719330098.3421257,8
1719330102.5062108,8
1719330106.6351657,8
1719330110.7223647,8
1719330114.6479118,8
1719330118.556182,8
1719330122.6642928,8
1719330126.7226913,8
1719330130.8748438,8
1719330134.8073447,8
1719330138.7203317,8
1719330142.7878294,8
1719330146.9275568,8
1719330150.6869586,8
1719330154.7660964,8
1719330158.9107187,8
1719330163.0461206,8
1719330167.2102718,8
1719330171.3326945,8
1719330175.2761974,8
1719330179.210669,8
1719330183.4897108,8
1719330187.5957656,8
1719330191.779869,8
1719330195.7703314,8
1719330199.760011,8
1719330203.6985323,8
1719330208.2004766,8
1719330212.2192864,8
1719330216.129473,8
1719330220.0616164,8
1719330224.0094602,8
1719330227.964419,8
1719330232.163361,8
1719330236.2741847,8
1719330240.4760365,8
1719330244.5349722,8
1719330248.693189,8
1719330252.4366238,8
1719330256.5815983,8
1719330260.6257043,8
1719330264.614094,8
1719330268.8636203,8
1719330272.9096844,8
1719330276.7790706,8
1719330280.9712226,8
1719330285.1576085,8
1719330289.3266513,8
1719330293.3961368,8
1719330297.317968,8
1719330301.2630196,8
1719330305.312161,8
1719330309.5495586,8
1719330313.657053,8
1719330317.8956008,8
1719330321.9051497,8
1719330325.8749025,8
1719330329.9714751,8
1719330334.1494591,8
1719330338.3920078,8
1719330342.4581213,8
1719330346.6425889,8
1719330350.7188902,8
1719330354.8520513,8
1719330358.7412004,8
1719330362.8819394,8
1719330367.0500557,8
1719330371.3127203,8
1719330375.2387908,8
1719330379.372339,8
1719330383.4867043,8
1719330387.6421378,8
1719330391.57079,8
1719330395.6957564,8
1719330399.7638738,8
1719330404.1102498,8
1719330408.2063806,8
1719330412.442081,8
1719330416.4996572,8
1719330420.640189,8
1719330424.6926658,8
1719330428.618283,8
1719330432.6325815,8
1719330436.7629468,8
1719330440.7825906,8
1719330444.9523492,8
1719330448.7891932,8
1719330452.8734567,8
1719330456.9704816,8
1719330461.1118445,8
1719330465.1363702,8
1719330469.167197,8
1719330473.0559142,8
1719330477.0219,8
1719330481.0542612,8
1719330485.1455886,8
1719330488.997271,8
1719330493.0142581,8
1719330497.1771023,8
1719330501.3834863,8
1719330505.245615,8
1719330509.3783638,8
1719330513.423324,8
1719330517.7313929,8
1719330521.585093,8
1719330525.541978,8
1719330529.6148605,8
1719330533.6916604,8
1719330537.8592083,8
1719330541.9694626,8
1719330546.1048286,8
1719330550.279971,8
1719330554.207689,8
1719330558.1197221,8
1719330562.3128903,8
1719330566.4726462,8
1719330570.6345134,8
1719330574.5428133,8
1719330578.6221437,8
1719330582.647435,8
1719330586.6732833,8
1719330590.6036441,8
1719330594.6997912,8
1719330598.8362353,8
1719330602.8775952,8
1719330607.0418313,8
1719330611.1339054,8
1719330615.248239,8
1719330619.1335006,8
1719330623.2289712,8
1719330627.2515676,8
1719330631.3940904,8
1719330635.2811565,8
1719330639.3833525,8
1719330643.5441952,8
1719330647.7039196,8
1719330651.6009915,8
1719330655.7445228,8
1719330659.8103268,8
1719330663.8539176,8
1719330667.7657688,8
1719330672.0854282,8
1719330676.1091454,8
1719330679.9678297,8
1719330684.0399785,8
1719330688.0251122,8
1719330692.1692076,8
1719330696.0916343,8
1719330700.2536652,8
1719330704.2903001,8
1719330708.3043895,8
1719330712.2057564,8
1719330716.2359676,8
1719330720.1229131,8
1719330724.0026104,8
1719330728.2557862,8
1719330732.3593483,8
1719330736.4008403,8
1719330740.327216,8
1719330744.5189736,8
1719330748.5884604,8
1719330752.760645,8
1719330756.6701736,8
1719330760.7187777,8
1719330764.844657,8
1719330768.7749703,8
1719330772.8170726,8
1719330776.925916,8
1719330781.094988,8
1719330785.2069867,8
1719330789.266031,8
1719330793.387064,8
1719330797.506432,8
1719330801.4432585,8
1719330805.6727066,8
1719330809.7049987,8
1719330813.5459652,8
1719330817.45282,8
1719330821.729941,8
1719330825.8236651,8
1719330829.7294734,8
1719330834.0425808,8
1719330838.1229722,8
1719330842.1283505,8
1719330846.042853,8
1719330850.1547418,8
1719330854.2553399,8
1719330858.1704252,8
1719330862.197221,8
1719330866.4271603,8
1719330870.5681825,8
1719330874.4765983,8
1719330878.5771801,8
1719330882.709541,8
1719330886.400034,8
1719330890.4369636,8
1719330894.5713696,8
1719330898.736835,8
1719330902.6110826,8
1719330906.7129943,8
1719330910.718333,8
1719330914.653541,8
1719330918.7383115,8
1719330922.9298532,8
1719330926.937627,8
1719330930.8538027,8
1719330934.9818814,8
1719330939.1107094,8
1719330942.9945352,8
1719330947.0710204,8
1719330951.1942997,8
1719330955.1670873,8
1719330959.2042615,8
1719330963.3310118,8
1719330967.4346056,8
1719330971.3371387,8
1719330975.4795356,8
1719330979.6349912,8
1719330983.7710166,8
1719330987.5916605,8
1719330991.706919,8
1719330995.9058566,8
1719331000.1156583,8
1719331004.0762773,8
1719331008.1383276,8
1719331012.303936,8
1719331016.3559186,8
1719331020.315734,8
1719331024.2838054,8
1719331028.4543045,8
1719331032.3697262,8
1719331036.5225334,8
1719331040.5619829,8
1719331044.7430167,8
1719331048.6216176,8
1719331052.8154979,8
1719331056.8939428,8
1719331060.9840436,8
1719331064.8532665,8
1719331069.049356,8
1719331073.1778154,8
1719331077.3451996,8
1719331081.2660966,8
1719331085.4260404,8
1719331089.4603248,8
1719331093.5406423,8
1719331097.6516905,8
1719331101.5673733,8
1719331105.6091719,8
1719331109.933275,8
1719331114.0163596,8
1719331117.9716892,8
1719331122.0164208,8
1719331126.1500854,8
1719331130.1795452,8
1719331134.090106,8
1719331138.0917063,8
1719331142.1440496,8
1719331146.1045506,8
1719331150.0237954,8
1719331154.015583,8
1719331158.1517007,8
1719331162.016014,8
1719331166.1482127,8
1719331170.2967355,8
1719331174.389658,8
1719331178.270145,8
1719331182.3717089,8
1719331186.6197317,8
1719331190.7129486,8
1719331194.635401,8
1719331198.6859539,8
1719331202.7509427,8
1719331206.6866424,8
1719331210.782691,8
1719331214.8565104,8
1719331218.9538996,8
1719331222.880205,8
1719331226.8774877,8
1719331231.046999,8
1719331235.0987222,8
1719331239.0428574,8
1719331242.9103754,8
1719331247.1271513,8
1719331251.0182974,8
1719331255.0720706,8
1719331259.1140127,8
1719331263.2621982,8
1719331267.102405,8
1719331271.2813966,8
1719331275.4295576,8
1719331279.3307629,8
1719331283.354907,8
1719331287.5213602,8
1719331291.5341785,8
1719331295.4949737,8
1719331299.5890794,8
1719331303.6634474,8
1719331307.6085622,8
1719331311.8211954,8
1719331315.8104055,8
1719331319.8773868,8
1719331323.7713118,8
1719331327.8704257,8
1719331331.9333634,8
1719331335.7874217,8
1719331339.674858,8
1719331343.8837216,8
1719331347.8764439,8
1719331351.7423463,8
1719331355.8334725,8
1719331359.896907,8
1719331363.8483193,8
1719331368.030809,8
1719331372.0633392,8
1719331376.1576712,8
1719331380.0788498,8
1719331384.1943247,8
1719331388.4608264,8
1719331392.339019,8
1719331396.4053576,8
1719331400.6163921,8
1719331404.6676872,8
1719331408.6427925,8
1719331412.915717,8
1719331416.9403734,8
1719331420.912847,8
1719331425.0229378,8
1719331429.0475667,8
1719331432.9253345,8
1719331436.8448226,8
1719331441.0906453,8
1719331445.315914,8
1719331449.2286484,8
1719331453.305658,8
1719331457.493666,8
1719331461.5861387,8
1719331465.7128398,8
1719331469.876793,8
1719331474.0069396,8
1719331478.1567254,8
1719331482.0939453,8
1719331486.2085662,8
1719331490.3153272,8
1719331494.3236408,8
1719331498.226902,8
1719331502.2740805,8
1719331506.3588686,8
1719331510.295677,8
1719331514.3594122,8
1719331518.3501396,8
1719331522.501523,8
1719331526.4103208,8
1719331530.5696266,8
1719331534.678414,8
1719331538.6114802,8
1719331542.676478,8
1719331546.7913525,8
1719331550.932076,8
1719331554.8966973,8
1719331559.0436962,8
1719331563.3135324,8
1719331567.362917,8
1719331571.3289325,8
1719331575.3438568,8
1719331579.3962834,8
1719331583.382984,8
1719331587.5144112,8
1719331591.4921198,8
1719331595.6492918,8
1719331599.5626645,8
1719331603.6874595,8
1719331607.8029306,8
1719331611.756679,8
1719331615.785591,8
1719331619.8915832,8
1719331623.7853565,8
1719331627.7372336,8
1719331631.905111,8
1719331635.7550457,8
1719331639.6065996,8
1719331643.747299,8
1719331647.8599691,8
1719331652.0781832,8
1719331655.9474602,8
1719331660.1109557,8
1719331664.2125008,8
1719331668.1821113,8
1719331672.1553574,8
1719331676.3268356,8
1719331680.3249724,8
1719331684.2748592,8
1719331688.2831335,8
1719331692.5321574,8
1719331696.6523373,8
1719331700.6703033,8
1719331704.6891923,8
1719331708.7994199,8
1719331712.6855166,8
1719331716.5524127,8
1719331720.6525493,8
1719331724.788884,8
1719331728.962398,8
1719331732.90526,8
1719331736.9705422,8
1719331741.103891,8
1719331745.0257046,8
1719331749.0416105,8
1719331753.080523,8
1719331757.1170352,8
1719331761.0571728,8
1719331765.2949898,8
1719331769.3437066,8
1719331773.3949986,8
1719331777.3967683,8
1719331781.2682405,8
1719331785.2461972,8
1719331789.16052,8
1719331793.1013937,8
1719331797.204768,8
1719331801.346075,8
1719331805.265159,8
1719331809.394856,8
1719331813.3867602,8
1719331817.300059,8
1719331821.3541276,8
1719331825.3933403,8
1719331829.2909281,8
1719331833.2142296,8
1719331837.2782598,8
1719331841.3440866,8
1719331845.2343693,8
1719331849.3679845,8
1719331853.4229193,8
1719331857.533199,8
1719331861.4644582,8
1719331865.5182652,8
1719331869.5890496,8
1719331873.4813232,8
1719331877.5136817,8
1719331881.7127051,8
1719331885.8901641,8
1719331889.7829041,8
1719331894.0630584,8
1719331898.1712744,8
1719331901.9513698,8
1719331905.9879868,8
1719331910.0666094,8
1719331914.0769718,8
1719331918.0120008,8
1719331922.1126676,8
1719331926.224802,8
1719331930.1311338,8
1719331934.1922812,8
1719331938.242847,8
1719331942.4243479,8
1719331946.226358,8
1719331950.2653182,8
1719331954.110101,8
1719331958.0525064,8
1719331962.104579,8
1719331966.4240751,8
1719331970.443091,8
1719331974.3379335,8
1719331978.3584175,8
1719331982.483947,8
1719331986.3796933,8
1719331990.4728925,8
1719331994.4942408,8
1719331998.531967,8
1719332002.6029656,8
1719332006.7520144,8
1719332010.7738597,8
1719332014.6723192,8
1719332018.8243268,8
1719332022.907312,8
1719332026.9962735,8
1719332030.9354718,8
1719332034.9570265,8
1719332039.0808878,8
1719332043.2481394,8
1719332047.2163792,8
1719332051.3667407,8
1719332055.7396708,8
1719332059.7829657,8
1719332063.8843772,8
1719332067.7994692,8
1719332071.8448987,8
1719332076.0516675,8
1719332079.9058902,8
1719332084.0867572,8
1719332088.242315,8
1719332092.3298428,8
1719332096.3542912,8
1719332100.4822092,8
1719332104.6252663,8
1719332108.457621,8
1719332112.6014278,8
1719332116.691316,8
1719332120.7224894,8
1719332124.8723354,8
1719332128.575844,8
1719332132.6337984,8
1719332136.7855964,8
