1719328390.7194538,10
1719328394.9633422,10
1719328399.0607135,10
1719328403.2311049,10
1719328407.283682,10
1719328411.7036386,10
1719328415.8350625,10
1719328419.9606984,10
1719328423.9913533,10
1719328428.2471213,10
1719328432.388254,10
1719328436.6745186,10
1719328440.7997813,10
1719328444.9763775,10
1719328448.9905825,10
1719328452.9378588,10
1719328456.7837644,10
1719328460.7262535,10
1719328464.6985285,10
1719328468.6135137,10
1719328472.590787,10
1719328476.7018368,10
1719328480.7638242,10
1719328484.9054255,10
1719328489.1209714,10
1719328493.269888,10
1719328497.343672,10
1719328501.4313698,10
1719328505.5645285,10
1719328509.7401485,10
1719328513.9026787,10
1719328517.9751947,10
1719328521.964007,10
1719328525.8094716,10
1719328530.0807683,10
1719328534.2984283,10
1719328538.4360092,10
1719328542.403405,10
1719328546.2708054,10
1719328550.420361,10
1719328554.3985465,10
1719328558.5690653,10
1719328562.4307232,10
1719328566.548009,10
1719328570.512451,10
1719328574.6048305,10
1719328578.6780446,10
1719328582.77145,10
1719328586.785156,10
1719328590.952759,10
1719328595.2351146,10
1719328599.4703686,10
1719328603.5414052,10
1719328607.6542268,10
1719328611.8027017,10
1719328615.9565942,10
1719328620.0905578,10
1719328624.1571014,10
1719328628.2616808,10
1719328632.5045383,10
1719328636.5703127,10
1719328640.8174443,10
1719328644.8345046,10
1719328648.9723997,10
1719328653.0438814,10
1719328657.1820729,10
1719328661.3487198,10
1719328665.483683,10
1719328669.6006603,10
1719328673.8626366,10
1719328677.7752054,10
1719328681.8540895,10
1719328685.8728275,10
1719328689.9286098,10
1719328694.1373582,10
1719328698.2125747,10
1719328702.4495695,10
1719328706.5280755,10
1719328710.6349564,10
1719328714.7100697,10
1719328718.905161,10
1719328723.0159194,10
1719328727.0375197,10
1719328731.2322211,10
1719328735.4619272,10
1719328739.5961125,10
1719328743.8262374,10
1719328747.9324317,10
1719328751.9475694,10
1719328756.1577196,10
1719328760.1575017,10
1719328764.423776,10
1719328768.490874,10
1719328772.6184466,10
1719328776.6709979,10
1719328780.7692618,10
1719328784.8357506,10
1719328788.910481,10
1719328792.8553936,10
1719328796.958681,10
1719328801.0214758,10
1719328804.9037297,10
1719328808.868903,10
1719328812.857963,10
1719328817.0102072,10
1719328821.1101978,10
1719328825.2652278,10
1719328829.2029083,10
1719328833.3112874,10
1719328837.6040394,10
1719328841.6561394,10
1719328845.7941263,10
1719328849.5614977,10
1719328853.6923797,10
1719328857.7048948,10
1719328861.8057528,10
1719328865.7937107,10
1719328869.6815987,10
1719328873.6159055,10
1719328877.72116,10
1719328881.7455819,10
1719328885.684554,10
1719328889.5508666,10
1719328893.4310222,10
1719328897.4955819,10
1719328901.6553905,10
1719328905.7380497,10
1719328909.610682,10
1719328913.772212,10
1719328917.8922775,10
1719328921.9939218,10
1719328925.992667,10
1719328929.9099622,10
1719328933.828841,10
1719328937.7862248,10
1719328941.8972116,10
1719328946.1448193,10
1719328950.3433976,10
1719328954.4849641,10
1719328958.5408561,10
1719328962.6895266,10
1719328966.7584326,10
1719328970.687568,10
1719328974.533087,10
1719328978.5829508,10
1719328982.62965,10
1719328986.6240468,10
1719328990.755015,10
1719328994.6834376,10
1719328998.568685,10
1719329002.7544732,10
1719329006.7919059,10
1719329010.8308,10
1719329015.004003,10
1719329018.8158374,10
1719329022.8944151,10
1719329027.0330281,10
1719329031.143834,10
1719329035.176136,10
1719329039.274005,10
1719329043.514639,10
1719329047.5674791,10
1719329051.6759136,10
1719329055.9890966,10
1719329060.0454783,10
1719329064.0010195,10
1719329068.0454178,10
1719329072.101082,10
1719329076.353876,10
1719329080.4093266,10
1719329084.471763,10
1719329088.5486872,10
1719329092.7574704,10
1719329096.7500193,10
1719329100.671771,10
1719329104.588976,10
1719329108.7390335,10
1719329112.6018503,10
1719329116.5120952,10
1719329120.4249296,10
1719329124.2606258,10
1719329128.3504415,10
1719329132.5822182,10
1719329136.6139379,10
1719329140.5070255,10
1719329144.5610206,10
1719329148.550484,10
1719329152.7178333,10
1719329156.8714597,10
1719329160.6851847,10
1719329164.8426347,10
1719329168.9555247,10
1719329173.0831654,10
1719329177.228541,10
1719329181.326475,10
1719329185.2185447,10
1719329189.2529185,10
1719329193.4004962,10
1719329197.4587781,10
1719329201.550592,10
1719329205.5988514,10
1719329209.6853008,10
1719329213.9397924,10
1719329218.0932434,10
1719329222.3504124,10
1719329226.6411552,10
1719329230.662103,10
1719329234.547623,10
1719329238.4298675,10
1719329242.3014853,10
1719329246.5717056,10
1719329250.6395776,10
1719329254.5110939,10
1719329258.5627837,10
1719329262.600512,10
1719329266.6074512,10
1719329270.8674104,10
1719329274.877801,10
1719329278.9254055,10
1719329283.0137513,10
1719329287.215813,10
1719329291.252863,10
1719329295.4035382,10
1719329299.5476475,10
1719329303.572737,10
1719329307.5392594,10
1719329311.6153047,10
1719329315.7151456,10
1719329319.7861025,10
1719329323.884975,10
1719329328.0483596,10
1719329332.1330564,10
1719329336.3216882,10
1719329340.4041173,10
1719329344.463738,10
1719329348.6540766,10
1719329352.6332731,10
1719329356.7678666,10
1719329360.8039944,10
1719329364.8531353,10
1719329368.7605412,10
1719329372.7133157,10
1719329376.458113,10
1719329380.6089633,10
1719329384.7083163,10
1719329388.8044953,10
1719329392.865393,10
1719329396.8007247,10
1719329400.85237,10
1719329405.017716,10
1719329409.162141,10
1719329413.2855272,10
1719329417.452015,10
1719329421.5932279,10
1719329425.8444493,10
1719329430.0489154,10
1719329434.2547326,10
1719329438.3144422,10
1719329442.4461582,10
1719329446.4884818,10
1719329450.6790593,10
1719329454.758982,10
1719329459.0390363,10
1719329463.1758204,10
1719329467.4097042,10
1719329471.4514863,10
1719329475.5588918,10
1719329479.858257,10
1719329483.9037163,10
1719329488.0363495,10
1719329492.1486416,10
1719329496.3291104,10
1719329500.3827004,10
1719329504.4354823,10
1719329508.543041,10
1719329512.63127,10
1719329516.5100844,10
1719329520.8679194,10
1719329525.0706985,10
1719329529.097451,10
1719329533.2279773,10
1719329537.6060495,10
1719329541.7529273,10
1719329545.8110652,10
1719329549.8438363,10
1719329553.8528867,10
1719329557.8614345,10
1719329561.9732294,10
1719329566.0051005,10
1719329570.0524986,10
1719329574.2749236,10
1719329578.4718976,10
1719329582.582755,10
1719329586.703193,10
1719329590.8466418,10
1719329594.7451332,10
1719329598.6481402,10
1719329602.667653,10
1719329606.9211667,10
1719329610.9237525,10
1719329614.814965,10
1719329618.7207055,10
1719329622.8966575,10
1719329626.9530265,10
1719329631.072914,10
1719329635.1442606,10
1719329639.2589943,10
1719329643.510497,10
1719329647.551394,10
1719329651.5933776,10
1719329655.6395745,10
1719329659.6890922,10
1719329663.8127549,10
1719329668.0119421,10
1719329672.0653005,10
1719329676.1331334,10
1719329680.2473252,10
1719329684.2961588,10
1719329688.2757077,10
1719329692.494274,10
1719329696.3350384,10
1719329700.4476292,10
1719329704.5168352,10
1719329708.553154,10
1719329712.4556365,10
1719329716.4603171,10
1719329720.530481,10
1719329724.8600702,10
1719329728.8213387,10
1719329732.727071,10
1719329736.8974745,10
1719329740.9972346,10
1719329745.1431823,10
1719329749.3429227,10
1719329753.4304528,10
1719329757.591549,10
1719329761.3761714,10
1719329765.3444111,10
1719329769.372975,10
1719329773.428889,10
1719329777.6516073,10
1719329781.7725112,10
1719329785.9982553,10
1719329790.0628011,10
1719329794.1392748,10
1719329798.1998863,10
1719329802.2486603,10
1719329806.2496085,10
1719329810.2253819,10
1719329814.4470346,10
1719329818.6264353,10
1719329822.7381952,10
1719329826.767714,10
1719329830.7904527,10
1719329834.8520713,10
1719329838.8673317,10
1719329842.9594092,10
1719329847.0175717,10
1719329851.120657,10
1719329855.1870768,10
1719329859.451003,10
1719329863.5560715,10
1719329867.7011693,10
1719329871.9703307,10
1719329875.888907,10
1719329879.948714,10
1719329883.9990342,10
1719329887.9034412,10
1719329891.9523408,10
1719329895.991127,10
1719329900.098916,10
1719329904.2495384,10
1719329908.5839906,10
1719329912.6534786,10
1719329916.7168145,10
1719329920.7963545,10
1719329924.7243402,10
1719329928.901498,10
1719329932.9982474,10
1719329937.0557399,10
1719329941.1373658,10
1719329945.2576308,10
1719329949.3611794,10
1719329953.52224,10
1719329957.5577295,10
1719329961.7267652,10
1719329965.8851354,10
1719329970.0605116,10
1719329974.1538699,10
1719329978.2155719,10
1719329982.1985219,10
1719329986.2295172,10
1719329990.58423,10
1719329994.6903474,10
1719329998.7512207,10
1719330002.8566818,10
1719330006.8587766,10
1719330010.9832969,10
1719330015.2430532,10
1719330019.0727026,10
1719330023.0939243,10
1719330027.174058,10
1719330031.5023568,10
1719330035.676028,10
1719330039.7986925,10
1719330043.9137652,10
1719330048.028581,10
1719330052.2229464,10
1719330056.4452233,10
1719330060.448788,10
1719330064.454681,10
1719330068.3453975,10
1719330072.213819,10
1719330076.0908296,10
1719330080.037183,10
1719330084.0286846,10
1719330087.9650261,10
1719330091.875507,10
1719330095.944351,10
1719330099.9916232,10
1719330103.929795,10
1719330107.9586704,10
1719330112.0890973,10
1719330116.1115654,10
1719330120.1736848,10
1719330124.087844,10
1719330128.0003643,10
1719330132.0466707,10
1719330136.217728,10
1719330140.0784736,10
1719330144.3358474,10
1719330148.402378,10
1719330152.409735,10
1719330156.3409956,10
1719330160.3161423,10
1719330164.3703132,10
1719330168.403701,10
1719330172.809178,10
1719330176.8439705,10
1719330180.7366555,10
1719330184.6373343,10
1719330188.730229,10
1719330192.8874032,10
1719330196.9104252,10
1719330201.0326705,10
1719330205.14891,10
1719330208.8099947,10
1719330212.8160894,10
1719330216.8789823,10
1719330220.9366024,10
1719330225.032471,10
1719330228.9141657,10
1719330232.8199055,10
1719330236.7302396,10
1719330240.4522917,10
1719330244.4746087,10
1719330248.604623,10
1719330252.5272841,10
1719330256.5300603,10
1719330260.5524542,10
1719330264.7062013,10
