1719328389.335427,9
1719328393.1129556,9
1719328396.7191198,9
1719328400.27572,9
1719328404.08006,9
1719328407.7963314,9
1719328411.5298207,9
1719328415.650379,9
1719328419.4542184,9
1719328423.2710838,9
1719328426.829922,9
1719328430.418172,9
1719328434.1572633,9
1719328438.0039756,9
1719328441.7767382,9
1719328445.50678,9
1719328449.2940745,9
1719328453.0704925,9
1719328456.4926605,9
1719328460.0269458,9
1719328463.9872956,9
1719328467.818742,9
1719328471.6323385,9
1719328475.3847034,9
1719328479.0963356,9
1719328483.1568036,9
1719328486.920063,9
1719328490.471189,9
1719328494.0106783,9
1719328497.5735638,9
1719328501.3176234,9
1719328504.9826376,9
1719328508.6873374,9
1719328512.2500765,9
1719328515.8275037,9
1719328519.3775206,9
1719328523.0977726,9
1719328526.9572637,9
1719328530.6927402,9
1719328534.5394788,9
1719328538.359006,9
1719328541.974345,9
1719328545.5288494,9
1719328549.331796,9
1719328553.0346863,9
1719328556.7465153,9
1719328560.3334093,9
1719328563.9709778,9
1719328567.6408591,9
1719328571.2904825,9
1719328574.915664,9
1719328578.739651,9
1719328582.5977533,9
1719328586.1939595,9
1719328589.8951297,9
1719328593.700438,9
1719328597.3825884,9
1719328600.9297671,9
1719328604.5703416,9
1719328608.1492612,9
1719328611.701726,9
1719328615.4447384,9
1719328619.182962,9
1719328622.8750434,9
1719328626.7144804,9
1719328630.4409306,9
1719328633.962917,9
1719328637.5962434,9
1719328641.1942582,9
1719328644.9695146,9
1719328648.665546,9
1719328652.5719228,9
1719328656.4157867,9
1719328660.1667216,9
1719328664.028446,9
1719328667.5733235,9
1719328671.1733902,9
1719328674.7751493,9
1719328678.307608,9
1719328682.0941875,9
1719328685.8617058,9
1719328689.506441,9
1719328693.3094106,9
1719328697.271102,9
1719328700.7978444,9
1719328704.4311202,9
1719328708.1074562,9
1719328711.6559167,9
1719328715.5263484,9
1719328719.13906,9
1719328722.966576,9
1719328726.721883,9
1719328730.4696558,9
1719328734.1736937,9
1719328737.7004628,9
1719328741.142611,9
1719328744.6662946,9
1719328748.4430497,9
1719328752.1944773,9
1719328755.8703468,9
1719328759.8442738,9
1719328763.6204853,9
1719328767.3906493,9
1719328771.010562,9
1719328774.656782,9
1719328778.2788763,9
1719328781.945703,9
1719328785.822825,9
1719328789.4623878,9
1719328793.266429,9
1719328796.9558578,9
1719328800.7202234,9
1719328804.3582613,9
1719328807.9427087,9
1719328811.6800845,9
1719328815.2741177,9
1719328819.0593565,9
1719328822.6699052,9
1719328826.3674202,9
1719328829.9570606,9
1719328833.5133348,9
1719328837.4780853,9
1719328841.2101836,9
1719328844.8244984,9
1719328848.5111933,9
1719328852.3538542,9
1719328856.1617992,9
1719328859.706199,9
1719328863.3612018,9
1719328867.192617,9
1719328870.9461584,9
1719328874.5401416,9
1719328878.28467,9
1719328882.1616333,9
1719328885.980891,9
1719328889.5734513,9
1719328893.4718113,9
1719328897.3700128,9
1719328901.1847,9
1719328904.7969966,9
1719328908.3883538,9
1719328912.2465463,9
1719328915.9765332,9
1719328919.5977893,9
1719328923.3174586,9
1719328927.0080676,9
1719328930.6025355,9
1719328934.254726,9
1719328938.0848267,9
1719328942.0100071,9
1719328945.8735137,9
1719328949.5630207,9
1719328953.1947873,9
1719328956.7675512,9
1719328960.330048,9
1719328964.0869794,9
1719328967.892006,9
1719328971.8999312,9
1719328975.6523144,9
1719328979.468415,9
1719328983.332243,9
1719328987.1707501,9
1719328990.85895,9
1719328994.4000103,9
1719328998.3205855,9
1719329002.0699353,9
1719329005.926136,9
1719329009.6941655,9
1719329013.5275986,9
1719329017.1193862,9
1719329020.7490396,9
1719329024.2939193,9
1719329028.1088128,9
1719329032.0176551,9
1719329035.7218766,9
1719329039.5302908,9
1719329043.2885246,9
1719329047.0074992,9
1719329050.749723,9
1719329054.3238642,9
1719329057.9272628,9
1719329061.7285368,9
1719329065.4759278,9
1719329069.109593,9
1719329072.8043158,9
1719329076.6085796,9
1719329080.5644195,9
1719329084.4038854,9
1719329088.198982,9
1719329091.7630892,9
1719329095.3618217,9
1719329098.9247024,9
1719329102.7488022,9
1719329106.5835655,9
1719329110.2610734,9
1719329113.9001944,9
1719329117.6753695,9
1719329121.2659478,9
1719329124.850711,9
1719329128.4112768,9
1719329132.1435194,9
1719329135.6943095,9
1719329139.4956906,9
1719329143.2527401,9
1719329147.1440446,9
1719329150.6970754,9
1719329154.1054626,9
1719329157.639749,9
1719329161.347614,9
1719329165.3208654,9
1719329169.0772548,9
1719329172.678368,9
1719329176.3712873,9
1719329180.0354931,9
1719329183.575506,9
1719329187.143739,9
1719329190.71554,9
1719329194.5867312,9
1719329198.3267531,9
1719329202.1415038,9
1719329205.8216252,9
1719329209.6812665,9
1719329213.3983457,9
1719329217.4032593,9
1719329221.0031028,9
1719329224.5425858,9
1719329228.2964466,9
1719329232.0281546,9
1719329235.7129054,9
1719329239.6575608,9
1719329243.4118485,9
1719329246.9425762,9
1719329250.4739826,9
1719329254.2603238,9
1719329258.046476,9
1719329261.8279486,9
1719329265.642974,9
1719329269.337967,9
1719329273.0261295,9
1719329276.5994632,9
1719329280.199292,9
1719329283.6741483,9
1719329287.5387235,9
1719329291.329022,9
1719329295.0295331,9
1719329298.8308675,9
1719329302.4918203,9
1719329306.0638456,9
1719329309.7102036,9
1719329313.2365575,9
1719329317.1260695,9
1719329320.9389043,9
1719329324.7383223,9
1719329328.5730217,9
1719329332.1811996,9
1719329335.9610982,9
1719329339.7286263,9
1719329343.3133023,9
1719329346.8441045,9
1719329350.4282207,9
1719329354.3045962,9
1719329357.8264914,9
1719329361.5521543,9
1719329365.307911,9
1719329369.1428885,9
1719329372.7462556,9
1719329376.4323266,9
1719329380.0990949,9
1719329383.8365366,9
1719329387.9587429,9
1719329391.69871,9
1719329395.475912,9
1719329399.3263435,9
1719329403.0535808,9
1719329406.6440291,9
1719329410.0809007,9
1719329413.6448486,9
1719329417.5782292,9
1719329421.3438551,9
1719329424.9988415,9
1719329428.5995564,9
1719329432.5354602,9
1719329436.3503141,9
1719329439.9632509,9
1719329443.555029,9
1719329447.1833537,9
1719329451.056423,9
1719329454.9840596,9
1719329458.6756988,9
1719329462.432546,9
1719329466.2088525,9
1719329470.0525975,9
1719329473.8524642,9
1719329477.700087,9
1719329481.2525928,9
1719329484.799795,9
1719329488.5174947,9
1719329492.074586,9
1719329495.7639658,9
1719329499.620264,9
1719329503.602262,9
1719329507.3393328,9
1719329511.1868935,9
1719329514.954782,9
1719329518.5036175,9
1719329522.1136572,9
1719329525.7559109,9
1719329529.3571234,9
1719329533.0977774,9
1719329536.91133,9
1719329540.9717247,9
1719329544.792609,9
1719329548.3526654,9
1719329551.9127254,9
1719329555.49187,9
1719329559.099323,9
1719329562.783148,9
1719329566.5243495,9
1719329570.3328998,9
1719329574.2727864,9
1719329577.9778068,9
1719329581.7050261,9
1719329585.2745779,9
1719329589.0213706,9
1719329592.780716,9
1719329596.5676277,9
1719329600.4201767,9
1719329604.0636961,9
1719329607.6979415,9
1719329611.4074662,9
1719329615.1611955,9
1719329618.746872,9
1719329622.5702846,9
1719329626.420217,9
1719329630.2241423,9
1719329633.9525886,9
1719329637.50831,9
1719329641.053729,9
1719329644.610377,9
1719329648.540267,9
1719329652.2275398,9
1719329656.2807133,9
1719329659.9575024,9
1719329663.8041327,9
1719329667.5774183,9
1719329671.2737267,9
1719329675.07608,9
1719329678.6700368,9
1719329682.1898024,9
1719329685.8029232,9
1719329689.656345,9
1719329693.3219073,9
1719329697.1248653,9
1719329700.936858,9
1719329704.7933488,9
1719329708.6691413,9
1719329712.2821274,9
1719329716.0147943,9
1719329719.7967603,9
1719329723.593524,9
1719329727.1154823,9
1719329730.8324714,9
1719329734.5370793,9
1719329738.1423714,9
1719329741.684581,9
1719329745.3917396,9
1719329749.2460165,9
1719329753.0032692,9
1719329756.782226,9
1719329760.5356452,9
1719329764.366686,9
1719329768.1908922,9
1719329771.8556304,9
1719329775.4160473,9
1719329779.0193338,9
1719329782.5949972,9
1719329786.1481109,9
1719329789.8801427,9
1719329793.5132468,9
1719329797.3770201,9
1719329801.2341187,9
1719329804.9869413,9
1719329808.557553,9
1719329812.152263,9
1719329815.7163382,9
1719329819.2709796,9
1719329823.1412277,9
1719329826.8397958,9
1719329830.6010358,9
1719329834.2778082,9
1719329838.0449111,9
1719329841.654322,9
1719329845.2594092,9
1719329848.8575897,9
1719329852.6757538,9
1719329856.8456397,9
1719329860.5625484,9
1719329864.4127686,9
1719329868.2478395,9
1719329872.0156462,9
1719329875.9004776,9
1719329879.7231011,9
1719329883.147255,9
1719329886.7943838,9
1719329890.6017404,9
1719329894.427987,9
1719329898.3141873,9
1719329902.1302025,9
1719329905.6533573,9
1719329909.2633603,9
1719329912.93034,9
1719329916.7762318,9
1719329920.5170567,9
1719329924.3167136,9
1719329927.9935358,9
1719329931.7943678,9
1719329935.5521688,9
1719329939.356416,9
1719329942.9377098,9
1719329946.3974226,9
1719329949.8300326,9
1719329953.5511465,9
1719329957.4093516,9
1719329961.0489855,9
1719329964.7714653,9
1719329968.323811,9
1719329971.895425,9
1719329975.4619195,9
1719329978.9345808,9
1719329982.6870363,9
1719329986.386758,9
1719329990.0860167,9
1719329993.748972,9
1719329997.5010717,9
1719330001.0663831,9
1719330004.6780117,9
1719330008.2253804,9
1719330011.7563212,9
1719330015.562341,9
1719330019.2949932,9
1719330023.0159595,9
1719330026.768333,9
1719330030.549276,9
1719330034.1472638,9
1719330037.6587992,9
1719330041.2006545,9
1719330044.8093276,9
1719330048.5640154,9
1719330052.311439,9
1719330056.0834248,9
1719330059.6648734,9
1719330063.1416876,9
1719330066.72692,9
1719330070.4525275,9
1719330074.2225006,9
1719330078.0516531,9
1719330081.6694455,9
1719330085.4086819,9
1719330089.1447344,9
1719330092.5986843,9
1719330096.1886375,9
1719330099.7571476,9
1719330103.5127213,9
1719330107.2604957,9
1719330111.1543114,9
1719330114.8792124,9
1719330118.7014072,9
1719330122.2833962,9
1719330125.9940357,9
1719330129.6565375,9
1719330133.2399945,9
1719330137.069171,9
1719330140.7405684,9
1719330144.425569,9
1719330148.1445246,9
1719330151.9290767,9
1719330155.6395578,9
1719330159.5009212,9
1719330163.3430636,9
1719330167.0793774,9
1719330171.0602376,9
1719330174.6603389,9
1719330178.4070764,9
1719330182.171114,9
1719330186.045034,9
1719330189.6202366,9
1719330193.337222,9
1719330197.189752,9
1719330200.9475236,9
1719330204.5622466,9
1719330208.170726,9
1719330211.8561928,9
1719330215.6151597,9
1719330219.1762228,9
1719330223.0217845,9
1719330226.833734,9
1719330230.7638283,9
1719330234.5871356,9
1719330238.3309863,9
1719330241.8711016,9
1719330245.4652035,9
1719330249.1674292,9
1719330252.7886305,9
1719330256.3474176,9
1719330260.0617414,9
1719330263.9269266,9
1719330267.644541,9
1719330271.3363943,9
1719330275.058923,9
1719330279.0352294,9
1719330282.6203997,9
1719330286.413976,9
1719330290.1778514,9
1719330294.0221367,9
1719330297.7112195,9
1719330301.302601,9
1719330305.2425761,9
1719330309.0426226,9
1719330312.8529747,9
1719330316.399251,9
1719330319.962982,9
1719330323.5675619,9
1719330327.2976985,9
1719330330.6660557,9
1719330334.5839875,9
1719330338.0379095,9
1719330341.7158597,9
1719330345.5953279,9
1719330349.289972,9
1719330353.1088245,9
1719330356.8174691,9
1719330360.6799467,9
1719330364.0635183,9
1719330367.630475,9
1719330371.3019333,9
1719330375.082535,9
1719330378.8819532,9
1719330382.5949717,9
1719330386.3828928,9
1719330390.1431775,9
1719330393.7895036,9
1719330397.3845181,9
1719330400.9839146,9
1719330404.5577881,9
1719330408.4210448,9
1719330412.1696467,9
1719330416.0146677,9
1719330419.7841265,9
1719330423.5341783,9
1719330427.3073,9
1719330430.902736,9
1719330434.4833815,9
1719330438.0862446,9
1719330441.7979665,9
1719330445.5436223,9
1719330449.2896738,9
1719330452.9489057,9
1719330456.6078722,9
1719330460.255377,9
1719330463.8189437,9
1719330467.368135,9
1719330470.9309585,9
1719330474.6681008,9
1719330478.2362826,9
1719330481.945632,9
1719330485.8302631,9
1719330489.513029,9
1719330493.1212053,9
1719330497.0222654,9
1719330500.7521856,9
1719330504.15555,9
1719330507.8303854,9
1719330511.519081,9
1719330515.0942414,9
1719330518.8944545,9
1719330522.6913357,9
1719330526.394209,9
1719330530.2230935,9
1719330533.9851058,9
1719330537.819105,9
1719330541.5986729,9
1719330545.426938,9
1719330549.1708543,9
1719330552.7212481,9
1719330556.4531653,9
1719330560.348472,9
1719330563.9229355,9
1719330567.7546196,9
1719330571.3619494,9
1719330574.9701638,9
1719330578.7020683,9
1719330582.4934258,9
1719330586.214094,9
1719330589.833457,9
1719330593.4077704,9
1719330597.0017145,9
1719330600.7893934,9
1719330604.5539067,9
1719330608.0748982,9
1719330611.7177033,9
1719330615.434467,9
1719330619.0051556,9
1719330622.8141625,9
1719330626.372035,9
1719330629.9519026,9
1719330633.644024,9
1719330637.2085652,9
1719330640.8800316,9
1719330644.582733,9
1719330648.250152,9
1719330651.7656486,9
1719330655.617772,9
1719330659.4321616,9
1719330663.2015016,9
1719330666.8993819,9
1719330670.6395395,9
1719330674.3266363,9
1719330677.9186726,9
1719330681.7123415,9
1719330685.2410886,9
1719330689.0021687,9
1719330692.7276382,9
1719330696.3622897,9
1719330700.0683138,9
1719330703.7499626,9
1719330707.3091657,9
1719330711.0841858,9
1719330714.7402372,9
1719330718.3137152,9
1719330722.0368242,9
1719330725.7369149,9
1719330729.3195064,9
1719330733.1488721,9
1719330737.0139222,9
1719330740.595021,9
1719330744.3372383,9
1719330748.0344193,9
1719330751.72616,9
1719330755.343544,9
1719330759.1744058,9
1719330762.7660723,9
1719330766.607771,9
1719330770.4079056,9
1719330773.9372573,9
1719330777.766986,9
1719330781.4618218,9
1719330785.0605664,9
1719330788.8171744,9
1719330792.59545,9
1719330796.1849,9
1719330799.883474,9
1719330803.647397,9
1719330807.2323596,9
1719330811.0307493,9
1719330814.9051876,9
1719330818.6667655,9
1719330822.281379,9
1719330825.9611623,9
1719330829.7299943,9
1719330833.3728116,9
1719330837.160886,9
1719330840.8013382,9
1719330844.518295,9
1719330848.453062,9
1719330852.0258925,9
1719330855.8740366,9
1719330859.5881734,9
1719330863.204091,9
1719330866.9370222,9
1719330870.7297528,9
1719330874.3158894,9
1719330878.0824234,9
1719330881.8651724,9
1719330885.4107854,9
1719330889.160563,9
1719330893.0663185,9
1719330896.7057142,9
1719330900.4296513,9
1719330904.1888015,9
1719330907.7715402,9
1719330911.5884027,9
1719330915.5289838,9
1719330919.0603254,9
1719330922.932631,9
1719330926.6003935,9
1719330930.181522,9
1719330933.8680801,9
1719330937.618773,9
1719330941.331607,9
1719330945.0190127,9
1719330948.3996716,9
1719330952.2376223,9
1719330956.0422735,9
1719330959.5662625,9
1719330963.2986932,9
1719330967.0432112,9
1719330970.5672097,9
1719330974.370266,9
1719330978.1202161,9
1719330981.6680856,9
1719330985.430029,9
1719330989.1638362,9
1719330992.7186506,9
1719330996.633745,9
1719331000.4698732,9
1719331004.0719385,9
1719331007.7838078,9
1719331011.807769,9
1719331015.5608876,9
1719331019.1613684,9
1719331022.9363847,9
1719331026.4383485,9
1719331030.3239632,9
1719331034.1047027,9
1719331037.6718247,9
1719331041.3560555,9
1719331045.186507,9
1719331048.8116362,9
1719331052.531508,9
1719331056.342938,9
1719331059.9109967,9
1719331063.7126374,9
1719331067.4393137,9
1719331071.0079618,9
1719331074.7355227,9
1719331078.6016283,9
1719331082.1786067,9
1719331086.1032894,9
1719331089.92442,9
1719331093.6570773,9
1719331097.3757691,9
1719331100.9819138,9
1719331104.6492665,9
1719331108.519475,9
1719331112.2503543,9
1719331116.0978935,9
1719331119.8889363,9
1719331123.44387,9
1719331127.1295617,9
1719331130.9456677,9
1719331134.7548766,9
1719331138.349522,9
1719331141.8542602,9
1719331145.554039,9
1719331149.37717,9
1719331153.2195604,9
1719331156.970277,9
1719331160.6806183,9
1719331164.4088638,9
1719331168.0376244,9
1719331171.7846441,9
1719331175.4926262,9
1719331179.0679617,9
1719331182.8256633,9
1719331186.6205025,9
1719331190.2528763,9
1719331193.8650467,9
1719331197.6021435,9
1719331201.3453624,9
1719331205.012598,9
1719331208.764622,9
1719331212.4605064,9
1719331215.975231,9
1719331219.6697886,9
1719331223.438949,9
1719331227.028864,9
1719331230.7421844,9
1719331234.6445224,9
1719331238.3367999,9
1719331242.1150851,9
1719331245.8009546,9
1719331249.3834586,9
1719331253.1234772,9
1719331256.9285092,9
1719331260.5241165,9
1719331264.4433813,9
1719331268.2928107,9
1719331271.9154363,9
1719331275.7716708,9
1719331279.3327389,9
1719331283.0476775,9
1719331286.8803632,9
1719331290.4576454,9
1719331294.3129463,9
1719331298.0571349,9
1719331301.6477532,9
1719331305.3669338,9
1719331309.168662,9
1719331312.7789786,9
1719331316.6038942,9
1719331320.396384,9
1719331324.0040972,9
1719331327.7650957,9
1719331331.5931482,9
1719331335.327585,9
1719331339.07904,9
1719331343.2276852,9
1719331347.0491705,9
1719331350.6145034,9
1719331354.4994562,9
1719331358.2459357,9
1719331361.9643464,9
1719331365.7801347,9
1719331369.338312,9
1719331373.0778854,9
1719331376.777075,9
1719331380.6430464,9
1719331384.3308694,9
1719331388.0523353,9
1719331391.6157799,9
1719331395.4045103,9
1719331399.0927148,9
1719331402.6532197,9
1719331406.5333507,9
1719331410.4608757,9
1719331414.0380838,9
1719331417.718415,9
1719331421.5571942,9
1719331425.131228,9
1719331428.9600358,9
1719331432.6712923,9
1719331436.3553798,9
1719331440.0577564,9
1719331443.8680072,9
1719331447.450551,9
1719331451.1621978,9
1719331454.7330215,9
1719331458.5476625,9
1719331462.2589364,9
1719331465.9360902,9
1719331469.526906,9
1719331473.2863317,9
1719331477.2804673,9
1719331480.9087322,9
1719331484.5895944,9
1719331488.2911575,9
1719331492.0007195,9
1719331495.9794722,9
1719331499.9475214,9
1719331503.635711,9
1719331507.296412,9
1719331511.080236,9
1719331514.672047,9
1719331518.619918,9
1719331522.2554061,9
1719331525.9468725,9
1719331529.6912048,9
1719331533.4286475,9
1719331537.0186322,9
1719331540.570126,9
1719331544.0280979,9
1719331547.7591467,9
1719331551.4653218,9
1719331555.0210726,9
1719331558.745571,9
1719331562.686996,9
1719331566.6233656,9
1719331570.1912189,9
1719331574.108472,9
1719331577.6690872,9
1719331581.5513566,9
1719331585.3051546,9
1719331588.9129076,9
1719331592.6634724,9
1719331596.4256485,9
1719331599.9987996,9
1719331603.8283296,9
1719331607.515743,9
1719331611.2024071,9
1719331614.9077728,9
1719331618.6795824,9
1719331622.219479,9
1719331625.981815,9
1719331629.7789936,9
1719331633.3706074,9
1719331637.1921303,9
1719331641.0068076,9
1719331644.5475838,9
1719331648.286423,9
1719331651.996017,9
1719331655.5555408,9
1719331659.2459204,9
1719331662.9486682,9
1719331666.8502185,9
1719331670.7729003,9
1719331674.520225,9
1719331678.1695383,9
1719331681.9237185,9
1719331685.723178,9
1719331689.1376848,9
1719331692.9401805,9
1719331696.6912098,9
1719331700.345221,9
1719331704.1006155,9
1719331707.784284,9
1719331711.403046,9
1719331715.2478259,9
1719331719.1100667,9
1719331722.6691656,9
1719331726.3466005,9
1719331730.1018732,9
1719331733.6509454,9
1719331737.5745144,9
1719331741.3673897,9
1719331744.9307778,9
1719331748.6657188,9
1719331752.359383,9
1719331755.9403815,9
1719331759.7185102,9
1719331763.4714968,9
1719331767.1613963,9
1719331770.7115035,9
1719331774.436867,9
1719331778.289992,9
1719331781.9160166,9
1719331785.706184,9
1719331789.2652218,9
1719331793.0142243,9
1719331796.9418168,9
1719331800.6603448,9
1719331804.2841067,9
1719331807.9717195,9
1719331811.5307722,9
1719331815.245213,9
1719331818.987747,9
1719331822.5951025,9
1719331826.426306,9
1719331830.2379334,9
1719331833.8283389,9
1719331837.7668386,9
1719331841.4600155,9
1719331845.0225596,9
1719331848.7825072,9
1719331852.5469463,9
1719331856.1303911,9
1719331859.8828087,9
1719331863.6192966,9
1719331867.157071,9
1719331870.8834648,9
1719331874.644387,9
1719331878.2352245,9
1719331882.0476139,9
1719331885.7257087,9
1719331889.3310719,9
1719331893.0938091,9
1719331896.8030498,9
1719331900.5216935,9
1719331904.2931528,9
1719331907.9268243,9
1719331911.7138634,9
1719331915.5909731,9
1719331919.3201473,9
1719331922.9253573,9
1719331926.7081318,9
1719331930.3643868,9
1719331934.1710243,9
1719331937.9690924,9
1719331941.739379,9
1719331945.4090981,9
1719331949.232404,9
1719331952.794689,9
1719331956.4987447,9
1719331960.2080867,9
1719331963.7818704,9
1719331967.688293,9
1719331971.4391274,9
1719331975.0399187,9
1719331978.7691762,9
1719331982.5612485,9
1719331986.2757468,9
1719331990.1938763,9
1719331993.9798028,9
1719331997.51717,9
1719332001.1957128,9
1719332005.0537436,9
1719332008.6639926,9
1719332012.540652,9
1719332016.3070457,9
1719332019.9829237,9
1719332023.8452413,9
1719332027.7730196,9
1719332031.3269143,9
1719332035.1156354,9
1719332038.8265243,9
1719332042.3590667,9
1719332046.1071522,9
1719332049.888043,9
1719332053.4846406,9
1719332057.1900172,9
1719332060.799737,9
1719332064.5214765,9
1719332068.1913376,9
1719332072.0766416,9
1719332075.8392894,9
1719332079.2136436,9
1719332082.928566,9
1719332086.7157955,9
1719332090.253043,9
1719332093.923204,9
1719332097.7823927,9
