1719886155.2660513,1
1719886159.2873275,1
1719886163.4694219,1
1719886167.5331643,1
1719886171.7084403,1
1719886175.7179823,1
1719886179.8341975,1
1719886183.1457822,1
1719886183.8539016,1
1719886186.9169362,1
1719886187.978107,1
1719886190.7964041,1
1719886192.034098,1
1719886194.6672158,1
1719886196.151965,1
1719886198.4114401,1
1719886200.2762756,1
1719886202.1812174,1
1719886204.498281,1
1719886205.967159,1
1719886208.5995522,1
1719886209.736508,1
1719886212.6525373,1
1719886213.518734,1
1719886216.7235901,1
1719886217.3900056,1
1719886220.7594233,1
1719886221.2692227,1
1719886224.791599,1
1719886225.1596377,1
1719886229.021059,1
1719886229.0394413,1
1719886232.9332275,1
1719886233.1695886,1
1719886236.7381995,1
1719886237.1733081,1
1719886240.56802,1
1719886241.3325107,1
1719886244.315801,1
1719886245.4840095,1
1719886248.1783683,1
1719886249.527869,1
1719886251.890442,1
1719886253.5066514,1
1719886255.7852948,1
1719886257.5668561,1
1719886259.682224,1
1719886261.79491,1
1719886263.6206262,1
1719886265.7924001,1
1719886267.4592495,1
1719886269.8478062,1
1719886271.4199367,1
1719886273.9463444,1
1719886275.213168,1
1719886277.9503448,1
1719886279.1319578,1
1719886282.0995927,1
1719886282.9086351,1
1719886286.2235682,1
1719886286.67514,1
1719886290.2661598,1
1719886290.3400269,1
1719886293.9888809,1
1719886294.4014204,1
1719886297.5907562,1
1719886298.56434,1
1719886301.0804002,1
1719886302.9006023,1
1719886304.7468255,1
1719886307.1150174,1
1719886308.435737,1
1719886311.2786486,1
1719886312.0510314,1
1719886315.338174,1
1719886315.5524504,1
1719886319.1582737,1
1719886319.4181452,1
1719886322.8314886,1
1719886323.4558985,1
1719886326.4303892,1
1719886327.768019,1
1719886330.0138311,1
1719886331.8229237,1
1719886333.6456296,1
1719886335.9134674,1
1719886337.280607,1
1719886340.1136212,1
1719886340.867385,1
1719886344.2883348,1
1719886344.4722095,1
1719886348.1097155,1
1719886348.4119503,1
1719886351.5473492,1
1719886352.4536693,1
1719886355.1531818,1
1719886356.539877,1
1719886358.7979035,1
1719886360.5077174,1
1719886362.4067152,1
1719886364.6001315,1
1719886366.0105045,1
1719886368.7499352,1
1719886369.6720886,1
1719886372.8731656,1
1719886373.2539241,1
1719886376.868878,1
1719886376.9866352,1
1719886380.467939,1
1719886380.9961543,1
1719886384.0327423,1
1719886385.0008576,1
1719886387.6615868,1
1719886389.0792372,1
1719886391.3100464,1
1719886393.1093345,1
1719886394.8741107,1
1719886397.218923,1
1719886398.5534596,1
1719886401.268738,1
1719886402.1172075,1
1719886405.6423678,1
1719886405.7316985,1
1719886409.3815665,1
1719886409.65696,1
1719886413.0099344,1
1719886413.6921833,1
1719886416.5212905,1
1719886417.8368926,1
1719886420.1179416,1
1719886421.9037237,1
1719886423.706938,1
1719886425.924761,1
1719886427.3543756,1
1719886430.003891,1
1719886430.9351442,1
1719886434.0478883,1
1719886434.5209565,1
1719886438.0736492,1
1719886438.116014,1
1719886441.7522779,1
1719886442.0650403,1
1719886445.3507054,1
1719886446.1782196,1
1719886448.9670875,1
1719886450.308582,1
1719886452.6143215,1
1719886454.4509609,1
1719886456.2163703,1
1719886458.5558946,1
1719886459.8081052,1
1719886462.644408,1
1719886463.3981502,1
1719886466.8067343,1
1719886467.0112472,1
1719886470.5899022,1
1719886470.9008033,1
1719886474.230443,1
1719886475.0078883,1
1719886477.830888,1
1719886479.0998273,1
1719886481.4717255,1
1719886483.094228,1
1719886485.125968,1
1719886487.1459916,1
1719886488.8223538,1
1719886491.1605048,1
1719886492.4348629,1
1719886495.3517118,1
1719886496.1995683,1
1719886499.3909001,1
1719886499.7573063,1
1719886503.3463078,1
1719886503.5389304,1
1719886506.9931424,1
1719886507.5155087,1
1719886510.58177,1
1719886511.607007,1
1719886514.2316034,1
1719886515.6152477,1
1719886517.8047569,1
1719886519.7455275,1
1719886521.3897574,1
1719886523.765592,1
1719886524.9858396,1
1719886527.934793,1
1719886528.6352243,1
1719886531.9467015,1
1719886532.2407408,1
1719886536.0007217,1
1719886536.0336096,1
1719886539.5635128,1
1719886540.013417,1
1719886543.1471415,1
1719886544.2636456,1
1719886546.7416043,1
1719886548.3662522,1
1719886550.3802183,1
1719886552.2693343,1
1719886554.0142548,1
1719886556.4065044,1
1719886557.6383367,1
1719886560.5575094,1
1719886561.3009484,1
1719886564.7622335,1
1719886565.111097,1
1719886568.744734,1
1719886568.8025234,1
1719886572.369786,1
1719886572.6585162,1
1719886575.9125695,1
1719886576.6298444,1
1719886579.5631235,1
1719886580.8071675,1
1719886583.168304,1
1719886584.9033852,1
1719886586.7112367,1
1719886589.1163714,1
1719886590.3608668,1
1719886593.2494085,1
1719886593.944409,1
1719886597.2533379,1
1719886597.5403352,1
1719886601.1724253,1
1719886601.3365057,1
1719886604.8194652,1
1719886605.2784383,1
1719886608.4280696,1
1719886609.3243623,1
1719886612.026824,1
1719886613.4263735,1
1719886615.636999,1
1719886617.5955455,1
1719886619.4518914,1
1719886621.7302706,1
1719886623.0645823,1
1719886625.7606585,1
1719886626.6284816,1
1719886629.8344119,1
1719886630.1765726,1
1719886633.7542257,1
1719886634.0106573,1
1719886637.2798593,1
1719886637.9328334,1
1719886640.8579724,1
1719886642.1295123,1
1719886644.4578195,1
1719886646.30292,1
1719886648.0435505,1
1719886650.2657993,1
1719886651.600466,1
1719886654.6841583,1
1719886655.2087338,1
1719886658.7132509,1
1719886658.8434565,1
1719886662.4857163,1
1719886662.9430509,1
1719886666.1587548,1
1719886666.9646375,1
1719886669.7801664,1
1719886671.024905,1
1719886673.3609507,1
1719886675.0560448,1
1719886676.9870107,1
1719886679.0584404,1
1719886680.6192694,1
1719886683.0238829,1
1719886684.259715,1
1719886687.208765,1
1719886687.879241,1
1719886691.337064,1
1719886691.5339956,1
1719886695.1323426,1
1719886695.4334114,1
1719886698.7619348,1
1719886699.5036402,1
1719886702.3853116,1
1719886703.5991778,1
1719886706.022349,1
1719886707.6279273,1
1719886709.7092032,1
1719886711.665817,1
1719886713.3298337,1
1719886715.7698035,1
1719886716.925791,1
1719886719.9267964,1
1719886720.551126,1
1719886723.828855,1
1719886724.1648383,1
1719886727.6620562,1
1719886727.779032,1
1719886731.3991928,1
1719886731.8152277,1
1719886735.0776756,1
1719886735.8224962,1
1719886738.6923964,1
1719886740.0216408,1
1719886742.2949884,1
1719886744.124404,1
1719886745.983219,1
1719886748.3683517,1
1719886749.5772753,1
1719886752.1798737,1
1719886753.1986327,1
1719886756.3442945,1
1719886756.788378,1
1719886760.3789084,1
1719886760.4661417,1
1719886764.0154772,1
1719886764.5342069,1
1719886767.6494868,1
1719886768.6907508,1
1719886771.2896693,1
1719886772.7301295,1
1719886774.9200957,1
1719886776.799298,1
1719886778.531523,1
1719886780.7810466,1
1719886782.1552706,1
1719886784.7931607,1
1719886785.7863703,1
1719886788.9460483,1
1719886789.4313388,1
1719886793.016578,1
1719886793.088271,1
1719886796.6897852,1
1719886797.2008507,1
1719886800.2698057,1
1719886801.1642935,1
1719886803.9112222,1
1719886805.2224684,1
1719886807.4911826,1
1719886809.120521,1
1719886811.1072104,1
1719886813.2284708,1
1719886814.7392943,1
1719886817.470922,1
1719886818.3206463,1
1719886821.501855,1
1719886821.925687,1
1719886825.4965668,1
1719886825.646994,1
1719886829.0586917,1
1719886829.754412,1
1719886832.6868644,1
1719886833.7834253,1
1719886836.205527,1
1719886837.925086,1
1719886839.795598,1
1719886842.0295112,1
1719886843.4774933,1
1719886846.2158492,1
1719886847.0906336,1
1719886850.3965824,1
1719886850.7254388,1
1719886854.299113,1
1719886854.5147607,1
1719886857.8939378,1
1719886858.838262,1
1719886861.530209,1
1719886862.9503527,1
1719886865.1816237,1
1719886867.0503573,1
1719886868.809273,1
1719886871.2583356,1
1719886872.4143505,1
1719886875.223958,1
1719886876.060645,1
1719886879.2804937,1
1719886879.6453474,1
1719886883.2242732,1
1719886883.4707313,1
1719886886.8630686,1
1719886887.6133037,1
1719886890.51821,1
1719886891.7521331,1
1719886894.0894132,1
1719886895.8330166,1
1719886897.6606805,1
1719886899.9349446,1
1719886901.325961,1
1719886903.942508,1
1719886904.8916216,1
1719886907.9767497,1
1719886908.5165899,1
1719886912.1351418,1
1719886912.1383388,1
1719886915.796149,1
1719886916.2579384,1
1719886919.4445276,1
1719886920.1236339,1
1719886923.0964172,1
1719886924.2357643,1
1719886926.7424812,1
1719886928.2563353,1
1719886930.393832,1
1719886932.3780534,1
1719886934.082571,1
1719886936.5127845,1
1719886937.7033978,1
1719886940.6856089,1
1719886941.266025,1
1719886944.6767724,1
1719886944.8640566,1
1719886948.4091485,1
1719886948.7946255,1
1719886952.0300798,1
1719886952.6845138,1
1719886955.603056,1
1719886956.7066655,1
1719886959.185254,1
1719886960.8696473,1
1719886962.814765,1
1719886965.038747,1
1719886966.539493,1
1719886969.1382995,1
1719886970.0980496,1
1719886973.2996154,1
1719886973.7045078,1
1719886977.275854,1
1719886977.2971513,1
1719886980.898948,1
1719886981.3234103,1
1719886984.4892013,1
1719886985.4081552,1
1719886988.1153789,1
1719886989.440302,1
1719886991.7343266,1
1719886993.4576945,1
1719886995.4159818,1
1719886997.4618566,1
1719886998.823349,1
1719887001.8907454,1
1719887002.496595,1
1719887006.0282383,1
1719887006.0835695,1
1719887009.7184358,1
1719887010.194737,1
1719887013.3014462,1
1719887014.191552,1
1719887016.9206893,1
1719887018.2502148,1
1719887020.479021,1
1719887022.3401163,1
1719887024.009376,1
1719887026.5823655,1
1719887027.6612518,1
1719887030.5900662,1
1719887031.2879508,1
1719887034.7250156,1
1719887034.8865497,1
1719887038.5775928,1
1719887038.8464851,1
1719887042.1389112,1
1719887043.0048242,1
1719887045.7528837,1
1719887047.0243783,1
1719887049.2976153,1
1719887051.0651271,1
1719887052.8959641,1
1719887055.1558883,1
1719887056.477501,1
1719887059.312482,1
1719887060.1123343,1
1719887063.416528,1
1719887063.6391087,1
1719887067.3372726,1
1719887067.5353818,1
1719887070.9488673,1
1719887071.6471634,1
1719887074.5717351,1
1719887075.789951,1
1719887078.2188103,1
1719887079.9177847,1
1719887081.8356032,1
1719887083.9940522,1
1719887085.4759562,1
1719887088.1340008,1
1719887089.1456501,1
1719887092.2120454,1
1719887092.6875756,1
1719887096.2747686,1
1719887096.3436434,1
1719887099.964126,1
1719887100.128195,1
1719887103.5990543,1
1719887104.1175904,1
1719887107.0345974,1
1719887108.2925167,1
1719887110.67517,1
1719887112.3578653,1
1719887114.247884,1
1719887116.491136,1
1719887117.9136727,1
1719887120.6177838,1
1719887121.4686313,1
1719887124.5280976,1
1719887125.1110141,1
1719887128.650311,1
1719887128.7015364,1
1719887132.3104432,1
1719887132.701985,1
1719887135.8728414,1
1719887136.6930382,1
1719887139.5379379,1
1719887140.8619578,1
1719887143.099833,1
1719887144.9415843,1
1719887146.699762,1
1719887149.0222847,1
1719887150.2620447,1
1719887153.1022027,1
1719887153.8924272,1
1719887157.1704578,1
1719887157.3955157,1
1719887161.0955105,1
1719887161.1474252,1
1719887164.7070165,1
1719887165.2325861,1
1719887168.42475,1
1719887169.3260052,1
1719887172.0215816,1
1719887173.206844,1
1719887175.6390426,1
1719887177.3138833,1
1719887179.243533,1
1719887181.3551362,1
1719887182.8628316,1
1719887185.4694176,1
1719887186.448386,1
1719887189.543523,1
1719887190.0482342,1
1719887193.5839744,1
1719887193.6365173,1
1719887197.1064198,1
1719887197.6785886,1
1719887200.7371435,1
1719887201.7794073,1
1719887204.1681397,1
1719887205.8234603,1
1719887207.7324724,1
1719887209.8843007,1
1719887211.3657038,1
1719887213.9611473,1
1719887214.9550867,1
1719887218.085174,1
1719887218.601839,1
1719887222.068153,1
1719887222.184136,1
1719887225.8129072,1
1719887226.2247925,1
1719887229.3719168,1
1719887230.3806107,1
1719887233.029227,1
1719887234.437134,1
1719887236.6187348,1
1719887238.552116,1
1719887240.2324417,1
1719887242.6019762,1
1719887243.8046937,1
1719887246.6959379,1
1719887247.324039,1
1719887250.7626264,1
1719887250.8739822,1
1719887254.5230129,1
1719887254.834914,1
1719887258.094643,1
1719887258.9293213,1
1719887261.8440974,1
1719887263.0176713,1
1719887265.3998168,1
1719887267.1430228,1
1719887269.012213,1
1719887271.1853435,1
1719887272.5736387,1
1719887275.3485103,1
1719887276.1912098,1
1719887279.3625245,1
1719887279.8184416,1
1719887283.3697038,1
1719887283.4313276,1
1719887287.0317726,1
1719887287.5205271,1
1719887290.681438,1
1719887291.643592,1
1719887294.255297,1
1719887295.7292037,1
1719887297.7539654,1
1719887299.5599446,1
1719887301.3773167,1
1719887303.6590488,1
1719887304.9511383,1
1719887307.661142,1
1719887308.5585635,1
1719887311.730901,1
1719887312.1343067,1
1719887315.729377,1
1719887315.749454,1
1719887319.3342605,1
1719887319.6740026,1
1719887322.919419,1
1719887323.6863763,1
1719887326.5232916,1
1719887327.8131604,1
1719887330.1566558,1
1719887331.996227,1
1719887333.7169693,1
1719887336.0330718,1
1719887337.3353844,1
1719887340.0417018,1
1719887340.8695478,1
1719887344.1870337,1
1719887344.4572754,1
1719887348.0545335,1
1719887348.2140946,1
1719887351.6417427,1
1719887352.1755044,1
1719887355.2039084,1
1719887356.1614342,1
1719887358.7543588,1
1719887360.2493513,1
1719887362.3817961,1
1719887364.3258724,1
1719887365.9580386,1
1719887368.554571,1
1719887369.5494094,1
1719887372.6459591,1
1719887373.1643198,1
1719887376.6422687,1
1719887376.728437,1
1719887380.3336177,1
1719887380.7534192,1
1719887383.9152331,1
1719887384.9623694,1
1719887387.6210165,1
1719887389.0472248,1
1719887391.1979017,1
1719887393.1527166,1
1719887394.652269,1
1719887397.196026,1
1719887398.256316,1
1719887401.242956,1
1719887401.9050233,1
1719887405.2413726,1
1719887405.5472946,1
1719887409.1487572,1
1719887409.7157178,1
1719887412.718127,1
1719887413.7971032,1
1719887416.3863585,1
1719887417.8041327,1
1719887419.950356,1
1719887421.9015303,1
1719887423.6548023,1
1719887425.9139166,1
1719887427.2562568,1
1719887430.1514719,1
1719887430.8948004,1
1719887434.2414649,1
1719887434.4957056,1
1719887438.0750113,1
1719887438.4880552,1
1719887441.677684,1
1719887442.5574038,1
1719887445.2642875,1
1719887446.5924397,1
1719887448.8545592,1
1719887450.6253889,1
1719887452.4861004,1
1719887454.6242034,1
1719887456.05549,1
1719887458.664991,1
1719887459.6276245,1
1719887462.7239645,1
1719887463.2497563,1
1719887466.8324149,1
1719887466.8687932,1
1719887470.4441571,1
1719887471.1469998,1
1719887474.0894454,1
1719887475.313961,1
1719887477.6438835,1
1719887479.402054,1
1719887481.2392337,1
1719887483.4327648,1
1719887484.8589427,1
1719887487.4311357,1
1719887488.4451892,1
1719887491.5537145,1
1719887492.0370114,1
1719887495.5742,1
1719887495.699028,1
1719887499.34319,1
1719887499.560016,1
1719887502.8842862,1
1719887503.637889,1
1719887506.5739882,1
1719887507.747385,1
1719887510.237326,1
1719887511.8605127,1
1719887513.8715215,1
1719887515.8671033,1
1719887517.4770656,1
1719887519.9620268,1
1719887520.8901181,1
1719887524.082303,1
1719887524.5551386,1
1719887528.0974016,1
1719887528.1361375,1
1719887531.6901538,1
1719887532.1715977,1
1719887535.4727266,1
1719887536.2889574,1
1719887539.1380255,1
1719887540.416116,1
1719887542.6851525,1
1719887544.4065187,1
1719887546.2801983,1
1719887548.6454093,1
1719887549.8889167,1
1719887552.7734976,1
1719887553.4727042,1
1719887556.8682194,1
1719887557.0903554,1
1719887560.706598,1
1719887561.0173626,1
1719887564.2776968,1
1719887565.0372357,1
1719887567.9034576,1
1719887569.0481637,1
1719887571.4299207,1
1719887573.2253792,1
1719887575.0434718,1
1719887577.2204227,1
1719887578.680251,1
1719887581.3244357,1
1719887582.2905545,1
1719887585.284574,1
1719887585.9553964,1
1719887589.308221,1
1719887589.5955272,1
1719887593.1851037,1
1719887593.3560688,1
1719887596.749358,1
1719887597.5951996,1
1719887600.353797,1
1719887601.6620483,1
1719887603.8193464,1
1719887605.76701,1
1719887607.381364,1
1719887609.9855785,1
1719887611.1159003,1
1719887614.1006227,1
1719887614.7807806,1
1719887618.1895819,1
1719887618.3968804,1
1719887622.0004864,1
1719887622.4258635,1
1719887625.6236458,1
1719887626.3966837,1
1719887629.2799397,1
1719887630.5207076,1
1719887632.8825927,1
1719887634.5667405,1
1719887636.5609558,1
1719887638.6194227,1
1719887640.2508426,1
1719887642.869615,1
1719887643.8620298,1
1719887647.0017903,1
1719887647.4792428,1
1719887651.1163769,1
1719887651.133109,1
1719887654.7069626,1
1719887655.2584023,1
1719887658.3732908,1
1719887659.3204038,1
1719887662.1158884,1
1719887663.451444,1
1719887665.7503266,1
1719887667.539726,1
1719887669.340127,1
1719887671.5137932,1
1719887672.9076052,1
1719887675.5701866,1
1719887676.5057344,1
1719887679.5136847,1
1719887680.092182,1
1719887683.7210045,1
1719887683.7737365,1
1719887687.3743527,1
1719887687.7269273,1
1719887691.017228,1
1719887691.813265,1
1719887694.596228,1
1719887695.7599082,1
1719887698.2162762,1
1719887699.858172,1
1719887701.8341851,1
1719887704.0118322,1
1719887705.411189,1
1719887708.0265942,1
1719887709.0734851,1
1719887712.1214077,1
1719887712.7117171,1
1719887716.184631,1
1719887716.231326,1
1719887719.8432448,1
1719887720.243308,1
1719887723.4192421,1
1719887724.3692029,1
1719887726.9911757,1
1719887728.4165366,1
1719887730.5848358,1
1719887732.613611,1
1719887734.215361,1
1719887736.6591299,1
1719887737.8236208,1
1719887740.7814796,1
1719887741.4570136,1
1719887744.8473592,1
1719887745.081057,1
1719887748.7160783,1
1719887748.7455862,1
1719887752.5150974,1
1719887752.8071032,1
1719887756.1794457,1
1719887756.8669324,1
1719887759.7356057,1
1719887760.84956,1
1719887763.3581336,1
1719887764.995717,1
1719887766.9605668,1
1719887769.1403484,1
1719887770.555935,1
1719887773.2156851,1
1719887774.2550452,1
1719887777.4294264,1
1719887777.8828783,1
1719887781.473624,1
1719887781.502902,1
1719887785.0485895,1
1719887785.5889108,1
1719887788.7191868,1
1719887789.8583317,1
1719887792.3093169,1
1719887794.0965014,1
1719887795.9607725,1
1719887798.2317631,1
1719887799.5623417,1
1719887802.2550082,1
1719887803.1337314,1
1719887806.539888,1
1719887806.7991335,1
1719887810.3567574,1
1719887810.5604274,1
1719887814.0314734,1
1719887814.6724827,1
1719887817.6236455,1
1719887818.8182576,1
1719887821.1898677,1
1719887822.857986,1
1719887824.8715346,1
1719887826.9201496,1
1719887828.326166,1
1719887830.9581258,1
1719887831.9506307,1
1719887835.066558,1
1719887835.5630877,1
1719887839.122474,1
1719887839.1712656,1
1719887842.7815504,1
1719887843.1999497,1
1719887846.3650649,1
1719887847.315123,1
1719887850.0082784,1
1719887851.569496,1
1719887853.633,1
1719887855.736282,1
1719887857.2543623,1
1719887859.7930343,1
1719887860.8039832,1
1719887863.842267,1
1719887864.4723227,1
1719887867.8778496,1
1719887868.0449822,1
1719887871.6316411,1
1719887872.0094438,1
1719887875.1844535,1
1719887876.2074678,1
1719887878.8302014,1
1719887880.322137,1
1719887882.420753,1
1719887884.3531783,1
1719887886.050331,1
1719887888.4705238,1
1719887889.680092,1
1719887892.4380264,1
1719887893.289763,1
1719887896.484071,1
1719887896.8486269,1
1719887900.4717429,1
1719887900.4880903,1
1719887904.1104872,1
1719887904.3409116,1
1719887907.6861947,1
1719887908.3352425,1
1719887911.2550144,1
1719887912.3711946,1
1719887914.8639598,1
1719887916.337969,1
1719887918.4436965,1
1719887920.3548868,1
1719887922.0462809,1
1719887924.528096,1
1719887925.672273,1
1719887929.330812,1
1719887932.9524052,1
1719887936.653852,1
1719887940.385922,1
1719887944.1066427,1
1719887947.6642172,1
1719887951.2774348,1
1719887955.0107284,1
